----------------------------------------
Timestamp: 3/29/2016 3:08:16 AM

Message: Error while executing the Task: Value cannot be null.
Parameter name: input, StackTrace:    at System.Guid.Parse(String input)
   at Telerik.Sitefinity.Services.Statistics.ReconcilerTask.ReconcileUserData()
   at Telerik.Sitefinity.Services.SystemManager.RunWithElevatedPrivilege(RunWithElevatedPrivilegeDelegate delegateToRun, Object[] parameters, String urlRequest)
   at Telerik.Sitefinity.Services.Statistics.ReconcilerTask.Run(IBackgroundTaskContext context)
   at Telerik.Sitefinity.BackgroundTasks.WorkerThread.Run(IBackgroundTaskContext context)


----------------------------------------
----------------------------------------
Timestamp: 3/29/2016 3:08:31 AM

Message: Error while executing the Task: Value cannot be null.
Parameter name: input, StackTrace:    at System.Guid.Parse(String input)
   at Telerik.Sitefinity.Services.Statistics.ReconcilerTask.ReconcileUserData()
   at Telerik.Sitefinity.Services.SystemManager.RunWithElevatedPrivilege(RunWithElevatedPrivilegeDelegate delegateToRun, Object[] parameters, String urlRequest)
   at Telerik.Sitefinity.Services.Statistics.ReconcilerTask.Run(IBackgroundTaskContext context)
   at Telerik.Sitefinity.BackgroundTasks.WorkerThread.Run(IBackgroundTaskContext context)


----------------------------------------
----------------------------------------
Timestamp: 3/29/2016 4:38:00 PM

Message: Background task scheduler shut down


----------------------------------------
----------------------------------------
Timestamp: 3/29/2016 4:38:00 PM

Message: Shutting down threadpool...


----------------------------------------
----------------------------------------
Timestamp: 3/29/2016 4:38:00 PM

Message: Thread pool 'BackgroundTasksService': Shutdown of thread pool completed. All currently running threads will finish their work and stop.


----------------------------------------
----------------------------------------
Timestamp: 3/29/2016 4:38:00 PM

Message: WorkerThread is shut down


----------------------------------------
----------------------------------------
Timestamp: 3/29/2016 4:38:00 PM

Message: WorkerThread is shut down


----------------------------------------
----------------------------------------
Timestamp: 3/29/2016 4:38:00 PM

Message: WorkerThread is shut down


----------------------------------------
----------------------------------------
Timestamp: 3/29/2016 4:38:00 PM

Message: WorkerThread is shut down


----------------------------------------
----------------------------------------
Timestamp: 3/29/2016 4:38:00 PM

Message: WorkerThread is shut down


----------------------------------------
----------------------------------------
Timestamp: 3/29/2016 4:38:00 PM

Message: WorkerThread is shut down


----------------------------------------
----------------------------------------
Timestamp: 3/29/2016 4:38:00 PM

Message: WorkerThread is shut down


----------------------------------------
----------------------------------------
Timestamp: 3/29/2016 4:38:00 PM

Message: WorkerThread is shut down


----------------------------------------
----------------------------------------
Timestamp: 3/29/2016 4:38:30 PM

Message: Shutting down threadpool...


----------------------------------------
----------------------------------------
Timestamp: 3/29/2016 4:38:30 PM

Message: Thread pool 'BackgroundTasksService': Shutdown of thread pool completed. Threads aborted.


----------------------------------------
