----------------------------------------
Timestamp: 5/27/2016 8:18:08 PM

Message: HandlingInstanceID: 22fe52d2-7fd1-48c3-b9ea-a01d45657b2b
An exception of type 'System.Threading.ThreadAbortException' occurred and was caught.
-------------------------------------------------------------------------------------
05/27/2016 20:18:08
Type : System.Threading.ThreadAbortException, mscorlib, Version=4.0.0.0, Culture=neutral, PublicKeyToken=b77a5c561934e089
Message : Thread was being aborted.
Source : Unity_ILEmit_DynamicClasses
Help link : 
ExceptionState : 
Data : System.Collections.ListDictionaryInternal
TargetSite : Telerik.Microsoft.Practices.Unity.InterceptionExtension.IMethodReturn <Initialize_DelegateImplementation>__83(Telerik.Microsoft.Practices.Unity.InterceptionExtension.IMethodInvocation, Telerik.Microsoft.Practices.Unity.InterceptionExtension.GetNextInterceptionBehaviorDelegate)
HResult : -2146233040
Stack Trace :    at DynamicModule.ns.Wrapped_OpenAccessMetaDataProvider_643b6183f88846aca5db7f50f7ac85a9.<Initialize_DelegateImplementation>__83(IMethodInvocation inputs, GetNextInterceptionBehaviorDelegate getNext)
   at Telerik.Microsoft.Practices.Unity.InterceptionExtension.PolicyInjectionBehavior.<>c__DisplayClass1.<Invoke>b__0(IMethodInvocation policyInjectionInput, GetNextHandlerDelegate policyInjectionInputGetNext)
   at DynamicModule.ns.Wrapped_OpenAccessMetaDataProvider_643b6183f88846aca5db7f50f7ac85a9.Initialize(String providerName, NameValueCollection config, Type managerType)
   at Telerik.Sitefinity.Data.ManagerBase`1.InstantiateProvider(IDataProviderSettings providerSettings, Type providerType, ExceptionPolicyName policy, ManagerBase`1 manager)

Additional Info:

MachineName : WIN-NQJU4DRL0NR
TimeStamp : 5/27/2016 8:18:08 PM
FullName : Telerik.Sitefinity.Utilities, Version=8.2.5912.0, Culture=neutral, PublicKeyToken=b28c218413bdf563
AppDomainName : /LM/W3SVC/2/ROOT-5-131088538842914155
ThreadIdentity : 
WindowsIdentity : IIS APPPOOL\act_com
Requested URL : http://127.0.0.1/


Category: ErrorLog

Priority: 0

EventId: 9010

Severity: Warning

Title:Enterprise Library Exception Handling

Machine: WIN-NQJU4DRL0NR

App Domain: /LM/W3SVC/2/ROOT-5-131088538842914155

ProcessId: 6776

Process Name: c:\windows\system32\inetsrv\w3wp.exe

Thread Name: 

Win32 ThreadId:4972

Extended Properties: 
----------------------------------------
