----------------------------------------
Timestamp: 8/30/2016 5:07:21 PM

Message: Shutting down threadpool...


----------------------------------------
----------------------------------------
Timestamp: 8/30/2016 5:07:21 PM

Message: Thread pool 'BackgroundTasksService': Shutdown of thread pool completed. All currently running threads will finish their work and stop.


----------------------------------------
----------------------------------------
Timestamp: 8/30/2016 5:07:21 PM

Message: WorkerThread is shut down


----------------------------------------
----------------------------------------
Timestamp: 8/30/2016 5:07:21 PM

Message: WorkerThread is shut down


----------------------------------------
----------------------------------------
Timestamp: 8/30/2016 5:07:21 PM

Message: WorkerThread is shut down


----------------------------------------
----------------------------------------
Timestamp: 8/30/2016 5:07:21 PM

Message: WorkerThread is shut down


----------------------------------------
----------------------------------------
Timestamp: 8/30/2016 5:07:21 PM

Message: Background task scheduler shut down


----------------------------------------
----------------------------------------
Timestamp: 8/30/2016 5:07:21 PM

Message: WorkerThread is shut down


----------------------------------------
----------------------------------------
Timestamp: 8/30/2016 5:07:21 PM

Message: WorkerThread is shut down


----------------------------------------
----------------------------------------
Timestamp: 8/30/2016 5:07:21 PM

Message: WorkerThread is shut down


----------------------------------------
----------------------------------------
Timestamp: 8/30/2016 5:07:21 PM

Message: WorkerThread is shut down


----------------------------------------
----------------------------------------
Timestamp: 8/30/2016 5:07:51 PM

Message: Shutting down threadpool...


----------------------------------------
----------------------------------------
Timestamp: 8/30/2016 5:07:51 PM

Message: Thread pool 'BackgroundTasksService': Shutdown of thread pool completed. Threads aborted.


----------------------------------------
