----------------------------------------
Timestamp: 12/11/2015 8:33:20 PM

Message: HandlingInstanceID: 40285f1e-d90b-48e4-a7c9-94ee67450579
An exception of type 'System.Web.HttpParseException' occurred and was caught.
-----------------------------------------------------------------------------
12/11/2015 20:33:20
Type : System.Web.HttpParseException, System.Web, Version=4.0.0.0, Culture=neutral, PublicKeyToken=b03f5f7f11d50a3a
Message : File "/tracking/quantcast.aspx" does not exist.
Parameter name: virtualPath
Source : System.Web
Help link : 
FileName : Access failed
VirtualPath : 
Line : 0
ParserErrors : System.Web.ParserErrorCollection
WebEventCode : 0
ErrorCode : -2147467259
Data : System.Collections.ListDictionaryInternal
TargetSite : Void ProcessException(System.Exception)
HResult : -2147467259
Stack Trace :    at System.Web.UI.TemplateParser.ProcessException(Exception ex)
   at System.Web.UI.TemplateParser.ParseStringInternal(String text, Encoding fileEncoding)
   at System.Web.UI.TemplateParser.ParseString(String text, VirtualPath virtualPath, Encoding fileEncoding)

Additional Info:

MachineName : WIN-NQJU4DRL0NR
TimeStamp : 12/11/2015 8:33:20 PM
FullName : Telerik.Sitefinity.Utilities, Version=8.0.5700.0, Culture=neutral, PublicKeyToken=b28c218413bdf563
AppDomainName : /LM/W3SVC/2/ROOT-2-130943395718331276
ThreadIdentity : 
WindowsIdentity : IIS APPPOOL\act_com
Requested URL : http://www.act.com/
	Inner Exception
	---------------
	Type : System.ArgumentException, mscorlib, Version=4.0.0.0, Culture=neutral, PublicKeyToken=b77a5c561934e089
	Message : File "/tracking/quantcast.aspx" does not exist.
Parameter name: virtualPath
	Source : Telerik.Sitefinity
	Help link : 
	ParamName : virtualPath
	Data : System.Collections.ListDictionaryInternal
	TargetSite : System.IO.Stream OpenFile(System.String)
	HResult : -2147024809
	Stack Trace :    at Telerik.Sitefinity.Abstractions.VirtualPath.VirtualPathManager.OpenFile(String virtualPath)
	   at System.Web.UI.TemplateParser.ParseFile(String physicalPath, VirtualPath virtualPath)
	   at System.Web.UI.TemplateParser.ProcessServerInclude(Match match)
	   at System.Web.UI.TemplateParser.ParseStringInternal(String text, Encoding fileEncoding)



Category: ErrorLog

Priority: 0

EventId: 90000

Severity: Error

Title:Enterprise Library Exception Handling

Machine: WIN-NQJU4DRL0NR

App Domain: /LM/W3SVC/2/ROOT-2-130943395718331276

ProcessId: 4984

Process Name: c:\windows\system32\inetsrv\w3wp.exe

Thread Name: 

Win32 ThreadId:9900

Extended Properties: 
----------------------------------------
----------------------------------------
Timestamp: 12/11/2015 8:33:20 PM

Message: HandlingInstanceID: 28425e0a-5208-4c0d-b925-0e956dd54dd8
An exception of type 'System.Web.HttpParseException' occurred and was caught.
-----------------------------------------------------------------------------
12/11/2015 20:33:20
Type : System.Web.HttpParseException, System.Web, Version=4.0.0.0, Culture=neutral, PublicKeyToken=b03f5f7f11d50a3a
Message : File "/tracking/quantcast.aspx" does not exist.
Parameter name: virtualPath
Source : System.Web
Help link : 
FileName : Access failed
VirtualPath : 
Line : 0
ParserErrors : System.Web.ParserErrorCollection
WebEventCode : 0
ErrorCode : -2147467259
Data : System.Collections.ListDictionaryInternal
TargetSite : Void ProcessException(System.Exception)
HResult : -2147467259
Stack Trace :    at System.Web.UI.TemplateParser.ProcessException(Exception ex)
   at System.Web.UI.TemplateParser.ParseStringInternal(String text, Encoding fileEncoding)
   at System.Web.UI.TemplateParser.ParseString(String text, VirtualPath virtualPath, Encoding fileEncoding)

Additional Info:

MachineName : WIN-NQJU4DRL0NR
TimeStamp : 12/11/2015 8:33:20 PM
FullName : Telerik.Sitefinity.Utilities, Version=8.0.5700.0, Culture=neutral, PublicKeyToken=b28c218413bdf563
AppDomainName : /LM/W3SVC/2/ROOT-2-130943395718331276
ThreadIdentity : 
WindowsIdentity : IIS APPPOOL\act_com
Requested URL : http://www.act.com/
	Inner Exception
	---------------
	Type : System.ArgumentException, mscorlib, Version=4.0.0.0, Culture=neutral, PublicKeyToken=b77a5c561934e089
	Message : File "/tracking/quantcast.aspx" does not exist.
Parameter name: virtualPath
	Source : Telerik.Sitefinity
	Help link : 
	ParamName : virtualPath
	Data : System.Collections.ListDictionaryInternal
	TargetSite : System.IO.Stream OpenFile(System.String)
	HResult : -2147024809
	Stack Trace :    at Telerik.Sitefinity.Abstractions.VirtualPath.VirtualPathManager.OpenFile(String virtualPath)
	   at System.Web.UI.TemplateParser.ParseFile(String physicalPath, VirtualPath virtualPath)
	   at System.Web.UI.TemplateParser.ProcessServerInclude(Match match)
	   at System.Web.UI.TemplateParser.ParseStringInternal(String text, Encoding fileEncoding)



Category: ErrorLog

Priority: 0

EventId: 90000

Severity: Error

Title:Enterprise Library Exception Handling

Machine: WIN-NQJU4DRL0NR

App Domain: /LM/W3SVC/2/ROOT-2-130943395718331276

ProcessId: 4984

Process Name: c:\windows\system32\inetsrv\w3wp.exe

Thread Name: 

Win32 ThreadId:952

Extended Properties: 
----------------------------------------
----------------------------------------
Timestamp: 12/11/2015 8:33:20 PM

Message: HandlingInstanceID: 3df0e9d5-188e-4150-a236-a497c31d60c5
An exception of type 'System.Web.HttpParseException' occurred and was caught.
-----------------------------------------------------------------------------
12/11/2015 20:33:20
Type : System.Web.HttpParseException, System.Web, Version=4.0.0.0, Culture=neutral, PublicKeyToken=b03f5f7f11d50a3a
Message : File "/tracking/quantcast.aspx" does not exist.
Parameter name: virtualPath
Source : System.Web
Help link : 
FileName : Access failed
VirtualPath : 
Line : 0
ParserErrors : System.Web.ParserErrorCollection
WebEventCode : 0
ErrorCode : -2147467259
Data : System.Collections.ListDictionaryInternal
TargetSite : Void ProcessException(System.Exception)
HResult : -2147467259
Stack Trace :    at System.Web.UI.TemplateParser.ProcessException(Exception ex)
   at System.Web.UI.TemplateParser.ParseStringInternal(String text, Encoding fileEncoding)
   at System.Web.UI.TemplateParser.ParseString(String text, VirtualPath virtualPath, Encoding fileEncoding)

Additional Info:

MachineName : WIN-NQJU4DRL0NR
TimeStamp : 12/11/2015 8:33:20 PM
FullName : Telerik.Sitefinity.Utilities, Version=8.0.5700.0, Culture=neutral, PublicKeyToken=b28c218413bdf563
AppDomainName : /LM/W3SVC/2/ROOT-2-130943395718331276
ThreadIdentity : 
WindowsIdentity : IIS APPPOOL\act_com
Requested URL : http://www.act.com/
	Inner Exception
	---------------
	Type : System.ArgumentException, mscorlib, Version=4.0.0.0, Culture=neutral, PublicKeyToken=b77a5c561934e089
	Message : File "/tracking/quantcast.aspx" does not exist.
Parameter name: virtualPath
	Source : Telerik.Sitefinity
	Help link : 
	ParamName : virtualPath
	Data : System.Collections.ListDictionaryInternal
	TargetSite : System.IO.Stream OpenFile(System.String)
	HResult : -2147024809
	Stack Trace :    at Telerik.Sitefinity.Abstractions.VirtualPath.VirtualPathManager.OpenFile(String virtualPath)
	   at System.Web.UI.TemplateParser.ParseFile(String physicalPath, VirtualPath virtualPath)
	   at System.Web.UI.TemplateParser.ProcessServerInclude(Match match)
	   at System.Web.UI.TemplateParser.ParseStringInternal(String text, Encoding fileEncoding)



Category: ErrorLog

Priority: 0

EventId: 90000

Severity: Error

Title:Enterprise Library Exception Handling

Machine: WIN-NQJU4DRL0NR

App Domain: /LM/W3SVC/2/ROOT-2-130943395718331276

ProcessId: 4984

Process Name: c:\windows\system32\inetsrv\w3wp.exe

Thread Name: 

Win32 ThreadId:5432

Extended Properties: 
----------------------------------------
----------------------------------------
Timestamp: 12/11/2015 8:33:20 PM

Message: HandlingInstanceID: b8a1129d-295e-449d-9609-2176bb990ebc
An exception of type 'System.Web.HttpParseException' occurred and was caught.
-----------------------------------------------------------------------------
12/11/2015 20:33:20
Type : System.Web.HttpParseException, System.Web, Version=4.0.0.0, Culture=neutral, PublicKeyToken=b03f5f7f11d50a3a
Message : File "/tracking/quantcast.aspx" does not exist.
Parameter name: virtualPath
Source : System.Web
Help link : 
FileName : Access failed
VirtualPath : 
Line : 0
ParserErrors : System.Web.ParserErrorCollection
WebEventCode : 0
ErrorCode : -2147467259
Data : System.Collections.ListDictionaryInternal
TargetSite : Void ProcessException(System.Exception)
HResult : -2147467259
Stack Trace :    at System.Web.UI.TemplateParser.ProcessException(Exception ex)
   at System.Web.UI.TemplateParser.ParseStringInternal(String text, Encoding fileEncoding)
   at System.Web.UI.TemplateParser.ParseString(String text, VirtualPath virtualPath, Encoding fileEncoding)

Additional Info:

MachineName : WIN-NQJU4DRL0NR
TimeStamp : 12/11/2015 8:33:20 PM
FullName : Telerik.Sitefinity.Utilities, Version=8.0.5700.0, Culture=neutral, PublicKeyToken=b28c218413bdf563
AppDomainName : /LM/W3SVC/2/ROOT-2-130943395718331276
ThreadIdentity : 
WindowsIdentity : IIS APPPOOL\act_com
Requested URL : http://www.act.com/products/whats-new
	Inner Exception
	---------------
	Type : System.ArgumentException, mscorlib, Version=4.0.0.0, Culture=neutral, PublicKeyToken=b77a5c561934e089
	Message : File "/tracking/quantcast.aspx" does not exist.
Parameter name: virtualPath
	Source : Telerik.Sitefinity
	Help link : 
	ParamName : virtualPath
	Data : System.Collections.ListDictionaryInternal
	TargetSite : System.IO.Stream OpenFile(System.String)
	HResult : -2147024809
	Stack Trace :    at Telerik.Sitefinity.Abstractions.VirtualPath.VirtualPathManager.OpenFile(String virtualPath)
	   at System.Web.UI.TemplateParser.ParseFile(String physicalPath, VirtualPath virtualPath)
	   at System.Web.UI.TemplateParser.ProcessServerInclude(Match match)
	   at System.Web.UI.TemplateParser.ParseStringInternal(String text, Encoding fileEncoding)



Category: ErrorLog

Priority: 0

EventId: 90000

Severity: Error

Title:Enterprise Library Exception Handling

Machine: WIN-NQJU4DRL0NR

App Domain: /LM/W3SVC/2/ROOT-2-130943395718331276

ProcessId: 4984

Process Name: c:\windows\system32\inetsrv\w3wp.exe

Thread Name: 

Win32 ThreadId:10528

Extended Properties: 
----------------------------------------
