----------------------------------------
Timestamp: 11/18/2015 5:16:05 PM

Message: Shutting down threadpool...


----------------------------------------
----------------------------------------
Timestamp: 11/18/2015 5:16:05 PM

Message: Thread pool 'BackgroundTasksService': Shutdown of thread pool completed. All currently running threads will finish their work and stop.


----------------------------------------
----------------------------------------
Timestamp: 11/18/2015 5:16:05 PM

Message: WorkerThread is shut down


----------------------------------------
----------------------------------------
Timestamp: 11/18/2015 5:16:05 PM

Message: WorkerThread is shut down


----------------------------------------
----------------------------------------
Timestamp: 11/18/2015 5:16:05 PM

Message: WorkerThread is shut down


----------------------------------------
----------------------------------------
Timestamp: 11/18/2015 5:16:05 PM

Message: WorkerThread is shut down


----------------------------------------
----------------------------------------
Timestamp: 11/18/2015 5:16:05 PM

Message: WorkerThread is shut down


----------------------------------------
----------------------------------------
Timestamp: 11/18/2015 5:16:05 PM

Message: WorkerThread is shut down


----------------------------------------
----------------------------------------
Timestamp: 11/18/2015 5:16:05 PM

Message: WorkerThread is shut down


----------------------------------------
----------------------------------------
Timestamp: 11/18/2015 5:16:05 PM

Message: Background task scheduler shut down


----------------------------------------
----------------------------------------
Timestamp: 11/18/2015 5:16:05 PM

Message: WorkerThread is shut down


----------------------------------------
----------------------------------------
Timestamp: 11/18/2015 5:16:35 PM

Message: Shutting down threadpool...


----------------------------------------
----------------------------------------
Timestamp: 11/18/2015 5:16:35 PM

Message: Thread pool 'BackgroundTasksService': Shutdown of thread pool completed. Threads aborted.


----------------------------------------
