----------------------------------------
Timestamp: 3/21/2016 10:54:04 PM

Message: HandlingInstanceID: 31f958b8-fc6b-4751-9f50-936cf3d6e7ef
An exception of type 'System.Web.HttpException' occurred and was caught.
------------------------------------------------------------------------
03/21/2016 22:54:04
Type : System.Web.HttpException, System.Web, Version=4.0.0.0, Culture=neutral, PublicKeyToken=b03f5f7f11d50a3a
Message : File not found.
Source : Telerik.Sitefinity
Help link : 
WebEventCode : 0
ErrorCode : -2147467259
Data : System.Collections.ListDictionaryInternal
TargetSite : IOutputItem GetOutputItem(System.Web.HttpRequestBase, System.Web.HttpResponseBase, Telerik.Microsoft.Practices.EnterpriseLibrary.Caching.ICacheManager, System.String, Telerik.Sitefinity.Libraries.Model.MediaContent ByRef)
HResult : -2147467259
Stack Trace :    at Telerik.Sitefinity.Modules.Libraries.Web.LibraryHttpHandler.GetOutputItem(HttpRequestBase request, HttpResponseBase response, ICacheManager cache, String key, MediaContent& content)
   at Telerik.Sitefinity.Modules.Libraries.Web.LibraryHttpHandler.ProcessRequest(HttpContextBase context)
   at System.Web.HttpApplication.CallHandlerExecutionStep.System.Web.HttpApplication.IExecutionStep.Execute()
   at System.Web.HttpApplication.ExecuteStep(IExecutionStep step, Boolean& completedSynchronously)

Additional Info:

MachineName : WIN-NQJU4DRL0NR
TimeStamp : 3/21/2016 10:54:04 PM
FullName : Telerik.Sitefinity.Utilities, Version=8.2.5912.0, Culture=neutral, PublicKeyToken=b28c218413bdf563
AppDomainName : /LM/W3SVC/2/ROOT-2-131030718220781859
ThreadIdentity : 
WindowsIdentity : IIS APPPOOL\act_com
Requested URL : http://www.act.com/images/support/expand.gif


Category: ErrorLog

Priority: 0

EventId: 90000

Severity: Error

Title:Enterprise Library Exception Handling

Machine: WIN-NQJU4DRL0NR

App Domain: /LM/W3SVC/2/ROOT-2-131030718220781859

ProcessId: 1100

Process Name: c:\windows\system32\inetsrv\w3wp.exe

Thread Name: 

Win32 ThreadId:5896

Extended Properties: 
----------------------------------------
----------------------------------------
Timestamp: 3/21/2016 10:54:04 PM

Message: HandlingInstanceID: f671e6d5-c288-48f2-9718-b58841eab9f2
An exception of type 'System.Web.HttpException' occurred and was caught.
------------------------------------------------------------------------
03/21/2016 22:54:04
Type : System.Web.HttpException, System.Web, Version=4.0.0.0, Culture=neutral, PublicKeyToken=b03f5f7f11d50a3a
Message : File not found.
Source : Telerik.Sitefinity
Help link : 
WebEventCode : 0
ErrorCode : -2147467259
Data : System.Collections.ListDictionaryInternal
TargetSite : IOutputItem GetOutputItem(System.Web.HttpRequestBase, System.Web.HttpResponseBase, Telerik.Microsoft.Practices.EnterpriseLibrary.Caching.ICacheManager, System.String, Telerik.Sitefinity.Libraries.Model.MediaContent ByRef)
HResult : -2147467259
Stack Trace :    at Telerik.Sitefinity.Modules.Libraries.Web.LibraryHttpHandler.GetOutputItem(HttpRequestBase request, HttpResponseBase response, ICacheManager cache, String key, MediaContent& content)
   at Telerik.Sitefinity.Modules.Libraries.Web.LibraryHttpHandler.ProcessRequest(HttpContextBase context)
   at System.Web.HttpApplication.CallHandlerExecutionStep.System.Web.HttpApplication.IExecutionStep.Execute()
   at System.Web.HttpApplication.ExecuteStep(IExecutionStep step, Boolean& completedSynchronously)

Additional Info:

MachineName : WIN-NQJU4DRL0NR
TimeStamp : 3/21/2016 10:54:04 PM
FullName : Telerik.Sitefinity.Utilities, Version=8.2.5912.0, Culture=neutral, PublicKeyToken=b28c218413bdf563
AppDomainName : /LM/W3SVC/2/ROOT-2-131030718220781859
ThreadIdentity : 
WindowsIdentity : IIS APPPOOL\act_com
Requested URL : http://www.act.com/images/support/arrowUp.gif


Category: ErrorLog

Priority: 0

EventId: 90000

Severity: Error

Title:Enterprise Library Exception Handling

Machine: WIN-NQJU4DRL0NR

App Domain: /LM/W3SVC/2/ROOT-2-131030718220781859

ProcessId: 1100

Process Name: c:\windows\system32\inetsrv\w3wp.exe

Thread Name: 

Win32 ThreadId:4432

Extended Properties: 
----------------------------------------
----------------------------------------
Timestamp: 3/21/2016 10:54:04 PM

Message: HandlingInstanceID: 755dca59-a21d-4120-ae0c-9d581d037903
An exception of type 'System.Web.HttpException' occurred and was caught.
------------------------------------------------------------------------
03/21/2016 22:54:04
Type : System.Web.HttpException, System.Web, Version=4.0.0.0, Culture=neutral, PublicKeyToken=b03f5f7f11d50a3a
Message : File not found.
Source : Telerik.Sitefinity
Help link : 
WebEventCode : 0
ErrorCode : -2147467259
Data : System.Collections.ListDictionaryInternal
TargetSite : IOutputItem GetOutputItem(System.Web.HttpRequestBase, System.Web.HttpResponseBase, Telerik.Microsoft.Practices.EnterpriseLibrary.Caching.ICacheManager, System.String, Telerik.Sitefinity.Libraries.Model.MediaContent ByRef)
HResult : -2147467259
Stack Trace :    at Telerik.Sitefinity.Modules.Libraries.Web.LibraryHttpHandler.GetOutputItem(HttpRequestBase request, HttpResponseBase response, ICacheManager cache, String key, MediaContent& content)
   at Telerik.Sitefinity.Modules.Libraries.Web.LibraryHttpHandler.ProcessRequest(HttpContextBase context)
   at System.Web.HttpApplication.CallHandlerExecutionStep.System.Web.HttpApplication.IExecutionStep.Execute()
   at System.Web.HttpApplication.ExecuteStep(IExecutionStep step, Boolean& completedSynchronously)

Additional Info:

MachineName : WIN-NQJU4DRL0NR
TimeStamp : 3/21/2016 10:54:04 PM
FullName : Telerik.Sitefinity.Utilities, Version=8.2.5912.0, Culture=neutral, PublicKeyToken=b28c218413bdf563
AppDomainName : /LM/W3SVC/2/ROOT-2-131030718220781859
ThreadIdentity : 
WindowsIdentity : IIS APPPOOL\act_com
Requested URL : http://www.act.com/images/support/arrowDn.gif


Category: ErrorLog

Priority: 0

EventId: 90000

Severity: Error

Title:Enterprise Library Exception Handling

Machine: WIN-NQJU4DRL0NR

App Domain: /LM/W3SVC/2/ROOT-2-131030718220781859

ProcessId: 1100

Process Name: c:\windows\system32\inetsrv\w3wp.exe

Thread Name: 

Win32 ThreadId:3768

Extended Properties: 
----------------------------------------
