----------------------------------------
Timestamp: 1/24/2017 8:38:25 PM

Message: Shutting down threadpool...


----------------------------------------
----------------------------------------
Timestamp: 1/24/2017 8:38:25 PM

Message: Thread pool 'BackgroundTasksService': Shutdown of thread pool completed. All currently running threads will finish their work and stop.


----------------------------------------
----------------------------------------
Timestamp: 1/24/2017 8:38:26 PM

Message: WorkerThread is shut down


----------------------------------------
----------------------------------------
Timestamp: 1/24/2017 8:38:26 PM

Message: WorkerThread is shut down


----------------------------------------
----------------------------------------
Timestamp: 1/24/2017 8:38:26 PM

Message: WorkerThread is shut down


----------------------------------------
----------------------------------------
Timestamp: 1/24/2017 8:38:26 PM

Message: WorkerThread is shut down


----------------------------------------
----------------------------------------
Timestamp: 1/24/2017 8:38:26 PM

Message: WorkerThread is shut down


----------------------------------------
----------------------------------------
Timestamp: 1/24/2017 8:38:26 PM

Message: Background task scheduler shut down


----------------------------------------
----------------------------------------
Timestamp: 1/24/2017 8:38:26 PM

Message: WorkerThread is shut down


----------------------------------------
----------------------------------------
Timestamp: 1/24/2017 8:38:26 PM

Message: WorkerThread is shut down


----------------------------------------
----------------------------------------
Timestamp: 1/24/2017 8:38:26 PM

Message: WorkerThread is shut down


----------------------------------------
----------------------------------------
Timestamp: 1/24/2017 8:38:55 PM

Message: Shutting down threadpool...


----------------------------------------
----------------------------------------
Timestamp: 1/24/2017 8:38:55 PM

Message: Thread pool 'BackgroundTasksService': Shutdown of thread pool completed. Threads aborted.


----------------------------------------
