----------------------------------------
Timestamp: 11/12/2015 8:05:13 PM

Message: Shutting down threadpool...


----------------------------------------
----------------------------------------
Timestamp: 11/12/2015 8:05:13 PM

Message: Thread pool 'BackgroundTasksService': Shutdown of thread pool completed. All currently running threads will finish their work and stop.


----------------------------------------
----------------------------------------
Timestamp: 11/12/2015 8:05:14 PM

Message: WorkerThread is shut down


----------------------------------------
----------------------------------------
Timestamp: 11/12/2015 8:05:14 PM

Message: WorkerThread is shut down


----------------------------------------
----------------------------------------
Timestamp: 11/12/2015 8:05:14 PM

Message: Background task scheduler shut down


----------------------------------------
----------------------------------------
Timestamp: 11/12/2015 8:05:14 PM

Message: WorkerThread is shut down


----------------------------------------
----------------------------------------
Timestamp: 11/12/2015 8:05:14 PM

Message: WorkerThread is shut down


----------------------------------------
----------------------------------------
Timestamp: 11/12/2015 8:05:14 PM

Message: WorkerThread is shut down


----------------------------------------
----------------------------------------
Timestamp: 11/12/2015 8:05:14 PM

Message: WorkerThread is shut down


----------------------------------------
----------------------------------------
Timestamp: 11/12/2015 8:05:14 PM

Message: WorkerThread is shut down


----------------------------------------
----------------------------------------
Timestamp: 11/12/2015 8:05:14 PM

Message: WorkerThread is shut down


----------------------------------------
----------------------------------------
Timestamp: 11/12/2015 8:05:43 PM

Message: Shutting down threadpool...


----------------------------------------
----------------------------------------
Timestamp: 11/12/2015 8:05:43 PM

Message: Thread pool 'BackgroundTasksService': Shutdown of thread pool completed. Threads aborted.


----------------------------------------
