----------------------------------------
Timestamp: 1/19/2016 5:41:52 PM

Message: HandlingInstanceID: cd68bd2d-e9a7-4c0a-bd36-8259b85e7a5c
An exception of type 'System.Web.HttpException' occurred and was caught.
------------------------------------------------------------------------
01/19/2016 17:41:52
Type : System.Web.HttpException, System.Web, Version=4.0.0.0, Culture=neutral, PublicKeyToken=b03f5f7f11d50a3a
Message : A potentially dangerous Request.Path value was detected from the client (>).
Source : System.Web
Help link : 
WebEventCode : 0
ErrorCode : -2147467259
Data : System.Collections.ListDictionaryInternal
TargetSite : Void ValidateInputIfRequiredByConfig()
HResult : -2147467259
Stack Trace :    at System.Web.HttpRequest.ValidateInputIfRequiredByConfig()
   at System.Web.HttpApplication.PipelineStepManager.ValidateHelper(HttpContext context)

Additional Info:

MachineName : WIN-NQJU4DRL0NR
TimeStamp : 1/19/2016 5:41:52 PM
FullName : Telerik.Sitefinity.Utilities, Version=8.0.5700.0, Culture=neutral, PublicKeyToken=b28c218413bdf563
AppDomainName : /LM/W3SVC/2/ROOT-3-130976988879617968
ThreadIdentity : 
WindowsIdentity : IIS APPPOOL\act_com
Requested URL : http://act.com/docs/default-source/product-briefs/what-39-s-new-in-v18-since-your-version.pdf>?utm_campaign=Premium_v16.a&utm_medium=email&utm_source=elq&elq=6a26cd0a96484a30a3eb82b97ac376ef&elqCampaignId=476&elqaid=1391&elqat=1&elqTrackId=3517a6101fc24e9eb15f385ef5fc3291


Category: ErrorLog

Priority: 0

EventId: 90000

Severity: Error

Title:Enterprise Library Exception Handling

Machine: WIN-NQJU4DRL0NR

App Domain: /LM/W3SVC/2/ROOT-3-130976988879617968

ProcessId: 10672

Process Name: c:\windows\system32\inetsrv\w3wp.exe

Thread Name: 

Win32 ThreadId:7608

Extended Properties: 
----------------------------------------
