----------------------------------------
Timestamp: 2/11/2016 12:48:24 PM

Message: HandlingInstanceID: e3d36c0e-0009-4fac-9959-238ae6455797
An exception of type 'System.Web.HttpException' occurred and was caught.
------------------------------------------------------------------------
02/11/2016 12:48:24
Type : System.Web.HttpException, System.Web, Version=4.0.0.0, Culture=neutral, PublicKeyToken=b03f5f7f11d50a3a
Message : Unsupported HTTP method. Supported methods are: GET / POST.
Source : Telerik.Sitefinity
Help link : 
WebEventCode : 0
ErrorCode : -2147467259
Data : System.Collections.ListDictionaryInternal
TargetSite : Void ProcessRequest(System.Web.HttpContextBase)
HResult : -2147467259
Stack Trace :    at Telerik.Sitefinity.Security.Claims.SecurityTokenServiceHttpHandler.ProcessRequest(HttpContextBase context)
   at System.Web.HttpApplication.CallHandlerExecutionStep.System.Web.HttpApplication.IExecutionStep.Execute()
   at System.Web.HttpApplication.ExecuteStep(IExecutionStep step, Boolean& completedSynchronously)

Additional Info:

MachineName : WIN-NQJU4DRL0NR
TimeStamp : 2/11/2016 12:48:24 PM
FullName : Telerik.Sitefinity.Utilities, Version=8.2.5912.0, Culture=neutral, PublicKeyToken=b28c218413bdf563
AppDomainName : /LM/W3SVC/2/ROOT-2-130996684861893971
ThreadIdentity : 
WindowsIdentity : IIS APPPOOL\act_com
Requested URL : http://www.act.com/Sitefinity/Authenticate/SWT?realm=http://www.act.com/&redirect_uri=/sitefinity/status?ReturnUrl=http%253a%252f%252fwww.act.com%252fen-uk%252f2015startup&deflate=true


Category: ErrorLog

Priority: 0

EventId: 90000

Severity: Error

Title:Enterprise Library Exception Handling

Machine: WIN-NQJU4DRL0NR

App Domain: /LM/W3SVC/2/ROOT-2-130996684861893971

ProcessId: 472

Process Name: c:\windows\system32\inetsrv\w3wp.exe

Thread Name: 

Win32 ThreadId:4892

Extended Properties: 
----------------------------------------
