----------------------------------------
Timestamp: 2/8/2016 4:07:20 PM

Message: Error while executing the Task: Value cannot be null.
Parameter name: input, StackTrace:    at System.Guid.Parse(String input)
   at Telerik.Sitefinity.Services.Statistics.ReconcilerTask.ReconcileUserData()
   at Telerik.Sitefinity.Services.SystemManager.RunWithElevatedPrivilege(RunWithElevatedPrivilegeDelegate delegateToRun, Object[] parameters, String urlRequest)
   at Telerik.Sitefinity.Services.Statistics.ReconcilerTask.Run(IBackgroundTaskContext context)
   at Telerik.Sitefinity.BackgroundTasks.WorkerThread.Run(IBackgroundTaskContext context)


----------------------------------------
----------------------------------------
Timestamp: 2/8/2016 4:07:31 PM

Message: Error while executing the Task: Value cannot be null.
Parameter name: input, StackTrace:    at System.Guid.Parse(String input)
   at Telerik.Sitefinity.Services.Statistics.ReconcilerTask.ReconcileUserData()
   at Telerik.Sitefinity.Services.SystemManager.RunWithElevatedPrivilege(RunWithElevatedPrivilegeDelegate delegateToRun, Object[] parameters, String urlRequest)
   at Telerik.Sitefinity.Services.Statistics.ReconcilerTask.Run(IBackgroundTaskContext context)
   at Telerik.Sitefinity.BackgroundTasks.WorkerThread.Run(IBackgroundTaskContext context)


----------------------------------------
----------------------------------------
Timestamp: 2/9/2016 2:03:14 AM

Message: Shutting down threadpool...


----------------------------------------
----------------------------------------
Timestamp: 2/9/2016 2:03:14 AM

Message: Thread pool 'BackgroundTasksService': Shutdown of thread pool completed. All currently running threads will finish their work and stop.


----------------------------------------
----------------------------------------
Timestamp: 2/9/2016 2:03:15 AM

Message: WorkerThread is shut down


----------------------------------------
----------------------------------------
Timestamp: 2/9/2016 2:03:15 AM

Message: WorkerThread is shut down


----------------------------------------
----------------------------------------
Timestamp: 2/9/2016 2:03:15 AM

Message: WorkerThread is shut down


----------------------------------------
----------------------------------------
Timestamp: 2/9/2016 2:03:15 AM

Message: WorkerThread is shut down


----------------------------------------
----------------------------------------
Timestamp: 2/9/2016 2:03:15 AM

Message: WorkerThread is shut down


----------------------------------------
----------------------------------------
Timestamp: 2/9/2016 2:03:15 AM

Message: WorkerThread is shut down


----------------------------------------
----------------------------------------
Timestamp: 2/9/2016 2:03:15 AM

Message: WorkerThread is shut down


----------------------------------------
----------------------------------------
Timestamp: 2/9/2016 2:03:15 AM

Message: Background task scheduler shut down


----------------------------------------
----------------------------------------
Timestamp: 2/9/2016 2:03:15 AM

Message: WorkerThread is shut down


----------------------------------------
----------------------------------------
Timestamp: 2/9/2016 2:03:45 AM

Message: Shutting down threadpool...


----------------------------------------
----------------------------------------
Timestamp: 2/9/2016 2:03:45 AM

Message: Thread pool 'BackgroundTasksService': Shutdown of thread pool completed. Threads aborted.


----------------------------------------
