----------------------------------------
Timestamp: 5/23/2016 5:53:57 PM

Message: HandlingInstanceID: 865a04a1-39df-4c30-96a5-bd78f4b837ff
An exception of type 'System.Web.HttpException' occurred and was caught.
------------------------------------------------------------------------
05/23/2016 17:53:57
Type : System.Web.HttpException, System.Web, Version=4.0.0.0, Culture=neutral, PublicKeyToken=b03f5f7f11d50a3a
Message : File not found.
Source : Telerik.Sitefinity
Help link : 
WebEventCode : 0
ErrorCode : -2147467259
Data : System.Collections.ListDictionaryInternal
TargetSite : IOutputItem GetOutputItem(System.Web.HttpRequestBase, System.Web.HttpResponseBase, Telerik.Microsoft.Practices.EnterpriseLibrary.Caching.ICacheManager, System.String, Telerik.Sitefinity.Libraries.Model.MediaContent ByRef)
HResult : -2147467259
Stack Trace :    at Telerik.Sitefinity.Modules.Libraries.Web.LibraryHttpHandler.GetOutputItem(HttpRequestBase request, HttpResponseBase response, ICacheManager cache, String key, MediaContent& content)
   at Telerik.Sitefinity.Modules.Libraries.Web.LibraryHttpHandler.ProcessRequest(HttpContextBase context)
   at System.Web.HttpApplication.CallHandlerExecutionStep.System.Web.HttpApplication.IExecutionStep.Execute()
   at System.Web.HttpApplication.ExecuteStep(IExecutionStep step, Boolean& completedSynchronously)

Additional Info:

MachineName : WIN-NQJU4DRL0NR
TimeStamp : 5/23/2016 5:53:57 PM
FullName : Telerik.Sitefinity.Utilities, Version=8.2.5912.0, Culture=neutral, PublicKeyToken=b28c218413bdf563
AppDomainName : /LM/W3SVC/2/ROOT-5-131084996167723661
ThreadIdentity : 
WindowsIdentity : IIS APPPOOL\act_com
Requested URL : http://www.act.com/images/support/arrowUp.gif


Category: ErrorLog

Priority: 0

EventId: 90000

Severity: Error

Title:Enterprise Library Exception Handling

Machine: WIN-NQJU4DRL0NR

App Domain: /LM/W3SVC/2/ROOT-5-131084996167723661

ProcessId: 7280

Process Name: c:\windows\system32\inetsrv\w3wp.exe

Thread Name: 

Win32 ThreadId:4472

Extended Properties: 
----------------------------------------
----------------------------------------
Timestamp: 5/23/2016 5:53:57 PM

Message: HandlingInstanceID: 9ed04660-7f00-4dd0-981c-6d8f24bb580b
An exception of type 'System.Web.HttpException' occurred and was caught.
------------------------------------------------------------------------
05/23/2016 17:53:57
Type : System.Web.HttpException, System.Web, Version=4.0.0.0, Culture=neutral, PublicKeyToken=b03f5f7f11d50a3a
Message : File not found.
Source : Telerik.Sitefinity
Help link : 
WebEventCode : 0
ErrorCode : -2147467259
Data : System.Collections.ListDictionaryInternal
TargetSite : IOutputItem GetOutputItem(System.Web.HttpRequestBase, System.Web.HttpResponseBase, Telerik.Microsoft.Practices.EnterpriseLibrary.Caching.ICacheManager, System.String, Telerik.Sitefinity.Libraries.Model.MediaContent ByRef)
HResult : -2147467259
Stack Trace :    at Telerik.Sitefinity.Modules.Libraries.Web.LibraryHttpHandler.GetOutputItem(HttpRequestBase request, HttpResponseBase response, ICacheManager cache, String key, MediaContent& content)
   at Telerik.Sitefinity.Modules.Libraries.Web.LibraryHttpHandler.ProcessRequest(HttpContextBase context)
   at System.Web.HttpApplication.CallHandlerExecutionStep.System.Web.HttpApplication.IExecutionStep.Execute()
   at System.Web.HttpApplication.ExecuteStep(IExecutionStep step, Boolean& completedSynchronously)

Additional Info:

MachineName : WIN-NQJU4DRL0NR
TimeStamp : 5/23/2016 5:53:57 PM
FullName : Telerik.Sitefinity.Utilities, Version=8.2.5912.0, Culture=neutral, PublicKeyToken=b28c218413bdf563
AppDomainName : /LM/W3SVC/2/ROOT-5-131084996167723661
ThreadIdentity : 
WindowsIdentity : IIS APPPOOL\act_com
Requested URL : http://www.act.com/images/support/arrowDn.gif


Category: ErrorLog

Priority: 0

EventId: 90000

Severity: Error

Title:Enterprise Library Exception Handling

Machine: WIN-NQJU4DRL0NR

App Domain: /LM/W3SVC/2/ROOT-5-131084996167723661

ProcessId: 7280

Process Name: c:\windows\system32\inetsrv\w3wp.exe

Thread Name: 

Win32 ThreadId:8296

Extended Properties: 
----------------------------------------
----------------------------------------
Timestamp: 5/23/2016 5:53:57 PM

Message: HandlingInstanceID: 9350a648-ca43-475e-b728-b25c7a032ba1
An exception of type 'System.Web.HttpException' occurred and was caught.
------------------------------------------------------------------------
05/23/2016 17:53:57
Type : System.Web.HttpException, System.Web, Version=4.0.0.0, Culture=neutral, PublicKeyToken=b03f5f7f11d50a3a
Message : File not found.
Source : Telerik.Sitefinity
Help link : 
WebEventCode : 0
ErrorCode : -2147467259
Data : System.Collections.ListDictionaryInternal
TargetSite : IOutputItem GetOutputItem(System.Web.HttpRequestBase, System.Web.HttpResponseBase, Telerik.Microsoft.Practices.EnterpriseLibrary.Caching.ICacheManager, System.String, Telerik.Sitefinity.Libraries.Model.MediaContent ByRef)
HResult : -2147467259
Stack Trace :    at Telerik.Sitefinity.Modules.Libraries.Web.LibraryHttpHandler.GetOutputItem(HttpRequestBase request, HttpResponseBase response, ICacheManager cache, String key, MediaContent& content)
   at Telerik.Sitefinity.Modules.Libraries.Web.LibraryHttpHandler.ProcessRequest(HttpContextBase context)
   at System.Web.HttpApplication.CallHandlerExecutionStep.System.Web.HttpApplication.IExecutionStep.Execute()
   at System.Web.HttpApplication.ExecuteStep(IExecutionStep step, Boolean& completedSynchronously)

Additional Info:

MachineName : WIN-NQJU4DRL0NR
TimeStamp : 5/23/2016 5:53:57 PM
FullName : Telerik.Sitefinity.Utilities, Version=8.2.5912.0, Culture=neutral, PublicKeyToken=b28c218413bdf563
AppDomainName : /LM/W3SVC/2/ROOT-5-131084996167723661
ThreadIdentity : 
WindowsIdentity : IIS APPPOOL\act_com
Requested URL : http://www.act.com/images/support/expand.gif


Category: ErrorLog

Priority: 0

EventId: 90000

Severity: Error

Title:Enterprise Library Exception Handling

Machine: WIN-NQJU4DRL0NR

App Domain: /LM/W3SVC/2/ROOT-5-131084996167723661

ProcessId: 7280

Process Name: c:\windows\system32\inetsrv\w3wp.exe

Thread Name: 

Win32 ThreadId:6856

Extended Properties: 
----------------------------------------
----------------------------------------
Timestamp: 23/05/2016 17:53:58

Message: HandlingInstanceID: a0688633-b646-4028-bf20-01c7dea2f723
An exception of type 'System.NullReferenceException' occurred and was caught.
-----------------------------------------------------------------------------
05/23/2016 17:53:58
Type : System.NullReferenceException, mscorlib, Version=4.0.0.0, Culture=neutral, PublicKeyToken=b77a5c561934e089
Message : Object reference not set to an instance of an object.
Source : Unity_ILEmit_DynamicClasses
Help link : 
Data : System.Collections.ListDictionaryInternal
TargetSite : Void Initialize(System.String, System.Collections.Specialized.NameValueCollection, System.Type)
HResult : -2147467261
Stack Trace :    at DynamicModule.ns.Wrapped_OpenAccessPersonalizationDataProvider_be96b835f31345b7abe3516df1d22e75.Initialize(String providerName, NameValueCollection config, Type managerType)
   at Telerik.Sitefinity.Data.ManagerBase`1.InstantiateProvider(IDataProviderSettings providerSettings, Type providerType, ExceptionPolicyName policy, ManagerBase`1 manager)

Additional Info:

MachineName : WIN-NQJU4DRL0NR
TimeStamp : 23/05/2016 17:53:58
FullName : Telerik.Sitefinity.Utilities, Version=8.2.5912.0, Culture=neutral, PublicKeyToken=b28c218413bdf563
AppDomainName : /LM/W3SVC/2/ROOT-5-131084996167723661
ThreadIdentity : swoodroffe
WindowsIdentity : IIS APPPOOL\act_com
Requested URL : http://www.act.com/home-v2/Action/Preview


Category: ErrorLog

Priority: 0

EventId: 9010

Severity: Warning

Title:Enterprise Library Exception Handling

Machine: WIN-NQJU4DRL0NR

App Domain: /LM/W3SVC/2/ROOT-5-131084996167723661

ProcessId: 7280

Process Name: c:\windows\system32\inetsrv\w3wp.exe

Thread Name: 

Win32 ThreadId:6884

Extended Properties: 
----------------------------------------
----------------------------------------
Timestamp: 5/23/2016 6:00:33 PM

Message: HandlingInstanceID: 65597fae-923a-48bf-bad7-9e68bbbdcb15
An exception of type 'System.Web.HttpException' occurred and was caught.
------------------------------------------------------------------------
05/23/2016 18:00:33
Type : System.Web.HttpException, System.Web, Version=4.0.0.0, Culture=neutral, PublicKeyToken=b03f5f7f11d50a3a
Message : File not found.
Source : Telerik.Sitefinity
Help link : 
WebEventCode : 0
ErrorCode : -2147467259
Data : System.Collections.ListDictionaryInternal
TargetSite : IOutputItem GetOutputItem(System.Web.HttpRequestBase, System.Web.HttpResponseBase, Telerik.Microsoft.Practices.EnterpriseLibrary.Caching.ICacheManager, System.String, Telerik.Sitefinity.Libraries.Model.MediaContent ByRef)
HResult : -2147467259
Stack Trace :    at Telerik.Sitefinity.Modules.Libraries.Web.LibraryHttpHandler.GetOutputItem(HttpRequestBase request, HttpResponseBase response, ICacheManager cache, String key, MediaContent& content)
   at Telerik.Sitefinity.Modules.Libraries.Web.LibraryHttpHandler.ProcessRequest(HttpContextBase context)
   at System.Web.HttpApplication.CallHandlerExecutionStep.System.Web.HttpApplication.IExecutionStep.Execute()
   at System.Web.HttpApplication.ExecuteStep(IExecutionStep step, Boolean& completedSynchronously)

Additional Info:

MachineName : WIN-NQJU4DRL0NR
TimeStamp : 5/23/2016 6:00:33 PM
FullName : Telerik.Sitefinity.Utilities, Version=8.2.5912.0, Culture=neutral, PublicKeyToken=b28c218413bdf563
AppDomainName : /LM/W3SVC/2/ROOT-5-131084996167723661
ThreadIdentity : 
WindowsIdentity : IIS APPPOOL\act_com
Requested URL : http://www.act.com/images/ui-bg_flat_0_aaaaaa_40x100.png


Category: ErrorLog

Priority: 0

EventId: 90000

Severity: Error

Title:Enterprise Library Exception Handling

Machine: WIN-NQJU4DRL0NR

App Domain: /LM/W3SVC/2/ROOT-5-131084996167723661

ProcessId: 7280

Process Name: c:\windows\system32\inetsrv\w3wp.exe

Thread Name: 

Win32 ThreadId:5628

Extended Properties: 
----------------------------------------
