----------------------------------------
Timestamp: 12/15/2015 11:32:33 AM

Message: Shutting down threadpool...


----------------------------------------
----------------------------------------
Timestamp: 12/15/2015 11:32:33 AM

Message: Thread pool 'BackgroundTasksService': Shutdown of thread pool completed. All currently running threads will finish their work and stop.


----------------------------------------
----------------------------------------
Timestamp: 12/15/2015 11:32:33 AM

Message: WorkerThread is shut down


----------------------------------------
----------------------------------------
Timestamp: 12/15/2015 11:32:33 AM

Message: Background task scheduler shut down


----------------------------------------
----------------------------------------
Timestamp: 12/15/2015 11:32:33 AM

Message: WorkerThread is shut down


----------------------------------------
----------------------------------------
Timestamp: 12/15/2015 11:32:33 AM

Message: WorkerThread is shut down


----------------------------------------
----------------------------------------
Timestamp: 12/15/2015 11:32:33 AM

Message: WorkerThread is shut down


----------------------------------------
----------------------------------------
Timestamp: 12/15/2015 11:32:33 AM

Message: WorkerThread is shut down


----------------------------------------
----------------------------------------
Timestamp: 12/15/2015 11:32:33 AM

Message: WorkerThread is shut down


----------------------------------------
----------------------------------------
Timestamp: 12/15/2015 11:32:33 AM

Message: WorkerThread is shut down


----------------------------------------
----------------------------------------
Timestamp: 12/15/2015 11:32:33 AM

Message: WorkerThread is shut down


----------------------------------------
----------------------------------------
Timestamp: 12/15/2015 11:33:03 AM

Message: Shutting down threadpool...


----------------------------------------
----------------------------------------
Timestamp: 12/15/2015 11:33:03 AM

Message: Thread pool 'BackgroundTasksService': Shutdown of thread pool completed. Threads aborted.


----------------------------------------
