----------------------------------------
Timestamp: 8/23/2016 1:31:37 AM

Message: Shutting down threadpool...


----------------------------------------
----------------------------------------
Timestamp: 8/23/2016 1:31:37 AM

Message: Thread pool 'BackgroundTasksService': Shutdown of thread pool completed. All currently running threads will finish their work and stop.


----------------------------------------
----------------------------------------
Timestamp: 8/23/2016 1:31:37 AM

Message: WorkerThread is shut down


----------------------------------------
----------------------------------------
Timestamp: 8/23/2016 1:31:37 AM

Message: WorkerThread is shut down


----------------------------------------
----------------------------------------
Timestamp: 8/23/2016 1:31:37 AM

Message: WorkerThread is shut down


----------------------------------------
----------------------------------------
Timestamp: 8/23/2016 1:31:37 AM

Message: Background task scheduler shut down


----------------------------------------
----------------------------------------
Timestamp: 8/23/2016 1:31:37 AM

Message: WorkerThread is shut down


----------------------------------------
----------------------------------------
Timestamp: 8/23/2016 1:31:37 AM

Message: WorkerThread is shut down


----------------------------------------
----------------------------------------
Timestamp: 8/23/2016 1:31:37 AM

Message: WorkerThread is shut down


----------------------------------------
----------------------------------------
Timestamp: 8/23/2016 1:31:37 AM

Message: WorkerThread is shut down


----------------------------------------
----------------------------------------
Timestamp: 8/23/2016 1:31:37 AM

Message: WorkerThread is shut down


----------------------------------------
----------------------------------------
Timestamp: 8/23/2016 1:31:39 AM

Message: Shutting down threadpool...


----------------------------------------
----------------------------------------
Timestamp: 8/23/2016 1:31:39 AM

Message: Thread pool 'BackgroundTasksService': Shutdown of thread pool completed. Threads aborted.


----------------------------------------
