----------------------------------------
Timestamp: 8/23/2016 5:16:27 PM

Message: Shutting down threadpool...


----------------------------------------
----------------------------------------
Timestamp: 8/23/2016 5:16:27 PM

Message: Thread pool 'BackgroundTasksService': Shutdown of thread pool completed. All currently running threads will finish their work and stop.


----------------------------------------
----------------------------------------
Timestamp: 8/23/2016 5:16:28 PM

Message: WorkerThread is shut down


----------------------------------------
----------------------------------------
Timestamp: 8/23/2016 5:16:28 PM

Message: WorkerThread is shut down


----------------------------------------
----------------------------------------
Timestamp: 8/23/2016 5:16:28 PM

Message: WorkerThread is shut down


----------------------------------------
----------------------------------------
Timestamp: 8/23/2016 5:16:28 PM

Message: WorkerThread is shut down


----------------------------------------
----------------------------------------
Timestamp: 8/23/2016 5:16:28 PM

Message: WorkerThread is shut down


----------------------------------------
----------------------------------------
Timestamp: 8/23/2016 5:16:28 PM

Message: Background task scheduler shut down


----------------------------------------
----------------------------------------
Timestamp: 8/23/2016 5:16:28 PM

Message: WorkerThread is shut down


----------------------------------------
----------------------------------------
Timestamp: 8/23/2016 5:16:28 PM

Message: WorkerThread is shut down


----------------------------------------
----------------------------------------
Timestamp: 8/23/2016 5:16:28 PM

Message: WorkerThread is shut down


----------------------------------------
----------------------------------------
Timestamp: 8/23/2016 5:16:57 PM

Message: Shutting down threadpool...


----------------------------------------
----------------------------------------
Timestamp: 8/23/2016 5:16:57 PM

Message: Thread pool 'BackgroundTasksService': Shutdown of thread pool completed. Threads aborted.


----------------------------------------
