----------------------------------------
Timestamp: 10/26/2016 3:57:02 PM

Message: HandlingInstanceID: 83357a13-db43-49f6-90f6-ca8fb028eaf0
An exception of type 'System.Web.HttpException' occurred and was caught.
------------------------------------------------------------------------
10/26/2016 15:57:02
Type : System.Web.HttpException, System.Web, Version=4.0.0.0, Culture=neutral, PublicKeyToken=b03f5f7f11d50a3a
Message : File not found.
Source : Telerik.Sitefinity
Help link : 
WebEventCode : 0
ErrorCode : -2147467259
Data : System.Collections.ListDictionaryInternal
TargetSite : IOutputItem GetOutputItem(System.Web.HttpRequestBase, System.Web.HttpResponseBase, Telerik.Microsoft.Practices.EnterpriseLibrary.Caching.ICacheManager, System.String, Telerik.Sitefinity.Libraries.Model.MediaContent ByRef)
HResult : -2147467259
Stack Trace :    at Telerik.Sitefinity.Modules.Libraries.Web.LibraryHttpHandler.GetOutputItem(HttpRequestBase request, HttpResponseBase response, ICacheManager cache, String key, MediaContent& content)
   at Telerik.Sitefinity.Modules.Libraries.Web.LibraryHttpHandler.ProcessRequest(HttpContextBase context)
   at System.Web.HttpApplication.CallHandlerExecutionStep.System.Web.HttpApplication.IExecutionStep.Execute()
   at System.Web.HttpApplication.ExecuteStep(IExecutionStep step, Boolean& completedSynchronously)

Additional Info:

MachineName : WIN-NQJU4DRL0NR
TimeStamp : 10/26/2016 3:57:02 PM
FullName : Telerik.Sitefinity.Utilities, Version=8.2.5912.0, Culture=neutral, PublicKeyToken=b28c218413bdf563
AppDomainName : /LM/W3SVC/2/ROOT-8-131219709259748772
ThreadIdentity : 
WindowsIdentity : IIS APPPOOL\act_com
Requested URL : https://www.act.com/images/support/arrowDn.gif


Category: ErrorLog

Priority: 0

EventId: 90000

Severity: Error

Title:Enterprise Library Exception Handling

Machine: WIN-NQJU4DRL0NR

App Domain: /LM/W3SVC/2/ROOT-8-131219709259748772

ProcessId: 8232

Process Name: c:\windows\system32\inetsrv\w3wp.exe

Thread Name: 

Win32 ThreadId:5952

Extended Properties: 
----------------------------------------
----------------------------------------
Timestamp: 10/26/2016 3:57:02 PM

Message: HandlingInstanceID: 9d88b684-1eb2-429b-a533-e98643db7ee2
An exception of type 'System.Web.HttpException' occurred and was caught.
------------------------------------------------------------------------
10/26/2016 15:57:02
Type : System.Web.HttpException, System.Web, Version=4.0.0.0, Culture=neutral, PublicKeyToken=b03f5f7f11d50a3a
Message : File not found.
Source : Telerik.Sitefinity
Help link : 
WebEventCode : 0
ErrorCode : -2147467259
Data : System.Collections.ListDictionaryInternal
TargetSite : IOutputItem GetOutputItem(System.Web.HttpRequestBase, System.Web.HttpResponseBase, Telerik.Microsoft.Practices.EnterpriseLibrary.Caching.ICacheManager, System.String, Telerik.Sitefinity.Libraries.Model.MediaContent ByRef)
HResult : -2147467259
Stack Trace :    at Telerik.Sitefinity.Modules.Libraries.Web.LibraryHttpHandler.GetOutputItem(HttpRequestBase request, HttpResponseBase response, ICacheManager cache, String key, MediaContent& content)
   at Telerik.Sitefinity.Modules.Libraries.Web.LibraryHttpHandler.ProcessRequest(HttpContextBase context)
   at System.Web.HttpApplication.CallHandlerExecutionStep.System.Web.HttpApplication.IExecutionStep.Execute()
   at System.Web.HttpApplication.ExecuteStep(IExecutionStep step, Boolean& completedSynchronously)

Additional Info:

MachineName : WIN-NQJU4DRL0NR
TimeStamp : 10/26/2016 3:57:02 PM
FullName : Telerik.Sitefinity.Utilities, Version=8.2.5912.0, Culture=neutral, PublicKeyToken=b28c218413bdf563
AppDomainName : /LM/W3SVC/2/ROOT-8-131219709259748772
ThreadIdentity : 
WindowsIdentity : IIS APPPOOL\act_com
Requested URL : https://www.act.com/images/support/arrowUp.gif


Category: ErrorLog

Priority: 0

EventId: 90000

Severity: Error

Title:Enterprise Library Exception Handling

Machine: WIN-NQJU4DRL0NR

App Domain: /LM/W3SVC/2/ROOT-8-131219709259748772

ProcessId: 8232

Process Name: c:\windows\system32\inetsrv\w3wp.exe

Thread Name: 

Win32 ThreadId:6920

Extended Properties: 
----------------------------------------
----------------------------------------
Timestamp: 10/26/2016 3:57:02 PM

Message: HandlingInstanceID: a9015dd8-da0e-4ea4-9e11-3d2338a6b6b0
An exception of type 'System.Web.HttpException' occurred and was caught.
------------------------------------------------------------------------
10/26/2016 15:57:02
Type : System.Web.HttpException, System.Web, Version=4.0.0.0, Culture=neutral, PublicKeyToken=b03f5f7f11d50a3a
Message : File not found.
Source : Telerik.Sitefinity
Help link : 
WebEventCode : 0
ErrorCode : -2147467259
Data : System.Collections.ListDictionaryInternal
TargetSite : IOutputItem GetOutputItem(System.Web.HttpRequestBase, System.Web.HttpResponseBase, Telerik.Microsoft.Practices.EnterpriseLibrary.Caching.ICacheManager, System.String, Telerik.Sitefinity.Libraries.Model.MediaContent ByRef)
HResult : -2147467259
Stack Trace :    at Telerik.Sitefinity.Modules.Libraries.Web.LibraryHttpHandler.GetOutputItem(HttpRequestBase request, HttpResponseBase response, ICacheManager cache, String key, MediaContent& content)
   at Telerik.Sitefinity.Modules.Libraries.Web.LibraryHttpHandler.ProcessRequest(HttpContextBase context)
   at System.Web.HttpApplication.CallHandlerExecutionStep.System.Web.HttpApplication.IExecutionStep.Execute()
   at System.Web.HttpApplication.ExecuteStep(IExecutionStep step, Boolean& completedSynchronously)

Additional Info:

MachineName : WIN-NQJU4DRL0NR
TimeStamp : 10/26/2016 3:57:02 PM
FullName : Telerik.Sitefinity.Utilities, Version=8.2.5912.0, Culture=neutral, PublicKeyToken=b28c218413bdf563
AppDomainName : /LM/W3SVC/2/ROOT-8-131219709259748772
ThreadIdentity : 
WindowsIdentity : IIS APPPOOL\act_com
Requested URL : https://www.act.com/images/support/expand.gif


Category: ErrorLog

Priority: 0

EventId: 90000

Severity: Error

Title:Enterprise Library Exception Handling

Machine: WIN-NQJU4DRL0NR

App Domain: /LM/W3SVC/2/ROOT-8-131219709259748772

ProcessId: 8232

Process Name: c:\windows\system32\inetsrv\w3wp.exe

Thread Name: 

Win32 ThreadId:3292

Extended Properties: 
----------------------------------------
----------------------------------------
Timestamp: 10/26/2016 4:04:57 PM

Message: HandlingInstanceID: be9a5335-5103-4937-bb3e-1bca3174c303
An exception of type 'System.Web.HttpException' occurred and was caught.
------------------------------------------------------------------------
10/26/2016 16:04:57
Type : System.Web.HttpException, System.Web, Version=4.0.0.0, Culture=neutral, PublicKeyToken=b03f5f7f11d50a3a
Message : File not found.
Source : Telerik.Sitefinity
Help link : 
WebEventCode : 0
ErrorCode : -2147467259
Data : System.Collections.ListDictionaryInternal
TargetSite : IOutputItem GetOutputItem(System.Web.HttpRequestBase, System.Web.HttpResponseBase, Telerik.Microsoft.Practices.EnterpriseLibrary.Caching.ICacheManager, System.String, Telerik.Sitefinity.Libraries.Model.MediaContent ByRef)
HResult : -2147467259
Stack Trace :    at Telerik.Sitefinity.Modules.Libraries.Web.LibraryHttpHandler.GetOutputItem(HttpRequestBase request, HttpResponseBase response, ICacheManager cache, String key, MediaContent& content)
   at Telerik.Sitefinity.Modules.Libraries.Web.LibraryHttpHandler.ProcessRequest(HttpContextBase context)
   at System.Web.HttpApplication.CallHandlerExecutionStep.System.Web.HttpApplication.IExecutionStep.Execute()
   at System.Web.HttpApplication.ExecuteStep(IExecutionStep step, Boolean& completedSynchronously)

Additional Info:

MachineName : WIN-NQJU4DRL0NR
TimeStamp : 10/26/2016 4:04:57 PM
FullName : Telerik.Sitefinity.Utilities, Version=8.2.5912.0, Culture=neutral, PublicKeyToken=b28c218413bdf563
AppDomainName : /LM/W3SVC/2/ROOT-8-131219709259748772
ThreadIdentity : 
WindowsIdentity : IIS APPPOOL\act_com
Requested URL : https://www.act.com/images/support/expand.gif


Category: ErrorLog

Priority: 0

EventId: 90000

Severity: Error

Title:Enterprise Library Exception Handling

Machine: WIN-NQJU4DRL0NR

App Domain: /LM/W3SVC/2/ROOT-8-131219709259748772

ProcessId: 8232

Process Name: c:\windows\system32\inetsrv\w3wp.exe

Thread Name: 

Win32 ThreadId:9492

Extended Properties: 
----------------------------------------
----------------------------------------
Timestamp: 10/26/2016 4:04:57 PM

Message: HandlingInstanceID: e10a8203-2a1d-44f9-a6eb-809b1d2f47d8
An exception of type 'System.Web.HttpException' occurred and was caught.
------------------------------------------------------------------------
10/26/2016 16:04:57
Type : System.Web.HttpException, System.Web, Version=4.0.0.0, Culture=neutral, PublicKeyToken=b03f5f7f11d50a3a
Message : File not found.
Source : Telerik.Sitefinity
Help link : 
WebEventCode : 0
ErrorCode : -2147467259
Data : System.Collections.ListDictionaryInternal
TargetSite : IOutputItem GetOutputItem(System.Web.HttpRequestBase, System.Web.HttpResponseBase, Telerik.Microsoft.Practices.EnterpriseLibrary.Caching.ICacheManager, System.String, Telerik.Sitefinity.Libraries.Model.MediaContent ByRef)
HResult : -2147467259
Stack Trace :    at Telerik.Sitefinity.Modules.Libraries.Web.LibraryHttpHandler.GetOutputItem(HttpRequestBase request, HttpResponseBase response, ICacheManager cache, String key, MediaContent& content)
   at Telerik.Sitefinity.Modules.Libraries.Web.LibraryHttpHandler.ProcessRequest(HttpContextBase context)
   at System.Web.HttpApplication.CallHandlerExecutionStep.System.Web.HttpApplication.IExecutionStep.Execute()
   at System.Web.HttpApplication.ExecuteStep(IExecutionStep step, Boolean& completedSynchronously)

Additional Info:

MachineName : WIN-NQJU4DRL0NR
TimeStamp : 10/26/2016 4:04:57 PM
FullName : Telerik.Sitefinity.Utilities, Version=8.2.5912.0, Culture=neutral, PublicKeyToken=b28c218413bdf563
AppDomainName : /LM/W3SVC/2/ROOT-8-131219709259748772
ThreadIdentity : 
WindowsIdentity : IIS APPPOOL\act_com
Requested URL : https://www.act.com/images/support/arrowUp.gif


Category: ErrorLog

Priority: 0

EventId: 90000

Severity: Error

Title:Enterprise Library Exception Handling

Machine: WIN-NQJU4DRL0NR

App Domain: /LM/W3SVC/2/ROOT-8-131219709259748772

ProcessId: 8232

Process Name: c:\windows\system32\inetsrv\w3wp.exe

Thread Name: 

Win32 ThreadId:2388

Extended Properties: 
----------------------------------------
----------------------------------------
Timestamp: 10/26/2016 4:04:57 PM

Message: HandlingInstanceID: 7f21e6ce-6e5b-4394-9299-fbe5dc6046a4
An exception of type 'System.Web.HttpException' occurred and was caught.
------------------------------------------------------------------------
10/26/2016 16:04:57
Type : System.Web.HttpException, System.Web, Version=4.0.0.0, Culture=neutral, PublicKeyToken=b03f5f7f11d50a3a
Message : File not found.
Source : Telerik.Sitefinity
Help link : 
WebEventCode : 0
ErrorCode : -2147467259
Data : System.Collections.ListDictionaryInternal
TargetSite : IOutputItem GetOutputItem(System.Web.HttpRequestBase, System.Web.HttpResponseBase, Telerik.Microsoft.Practices.EnterpriseLibrary.Caching.ICacheManager, System.String, Telerik.Sitefinity.Libraries.Model.MediaContent ByRef)
HResult : -2147467259
Stack Trace :    at Telerik.Sitefinity.Modules.Libraries.Web.LibraryHttpHandler.GetOutputItem(HttpRequestBase request, HttpResponseBase response, ICacheManager cache, String key, MediaContent& content)
   at Telerik.Sitefinity.Modules.Libraries.Web.LibraryHttpHandler.ProcessRequest(HttpContextBase context)
   at System.Web.HttpApplication.CallHandlerExecutionStep.System.Web.HttpApplication.IExecutionStep.Execute()
   at System.Web.HttpApplication.ExecuteStep(IExecutionStep step, Boolean& completedSynchronously)

Additional Info:

MachineName : WIN-NQJU4DRL0NR
TimeStamp : 10/26/2016 4:04:57 PM
FullName : Telerik.Sitefinity.Utilities, Version=8.2.5912.0, Culture=neutral, PublicKeyToken=b28c218413bdf563
AppDomainName : /LM/W3SVC/2/ROOT-8-131219709259748772
ThreadIdentity : 
WindowsIdentity : IIS APPPOOL\act_com
Requested URL : https://www.act.com/images/support/arrowDn.gif


Category: ErrorLog

Priority: 0

EventId: 90000

Severity: Error

Title:Enterprise Library Exception Handling

Machine: WIN-NQJU4DRL0NR

App Domain: /LM/W3SVC/2/ROOT-8-131219709259748772

ProcessId: 8232

Process Name: c:\windows\system32\inetsrv\w3wp.exe

Thread Name: 

Win32 ThreadId:11216

Extended Properties: 
----------------------------------------
----------------------------------------
Timestamp: 10/26/2016 4:08:16 PM

Message: HandlingInstanceID: e733eafc-c8c2-423f-b0bc-1fc6b6dfb903
An exception of type 'System.Web.HttpException' occurred and was caught.
------------------------------------------------------------------------
10/26/2016 16:08:16
Type : System.Web.HttpException, System.Web, Version=4.0.0.0, Culture=neutral, PublicKeyToken=b03f5f7f11d50a3a
Message : File not found.
Source : Telerik.Sitefinity
Help link : 
WebEventCode : 0
ErrorCode : -2147467259
Data : System.Collections.ListDictionaryInternal
TargetSite : IOutputItem GetOutputItem(System.Web.HttpRequestBase, System.Web.HttpResponseBase, Telerik.Microsoft.Practices.EnterpriseLibrary.Caching.ICacheManager, System.String, Telerik.Sitefinity.Libraries.Model.MediaContent ByRef)
HResult : -2147467259
Stack Trace :    at Telerik.Sitefinity.Modules.Libraries.Web.LibraryHttpHandler.GetOutputItem(HttpRequestBase request, HttpResponseBase response, ICacheManager cache, String key, MediaContent& content)
   at Telerik.Sitefinity.Modules.Libraries.Web.LibraryHttpHandler.ProcessRequest(HttpContextBase context)
   at System.Web.HttpApplication.CallHandlerExecutionStep.System.Web.HttpApplication.IExecutionStep.Execute()
   at System.Web.HttpApplication.ExecuteStep(IExecutionStep step, Boolean& completedSynchronously)

Additional Info:

MachineName : WIN-NQJU4DRL0NR
TimeStamp : 10/26/2016 4:08:16 PM
FullName : Telerik.Sitefinity.Utilities, Version=8.2.5912.0, Culture=neutral, PublicKeyToken=b28c218413bdf563
AppDomainName : /LM/W3SVC/2/ROOT-8-131219709259748772
ThreadIdentity : 
WindowsIdentity : IIS APPPOOL\act_com
Requested URL : https://www.act.com/images/support/expand.gif


Category: ErrorLog

Priority: 0

EventId: 90000

Severity: Error

Title:Enterprise Library Exception Handling

Machine: WIN-NQJU4DRL0NR

App Domain: /LM/W3SVC/2/ROOT-8-131219709259748772

ProcessId: 8232

Process Name: c:\windows\system32\inetsrv\w3wp.exe

Thread Name: 

Win32 ThreadId:5376

Extended Properties: 
----------------------------------------
----------------------------------------
Timestamp: 10/26/2016 4:08:16 PM

Message: HandlingInstanceID: 09493ab4-4b41-45f9-b736-37279ab74107
An exception of type 'System.Web.HttpException' occurred and was caught.
------------------------------------------------------------------------
10/26/2016 16:08:16
Type : System.Web.HttpException, System.Web, Version=4.0.0.0, Culture=neutral, PublicKeyToken=b03f5f7f11d50a3a
Message : File not found.
Source : Telerik.Sitefinity
Help link : 
WebEventCode : 0
ErrorCode : -2147467259
Data : System.Collections.ListDictionaryInternal
TargetSite : IOutputItem GetOutputItem(System.Web.HttpRequestBase, System.Web.HttpResponseBase, Telerik.Microsoft.Practices.EnterpriseLibrary.Caching.ICacheManager, System.String, Telerik.Sitefinity.Libraries.Model.MediaContent ByRef)
HResult : -2147467259
Stack Trace :    at Telerik.Sitefinity.Modules.Libraries.Web.LibraryHttpHandler.GetOutputItem(HttpRequestBase request, HttpResponseBase response, ICacheManager cache, String key, MediaContent& content)
   at Telerik.Sitefinity.Modules.Libraries.Web.LibraryHttpHandler.ProcessRequest(HttpContextBase context)
   at System.Web.HttpApplication.CallHandlerExecutionStep.System.Web.HttpApplication.IExecutionStep.Execute()
   at System.Web.HttpApplication.ExecuteStep(IExecutionStep step, Boolean& completedSynchronously)

Additional Info:

MachineName : WIN-NQJU4DRL0NR
TimeStamp : 10/26/2016 4:08:16 PM
FullName : Telerik.Sitefinity.Utilities, Version=8.2.5912.0, Culture=neutral, PublicKeyToken=b28c218413bdf563
AppDomainName : /LM/W3SVC/2/ROOT-8-131219709259748772
ThreadIdentity : 
WindowsIdentity : IIS APPPOOL\act_com
Requested URL : https://www.act.com/images/support/arrowUp.gif


Category: ErrorLog

Priority: 0

EventId: 90000

Severity: Error

Title:Enterprise Library Exception Handling

Machine: WIN-NQJU4DRL0NR

App Domain: /LM/W3SVC/2/ROOT-8-131219709259748772

ProcessId: 8232

Process Name: c:\windows\system32\inetsrv\w3wp.exe

Thread Name: 

Win32 ThreadId:6368

Extended Properties: 
----------------------------------------
----------------------------------------
Timestamp: 10/26/2016 4:08:16 PM

Message: HandlingInstanceID: f8298c69-5513-424a-aeb8-2a8434841197
An exception of type 'System.Web.HttpException' occurred and was caught.
------------------------------------------------------------------------
10/26/2016 16:08:16
Type : System.Web.HttpException, System.Web, Version=4.0.0.0, Culture=neutral, PublicKeyToken=b03f5f7f11d50a3a
Message : File not found.
Source : Telerik.Sitefinity
Help link : 
WebEventCode : 0
ErrorCode : -2147467259
Data : System.Collections.ListDictionaryInternal
TargetSite : IOutputItem GetOutputItem(System.Web.HttpRequestBase, System.Web.HttpResponseBase, Telerik.Microsoft.Practices.EnterpriseLibrary.Caching.ICacheManager, System.String, Telerik.Sitefinity.Libraries.Model.MediaContent ByRef)
HResult : -2147467259
Stack Trace :    at Telerik.Sitefinity.Modules.Libraries.Web.LibraryHttpHandler.GetOutputItem(HttpRequestBase request, HttpResponseBase response, ICacheManager cache, String key, MediaContent& content)
   at Telerik.Sitefinity.Modules.Libraries.Web.LibraryHttpHandler.ProcessRequest(HttpContextBase context)
   at System.Web.HttpApplication.CallHandlerExecutionStep.System.Web.HttpApplication.IExecutionStep.Execute()
   at System.Web.HttpApplication.ExecuteStep(IExecutionStep step, Boolean& completedSynchronously)

Additional Info:

MachineName : WIN-NQJU4DRL0NR
TimeStamp : 10/26/2016 4:08:16 PM
FullName : Telerik.Sitefinity.Utilities, Version=8.2.5912.0, Culture=neutral, PublicKeyToken=b28c218413bdf563
AppDomainName : /LM/W3SVC/2/ROOT-8-131219709259748772
ThreadIdentity : 
WindowsIdentity : IIS APPPOOL\act_com
Requested URL : https://www.act.com/images/support/arrowDn.gif


Category: ErrorLog

Priority: 0

EventId: 90000

Severity: Error

Title:Enterprise Library Exception Handling

Machine: WIN-NQJU4DRL0NR

App Domain: /LM/W3SVC/2/ROOT-8-131219709259748772

ProcessId: 8232

Process Name: c:\windows\system32\inetsrv\w3wp.exe

Thread Name: 

Win32 ThreadId:8980

Extended Properties: 
----------------------------------------
