----------------------------------------
Timestamp: 4/21/2016 5:37:07 PM

Message: Shutting down threadpool...


----------------------------------------
----------------------------------------
Timestamp: 4/21/2016 5:37:07 PM

Message: Thread pool 'BackgroundTasksService': Shutdown of thread pool completed. All currently running threads will finish their work and stop.


----------------------------------------
----------------------------------------
Timestamp: 4/21/2016 5:37:07 PM

Message: WorkerThread is shut down


----------------------------------------
----------------------------------------
Timestamp: 4/21/2016 5:37:07 PM

Message: WorkerThread is shut down


----------------------------------------
----------------------------------------
Timestamp: 4/21/2016 5:37:07 PM

Message: WorkerThread is shut down


----------------------------------------
----------------------------------------
Timestamp: 4/21/2016 5:37:07 PM

Message: WorkerThread is shut down


----------------------------------------
----------------------------------------
Timestamp: 4/21/2016 5:37:07 PM

Message: WorkerThread is shut down


----------------------------------------
----------------------------------------
Timestamp: 4/21/2016 5:37:07 PM

Message: Background task scheduler shut down


----------------------------------------
----------------------------------------
Timestamp: 4/21/2016 5:37:07 PM

Message: WorkerThread is shut down


----------------------------------------
----------------------------------------
Timestamp: 4/21/2016 5:37:07 PM

Message: WorkerThread is shut down


----------------------------------------
----------------------------------------
Timestamp: 4/21/2016 5:37:07 PM

Message: WorkerThread is shut down


----------------------------------------
----------------------------------------
Timestamp: 4/21/2016 5:37:09 PM

Message: Shutting down threadpool...


----------------------------------------
----------------------------------------
Timestamp: 4/21/2016 5:37:09 PM

Message: Thread pool 'BackgroundTasksService': Shutdown of thread pool completed. Threads aborted.


----------------------------------------
