----------------------------------------
Timestamp: 3/1/2016 2:44:42 PM

Message: HandlingInstanceID: 62a19c40-5dc6-4304-946b-38bc0892f5bc
An exception of type 'System.Web.HttpException' occurred and was caught.
------------------------------------------------------------------------
03/01/2016 14:44:42
Type : System.Web.HttpException, System.Web, Version=4.0.0.0, Culture=neutral, PublicKeyToken=b03f5f7f11d50a3a
Message : File not found.
Source : Telerik.Sitefinity
Help link : 
WebEventCode : 0
ErrorCode : -2147467259
Data : System.Collections.ListDictionaryInternal
TargetSite : IOutputItem GetOutputItem(System.Web.HttpRequestBase, System.Web.HttpResponseBase, Telerik.Microsoft.Practices.EnterpriseLibrary.Caching.ICacheManager, System.String, Telerik.Sitefinity.Libraries.Model.MediaContent ByRef)
HResult : -2147467259
Stack Trace :    at Telerik.Sitefinity.Modules.Libraries.Web.LibraryHttpHandler.GetOutputItem(HttpRequestBase request, HttpResponseBase response, ICacheManager cache, String key, MediaContent& content)
   at Telerik.Sitefinity.Modules.Libraries.Web.LibraryHttpHandler.ProcessRequest(HttpContextBase context)
   at System.Web.HttpApplication.CallHandlerExecutionStep.System.Web.HttpApplication.IExecutionStep.Execute()
   at System.Web.HttpApplication.ExecuteStep(IExecutionStep step, Boolean& completedSynchronously)

Additional Info:

MachineName : WIN-NQJU4DRL0NR
TimeStamp : 3/1/2016 2:44:42 PM
FullName : Telerik.Sitefinity.Utilities, Version=8.2.5912.0, Culture=neutral, PublicKeyToken=b28c218413bdf563
AppDomainName : /LM/W3SVC/2/ROOT-1-131012456960016264
ThreadIdentity : 
WindowsIdentity : IIS APPPOOL\act_com
Requested URL : http://www.act.com/images/support/expand.gif


Category: ErrorLog

Priority: 0

EventId: 90000

Severity: Error

Title:Enterprise Library Exception Handling

Machine: WIN-NQJU4DRL0NR

App Domain: /LM/W3SVC/2/ROOT-1-131012456960016264

ProcessId: 6680

Process Name: c:\windows\system32\inetsrv\w3wp.exe

Thread Name: 

Win32 ThreadId:5564

Extended Properties: 
----------------------------------------
----------------------------------------
Timestamp: 3/1/2016 2:44:42 PM

Message: HandlingInstanceID: e66532cd-eba1-4663-ba56-ff86e4b38ef6
An exception of type 'System.Web.HttpException' occurred and was caught.
------------------------------------------------------------------------
03/01/2016 14:44:42
Type : System.Web.HttpException, System.Web, Version=4.0.0.0, Culture=neutral, PublicKeyToken=b03f5f7f11d50a3a
Message : File not found.
Source : Telerik.Sitefinity
Help link : 
WebEventCode : 0
ErrorCode : -2147467259
Data : System.Collections.ListDictionaryInternal
TargetSite : IOutputItem GetOutputItem(System.Web.HttpRequestBase, System.Web.HttpResponseBase, Telerik.Microsoft.Practices.EnterpriseLibrary.Caching.ICacheManager, System.String, Telerik.Sitefinity.Libraries.Model.MediaContent ByRef)
HResult : -2147467259
Stack Trace :    at Telerik.Sitefinity.Modules.Libraries.Web.LibraryHttpHandler.GetOutputItem(HttpRequestBase request, HttpResponseBase response, ICacheManager cache, String key, MediaContent& content)
   at Telerik.Sitefinity.Modules.Libraries.Web.LibraryHttpHandler.ProcessRequest(HttpContextBase context)
   at System.Web.HttpApplication.CallHandlerExecutionStep.System.Web.HttpApplication.IExecutionStep.Execute()
   at System.Web.HttpApplication.ExecuteStep(IExecutionStep step, Boolean& completedSynchronously)

Additional Info:

MachineName : WIN-NQJU4DRL0NR
TimeStamp : 3/1/2016 2:44:42 PM
FullName : Telerik.Sitefinity.Utilities, Version=8.2.5912.0, Culture=neutral, PublicKeyToken=b28c218413bdf563
AppDomainName : /LM/W3SVC/2/ROOT-1-131012456960016264
ThreadIdentity : 
WindowsIdentity : IIS APPPOOL\act_com
Requested URL : http://www.act.com/images/support/arrowDn.gif


Category: ErrorLog

Priority: 0

EventId: 90000

Severity: Error

Title:Enterprise Library Exception Handling

Machine: WIN-NQJU4DRL0NR

App Domain: /LM/W3SVC/2/ROOT-1-131012456960016264

ProcessId: 6680

Process Name: c:\windows\system32\inetsrv\w3wp.exe

Thread Name: 

Win32 ThreadId:7620

Extended Properties: 
----------------------------------------
----------------------------------------
Timestamp: 3/1/2016 2:44:42 PM

Message: HandlingInstanceID: 2388bca6-0f0b-431f-88a3-3503153b5d38
An exception of type 'System.Web.HttpException' occurred and was caught.
------------------------------------------------------------------------
03/01/2016 14:44:42
Type : System.Web.HttpException, System.Web, Version=4.0.0.0, Culture=neutral, PublicKeyToken=b03f5f7f11d50a3a
Message : File not found.
Source : Telerik.Sitefinity
Help link : 
WebEventCode : 0
ErrorCode : -2147467259
Data : System.Collections.ListDictionaryInternal
TargetSite : IOutputItem GetOutputItem(System.Web.HttpRequestBase, System.Web.HttpResponseBase, Telerik.Microsoft.Practices.EnterpriseLibrary.Caching.ICacheManager, System.String, Telerik.Sitefinity.Libraries.Model.MediaContent ByRef)
HResult : -2147467259
Stack Trace :    at Telerik.Sitefinity.Modules.Libraries.Web.LibraryHttpHandler.GetOutputItem(HttpRequestBase request, HttpResponseBase response, ICacheManager cache, String key, MediaContent& content)
   at Telerik.Sitefinity.Modules.Libraries.Web.LibraryHttpHandler.ProcessRequest(HttpContextBase context)
   at System.Web.HttpApplication.CallHandlerExecutionStep.System.Web.HttpApplication.IExecutionStep.Execute()
   at System.Web.HttpApplication.ExecuteStep(IExecutionStep step, Boolean& completedSynchronously)

Additional Info:

MachineName : WIN-NQJU4DRL0NR
TimeStamp : 3/1/2016 2:44:42 PM
FullName : Telerik.Sitefinity.Utilities, Version=8.2.5912.0, Culture=neutral, PublicKeyToken=b28c218413bdf563
AppDomainName : /LM/W3SVC/2/ROOT-1-131012456960016264
ThreadIdentity : 
WindowsIdentity : IIS APPPOOL\act_com
Requested URL : http://www.act.com/images/support/arrowUp.gif


Category: ErrorLog

Priority: 0

EventId: 90000

Severity: Error

Title:Enterprise Library Exception Handling

Machine: WIN-NQJU4DRL0NR

App Domain: /LM/W3SVC/2/ROOT-1-131012456960016264

ProcessId: 6680

Process Name: c:\windows\system32\inetsrv\w3wp.exe

Thread Name: 

Win32 ThreadId:5072

Extended Properties: 
----------------------------------------
