----------------------------------------
Timestamp: 11/4/2015 10:39:53 PM

Message: HandlingInstanceID: c24df664-899d-439d-baa9-5015f164c2c5
An exception of type 'System.Web.HttpException' occurred and was caught.
------------------------------------------------------------------------
11/04/2015 15:39:53
Type : System.Web.HttpException, System.Web, Version=4.0.0.0, Culture=neutral, PublicKeyToken=b03f5f7f11d50a3a
Message : File not found
Source : Telerik.Sitefinity
Help link : 
WebEventCode : 0
ErrorCode : -2147467259
Data : System.Collections.ListDictionaryInternal
TargetSite : Void ProcessRequest(System.Web.HttpContext)
HResult : -2147467259
Stack Trace :    at Telerik.Sitefinity.Web.WebsiteTemplatesHttpHandler.ProcessRequest(HttpContext context)
   at System.Web.HttpApplication.CallHandlerExecutionStep.System.Web.HttpApplication.IExecutionStep.Execute()
   at System.Web.HttpApplication.ExecuteStep(IExecutionStep step, Boolean& completedSynchronously)

Additional Info:

MachineName : DEN-100001176
TimeStamp : 11/4/2015 10:39:53 PM
FullName : Telerik.Sitefinity.Utilities, Version=8.0.5700.0, Culture=neutral, PublicKeyToken=b28c218413bdf563
AppDomainName : /LM/W3SVC/2/ROOT-2-130911363236200472
ThreadIdentity : admin
WindowsIdentity : SWIFTPAGE\Jeremy.Kron
Requested URL : http://localhost:60876/Sitefinity/WebsiteTemplates/Base/App_Theme/img/gir12.png


Category: ErrorLog

Priority: 0

EventId: 90000

Severity: Error

Title:Enterprise Library Exception Handling

Machine: DEN-100001176

App Domain: /LM/W3SVC/2/ROOT-2-130911363236200472

ProcessId: 7004

Process Name: C:\Program Files (x86)\IIS Express\iisexpress.exe

Thread Name: 

Win32 ThreadId:12944

Extended Properties: 
----------------------------------------
----------------------------------------
Timestamp: 11/4/2015 11:55:24 PM

Message: HandlingInstanceID: 694114a9-66ad-4598-aa0f-351dfe83e2fb
An exception of type 'System.Web.HttpException' occurred and was caught.
------------------------------------------------------------------------
11/04/2015 23:55:24
Type : System.Web.HttpException, System.Web, Version=4.0.0.0, Culture=neutral, PublicKeyToken=b03f5f7f11d50a3a
Message : File not found
Source : Telerik.Sitefinity
Help link : 
WebEventCode : 0
ErrorCode : -2147467259
Data : System.Collections.ListDictionaryInternal
TargetSite : Void ProcessRequest(System.Web.HttpContext)
HResult : -2147467259
Stack Trace :    at Telerik.Sitefinity.Web.WebsiteTemplatesHttpHandler.ProcessRequest(HttpContext context)
   at System.Web.HttpApplication.CallHandlerExecutionStep.System.Web.HttpApplication.IExecutionStep.Execute()
   at System.Web.HttpApplication.ExecuteStep(IExecutionStep step, Boolean& completedSynchronously)

Additional Info:

MachineName : WIN-NQJU4DRL0NR
TimeStamp : 11/4/2015 11:55:24 PM
FullName : Telerik.Sitefinity.Utilities, Version=8.0.5700.0, Culture=neutral, PublicKeyToken=b28c218413bdf563
AppDomainName : /LM/W3SVC/2/ROOT-1-130911548995339972
ThreadIdentity : 
WindowsIdentity : IIS APPPOOL\act_com
Requested URL : http://stagecms.act.com/Sitefinity/WebsiteTemplates/Base/App_Theme/img/guy2hov.jpg


Category: ErrorLog

Priority: 0

EventId: 90000

Severity: Error

Title:Enterprise Library Exception Handling

Machine: WIN-NQJU4DRL0NR

App Domain: /LM/W3SVC/2/ROOT-1-130911548995339972

ProcessId: 9184

Process Name: c:\windows\system32\inetsrv\w3wp.exe

Thread Name: 

Win32 ThreadId:10496

Extended Properties: 
----------------------------------------
----------------------------------------
Timestamp: 11/4/2015 11:55:24 PM

Message: HandlingInstanceID: 23b34e7e-1d52-4d5c-9b4b-2bd2189ccc58
An exception of type 'System.Web.HttpException' occurred and was caught.
------------------------------------------------------------------------
11/04/2015 23:55:24
Type : System.Web.HttpException, System.Web, Version=4.0.0.0, Culture=neutral, PublicKeyToken=b03f5f7f11d50a3a
Message : File not found
Source : Telerik.Sitefinity
Help link : 
WebEventCode : 0
ErrorCode : -2147467259
Data : System.Collections.ListDictionaryInternal
TargetSite : Void ProcessRequest(System.Web.HttpContext)
HResult : -2147467259
Stack Trace :    at Telerik.Sitefinity.Web.WebsiteTemplatesHttpHandler.ProcessRequest(HttpContext context)
   at System.Web.HttpApplication.CallHandlerExecutionStep.System.Web.HttpApplication.IExecutionStep.Execute()
   at System.Web.HttpApplication.ExecuteStep(IExecutionStep step, Boolean& completedSynchronously)

Additional Info:

MachineName : WIN-NQJU4DRL0NR
TimeStamp : 11/4/2015 11:55:24 PM
FullName : Telerik.Sitefinity.Utilities, Version=8.0.5700.0, Culture=neutral, PublicKeyToken=b28c218413bdf563
AppDomainName : /LM/W3SVC/2/ROOT-1-130911548995339972
ThreadIdentity : 
WindowsIdentity : IIS APPPOOL\act_com
Requested URL : http://stagecms.act.com/Sitefinity/WebsiteTemplates/Base/App_Theme/img/guy1hov.jpg


Category: ErrorLog

Priority: 0

EventId: 90000

Severity: Error

Title:Enterprise Library Exception Handling

Machine: WIN-NQJU4DRL0NR

App Domain: /LM/W3SVC/2/ROOT-1-130911548995339972

ProcessId: 9184

Process Name: c:\windows\system32\inetsrv\w3wp.exe

Thread Name: 

Win32 ThreadId:9252

Extended Properties: 
----------------------------------------
----------------------------------------
Timestamp: 11/4/2015 11:55:24 PM

Message: HandlingInstanceID: 04d582ff-9356-42f7-ba38-3dd4f5ab1d40
An exception of type 'System.Web.HttpException' occurred and was caught.
------------------------------------------------------------------------
11/04/2015 23:55:24
Type : System.Web.HttpException, System.Web, Version=4.0.0.0, Culture=neutral, PublicKeyToken=b03f5f7f11d50a3a
Message : File not found
Source : Telerik.Sitefinity
Help link : 
WebEventCode : 0
ErrorCode : -2147467259
Data : System.Collections.ListDictionaryInternal
TargetSite : Void ProcessRequest(System.Web.HttpContext)
HResult : -2147467259
Stack Trace :    at Telerik.Sitefinity.Web.WebsiteTemplatesHttpHandler.ProcessRequest(HttpContext context)
   at System.Web.HttpApplication.CallHandlerExecutionStep.System.Web.HttpApplication.IExecutionStep.Execute()
   at System.Web.HttpApplication.ExecuteStep(IExecutionStep step, Boolean& completedSynchronously)

Additional Info:

MachineName : WIN-NQJU4DRL0NR
TimeStamp : 11/4/2015 11:55:24 PM
FullName : Telerik.Sitefinity.Utilities, Version=8.0.5700.0, Culture=neutral, PublicKeyToken=b28c218413bdf563
AppDomainName : /LM/W3SVC/2/ROOT-1-130911548995339972
ThreadIdentity : 
WindowsIdentity : IIS APPPOOL\act_com
Requested URL : http://stagecms.act.com/Sitefinity/WebsiteTemplates/Base/App_Theme/img/girl2hov.jpg


Category: ErrorLog

Priority: 0

EventId: 90000

Severity: Error

Title:Enterprise Library Exception Handling

Machine: WIN-NQJU4DRL0NR

App Domain: /LM/W3SVC/2/ROOT-1-130911548995339972

ProcessId: 9184

Process Name: c:\windows\system32\inetsrv\w3wp.exe

Thread Name: 

Win32 ThreadId:11168

Extended Properties: 
----------------------------------------
----------------------------------------
Timestamp: 11/4/2015 11:55:24 PM

Message: HandlingInstanceID: 7f876246-56e5-43bb-abf5-f2bb1ba845bb
An exception of type 'System.Web.HttpException' occurred and was caught.
------------------------------------------------------------------------
11/04/2015 23:55:24
Type : System.Web.HttpException, System.Web, Version=4.0.0.0, Culture=neutral, PublicKeyToken=b03f5f7f11d50a3a
Message : File not found
Source : Telerik.Sitefinity
Help link : 
WebEventCode : 0
ErrorCode : -2147467259
Data : System.Collections.ListDictionaryInternal
TargetSite : Void ProcessRequest(System.Web.HttpContext)
HResult : -2147467259
Stack Trace :    at Telerik.Sitefinity.Web.WebsiteTemplatesHttpHandler.ProcessRequest(HttpContext context)
   at System.Web.HttpApplication.CallHandlerExecutionStep.System.Web.HttpApplication.IExecutionStep.Execute()
   at System.Web.HttpApplication.ExecuteStep(IExecutionStep step, Boolean& completedSynchronously)

Additional Info:

MachineName : WIN-NQJU4DRL0NR
TimeStamp : 11/4/2015 11:55:24 PM
FullName : Telerik.Sitefinity.Utilities, Version=8.0.5700.0, Culture=neutral, PublicKeyToken=b28c218413bdf563
AppDomainName : /LM/W3SVC/2/ROOT-1-130911548995339972
ThreadIdentity : 
WindowsIdentity : IIS APPPOOL\act_com
Requested URL : http://stagecms.act.com/Sitefinity/WebsiteTemplates/Base/App_Theme/img/girl1hov.jpg


Category: ErrorLog

Priority: 0

EventId: 90000

Severity: Error

Title:Enterprise Library Exception Handling

Machine: WIN-NQJU4DRL0NR

App Domain: /LM/W3SVC/2/ROOT-1-130911548995339972

ProcessId: 9184

Process Name: c:\windows\system32\inetsrv\w3wp.exe

Thread Name: 

Win32 ThreadId:9000

Extended Properties: 
----------------------------------------
----------------------------------------
Timestamp: 11/4/2015 11:55:24 PM

Message: HandlingInstanceID: 2cd81622-7c09-4043-b519-cab90d786267
An exception of type 'System.Web.HttpException' occurred and was caught.
------------------------------------------------------------------------
11/04/2015 23:55:24
Type : System.Web.HttpException, System.Web, Version=4.0.0.0, Culture=neutral, PublicKeyToken=b03f5f7f11d50a3a
Message : File not found
Source : Telerik.Sitefinity
Help link : 
WebEventCode : 0
ErrorCode : -2147467259
Data : System.Collections.ListDictionaryInternal
TargetSite : Void ProcessRequest(System.Web.HttpContext)
HResult : -2147467259
Stack Trace :    at Telerik.Sitefinity.Web.WebsiteTemplatesHttpHandler.ProcessRequest(HttpContext context)
   at System.Web.HttpApplication.CallHandlerExecutionStep.System.Web.HttpApplication.IExecutionStep.Execute()
   at System.Web.HttpApplication.ExecuteStep(IExecutionStep step, Boolean& completedSynchronously)

Additional Info:

MachineName : WIN-NQJU4DRL0NR
TimeStamp : 11/4/2015 11:55:24 PM
FullName : Telerik.Sitefinity.Utilities, Version=8.0.5700.0, Culture=neutral, PublicKeyToken=b28c218413bdf563
AppDomainName : /LM/W3SVC/2/ROOT-1-130911548995339972
ThreadIdentity : 
WindowsIdentity : IIS APPPOOL\act_com
Requested URL : http://stagecms.act.com/Sitefinity/WebsiteTemplates/Base/App_Theme/img/guy3hov.jpg


Category: ErrorLog

Priority: 0

EventId: 90000

Severity: Error

Title:Enterprise Library Exception Handling

Machine: WIN-NQJU4DRL0NR

App Domain: /LM/W3SVC/2/ROOT-1-130911548995339972

ProcessId: 9184

Process Name: c:\windows\system32\inetsrv\w3wp.exe

Thread Name: 

Win32 ThreadId:5872

Extended Properties: 
----------------------------------------
