----------------------------------------
Timestamp: 5/9/2016 4:26:36 PM

Message: Error while executing the Task: Value cannot be null.
Parameter name: input, StackTrace:    at System.Guid.Parse(String input)
   at Telerik.Sitefinity.Services.Statistics.ReconcilerTask.ReconcileUserData()
   at Telerik.Sitefinity.Services.SystemManager.RunWithElevatedPrivilege(RunWithElevatedPrivilegeDelegate delegateToRun, Object[] parameters, String urlRequest)
   at Telerik.Sitefinity.Services.Statistics.ReconcilerTask.Run(IBackgroundTaskContext context)
   at Telerik.Sitefinity.BackgroundTasks.WorkerThread.Run(IBackgroundTaskContext context)


----------------------------------------
----------------------------------------
Timestamp: 5/9/2016 4:26:53 PM

Message: Error while executing the Task: Value cannot be null.
Parameter name: input, StackTrace:    at System.Guid.Parse(String input)
   at Telerik.Sitefinity.Services.Statistics.ReconcilerTask.ReconcileUserData()
   at Telerik.Sitefinity.Services.SystemManager.RunWithElevatedPrivilege(RunWithElevatedPrivilegeDelegate delegateToRun, Object[] parameters, String urlRequest)
   at Telerik.Sitefinity.Services.Statistics.ReconcilerTask.Run(IBackgroundTaskContext context)
   at Telerik.Sitefinity.BackgroundTasks.WorkerThread.Run(IBackgroundTaskContext context)


----------------------------------------
----------------------------------------
Timestamp: 5/10/2016 8:34:08 AM

Message: Error while executing the Task: Value cannot be null.
Parameter name: input, StackTrace:    at System.Guid.Parse(String input)
   at Telerik.Sitefinity.Services.Statistics.ReconcilerTask.ReconcileUserData()
   at Telerik.Sitefinity.Services.SystemManager.RunWithElevatedPrivilege(RunWithElevatedPrivilegeDelegate delegateToRun, Object[] parameters, String urlRequest)
   at Telerik.Sitefinity.Services.Statistics.ReconcilerTask.Run(IBackgroundTaskContext context)
   at Telerik.Sitefinity.BackgroundTasks.WorkerThread.Run(IBackgroundTaskContext context)


----------------------------------------
----------------------------------------
Timestamp: 5/10/2016 2:15:53 PM

Message: Shutting down threadpool...


----------------------------------------
----------------------------------------
Timestamp: 5/10/2016 2:15:53 PM

Message: Thread pool 'BackgroundTasksService': Shutdown of thread pool completed. All currently running threads will finish their work and stop.


----------------------------------------
----------------------------------------
Timestamp: 5/10/2016 2:15:53 PM

Message: WorkerThread is shut down


----------------------------------------
----------------------------------------
Timestamp: 5/10/2016 2:15:53 PM

Message: Background task scheduler shut down


----------------------------------------
----------------------------------------
Timestamp: 5/10/2016 2:15:53 PM

Message: WorkerThread is shut down


----------------------------------------
----------------------------------------
Timestamp: 5/10/2016 2:15:53 PM

Message: WorkerThread is shut down


----------------------------------------
----------------------------------------
Timestamp: 5/10/2016 2:15:53 PM

Message: WorkerThread is shut down


----------------------------------------
----------------------------------------
Timestamp: 5/10/2016 2:15:53 PM

Message: WorkerThread is shut down


----------------------------------------
----------------------------------------
Timestamp: 5/10/2016 2:15:53 PM

Message: WorkerThread is shut down


----------------------------------------
----------------------------------------
Timestamp: 5/10/2016 2:15:53 PM

Message: WorkerThread is shut down


----------------------------------------
----------------------------------------
Timestamp: 5/10/2016 2:15:53 PM

Message: WorkerThread is shut down


----------------------------------------
----------------------------------------
Timestamp: 5/10/2016 2:16:23 PM

Message: Shutting down threadpool...


----------------------------------------
----------------------------------------
Timestamp: 5/10/2016 2:16:23 PM

Message: Thread pool 'BackgroundTasksService': Shutdown of thread pool completed. Threads aborted.


----------------------------------------
