----------------------------------------
Timestamp: 1/10/2017 8:38:24 AM

Message: Shutting down threadpool...


----------------------------------------
----------------------------------------
Timestamp: 1/10/2017 8:38:24 AM

Message: Thread pool 'BackgroundTasksService': Shutdown of thread pool completed. All currently running threads will finish their work and stop.


----------------------------------------
----------------------------------------
Timestamp: 1/10/2017 8:38:24 AM

Message: WorkerThread is shut down


----------------------------------------
----------------------------------------
Timestamp: 1/10/2017 8:38:24 AM

Message: WorkerThread is shut down


----------------------------------------
----------------------------------------
Timestamp: 1/10/2017 8:38:24 AM

Message: WorkerThread is shut down


----------------------------------------
----------------------------------------
Timestamp: 1/10/2017 8:38:24 AM

Message: WorkerThread is shut down


----------------------------------------
----------------------------------------
Timestamp: 1/10/2017 8:38:24 AM

Message: WorkerThread is shut down


----------------------------------------
----------------------------------------
Timestamp: 1/10/2017 8:38:24 AM

Message: WorkerThread is shut down


----------------------------------------
----------------------------------------
Timestamp: 1/10/2017 8:38:24 AM

Message: Background task scheduler shut down


----------------------------------------
----------------------------------------
Timestamp: 1/10/2017 8:38:24 AM

Message: WorkerThread is shut down


----------------------------------------
----------------------------------------
Timestamp: 1/10/2017 8:38:24 AM

Message: WorkerThread is shut down


----------------------------------------
----------------------------------------
Timestamp: 1/10/2017 8:38:54 AM

Message: Shutting down threadpool...


----------------------------------------
----------------------------------------
Timestamp: 1/10/2017 8:38:54 AM

Message: Thread pool 'BackgroundTasksService': Shutdown of thread pool completed. Threads aborted.


----------------------------------------
----------------------------------------
Timestamp: 1/10/2017 9:27:17 AM

Message: Error while executing the Task: Value cannot be null.
Parameter name: input, StackTrace:    at System.Guid.Parse(String input)
   at Telerik.Sitefinity.Services.Statistics.ReconcilerTask.ReconcileUserData()
   at Telerik.Sitefinity.Services.SystemManager.RunWithElevatedPrivilege(RunWithElevatedPrivilegeDelegate delegateToRun, Object[] parameters, String urlRequest)
   at Telerik.Sitefinity.Services.Statistics.ReconcilerTask.Run(IBackgroundTaskContext context)
   at Telerik.Sitefinity.BackgroundTasks.WorkerThread.Run(IBackgroundTaskContext context)


----------------------------------------
----------------------------------------
Timestamp: 1/10/2017 9:11:42 PM

Message: Error while executing the Task: Value cannot be null.
Parameter name: input, StackTrace:    at System.Guid.Parse(String input)
   at Telerik.Sitefinity.Services.Statistics.ReconcilerTask.ReconcileUserData()
   at Telerik.Sitefinity.Services.SystemManager.RunWithElevatedPrivilege(RunWithElevatedPrivilegeDelegate delegateToRun, Object[] parameters, String urlRequest)
   at Telerik.Sitefinity.Services.Statistics.ReconcilerTask.Run(IBackgroundTaskContext context)
   at Telerik.Sitefinity.BackgroundTasks.WorkerThread.Run(IBackgroundTaskContext context)


----------------------------------------
----------------------------------------
Timestamp: 1/11/2017 3:34:15 AM

Message: Shutting down threadpool...


----------------------------------------
----------------------------------------
Timestamp: 1/11/2017 3:34:15 AM

Message: Background task scheduler shut down


----------------------------------------
----------------------------------------
Timestamp: 1/11/2017 3:34:15 AM

Message: Thread pool 'BackgroundTasksService': Shutdown of thread pool completed. All currently running threads will finish their work and stop.


----------------------------------------
----------------------------------------
Timestamp: 1/11/2017 3:34:15 AM

Message: WorkerThread is shut down


----------------------------------------
----------------------------------------
Timestamp: 1/11/2017 3:34:15 AM

Message: WorkerThread is shut down


----------------------------------------
----------------------------------------
Timestamp: 1/11/2017 3:34:15 AM

Message: WorkerThread is shut down


----------------------------------------
----------------------------------------
Timestamp: 1/11/2017 3:34:15 AM

Message: WorkerThread is shut down


----------------------------------------
----------------------------------------
Timestamp: 1/11/2017 3:34:15 AM

Message: WorkerThread is shut down


----------------------------------------
----------------------------------------
Timestamp: 1/11/2017 3:34:15 AM

Message: WorkerThread is shut down


----------------------------------------
----------------------------------------
Timestamp: 1/11/2017 3:34:15 AM

Message: WorkerThread is shut down


----------------------------------------
----------------------------------------
Timestamp: 1/11/2017 3:34:15 AM

Message: WorkerThread is shut down


----------------------------------------
----------------------------------------
Timestamp: 1/11/2017 3:34:45 AM

Message: Shutting down threadpool...


----------------------------------------
----------------------------------------
Timestamp: 1/11/2017 3:34:45 AM

Message: Thread pool 'BackgroundTasksService': Shutdown of thread pool completed. Threads aborted.


----------------------------------------
