----------------------------------------
Timestamp: 6/4/2016 11:15:57 PM

Message: Shutting down threadpool...


----------------------------------------
----------------------------------------
Timestamp: 6/4/2016 11:15:57 PM

Message: Thread pool 'BackgroundTasksService': Shutdown of thread pool completed. All currently running threads will finish their work and stop.


----------------------------------------
----------------------------------------
Timestamp: 6/4/2016 11:15:57 PM

Message: WorkerThread is shut down


----------------------------------------
----------------------------------------
Timestamp: 6/4/2016 11:15:57 PM

Message: WorkerThread is shut down


----------------------------------------
----------------------------------------
Timestamp: 6/4/2016 11:15:57 PM

Message: WorkerThread is shut down


----------------------------------------
----------------------------------------
Timestamp: 6/4/2016 11:15:57 PM

Message: WorkerThread is shut down


----------------------------------------
----------------------------------------
Timestamp: 6/4/2016 11:15:57 PM

Message: WorkerThread is shut down


----------------------------------------
----------------------------------------
Timestamp: 6/4/2016 11:15:57 PM

Message: WorkerThread is shut down


----------------------------------------
----------------------------------------
Timestamp: 6/4/2016 11:15:57 PM

Message: WorkerThread is shut down


----------------------------------------
----------------------------------------
Timestamp: 6/4/2016 11:15:57 PM

Message: WorkerThread is shut down


----------------------------------------
----------------------------------------
Timestamp: 6/4/2016 11:15:57 PM

Message: Background task scheduler shut down


----------------------------------------
----------------------------------------
Timestamp: 6/4/2016 11:16:27 PM

Message: Shutting down threadpool...


----------------------------------------
----------------------------------------
Timestamp: 6/4/2016 11:16:27 PM

Message: Thread pool 'BackgroundTasksService': Shutdown of thread pool completed. Threads aborted.


----------------------------------------
