----------------------------------------
Timestamp: 7/17/2016 6:16:07 AM

Message: Shutting down threadpool...


----------------------------------------
----------------------------------------
Timestamp: 7/17/2016 6:16:07 AM

Message: Thread pool 'BackgroundTasksService': Shutdown of thread pool completed. All currently running threads will finish their work and stop.


----------------------------------------
----------------------------------------
Timestamp: 7/17/2016 6:16:08 AM

Message: WorkerThread is shut down


----------------------------------------
----------------------------------------
Timestamp: 7/17/2016 6:16:08 AM

Message: Background task scheduler shut down


----------------------------------------
----------------------------------------
Timestamp: 7/17/2016 6:16:08 AM

Message: WorkerThread is shut down


----------------------------------------
----------------------------------------
Timestamp: 7/17/2016 6:16:08 AM

Message: WorkerThread is shut down


----------------------------------------
----------------------------------------
Timestamp: 7/17/2016 6:16:08 AM

Message: WorkerThread is shut down


----------------------------------------
----------------------------------------
Timestamp: 7/17/2016 6:16:08 AM

Message: WorkerThread is shut down


----------------------------------------
----------------------------------------
Timestamp: 7/17/2016 6:16:08 AM

Message: WorkerThread is shut down


----------------------------------------
----------------------------------------
Timestamp: 7/17/2016 6:16:08 AM

Message: WorkerThread is shut down


----------------------------------------
----------------------------------------
Timestamp: 7/17/2016 6:16:08 AM

Message: WorkerThread is shut down


----------------------------------------
----------------------------------------
Timestamp: 7/17/2016 6:16:38 AM

Message: Shutting down threadpool...


----------------------------------------
----------------------------------------
Timestamp: 7/17/2016 6:16:38 AM

Message: Thread pool 'BackgroundTasksService': Shutdown of thread pool completed. Threads aborted.


----------------------------------------
