----------------------------------------
Timestamp: 12/8/2015 9:12:16 PM

Message: Shutting down threadpool...


----------------------------------------
----------------------------------------
Timestamp: 12/8/2015 9:12:16 PM

Message: Thread pool 'BackgroundTasksService': Shutdown of thread pool completed. All currently running threads will finish their work and stop.


----------------------------------------
----------------------------------------
Timestamp: 12/8/2015 9:12:16 PM

Message: WorkerThread is shut down


----------------------------------------
----------------------------------------
Timestamp: 12/8/2015 9:12:16 PM

Message: WorkerThread is shut down


----------------------------------------
----------------------------------------
Timestamp: 12/8/2015 9:12:16 PM

Message: Background task scheduler shut down


----------------------------------------
----------------------------------------
Timestamp: 12/8/2015 9:12:16 PM

Message: WorkerThread is shut down


----------------------------------------
----------------------------------------
Timestamp: 12/8/2015 9:12:17 PM

Message: WorkerThread is shut down


----------------------------------------
----------------------------------------
Timestamp: 12/8/2015 9:12:46 PM

Message: Shutting down threadpool...


----------------------------------------
----------------------------------------
Timestamp: 12/8/2015 9:12:46 PM

Message: Thread pool 'BackgroundTasksService': Shutdown of thread pool completed. Threads aborted.


----------------------------------------
----------------------------------------
Timestamp: 12/8/2015 10:52:20 PM

Message: Error while executing the Task: Value cannot be null.
Parameter name: input, StackTrace:    at System.Guid.Parse(String input)
   at Telerik.Sitefinity.Services.Statistics.ReconcilerTask.ReconcileUserData()
   at Telerik.Sitefinity.Services.SystemManager.RunWithElevatedPrivilege(RunWithElevatedPrivilegeDelegate delegateToRun, Object[] parameters, String urlRequest)
   at Telerik.Sitefinity.Services.Statistics.ReconcilerTask.Run(IBackgroundTaskContext context)
   at Telerik.Sitefinity.BackgroundTasks.WorkerThread.Run(IBackgroundTaskContext context)


----------------------------------------
