----------------------------------------
Timestamp: 3/31/2016 6:17:20 PM

Message: Background task scheduler shut down


----------------------------------------
----------------------------------------
Timestamp: 3/31/2016 6:17:20 PM

Message: Shutting down threadpool...


----------------------------------------
----------------------------------------
Timestamp: 3/31/2016 6:17:20 PM

Message: Thread pool 'BackgroundTasksService': Shutdown of thread pool completed. All currently running threads will finish their work and stop.


----------------------------------------
----------------------------------------
Timestamp: 3/31/2016 6:17:20 PM

Message: WorkerThread is shut down


----------------------------------------
----------------------------------------
Timestamp: 3/31/2016 6:17:20 PM

Message: WorkerThread is shut down


----------------------------------------
----------------------------------------
Timestamp: 3/31/2016 6:17:20 PM

Message: WorkerThread is shut down


----------------------------------------
----------------------------------------
Timestamp: 3/31/2016 6:17:20 PM

Message: WorkerThread is shut down


----------------------------------------
----------------------------------------
Timestamp: 3/31/2016 6:17:20 PM

Message: WorkerThread is shut down


----------------------------------------
----------------------------------------
Timestamp: 3/31/2016 6:17:20 PM

Message: WorkerThread is shut down


----------------------------------------
----------------------------------------
Timestamp: 3/31/2016 6:17:20 PM

Message: WorkerThread is shut down


----------------------------------------
----------------------------------------
Timestamp: 3/31/2016 6:17:20 PM

Message: WorkerThread is shut down


----------------------------------------
----------------------------------------
Timestamp: 3/31/2016 6:17:50 PM

Message: Shutting down threadpool...


----------------------------------------
----------------------------------------
Timestamp: 3/31/2016 6:17:50 PM

Message: Thread pool 'BackgroundTasksService': Shutdown of thread pool completed. Threads aborted.


----------------------------------------
----------------------------------------
Timestamp: 4/1/2016 2:38:00 AM

Message: Shutting down threadpool...


----------------------------------------
----------------------------------------
Timestamp: 4/1/2016 2:38:00 AM

Message: Thread pool 'BackgroundTasksService': Shutdown of thread pool completed. All currently running threads will finish their work and stop.


----------------------------------------
----------------------------------------
Timestamp: 4/1/2016 2:38:00 AM

Message: WorkerThread is shut down


----------------------------------------
----------------------------------------
Timestamp: 4/1/2016 2:38:00 AM

Message: WorkerThread is shut down


----------------------------------------
----------------------------------------
Timestamp: 4/1/2016 2:38:00 AM

Message: WorkerThread is shut down


----------------------------------------
----------------------------------------
Timestamp: 4/1/2016 2:38:00 AM

Message: Background task scheduler shut down


----------------------------------------
----------------------------------------
Timestamp: 4/1/2016 2:38:00 AM

Message: WorkerThread is shut down


----------------------------------------
----------------------------------------
Timestamp: 4/1/2016 2:38:00 AM

Message: WorkerThread is shut down


----------------------------------------
----------------------------------------
Timestamp: 4/1/2016 2:38:00 AM

Message: WorkerThread is shut down


----------------------------------------
----------------------------------------
Timestamp: 4/1/2016 2:38:00 AM

Message: WorkerThread is shut down


----------------------------------------
----------------------------------------
Timestamp: 4/1/2016 2:38:00 AM

Message: WorkerThread is shut down


----------------------------------------
----------------------------------------
Timestamp: 4/1/2016 2:38:30 AM

Message: Shutting down threadpool...


----------------------------------------
----------------------------------------
Timestamp: 4/1/2016 2:38:30 AM

Message: Thread pool 'BackgroundTasksService': Shutdown of thread pool completed. Threads aborted.


----------------------------------------
