----------------------------------------
Timestamp: 9/19/2016 3:04:00 AM

Message: Shutting down threadpool...


----------------------------------------
----------------------------------------
Timestamp: 9/19/2016 3:04:00 AM

Message: Thread pool 'BackgroundTasksService': Shutdown of thread pool completed. All currently running threads will finish their work and stop.


----------------------------------------
----------------------------------------
Timestamp: 9/19/2016 3:04:01 AM

Message: WorkerThread is shut down


----------------------------------------
----------------------------------------
Timestamp: 9/19/2016 3:04:01 AM

Message: WorkerThread is shut down


----------------------------------------
----------------------------------------
Timestamp: 9/19/2016 3:04:01 AM

Message: Background task scheduler shut down


----------------------------------------
----------------------------------------
Timestamp: 9/19/2016 3:04:01 AM

Message: WorkerThread is shut down


----------------------------------------
----------------------------------------
Timestamp: 9/19/2016 3:04:01 AM

Message: WorkerThread is shut down


----------------------------------------
----------------------------------------
Timestamp: 9/19/2016 3:04:01 AM

Message: WorkerThread is shut down


----------------------------------------
----------------------------------------
Timestamp: 9/19/2016 3:04:01 AM

Message: WorkerThread is shut down


----------------------------------------
----------------------------------------
Timestamp: 9/19/2016 3:04:01 AM

Message: WorkerThread is shut down


----------------------------------------
----------------------------------------
Timestamp: 9/19/2016 3:04:01 AM

Message: WorkerThread is shut down


----------------------------------------
----------------------------------------
Timestamp: 9/19/2016 3:04:30 AM

Message: Shutting down threadpool...


----------------------------------------
----------------------------------------
Timestamp: 9/19/2016 3:04:30 AM

Message: Thread pool 'BackgroundTasksService': Shutdown of thread pool completed. Threads aborted.


----------------------------------------
