----------------------------------------
Timestamp: 11/26/2015 12:40:19 AM

Message: Shutting down threadpool...


----------------------------------------
----------------------------------------
Timestamp: 11/26/2015 12:40:19 AM

Message: Thread pool 'BackgroundTasksService': Shutdown of thread pool completed. All currently running threads will finish their work and stop.


----------------------------------------
----------------------------------------
Timestamp: 11/26/2015 12:40:19 AM

Message: WorkerThread is shut down


----------------------------------------
----------------------------------------
Timestamp: 11/26/2015 12:40:19 AM

Message: WorkerThread is shut down


----------------------------------------
----------------------------------------
Timestamp: 11/26/2015 12:40:19 AM

Message: WorkerThread is shut down


----------------------------------------
----------------------------------------
Timestamp: 11/26/2015 12:40:19 AM

Message: WorkerThread is shut down


----------------------------------------
----------------------------------------
Timestamp: 11/26/2015 12:40:19 AM

Message: WorkerThread is shut down


----------------------------------------
----------------------------------------
Timestamp: 11/26/2015 12:40:19 AM

Message: WorkerThread is shut down


----------------------------------------
----------------------------------------
Timestamp: 11/26/2015 12:40:19 AM

Message: Background task scheduler shut down


----------------------------------------
----------------------------------------
Timestamp: 11/26/2015 12:40:19 AM

Message: WorkerThread is shut down


----------------------------------------
----------------------------------------
Timestamp: 11/26/2015 12:40:19 AM

Message: WorkerThread is shut down


----------------------------------------
----------------------------------------
Timestamp: 11/26/2015 12:40:49 AM

Message: Shutting down threadpool...


----------------------------------------
----------------------------------------
Timestamp: 11/26/2015 12:40:49 AM

Message: Thread pool 'BackgroundTasksService': Shutdown of thread pool completed. Threads aborted.


----------------------------------------
