----------------------------------------
Timestamp: 1/26/2016 6:58:15 PM

Message: Shutting down threadpool...


----------------------------------------
----------------------------------------
Timestamp: 1/26/2016 6:58:15 PM

Message: Thread pool 'BackgroundTasksService': Shutdown of thread pool completed. All currently running threads will finish their work and stop.


----------------------------------------
----------------------------------------
Timestamp: 1/26/2016 6:58:15 PM

Message: Background task scheduler shut down


----------------------------------------
----------------------------------------
Timestamp: 1/26/2016 6:58:15 PM

Message: WorkerThread is shut down


----------------------------------------
----------------------------------------
Timestamp: 1/26/2016 6:58:15 PM

Message: WorkerThread is shut down


----------------------------------------
----------------------------------------
Timestamp: 1/26/2016 6:58:15 PM

Message: WorkerThread is shut down


----------------------------------------
----------------------------------------
Timestamp: 1/26/2016 6:58:15 PM

Message: WorkerThread is shut down


----------------------------------------
----------------------------------------
Timestamp: 1/26/2016 6:58:45 PM

Message: Shutting down threadpool...


----------------------------------------
----------------------------------------
Timestamp: 1/26/2016 6:58:45 PM

Message: Thread pool 'BackgroundTasksService': Shutdown of thread pool completed. Threads aborted.


----------------------------------------
----------------------------------------
Timestamp: 1/28/2016 3:47:48 PM

Message: Error while executing the Task: Value cannot be null.
Parameter name: input, StackTrace:    at System.Guid.Parse(String input)
   at Telerik.Sitefinity.Services.Statistics.ReconcilerTask.ReconcileUserData()
   at Telerik.Sitefinity.Services.SystemManager.RunWithElevatedPrivilege(RunWithElevatedPrivilegeDelegate delegateToRun, Object[] parameters, String urlRequest)
   at Telerik.Sitefinity.Services.Statistics.ReconcilerTask.Run(IBackgroundTaskContext context)
   at Telerik.Sitefinity.BackgroundTasks.WorkerThread.Run(IBackgroundTaskContext context)


----------------------------------------
----------------------------------------
Timestamp: 1/28/2016 5:52:36 PM

Message: Error while executing the Task: Value cannot be null.
Parameter name: input, StackTrace:    at System.Guid.Parse(String input)
   at Telerik.Sitefinity.Services.Statistics.ReconcilerTask.ReconcileUserData()
   at Telerik.Sitefinity.Services.SystemManager.RunWithElevatedPrivilege(RunWithElevatedPrivilegeDelegate delegateToRun, Object[] parameters, String urlRequest)
   at Telerik.Sitefinity.Services.Statistics.ReconcilerTask.Run(IBackgroundTaskContext context)
   at Telerik.Sitefinity.BackgroundTasks.WorkerThread.Run(IBackgroundTaskContext context)


----------------------------------------
----------------------------------------
Timestamp: 1/28/2016 8:35:15 PM

Message: Shutting down threadpool...


----------------------------------------
----------------------------------------
Timestamp: 1/28/2016 8:35:15 PM

Message: Thread pool 'BackgroundTasksService': Shutdown of thread pool completed. All currently running threads will finish their work and stop.


----------------------------------------
----------------------------------------
Timestamp: 1/28/2016 8:35:16 PM

Message: WorkerThread is shut down


----------------------------------------
----------------------------------------
Timestamp: 1/28/2016 8:35:16 PM

Message: WorkerThread is shut down


----------------------------------------
----------------------------------------
Timestamp: 1/28/2016 8:35:16 PM

Message: WorkerThread is shut down


----------------------------------------
----------------------------------------
Timestamp: 1/28/2016 8:35:16 PM

Message: WorkerThread is shut down


----------------------------------------
----------------------------------------
Timestamp: 1/28/2016 8:35:16 PM

Message: Background task scheduler shut down


----------------------------------------
----------------------------------------
Timestamp: 1/28/2016 8:35:16 PM

Message: WorkerThread is shut down


----------------------------------------
----------------------------------------
Timestamp: 1/28/2016 8:35:16 PM

Message: WorkerThread is shut down


----------------------------------------
----------------------------------------
Timestamp: 1/28/2016 8:35:16 PM

Message: WorkerThread is shut down


----------------------------------------
----------------------------------------
Timestamp: 1/28/2016 8:35:16 PM

Message: WorkerThread is shut down


----------------------------------------
----------------------------------------
Timestamp: 1/28/2016 8:35:46 PM

Message: Shutting down threadpool...


----------------------------------------
----------------------------------------
Timestamp: 1/28/2016 8:35:46 PM

Message: Thread pool 'BackgroundTasksService': Shutdown of thread pool completed. Threads aborted.


----------------------------------------
