----------------------------------------
Timestamp: 2/29/2016 4:58:45 PM

Message: Error while executing the Task: Value cannot be null.
Parameter name: input, StackTrace:    at System.Guid.Parse(String input)
   at Telerik.Sitefinity.Services.Statistics.ReconcilerTask.ReconcileUserData()
   at Telerik.Sitefinity.Services.SystemManager.RunWithElevatedPrivilege(RunWithElevatedPrivilegeDelegate delegateToRun, Object[] parameters, String urlRequest)
   at Telerik.Sitefinity.Services.Statistics.ReconcilerTask.Run(IBackgroundTaskContext context)
   at Telerik.Sitefinity.BackgroundTasks.WorkerThread.Run(IBackgroundTaskContext context)


----------------------------------------
----------------------------------------
Timestamp: 2/29/2016 4:58:46 PM

Message: Error while executing the Task: Value cannot be null.
Parameter name: input, StackTrace:    at System.Guid.Parse(String input)
   at Telerik.Sitefinity.Services.Statistics.ReconcilerTask.ReconcileUserData()
   at Telerik.Sitefinity.Services.SystemManager.RunWithElevatedPrivilege(RunWithElevatedPrivilegeDelegate delegateToRun, Object[] parameters, String urlRequest)
   at Telerik.Sitefinity.Services.Statistics.ReconcilerTask.Run(IBackgroundTaskContext context)
   at Telerik.Sitefinity.BackgroundTasks.WorkerThread.Run(IBackgroundTaskContext context)


----------------------------------------
----------------------------------------
Timestamp: 3/1/2016 3:13:27 PM

Message: Shutting down threadpool...


----------------------------------------
----------------------------------------
Timestamp: 3/1/2016 3:13:27 PM

Message: Thread pool 'BackgroundTasksService': Shutdown of thread pool completed. All currently running threads will finish their work and stop.


----------------------------------------
----------------------------------------
Timestamp: 3/1/2016 3:13:27 PM

Message: Background task scheduler shut down


----------------------------------------
----------------------------------------
Timestamp: 3/1/2016 3:13:27 PM

Message: WorkerThread is shut down


----------------------------------------
----------------------------------------
Timestamp: 3/1/2016 3:13:27 PM

Message: WorkerThread is shut down


----------------------------------------
----------------------------------------
Timestamp: 3/1/2016 3:13:27 PM

Message: WorkerThread is shut down


----------------------------------------
----------------------------------------
Timestamp: 3/1/2016 3:13:27 PM

Message: WorkerThread is shut down


----------------------------------------
----------------------------------------
Timestamp: 3/1/2016 3:13:27 PM

Message: WorkerThread is shut down


----------------------------------------
----------------------------------------
Timestamp: 3/1/2016 3:13:27 PM

Message: WorkerThread is shut down


----------------------------------------
----------------------------------------
Timestamp: 3/1/2016 3:13:27 PM

Message: WorkerThread is shut down


----------------------------------------
----------------------------------------
Timestamp: 3/1/2016 3:13:27 PM

Message: WorkerThread is shut down


----------------------------------------
----------------------------------------
Timestamp: 3/1/2016 3:13:57 PM

Message: Shutting down threadpool...


----------------------------------------
----------------------------------------
Timestamp: 3/1/2016 3:13:57 PM

Message: Thread pool 'BackgroundTasksService': Shutdown of thread pool completed. Threads aborted.


----------------------------------------
