----------------------------------------
Timestamp: 4/14/2016 9:35:57 PM

Message: Shutting down threadpool...


----------------------------------------
----------------------------------------
Timestamp: 4/14/2016 9:35:57 PM

Message: Thread pool 'BackgroundTasksService': Shutdown of thread pool completed. All currently running threads will finish their work and stop.


----------------------------------------
----------------------------------------
Timestamp: 4/14/2016 9:35:58 PM

Message: WorkerThread is shut down


----------------------------------------
----------------------------------------
Timestamp: 4/14/2016 9:35:58 PM

Message: WorkerThread is shut down


----------------------------------------
----------------------------------------
Timestamp: 4/14/2016 9:35:58 PM

Message: WorkerThread is shut down


----------------------------------------
----------------------------------------
Timestamp: 4/14/2016 9:35:58 PM

Message: WorkerThread is shut down


----------------------------------------
----------------------------------------
Timestamp: 4/14/2016 9:35:58 PM

Message: WorkerThread is shut down


----------------------------------------
----------------------------------------
Timestamp: 4/14/2016 9:35:58 PM

Message: Background task scheduler shut down


----------------------------------------
----------------------------------------
Timestamp: 4/14/2016 9:35:58 PM

Message: WorkerThread is shut down


----------------------------------------
----------------------------------------
Timestamp: 4/14/2016 9:35:58 PM

Message: WorkerThread is shut down


----------------------------------------
----------------------------------------
Timestamp: 4/14/2016 9:35:58 PM

Message: WorkerThread is shut down


----------------------------------------
----------------------------------------
Timestamp: 4/14/2016 9:36:27 PM

Message: Shutting down threadpool...


----------------------------------------
----------------------------------------
Timestamp: 4/14/2016 9:36:27 PM

Message: Thread pool 'BackgroundTasksService': Shutdown of thread pool completed. Threads aborted.


----------------------------------------
----------------------------------------
Timestamp: 4/15/2016 3:50:45 AM

Message: Shutting down threadpool...


----------------------------------------
----------------------------------------
Timestamp: 4/15/2016 3:50:45 AM

Message: Thread pool 'BackgroundTasksService': Shutdown of thread pool completed. All currently running threads will finish their work and stop.


----------------------------------------
----------------------------------------
Timestamp: 4/15/2016 3:50:45 AM

Message: WorkerThread is shut down


----------------------------------------
----------------------------------------
Timestamp: 4/15/2016 3:50:45 AM

Message: WorkerThread is shut down


----------------------------------------
----------------------------------------
Timestamp: 4/15/2016 3:50:45 AM

Message: WorkerThread is shut down


----------------------------------------
----------------------------------------
Timestamp: 4/15/2016 3:50:45 AM

Message: WorkerThread is shut down


----------------------------------------
----------------------------------------
Timestamp: 4/15/2016 3:50:45 AM

Message: Background task scheduler shut down


----------------------------------------
----------------------------------------
Timestamp: 4/15/2016 3:50:45 AM

Message: WorkerThread is shut down


----------------------------------------
----------------------------------------
Timestamp: 4/15/2016 3:50:45 AM

Message: WorkerThread is shut down


----------------------------------------
----------------------------------------
Timestamp: 4/15/2016 3:50:45 AM

Message: WorkerThread is shut down


----------------------------------------
----------------------------------------
Timestamp: 4/15/2016 3:50:45 AM

Message: WorkerThread is shut down


----------------------------------------
----------------------------------------
Timestamp: 4/15/2016 3:51:15 AM

Message: Shutting down threadpool...


----------------------------------------
----------------------------------------
Timestamp: 4/15/2016 3:51:15 AM

Message: Thread pool 'BackgroundTasksService': Shutdown of thread pool completed. Threads aborted.


----------------------------------------
----------------------------------------
Timestamp: 4/15/2016 2:38:00 PM

Message: Shutting down threadpool...


----------------------------------------
----------------------------------------
Timestamp: 4/15/2016 2:38:00 PM

Message: Thread pool 'BackgroundTasksService': Shutdown of thread pool completed. All currently running threads will finish their work and stop.


----------------------------------------
----------------------------------------
Timestamp: 4/15/2016 2:38:00 PM

Message: WorkerThread is shut down


----------------------------------------
----------------------------------------
Timestamp: 4/15/2016 2:38:00 PM

Message: WorkerThread is shut down


----------------------------------------
----------------------------------------
Timestamp: 4/15/2016 2:38:00 PM

Message: WorkerThread is shut down


----------------------------------------
----------------------------------------
Timestamp: 4/15/2016 2:38:00 PM

Message: WorkerThread is shut down


----------------------------------------
----------------------------------------
Timestamp: 4/15/2016 2:38:00 PM

Message: WorkerThread is shut down


----------------------------------------
----------------------------------------
Timestamp: 4/15/2016 2:38:00 PM

Message: WorkerThread is shut down


----------------------------------------
----------------------------------------
Timestamp: 4/15/2016 2:38:00 PM

Message: WorkerThread is shut down


----------------------------------------
----------------------------------------
Timestamp: 4/15/2016 2:38:00 PM

Message: WorkerThread is shut down


----------------------------------------
----------------------------------------
Timestamp: 4/15/2016 2:38:00 PM

Message: Background task scheduler shut down


----------------------------------------
----------------------------------------
Timestamp: 4/15/2016 2:38:30 PM

Message: Shutting down threadpool...


----------------------------------------
----------------------------------------
Timestamp: 4/15/2016 2:38:30 PM

Message: Thread pool 'BackgroundTasksService': Shutdown of thread pool completed. Threads aborted.


----------------------------------------
