----------------------------------------
Timestamp: 11/22/2016 5:45:32 PM

Message: Shutting down threadpool...


----------------------------------------
----------------------------------------
Timestamp: 11/22/2016 5:45:32 PM

Message: Thread pool 'BackgroundTasksService': Shutdown of thread pool completed. All currently running threads will finish their work and stop.


----------------------------------------
----------------------------------------
Timestamp: 11/22/2016 5:45:32 PM

Message: WorkerThread is shut down


----------------------------------------
----------------------------------------
Timestamp: 11/22/2016 5:45:32 PM

Message: WorkerThread is shut down


----------------------------------------
----------------------------------------
Timestamp: 11/22/2016 5:45:32 PM

Message: WorkerThread is shut down


----------------------------------------
----------------------------------------
Timestamp: 11/22/2016 5:45:32 PM

Message: WorkerThread is shut down


----------------------------------------
----------------------------------------
Timestamp: 11/22/2016 5:45:32 PM

Message: Background task scheduler shut down


----------------------------------------
----------------------------------------
Timestamp: 11/22/2016 5:45:32 PM

Message: WorkerThread is shut down


----------------------------------------
----------------------------------------
Timestamp: 11/22/2016 5:45:32 PM

Message: WorkerThread is shut down


----------------------------------------
----------------------------------------
Timestamp: 11/22/2016 5:45:32 PM

Message: WorkerThread is shut down


----------------------------------------
----------------------------------------
Timestamp: 11/22/2016 5:45:32 PM

Message: WorkerThread is shut down


----------------------------------------
----------------------------------------
Timestamp: 11/22/2016 5:46:02 PM

Message: Shutting down threadpool...


----------------------------------------
----------------------------------------
Timestamp: 11/22/2016 5:46:02 PM

Message: Thread pool 'BackgroundTasksService': Shutdown of thread pool completed. Threads aborted.


----------------------------------------
----------------------------------------
Timestamp: 11/23/2016 3:14:00 PM

Message: Shutting down threadpool...


----------------------------------------
----------------------------------------
Timestamp: 11/23/2016 3:14:00 PM

Message: Thread pool 'BackgroundTasksService': Shutdown of thread pool completed. All currently running threads will finish their work and stop.


----------------------------------------
----------------------------------------
Timestamp: 11/23/2016 3:14:00 PM

Message: WorkerThread is shut down


----------------------------------------
----------------------------------------
Timestamp: 11/23/2016 3:14:00 PM

Message: WorkerThread is shut down


----------------------------------------
----------------------------------------
Timestamp: 11/23/2016 3:14:00 PM

Message: WorkerThread is shut down


----------------------------------------
----------------------------------------
Timestamp: 11/23/2016 3:14:00 PM

Message: WorkerThread is shut down


----------------------------------------
----------------------------------------
Timestamp: 11/23/2016 3:14:00 PM

Message: Background task scheduler shut down


----------------------------------------
----------------------------------------
Timestamp: 11/23/2016 3:14:00 PM

Message: WorkerThread is shut down


----------------------------------------
----------------------------------------
Timestamp: 11/23/2016 3:14:00 PM

Message: WorkerThread is shut down


----------------------------------------
----------------------------------------
Timestamp: 11/23/2016 3:14:00 PM

Message: WorkerThread is shut down


----------------------------------------
----------------------------------------
Timestamp: 11/23/2016 3:14:00 PM

Message: WorkerThread is shut down


----------------------------------------
