----------------------------------------
Timestamp: 11/5/2016 7:49:24 PM

Message: Shutting down threadpool...


----------------------------------------
----------------------------------------
Timestamp: 11/5/2016 7:49:24 PM

Message: Thread pool 'BackgroundTasksService': Shutdown of thread pool completed. All currently running threads will finish their work and stop.


----------------------------------------
----------------------------------------
Timestamp: 11/5/2016 7:49:25 PM

Message: WorkerThread is shut down


----------------------------------------
----------------------------------------
Timestamp: 11/5/2016 7:49:25 PM

Message: WorkerThread is shut down


----------------------------------------
----------------------------------------
Timestamp: 11/5/2016 7:49:25 PM

Message: WorkerThread is shut down


----------------------------------------
----------------------------------------
Timestamp: 11/5/2016 7:49:25 PM

Message: WorkerThread is shut down


----------------------------------------
----------------------------------------
Timestamp: 11/5/2016 7:49:25 PM

Message: Background task scheduler shut down


----------------------------------------
----------------------------------------
Timestamp: 11/5/2016 7:49:25 PM

Message: WorkerThread is shut down


----------------------------------------
----------------------------------------
Timestamp: 11/5/2016 7:49:25 PM

Message: WorkerThread is shut down


----------------------------------------
----------------------------------------
Timestamp: 11/5/2016 7:49:25 PM

Message: WorkerThread is shut down


----------------------------------------
----------------------------------------
Timestamp: 11/5/2016 7:49:25 PM

Message: WorkerThread is shut down


----------------------------------------
