----------------------------------------
Timestamp: 1/17/2017 2:38:39 PM

Message: Shutting down threadpool...


----------------------------------------
----------------------------------------
Timestamp: 1/17/2017 2:38:39 PM

Message: Thread pool 'BackgroundTasksService': Shutdown of thread pool completed. All currently running threads will finish their work and stop.


----------------------------------------
----------------------------------------
Timestamp: 1/17/2017 2:38:39 PM

Message: WorkerThread is shut down


----------------------------------------
----------------------------------------
Timestamp: 1/17/2017 2:38:39 PM

Message: WorkerThread is shut down


----------------------------------------
----------------------------------------
Timestamp: 1/17/2017 2:38:39 PM

Message: Background task scheduler shut down


----------------------------------------
----------------------------------------
Timestamp: 1/17/2017 2:38:39 PM

Message: WorkerThread is shut down


----------------------------------------
----------------------------------------
Timestamp: 1/17/2017 2:38:39 PM

Message: WorkerThread is shut down


----------------------------------------
----------------------------------------
Timestamp: 1/17/2017 2:38:39 PM

Message: WorkerThread is shut down


----------------------------------------
----------------------------------------
Timestamp: 1/17/2017 2:38:39 PM

Message: WorkerThread is shut down


----------------------------------------
----------------------------------------
Timestamp: 1/17/2017 2:38:39 PM

Message: WorkerThread is shut down


----------------------------------------
----------------------------------------
Timestamp: 1/17/2017 2:38:39 PM

Message: WorkerThread is shut down


----------------------------------------
----------------------------------------
Timestamp: 1/17/2017 2:39:09 PM

Message: Shutting down threadpool...


----------------------------------------
----------------------------------------
Timestamp: 1/17/2017 2:39:09 PM

Message: Thread pool 'BackgroundTasksService': Shutdown of thread pool completed. Threads aborted.


----------------------------------------
