----------------------------------------
Timestamp: 6/25/2016 12:16:00 PM

Message: Shutting down threadpool...


----------------------------------------
----------------------------------------
Timestamp: 6/25/2016 12:16:00 PM

Message: Thread pool 'BackgroundTasksService': Shutdown of thread pool completed. All currently running threads will finish their work and stop.


----------------------------------------
----------------------------------------
Timestamp: 6/25/2016 12:16:01 PM

Message: WorkerThread is shut down


----------------------------------------
----------------------------------------
Timestamp: 6/25/2016 12:16:01 PM

Message: WorkerThread is shut down


----------------------------------------
----------------------------------------
Timestamp: 6/25/2016 12:16:01 PM

Message: WorkerThread is shut down


----------------------------------------
----------------------------------------
Timestamp: 6/25/2016 12:16:01 PM

Message: WorkerThread is shut down


----------------------------------------
----------------------------------------
Timestamp: 6/25/2016 12:16:01 PM

Message: Background task scheduler shut down


----------------------------------------
----------------------------------------
Timestamp: 6/25/2016 12:16:01 PM

Message: WorkerThread is shut down


----------------------------------------
----------------------------------------
Timestamp: 6/25/2016 12:16:01 PM

Message: WorkerThread is shut down


----------------------------------------
----------------------------------------
Timestamp: 6/25/2016 12:16:01 PM

Message: WorkerThread is shut down


----------------------------------------
----------------------------------------
Timestamp: 6/25/2016 12:16:01 PM

Message: WorkerThread is shut down


----------------------------------------
----------------------------------------
Timestamp: 6/25/2016 12:16:30 PM

Message: Shutting down threadpool...


----------------------------------------
----------------------------------------
Timestamp: 6/25/2016 12:16:30 PM

Message: Thread pool 'BackgroundTasksService': Shutdown of thread pool completed. Threads aborted.


----------------------------------------
