----------------------------------------
Timestamp: 8/11/2016 1:57:05 PM

Message: Error while executing the Task: Value cannot be null.
Parameter name: input, StackTrace:    at System.Guid.Parse(String input)
   at Telerik.Sitefinity.Services.Statistics.ReconcilerTask.ReconcileUserData()
   at Telerik.Sitefinity.Services.SystemManager.RunWithElevatedPrivilege(RunWithElevatedPrivilegeDelegate delegateToRun, Object[] parameters, String urlRequest)
   at Telerik.Sitefinity.Services.Statistics.ReconcilerTask.Run(IBackgroundTaskContext context)
   at Telerik.Sitefinity.BackgroundTasks.WorkerThread.Run(IBackgroundTaskContext context)


----------------------------------------
----------------------------------------
Timestamp: 8/11/2016 1:57:11 PM

Message: Error while executing the Task: Value cannot be null.
Parameter name: input, StackTrace:    at System.Guid.Parse(String input)
   at Telerik.Sitefinity.Services.Statistics.ReconcilerTask.ReconcileUserData()
   at Telerik.Sitefinity.Services.SystemManager.RunWithElevatedPrivilege(RunWithElevatedPrivilegeDelegate delegateToRun, Object[] parameters, String urlRequest)
   at Telerik.Sitefinity.Services.Statistics.ReconcilerTask.Run(IBackgroundTaskContext context)
   at Telerik.Sitefinity.BackgroundTasks.WorkerThread.Run(IBackgroundTaskContext context)


----------------------------------------
----------------------------------------
Timestamp: 8/11/2016 3:16:10 PM

Message: Shutting down threadpool...


----------------------------------------
----------------------------------------
Timestamp: 8/11/2016 3:16:10 PM

Message: Thread pool 'BackgroundTasksService': Shutdown of thread pool completed. All currently running threads will finish their work and stop.


----------------------------------------
----------------------------------------
Timestamp: 8/11/2016 3:16:11 PM

Message: WorkerThread is shut down


----------------------------------------
----------------------------------------
Timestamp: 8/11/2016 3:16:11 PM

Message: WorkerThread is shut down


----------------------------------------
----------------------------------------
Timestamp: 8/11/2016 3:16:11 PM

Message: WorkerThread is shut down


----------------------------------------
----------------------------------------
Timestamp: 8/11/2016 3:16:11 PM

Message: WorkerThread is shut down


----------------------------------------
----------------------------------------
Timestamp: 8/11/2016 3:16:11 PM

Message: Background task scheduler shut down


----------------------------------------
----------------------------------------
Timestamp: 8/11/2016 3:16:11 PM

Message: WorkerThread is shut down


----------------------------------------
----------------------------------------
Timestamp: 8/11/2016 3:16:11 PM

Message: WorkerThread is shut down


----------------------------------------
----------------------------------------
Timestamp: 8/11/2016 3:16:11 PM

Message: WorkerThread is shut down


----------------------------------------
----------------------------------------
Timestamp: 8/11/2016 3:16:11 PM

Message: WorkerThread is shut down


----------------------------------------
----------------------------------------
Timestamp: 8/11/2016 3:16:40 PM

Message: Shutting down threadpool...


----------------------------------------
----------------------------------------
Timestamp: 8/11/2016 3:16:40 PM

Message: Thread pool 'BackgroundTasksService': Shutdown of thread pool completed. Threads aborted.


----------------------------------------
