----------------------------------------
Timestamp: 12/2/2015 1:40:10 AM

Message: Shutting down threadpool...


----------------------------------------
----------------------------------------
Timestamp: 12/2/2015 1:40:10 AM

Message: Thread pool 'BackgroundTasksService': Shutdown of thread pool completed. All currently running threads will finish their work and stop.


----------------------------------------
----------------------------------------
Timestamp: 12/2/2015 1:40:10 AM

Message: WorkerThread is shut down


----------------------------------------
----------------------------------------
Timestamp: 12/2/2015 1:40:10 AM

Message: Background task scheduler shut down


----------------------------------------
----------------------------------------
Timestamp: 12/2/2015 1:40:10 AM

Message: WorkerThread is shut down


----------------------------------------
----------------------------------------
Timestamp: 12/2/2015 1:40:10 AM

Message: WorkerThread is shut down


----------------------------------------
----------------------------------------
Timestamp: 12/2/2015 1:40:10 AM

Message: WorkerThread is shut down


----------------------------------------
----------------------------------------
Timestamp: 12/2/2015 1:40:10 AM

Message: WorkerThread is shut down


----------------------------------------
----------------------------------------
Timestamp: 12/2/2015 1:40:10 AM

Message: WorkerThread is shut down


----------------------------------------
----------------------------------------
Timestamp: 12/2/2015 1:40:10 AM

Message: WorkerThread is shut down


----------------------------------------
----------------------------------------
Timestamp: 12/2/2015 1:40:10 AM

Message: WorkerThread is shut down


----------------------------------------
----------------------------------------
Timestamp: 12/2/2015 1:40:40 AM

Message: Shutting down threadpool...


----------------------------------------
----------------------------------------
Timestamp: 12/2/2015 1:40:40 AM

Message: Thread pool 'BackgroundTasksService': Shutdown of thread pool completed. Threads aborted.


----------------------------------------
