----------------------------------------
Timestamp: 5/27/2016 12:15:56 PM

Message: Shutting down threadpool...


----------------------------------------
----------------------------------------
Timestamp: 5/27/2016 12:15:56 PM

Message: Thread pool 'BackgroundTasksService': Shutdown of thread pool completed. All currently running threads will finish their work and stop.


----------------------------------------
----------------------------------------
Timestamp: 5/27/2016 12:15:56 PM

Message: WorkerThread is shut down


----------------------------------------
----------------------------------------
Timestamp: 5/27/2016 12:15:56 PM

Message: WorkerThread is shut down


----------------------------------------
----------------------------------------
Timestamp: 5/27/2016 12:15:56 PM

Message: WorkerThread is shut down


----------------------------------------
----------------------------------------
Timestamp: 5/27/2016 12:15:56 PM

Message: Background task scheduler shut down


----------------------------------------
----------------------------------------
Timestamp: 5/27/2016 12:15:56 PM

Message: WorkerThread is shut down


----------------------------------------
----------------------------------------
Timestamp: 5/27/2016 12:15:56 PM

Message: WorkerThread is shut down


----------------------------------------
----------------------------------------
Timestamp: 5/27/2016 12:15:56 PM

Message: WorkerThread is shut down


----------------------------------------
----------------------------------------
Timestamp: 5/27/2016 12:15:56 PM

Message: WorkerThread is shut down


----------------------------------------
----------------------------------------
Timestamp: 5/27/2016 12:15:56 PM

Message: WorkerThread is shut down


----------------------------------------
----------------------------------------
Timestamp: 5/27/2016 12:16:26 PM

Message: Shutting down threadpool...


----------------------------------------
----------------------------------------
Timestamp: 5/27/2016 12:16:26 PM

Message: Thread pool 'BackgroundTasksService': Shutdown of thread pool completed. Threads aborted.


----------------------------------------
----------------------------------------
Timestamp: 5/27/2016 5:37:21 PM

Message: Shutting down threadpool...


----------------------------------------
----------------------------------------
Timestamp: 5/27/2016 5:37:21 PM

Message: Thread pool 'BackgroundTasksService': Shutdown of thread pool completed. All currently running threads will finish their work and stop.


----------------------------------------
----------------------------------------
Timestamp: 5/27/2016 5:37:21 PM

Message: WorkerThread is shut down


----------------------------------------
----------------------------------------
Timestamp: 5/27/2016 5:37:21 PM

Message: WorkerThread is shut down


----------------------------------------
----------------------------------------
Timestamp: 5/27/2016 5:37:21 PM

Message: Background task scheduler shut down


----------------------------------------
----------------------------------------
Timestamp: 5/27/2016 5:37:21 PM

Message: WorkerThread is shut down


----------------------------------------
----------------------------------------
Timestamp: 5/27/2016 5:37:21 PM

Message: WorkerThread is shut down


----------------------------------------
----------------------------------------
Timestamp: 5/27/2016 5:37:21 PM

Message: WorkerThread is shut down


----------------------------------------
----------------------------------------
Timestamp: 5/27/2016 5:37:21 PM

Message: WorkerThread is shut down


----------------------------------------
----------------------------------------
Timestamp: 5/27/2016 5:37:22 PM

Message: WorkerThread is shut down


----------------------------------------
----------------------------------------
Timestamp: 5/27/2016 5:37:22 PM

Message: WorkerThread is shut down


----------------------------------------
----------------------------------------
Timestamp: 5/27/2016 5:37:51 PM

Message: Shutting down threadpool...


----------------------------------------
----------------------------------------
Timestamp: 5/27/2016 5:37:51 PM

Message: Thread pool 'BackgroundTasksService': Shutdown of thread pool completed. Threads aborted.


----------------------------------------
----------------------------------------
Timestamp: 5/27/2016 8:18:04 PM

Message: Shutting down threadpool...


----------------------------------------
----------------------------------------
Timestamp: 5/27/2016 8:18:04 PM

Message: Thread pool 'BackgroundTasksService': Shutdown of thread pool completed. All currently running threads will finish their work and stop.


----------------------------------------
----------------------------------------
Timestamp: 5/27/2016 8:18:04 PM

Message: WorkerThread is shut down


----------------------------------------
----------------------------------------
Timestamp: 5/27/2016 8:18:04 PM

Message: WorkerThread is shut down


----------------------------------------
----------------------------------------
Timestamp: 5/27/2016 8:18:04 PM

Message: WorkerThread is shut down


----------------------------------------
----------------------------------------
Timestamp: 5/27/2016 8:18:04 PM

Message: WorkerThread is shut down


----------------------------------------
----------------------------------------
Timestamp: 5/27/2016 8:18:04 PM

Message: WorkerThread is shut down


----------------------------------------
----------------------------------------
Timestamp: 5/27/2016 8:18:04 PM

Message: WorkerThread is shut down


----------------------------------------
----------------------------------------
Timestamp: 5/27/2016 8:18:04 PM

Message: WorkerThread is shut down


----------------------------------------
----------------------------------------
Timestamp: 5/27/2016 8:18:04 PM

Message: Background task scheduler shut down


----------------------------------------
----------------------------------------
Timestamp: 5/27/2016 8:18:04 PM

Message: WorkerThread is shut down


----------------------------------------
----------------------------------------
Timestamp: 5/27/2016 8:18:34 PM

Message: Shutting down threadpool...


----------------------------------------
----------------------------------------
Timestamp: 5/27/2016 8:18:34 PM

Message: Thread pool 'BackgroundTasksService': Shutdown of thread pool completed. Threads aborted.


----------------------------------------
