----------------------------------------
Timestamp: 1/9/2017 3:38:31 AM

Message: Shutting down threadpool...


----------------------------------------
----------------------------------------
Timestamp: 1/9/2017 3:38:31 AM

Message: Thread pool 'BackgroundTasksService': Shutdown of thread pool completed. All currently running threads will finish their work and stop.


----------------------------------------
----------------------------------------
Timestamp: 1/9/2017 3:38:32 AM

Message: WorkerThread is shut down


----------------------------------------
----------------------------------------
Timestamp: 1/9/2017 3:38:32 AM

Message: WorkerThread is shut down


----------------------------------------
----------------------------------------
Timestamp: 1/9/2017 3:38:32 AM

Message: WorkerThread is shut down


----------------------------------------
----------------------------------------
Timestamp: 1/9/2017 3:38:32 AM

Message: WorkerThread is shut down


----------------------------------------
----------------------------------------
Timestamp: 1/9/2017 3:38:32 AM

Message: WorkerThread is shut down


----------------------------------------
----------------------------------------
Timestamp: 1/9/2017 3:38:32 AM

Message: WorkerThread is shut down


----------------------------------------
----------------------------------------
Timestamp: 1/9/2017 3:38:32 AM

Message: WorkerThread is shut down


----------------------------------------
----------------------------------------
Timestamp: 1/9/2017 3:38:32 AM

Message: Background task scheduler shut down


----------------------------------------
----------------------------------------
Timestamp: 1/9/2017 3:38:32 AM

Message: WorkerThread is shut down


----------------------------------------
----------------------------------------
Timestamp: 1/9/2017 3:39:02 AM

Message: Shutting down threadpool...


----------------------------------------
----------------------------------------
Timestamp: 1/9/2017 3:39:02 AM

Message: Thread pool 'BackgroundTasksService': Shutdown of thread pool completed. Threads aborted.


----------------------------------------
