----------------------------------------
Timestamp: 7/20/2016 9:16:07 PM

Message: Shutting down threadpool...


----------------------------------------
----------------------------------------
Timestamp: 7/20/2016 9:16:07 PM

Message: Thread pool 'BackgroundTasksService': Shutdown of thread pool completed. All currently running threads will finish their work and stop.


----------------------------------------
----------------------------------------
Timestamp: 7/20/2016 9:16:07 PM

Message: WorkerThread is shut down


----------------------------------------
----------------------------------------
Timestamp: 7/20/2016 9:16:07 PM

Message: Background task scheduler shut down


----------------------------------------
----------------------------------------
Timestamp: 7/20/2016 9:16:07 PM

Message: WorkerThread is shut down


----------------------------------------
----------------------------------------
Timestamp: 7/20/2016 9:16:07 PM

Message: WorkerThread is shut down


----------------------------------------
----------------------------------------
Timestamp: 7/20/2016 9:16:07 PM

Message: WorkerThread is shut down


----------------------------------------
----------------------------------------
Timestamp: 7/20/2016 9:16:07 PM

Message: WorkerThread is shut down


----------------------------------------
----------------------------------------
Timestamp: 7/20/2016 9:16:07 PM

Message: WorkerThread is shut down


----------------------------------------
----------------------------------------
Timestamp: 7/20/2016 9:16:07 PM

Message: WorkerThread is shut down


----------------------------------------
----------------------------------------
Timestamp: 7/20/2016 9:16:07 PM

Message: WorkerThread is shut down


----------------------------------------
----------------------------------------
Timestamp: 7/20/2016 9:16:37 PM

Message: Shutting down threadpool...


----------------------------------------
----------------------------------------
Timestamp: 7/20/2016 9:16:37 PM

Message: Thread pool 'BackgroundTasksService': Shutdown of thread pool completed. Threads aborted.


----------------------------------------
