----------------------------------------
Timestamp: 5/17/2016 8:15:55 PM

Message: Shutting down threadpool...


----------------------------------------
----------------------------------------
Timestamp: 5/17/2016 8:15:55 PM

Message: Thread pool 'BackgroundTasksService': Shutdown of thread pool completed. All currently running threads will finish their work and stop.


----------------------------------------
----------------------------------------
Timestamp: 5/17/2016 8:15:56 PM

Message: WorkerThread is shut down


----------------------------------------
----------------------------------------
Timestamp: 5/17/2016 8:15:56 PM

Message: WorkerThread is shut down


----------------------------------------
----------------------------------------
Timestamp: 5/17/2016 8:15:56 PM

Message: WorkerThread is shut down


----------------------------------------
----------------------------------------
Timestamp: 5/17/2016 8:15:56 PM

Message: WorkerThread is shut down


----------------------------------------
----------------------------------------
Timestamp: 5/17/2016 8:15:56 PM

Message: WorkerThread is shut down


----------------------------------------
----------------------------------------
Timestamp: 5/17/2016 8:15:56 PM

Message: WorkerThread is shut down


----------------------------------------
----------------------------------------
Timestamp: 5/17/2016 8:15:56 PM

Message: WorkerThread is shut down


----------------------------------------
----------------------------------------
Timestamp: 5/17/2016 8:15:56 PM

Message: Background task scheduler shut down


----------------------------------------
----------------------------------------
Timestamp: 5/17/2016 8:15:56 PM

Message: WorkerThread is shut down


----------------------------------------
----------------------------------------
Timestamp: 5/17/2016 8:16:25 PM

Message: Shutting down threadpool...


----------------------------------------
----------------------------------------
Timestamp: 5/17/2016 8:16:25 PM

Message: Thread pool 'BackgroundTasksService': Shutdown of thread pool completed. Threads aborted.


----------------------------------------
----------------------------------------
Timestamp: 5/18/2016 6:24:44 PM

Message: Shutting down threadpool...


----------------------------------------
----------------------------------------
Timestamp: 5/18/2016 6:24:44 PM

Message: Thread pool 'BackgroundTasksService': Shutdown of thread pool completed. All currently running threads will finish their work and stop.


----------------------------------------
----------------------------------------
Timestamp: 5/18/2016 6:24:44 PM

Message: WorkerThread is shut down


----------------------------------------
----------------------------------------
Timestamp: 5/18/2016 6:24:44 PM

Message: Background task scheduler shut down


----------------------------------------
----------------------------------------
Timestamp: 5/18/2016 6:24:44 PM

Message: WorkerThread is shut down


----------------------------------------
----------------------------------------
Timestamp: 5/18/2016 6:24:44 PM

Message: WorkerThread is shut down


----------------------------------------
----------------------------------------
Timestamp: 5/18/2016 6:24:44 PM

Message: WorkerThread is shut down


----------------------------------------
----------------------------------------
Timestamp: 5/18/2016 6:24:44 PM

Message: WorkerThread is shut down


----------------------------------------
----------------------------------------
Timestamp: 5/18/2016 6:24:44 PM

Message: WorkerThread is shut down


----------------------------------------
----------------------------------------
Timestamp: 5/18/2016 6:24:44 PM

Message: WorkerThread is shut down


----------------------------------------
----------------------------------------
Timestamp: 5/18/2016 6:24:44 PM

Message: WorkerThread is shut down


----------------------------------------
----------------------------------------
Timestamp: 5/18/2016 6:25:14 PM

Message: Shutting down threadpool...


----------------------------------------
----------------------------------------
Timestamp: 5/18/2016 6:25:14 PM

Message: Thread pool 'BackgroundTasksService': Shutdown of thread pool completed. Threads aborted.


----------------------------------------
