----------------------------------------
Timestamp: 5/4/2016 1:17:08 PM

Message: Shutting down threadpool...


----------------------------------------
----------------------------------------
Timestamp: 5/4/2016 1:17:08 PM

Message: Thread pool 'BackgroundTasksService': Shutdown of thread pool completed. All currently running threads will finish their work and stop.


----------------------------------------
----------------------------------------
Timestamp: 5/4/2016 1:17:08 PM

Message: Background task scheduler shut down


----------------------------------------
----------------------------------------
Timestamp: 5/4/2016 1:17:08 PM

Message: WorkerThread is shut down


----------------------------------------
----------------------------------------
Timestamp: 5/4/2016 1:17:08 PM

Message: WorkerThread is shut down


----------------------------------------
----------------------------------------
Timestamp: 5/4/2016 1:17:08 PM

Message: WorkerThread is shut down


----------------------------------------
----------------------------------------
Timestamp: 5/4/2016 1:17:08 PM

Message: WorkerThread is shut down


----------------------------------------
----------------------------------------
Timestamp: 5/4/2016 1:17:08 PM

Message: WorkerThread is shut down


----------------------------------------
----------------------------------------
Timestamp: 5/4/2016 1:17:08 PM

Message: WorkerThread is shut down


----------------------------------------
----------------------------------------
Timestamp: 5/4/2016 1:17:08 PM

Message: WorkerThread is shut down


----------------------------------------
----------------------------------------
Timestamp: 5/4/2016 1:17:08 PM

Message: WorkerThread is shut down


----------------------------------------
----------------------------------------
Timestamp: 5/4/2016 5:15:33 PM

Message: Shutting down threadpool...


----------------------------------------
----------------------------------------
Timestamp: 5/4/2016 5:15:33 PM

Message: Thread pool 'BackgroundTasksService': Shutdown of thread pool completed. All currently running threads will finish their work and stop.


----------------------------------------
----------------------------------------
Timestamp: 5/4/2016 5:15:33 PM

Message: WorkerThread is shut down


----------------------------------------
----------------------------------------
Timestamp: 5/4/2016 5:15:33 PM

Message: WorkerThread is shut down


----------------------------------------
----------------------------------------
Timestamp: 5/4/2016 5:15:33 PM

Message: WorkerThread is shut down


----------------------------------------
----------------------------------------
Timestamp: 5/4/2016 5:15:33 PM

Message: WorkerThread is shut down


----------------------------------------
----------------------------------------
Timestamp: 5/4/2016 5:15:33 PM

Message: Background task scheduler shut down


----------------------------------------
----------------------------------------
Timestamp: 5/4/2016 5:15:33 PM

Message: WorkerThread is shut down


----------------------------------------
----------------------------------------
Timestamp: 5/4/2016 5:15:33 PM

Message: WorkerThread is shut down


----------------------------------------
----------------------------------------
Timestamp: 5/4/2016 5:15:33 PM

Message: WorkerThread is shut down


----------------------------------------
----------------------------------------
Timestamp: 5/4/2016 5:15:33 PM

Message: WorkerThread is shut down


----------------------------------------
----------------------------------------
Timestamp: 5/4/2016 5:16:03 PM

Message: Shutting down threadpool...


----------------------------------------
----------------------------------------
Timestamp: 5/4/2016 5:16:03 PM

Message: Thread pool 'BackgroundTasksService': Shutdown of thread pool completed. Threads aborted.


----------------------------------------
