----------------------------------------
Timestamp: 2/2/2017 1:20:57 AM

Message: Shutting down threadpool...


----------------------------------------
----------------------------------------
Timestamp: 2/2/2017 1:20:57 AM

Message: Thread pool 'BackgroundTasksService': Shutdown of thread pool completed. All currently running threads will finish their work and stop.


----------------------------------------
----------------------------------------
Timestamp: 2/2/2017 1:20:58 AM

Message: WorkerThread is shut down


----------------------------------------
----------------------------------------
Timestamp: 2/2/2017 1:20:58 AM

Message: Background task scheduler shut down


----------------------------------------
----------------------------------------
Timestamp: 2/2/2017 1:20:58 AM

Message: WorkerThread is shut down


----------------------------------------
----------------------------------------
Timestamp: 2/2/2017 1:20:58 AM

Message: WorkerThread is shut down


----------------------------------------
----------------------------------------
Timestamp: 2/2/2017 1:20:58 AM

Message: WorkerThread is shut down


----------------------------------------
----------------------------------------
Timestamp: 2/2/2017 1:20:58 AM

Message: WorkerThread is shut down


----------------------------------------
----------------------------------------
Timestamp: 2/2/2017 1:20:58 AM

Message: WorkerThread is shut down


----------------------------------------
----------------------------------------
Timestamp: 2/2/2017 1:20:58 AM

Message: WorkerThread is shut down


----------------------------------------
----------------------------------------
Timestamp: 2/2/2017 1:20:58 AM

Message: WorkerThread is shut down


----------------------------------------
----------------------------------------
Timestamp: 2/2/2017 1:21:27 AM

Message: Shutting down threadpool...


----------------------------------------
----------------------------------------
Timestamp: 2/2/2017 1:21:27 AM

Message: Thread pool 'BackgroundTasksService': Shutdown of thread pool completed. Threads aborted.


----------------------------------------
----------------------------------------
Timestamp: 2/2/2017 10:13:52 PM

Message: System.Web.HttpParseException (0x80004005): Unexpected end of file looking for </div> tag.
   at System.Web.UI.TemplateParser.ProcessException(Exception ex)
   at System.Web.UI.TemplateControlParser.HandlePostParse()
   at System.Web.UI.TemplateParser.Parse()
   at System.Web.Compilation.BaseTemplateBuildProvider.get_CodeCompilerType()
   at System.Web.Compilation.BuildProvider.GetCompilerTypeFromBuildProvider(BuildProvider buildProvider)
   at System.Web.Compilation.BuildProvidersCompiler.ProcessBuildProviders()
   at System.Web.Compilation.BuildProvidersCompiler.PerformBuild()
   at System.Web.Compilation.BuildManager.CompileWebFile(VirtualPath virtualPath)
   at System.Web.Compilation.BuildManager.GetVPathBuildResultInternal(VirtualPath virtualPath, Boolean noBuild, Boolean allowCrossApp, Boolean allowBuildInPrecompile, Boolean throwIfNotFound, Boolean ensureIsUpToDate)
   at System.Web.Compilation.BuildManager.GetVPathBuildResultWithNoAssert(HttpContext context, VirtualPath virtualPath, Boolean noBuild, Boolean allowCrossApp, Boolean allowBuildInPrecompile, Boolean throwIfNotFound, Boolean ensureIsUpToDate)
   at System.Web.Compilation.BuildManager.GetVirtualPathObjectFactory(VirtualPath virtualPath, HttpContext context, Boolean allowCrossApp, Boolean throwIfNotFound)
   at System.Web.Compilation.BuildManager.CreateInstanceFromVirtualPath(VirtualPath virtualPath, Type requiredBaseType, HttpContext context, Boolean allowCrossApp)
   at Telerik.Sitefinity.Web.UI.ControlUtilities.CompileControl(String virtualPath)
   at Telerik.Sitefinity.Web.UI.ControlUtilities.LoadControl(String virtualPath, Page page)
   at Telerik.Sitefinity.Web.UI.VirtualPathTemplate.InstantiateIn(Control container, PlaceHoldersCollection placeHolders)
   at Telerik.Sitefinity.Web.UI.LayoutControl.Initialize()
   at Telerik.Sitefinity.Web.UI.LayoutControl.CreateChildControls()


----------------------------------------
----------------------------------------
Timestamp: 2/2/2017 10:13:52 PM

Message: System.Web.HttpParseException (0x80004005): Unexpected end of file looking for </div> tag.
   at System.Web.UI.TemplateParser.ProcessException(Exception ex)
   at System.Web.UI.TemplateControlParser.HandlePostParse()
   at System.Web.UI.TemplateParser.Parse()
   at System.Web.Compilation.BaseTemplateBuildProvider.get_CodeCompilerType()
   at System.Web.Compilation.BuildProvider.GetCompilerTypeFromBuildProvider(BuildProvider buildProvider)
   at System.Web.Compilation.BuildProvidersCompiler.ProcessBuildProviders()
   at System.Web.Compilation.BuildProvidersCompiler.PerformBuild()
   at System.Web.Compilation.BuildManager.CompileWebFile(VirtualPath virtualPath)
   at System.Web.Compilation.BuildManager.GetVPathBuildResultInternal(VirtualPath virtualPath, Boolean noBuild, Boolean allowCrossApp, Boolean allowBuildInPrecompile, Boolean throwIfNotFound, Boolean ensureIsUpToDate)
   at System.Web.Compilation.BuildManager.GetVPathBuildResultWithNoAssert(HttpContext context, VirtualPath virtualPath, Boolean noBuild, Boolean allowCrossApp, Boolean allowBuildInPrecompile, Boolean throwIfNotFound, Boolean ensureIsUpToDate)
   at System.Web.Compilation.BuildManager.GetVirtualPathObjectFactory(VirtualPath virtualPath, HttpContext context, Boolean allowCrossApp, Boolean throwIfNotFound)
   at System.Web.Compilation.BuildManager.CreateInstanceFromVirtualPath(VirtualPath virtualPath, Type requiredBaseType, HttpContext context, Boolean allowCrossApp)
   at Telerik.Sitefinity.Web.UI.ControlUtilities.CompileControl(String virtualPath)
   at Telerik.Sitefinity.Web.UI.ControlUtilities.LoadControl(String virtualPath, Page page)
   at Telerik.Sitefinity.Web.UI.VirtualPathTemplate.InstantiateIn(Control container, PlaceHoldersCollection placeHolders)
   at Telerik.Sitefinity.Web.UI.LayoutControl.Initialize()
   at Telerik.Sitefinity.Web.UI.LayoutControl.CreateChildControls()


----------------------------------------
