----------------------------------------
Timestamp: 3/5/2016 2:54:56 PM

Message: Shutting down threadpool...


----------------------------------------
----------------------------------------
Timestamp: 3/5/2016 2:54:56 PM

Message: Thread pool 'BackgroundTasksService': Shutdown of thread pool completed. All currently running threads will finish their work and stop.


----------------------------------------
----------------------------------------
Timestamp: 3/5/2016 2:54:56 PM

Message: WorkerThread is shut down


----------------------------------------
----------------------------------------
Timestamp: 3/5/2016 2:54:56 PM

Message: WorkerThread is shut down


----------------------------------------
----------------------------------------
Timestamp: 3/5/2016 2:54:56 PM

Message: Background task scheduler shut down


----------------------------------------
----------------------------------------
Timestamp: 3/5/2016 2:54:56 PM

Message: WorkerThread is shut down


----------------------------------------
----------------------------------------
Timestamp: 3/5/2016 2:54:56 PM

Message: WorkerThread is shut down


----------------------------------------
----------------------------------------
Timestamp: 3/5/2016 2:54:56 PM

Message: WorkerThread is shut down


----------------------------------------
----------------------------------------
Timestamp: 3/5/2016 2:54:56 PM

Message: WorkerThread is shut down


----------------------------------------
----------------------------------------
Timestamp: 3/5/2016 2:54:56 PM

Message: WorkerThread is shut down


----------------------------------------
----------------------------------------
Timestamp: 3/5/2016 2:54:56 PM

Message: WorkerThread is shut down


----------------------------------------
----------------------------------------
Timestamp: 3/5/2016 2:55:26 PM

Message: Shutting down threadpool...


----------------------------------------
----------------------------------------
Timestamp: 3/5/2016 2:55:26 PM

Message: Thread pool 'BackgroundTasksService': Shutdown of thread pool completed. Threads aborted.


----------------------------------------
