----------------------------------------
Timestamp: 4/12/2016 1:48:53 PM

Message: Error while executing the Task: Value cannot be null.
Parameter name: input, StackTrace:    at System.Guid.Parse(String input)
   at Telerik.Sitefinity.Services.Statistics.ReconcilerTask.ReconcileUserData()
   at Telerik.Sitefinity.Services.SystemManager.RunWithElevatedPrivilege(RunWithElevatedPrivilegeDelegate delegateToRun, Object[] parameters, String urlRequest)
   at Telerik.Sitefinity.Services.Statistics.ReconcilerTask.Run(IBackgroundTaskContext context)
   at Telerik.Sitefinity.BackgroundTasks.WorkerThread.Run(IBackgroundTaskContext context)


----------------------------------------
----------------------------------------
Timestamp: 4/12/2016 4:58:25 PM

Message: Shutting down threadpool...


----------------------------------------
----------------------------------------
Timestamp: 4/12/2016 4:58:25 PM

Message: Thread pool 'BackgroundTasksService': Shutdown of thread pool completed. All currently running threads will finish their work and stop.


----------------------------------------
----------------------------------------
Timestamp: 4/12/2016 4:58:25 PM

Message: Background task scheduler shut down


----------------------------------------
----------------------------------------
Timestamp: 4/12/2016 4:58:25 PM

Message: WorkerThread is shut down


----------------------------------------
----------------------------------------
Timestamp: 4/12/2016 4:58:25 PM

Message: WorkerThread is shut down


----------------------------------------
----------------------------------------
Timestamp: 4/12/2016 4:58:25 PM

Message: WorkerThread is shut down


----------------------------------------
----------------------------------------
Timestamp: 4/12/2016 4:58:25 PM

Message: WorkerThread is shut down


----------------------------------------
----------------------------------------
Timestamp: 4/12/2016 4:58:25 PM

Message: WorkerThread is shut down


----------------------------------------
----------------------------------------
Timestamp: 4/12/2016 4:58:25 PM

Message: WorkerThread is shut down


----------------------------------------
----------------------------------------
Timestamp: 4/12/2016 4:58:25 PM

Message: WorkerThread is shut down


----------------------------------------
----------------------------------------
Timestamp: 4/12/2016 4:58:25 PM

Message: WorkerThread is shut down


----------------------------------------
----------------------------------------
Timestamp: 4/12/2016 4:58:55 PM

Message: Shutting down threadpool...


----------------------------------------
----------------------------------------
Timestamp: 4/12/2016 4:58:55 PM

Message: Thread pool 'BackgroundTasksService': Shutdown of thread pool completed. Threads aborted.


----------------------------------------
----------------------------------------
Timestamp: 4/13/2016 4:37:59 AM

Message: Shutting down threadpool...


----------------------------------------
----------------------------------------
Timestamp: 4/13/2016 4:37:59 AM

Message: Thread pool 'BackgroundTasksService': Shutdown of thread pool completed. All currently running threads will finish their work and stop.


----------------------------------------
----------------------------------------
Timestamp: 4/13/2016 4:37:59 AM

Message: WorkerThread is shut down


----------------------------------------
----------------------------------------
Timestamp: 4/13/2016 4:37:59 AM

Message: WorkerThread is shut down


----------------------------------------
----------------------------------------
Timestamp: 4/13/2016 4:37:59 AM

Message: WorkerThread is shut down


----------------------------------------
----------------------------------------
Timestamp: 4/13/2016 4:37:59 AM

Message: WorkerThread is shut down


----------------------------------------
----------------------------------------
Timestamp: 4/13/2016 4:37:59 AM

Message: WorkerThread is shut down


----------------------------------------
----------------------------------------
Timestamp: 4/13/2016 4:37:59 AM

Message: WorkerThread is shut down


----------------------------------------
----------------------------------------
Timestamp: 4/13/2016 4:37:59 AM

Message: WorkerThread is shut down


----------------------------------------
----------------------------------------
Timestamp: 4/13/2016 4:37:59 AM

Message: WorkerThread is shut down


----------------------------------------
----------------------------------------
Timestamp: 4/13/2016 4:37:59 AM

Message: Background task scheduler shut down


----------------------------------------
----------------------------------------
Timestamp: 4/13/2016 4:38:29 AM

Message: Shutting down threadpool...


----------------------------------------
----------------------------------------
Timestamp: 4/13/2016 4:38:29 AM

Message: Thread pool 'BackgroundTasksService': Shutdown of thread pool completed. Threads aborted.


----------------------------------------
