----------------------------------------
Timestamp: 7/25/2016 5:16:08 PM

Message: Shutting down threadpool...


----------------------------------------
----------------------------------------
Timestamp: 7/25/2016 5:16:08 PM

Message: Thread pool 'BackgroundTasksService': Shutdown of thread pool completed. All currently running threads will finish their work and stop.


----------------------------------------
----------------------------------------
Timestamp: 7/25/2016 5:16:08 PM

Message: WorkerThread is shut down


----------------------------------------
----------------------------------------
Timestamp: 7/25/2016 5:16:08 PM

Message: WorkerThread is shut down


----------------------------------------
----------------------------------------
Timestamp: 7/25/2016 5:16:08 PM

Message: WorkerThread is shut down


----------------------------------------
----------------------------------------
Timestamp: 7/25/2016 5:16:08 PM

Message: WorkerThread is shut down


----------------------------------------
----------------------------------------
Timestamp: 7/25/2016 5:16:08 PM

Message: Background task scheduler shut down


----------------------------------------
----------------------------------------
Timestamp: 7/25/2016 5:16:08 PM

Message: WorkerThread is shut down


----------------------------------------
----------------------------------------
Timestamp: 7/25/2016 5:16:08 PM

Message: WorkerThread is shut down


----------------------------------------
----------------------------------------
Timestamp: 7/25/2016 5:16:08 PM

Message: WorkerThread is shut down


----------------------------------------
----------------------------------------
Timestamp: 7/25/2016 5:16:08 PM

Message: WorkerThread is shut down


----------------------------------------
----------------------------------------
Timestamp: 7/25/2016 5:16:38 PM

Message: Shutting down threadpool...


----------------------------------------
----------------------------------------
Timestamp: 7/25/2016 5:16:38 PM

Message: Thread pool 'BackgroundTasksService': Shutdown of thread pool completed. Threads aborted.


----------------------------------------
