----------------------------------------
Timestamp: 11/3/2016 9:48:25 AM

Message: Shutting down threadpool...


----------------------------------------
----------------------------------------
Timestamp: 11/3/2016 9:48:25 AM

Message: Thread pool 'BackgroundTasksService': Shutdown of thread pool completed. All currently running threads will finish their work and stop.


----------------------------------------
----------------------------------------
Timestamp: 11/3/2016 9:48:26 AM

Message: WorkerThread is shut down


----------------------------------------
----------------------------------------
Timestamp: 11/3/2016 9:48:26 AM

Message: WorkerThread is shut down


----------------------------------------
----------------------------------------
Timestamp: 11/3/2016 9:48:26 AM

Message: WorkerThread is shut down


----------------------------------------
----------------------------------------
Timestamp: 11/3/2016 9:48:26 AM

Message: WorkerThread is shut down


----------------------------------------
----------------------------------------
Timestamp: 11/3/2016 9:48:26 AM

Message: WorkerThread is shut down


----------------------------------------
----------------------------------------
Timestamp: 11/3/2016 9:48:26 AM

Message: WorkerThread is shut down


----------------------------------------
----------------------------------------
Timestamp: 11/3/2016 9:48:26 AM

Message: Background task scheduler shut down


----------------------------------------
----------------------------------------
Timestamp: 11/3/2016 9:48:26 AM

Message: WorkerThread is shut down


----------------------------------------
----------------------------------------
Timestamp: 11/3/2016 9:48:26 AM

Message: WorkerThread is shut down


----------------------------------------
----------------------------------------
Timestamp: 11/3/2016 9:48:56 AM

Message: Shutting down threadpool...


----------------------------------------
----------------------------------------
Timestamp: 11/3/2016 9:48:56 AM

Message: Thread pool 'BackgroundTasksService': Shutdown of thread pool completed. Threads aborted.


----------------------------------------
