----------------------------------------
Timestamp: 7/6/2016 8:13:16 AM

Message: Error while executing the Task: Value cannot be null.
Parameter name: input, StackTrace:    at System.Guid.Parse(String input)
   at Telerik.Sitefinity.Services.Statistics.ReconcilerTask.ReconcileUserData()
   at Telerik.Sitefinity.Services.SystemManager.RunWithElevatedPrivilege(RunWithElevatedPrivilegeDelegate delegateToRun, Object[] parameters, String urlRequest)
   at Telerik.Sitefinity.Services.Statistics.ReconcilerTask.Run(IBackgroundTaskContext context)
   at Telerik.Sitefinity.BackgroundTasks.WorkerThread.Run(IBackgroundTaskContext context)


----------------------------------------
----------------------------------------
Timestamp: 7/6/2016 9:16:04 AM

Message: Shutting down threadpool...


----------------------------------------
----------------------------------------
Timestamp: 7/6/2016 9:16:04 AM

Message: Thread pool 'BackgroundTasksService': Shutdown of thread pool completed. All currently running threads will finish their work and stop.


----------------------------------------
----------------------------------------
Timestamp: 7/6/2016 9:16:04 AM

Message: WorkerThread is shut down


----------------------------------------
----------------------------------------
Timestamp: 7/6/2016 9:16:04 AM

Message: WorkerThread is shut down


----------------------------------------
----------------------------------------
Timestamp: 7/6/2016 9:16:04 AM

Message: WorkerThread is shut down


----------------------------------------
----------------------------------------
Timestamp: 7/6/2016 9:16:04 AM

Message: WorkerThread is shut down


----------------------------------------
----------------------------------------
Timestamp: 7/6/2016 9:16:04 AM

Message: WorkerThread is shut down


----------------------------------------
----------------------------------------
Timestamp: 7/6/2016 9:16:04 AM

Message: WorkerThread is shut down


----------------------------------------
----------------------------------------
Timestamp: 7/6/2016 9:16:04 AM

Message: WorkerThread is shut down


----------------------------------------
----------------------------------------
Timestamp: 7/6/2016 9:16:04 AM

Message: Background task scheduler shut down


----------------------------------------
----------------------------------------
Timestamp: 7/6/2016 9:16:04 AM

Message: WorkerThread is shut down


----------------------------------------
----------------------------------------
Timestamp: 7/6/2016 9:16:34 AM

Message: Shutting down threadpool...


----------------------------------------
----------------------------------------
Timestamp: 7/6/2016 9:16:34 AM

Message: Thread pool 'BackgroundTasksService': Shutdown of thread pool completed. Threads aborted.


----------------------------------------
