----------------------------------------
Timestamp: 2/22/2017 6:51:28 AM

Message: Shutting down threadpool...


----------------------------------------
----------------------------------------
Timestamp: 2/22/2017 6:51:28 AM

Message: Thread pool 'BackgroundTasksService': Shutdown of thread pool completed. All currently running threads will finish their work and stop.


----------------------------------------
----------------------------------------
Timestamp: 2/22/2017 6:51:28 AM

Message: WorkerThread is shut down


----------------------------------------
----------------------------------------
Timestamp: 2/22/2017 6:51:28 AM

Message: WorkerThread is shut down


----------------------------------------
----------------------------------------
Timestamp: 2/22/2017 6:51:28 AM

Message: WorkerThread is shut down


----------------------------------------
----------------------------------------
Timestamp: 2/22/2017 6:51:28 AM

Message: WorkerThread is shut down


----------------------------------------
----------------------------------------
Timestamp: 2/22/2017 6:51:28 AM

Message: WorkerThread is shut down


----------------------------------------
----------------------------------------
Timestamp: 2/22/2017 6:51:28 AM

Message: WorkerThread is shut down


----------------------------------------
----------------------------------------
Timestamp: 2/22/2017 6:51:28 AM

Message: WorkerThread is shut down


----------------------------------------
----------------------------------------
Timestamp: 2/22/2017 6:51:28 AM

Message: Background task scheduler shut down


----------------------------------------
----------------------------------------
Timestamp: 2/22/2017 6:51:28 AM

Message: WorkerThread is shut down


----------------------------------------
----------------------------------------
Timestamp: 2/22/2017 6:51:58 AM

Message: Shutting down threadpool...


----------------------------------------
----------------------------------------
Timestamp: 2/22/2017 6:51:58 AM

Message: Thread pool 'BackgroundTasksService': Shutdown of thread pool completed. Threads aborted.


----------------------------------------
