----------------------------------------
Timestamp: 2/11/2016 12:48:05 PM

Message: Shutting down threadpool...


----------------------------------------
----------------------------------------
Timestamp: 2/11/2016 12:48:05 PM

Message: Thread pool 'BackgroundTasksService': Shutdown of thread pool completed. All currently running threads will finish their work and stop.


----------------------------------------
----------------------------------------
Timestamp: 2/11/2016 12:48:06 PM

Message: WorkerThread is shut down


----------------------------------------
----------------------------------------
Timestamp: 2/11/2016 12:48:06 PM

Message: Background task scheduler shut down


----------------------------------------
----------------------------------------
Timestamp: 2/11/2016 12:48:06 PM

Message: WorkerThread is shut down


----------------------------------------
----------------------------------------
Timestamp: 2/11/2016 12:48:06 PM

Message: WorkerThread is shut down


----------------------------------------
----------------------------------------
Timestamp: 2/11/2016 12:48:06 PM

Message: WorkerThread is shut down


----------------------------------------
----------------------------------------
Timestamp: 2/11/2016 12:48:06 PM

Message: WorkerThread is shut down


----------------------------------------
----------------------------------------
Timestamp: 2/11/2016 12:48:06 PM

Message: WorkerThread is shut down


----------------------------------------
----------------------------------------
Timestamp: 2/11/2016 12:48:06 PM

Message: WorkerThread is shut down


----------------------------------------
----------------------------------------
Timestamp: 2/11/2016 12:48:06 PM

Message: WorkerThread is shut down


----------------------------------------
----------------------------------------
Timestamp: 2/11/2016 12:48:35 PM

Message: Shutting down threadpool...


----------------------------------------
----------------------------------------
Timestamp: 2/11/2016 12:48:35 PM

Message: Thread pool 'BackgroundTasksService': Shutdown of thread pool completed. Threads aborted.


----------------------------------------
