----------------------------------------
Timestamp: 9/2/2016 5:03:54 AM

Message: Shutting down threadpool...


----------------------------------------
----------------------------------------
Timestamp: 9/2/2016 5:03:54 AM

Message: Thread pool 'BackgroundTasksService': Shutdown of thread pool completed. All currently running threads will finish their work and stop.


----------------------------------------
----------------------------------------
Timestamp: 9/2/2016 5:03:54 AM

Message: WorkerThread is shut down


----------------------------------------
----------------------------------------
Timestamp: 9/2/2016 5:03:54 AM

Message: WorkerThread is shut down


----------------------------------------
----------------------------------------
Timestamp: 9/2/2016 5:03:54 AM

Message: WorkerThread is shut down


----------------------------------------
----------------------------------------
Timestamp: 9/2/2016 5:03:54 AM

Message: WorkerThread is shut down


----------------------------------------
----------------------------------------
Timestamp: 9/2/2016 5:03:54 AM

Message: WorkerThread is shut down


----------------------------------------
----------------------------------------
Timestamp: 9/2/2016 5:03:54 AM

Message: WorkerThread is shut down


----------------------------------------
----------------------------------------
Timestamp: 9/2/2016 5:03:54 AM

Message: WorkerThread is shut down


----------------------------------------
----------------------------------------
Timestamp: 9/2/2016 5:03:54 AM

Message: WorkerThread is shut down


----------------------------------------
----------------------------------------
Timestamp: 9/2/2016 5:03:54 AM

Message: Background task scheduler shut down


----------------------------------------
----------------------------------------
Timestamp: 9/2/2016 5:04:24 AM

Message: Shutting down threadpool...


----------------------------------------
----------------------------------------
Timestamp: 9/2/2016 5:04:24 AM

Message: Thread pool 'BackgroundTasksService': Shutdown of thread pool completed. Threads aborted.


----------------------------------------
----------------------------------------
Timestamp: 9/2/2016 6:09:01 PM

Message: Shutting down threadpool...


----------------------------------------
----------------------------------------
Timestamp: 9/2/2016 6:09:01 PM

Message: Thread pool 'BackgroundTasksService': Shutdown of thread pool completed. All currently running threads will finish their work and stop.


----------------------------------------
----------------------------------------
Timestamp: 9/2/2016 6:09:01 PM

Message: WorkerThread is shut down


----------------------------------------
----------------------------------------
Timestamp: 9/2/2016 6:09:01 PM

Message: WorkerThread is shut down


----------------------------------------
----------------------------------------
Timestamp: 9/2/2016 6:09:01 PM

Message: WorkerThread is shut down


----------------------------------------
----------------------------------------
Timestamp: 9/2/2016 6:09:01 PM

Message: WorkerThread is shut down


----------------------------------------
----------------------------------------
Timestamp: 9/2/2016 6:09:01 PM

Message: Background task scheduler shut down


----------------------------------------
----------------------------------------
Timestamp: 9/2/2016 6:09:01 PM

Message: WorkerThread is shut down


----------------------------------------
----------------------------------------
Timestamp: 9/2/2016 6:09:01 PM

Message: WorkerThread is shut down


----------------------------------------
----------------------------------------
Timestamp: 9/2/2016 6:09:01 PM

Message: WorkerThread is shut down


----------------------------------------
----------------------------------------
Timestamp: 9/2/2016 6:09:01 PM

Message: WorkerThread is shut down


----------------------------------------
----------------------------------------
Timestamp: 9/2/2016 6:09:31 PM

Message: Shutting down threadpool...


----------------------------------------
----------------------------------------
Timestamp: 9/2/2016 6:09:31 PM

Message: Thread pool 'BackgroundTasksService': Shutdown of thread pool completed. Threads aborted.


----------------------------------------
