----------------------------------------
Timestamp: 5/13/2016 12:15:53 AM

Message: Thread pool 'BackgroundTasksService': Shutdown of thread pool completed. All currently running threads will finish their work and stop.


----------------------------------------
----------------------------------------
Timestamp: 5/13/2016 12:15:53 AM

Message: WorkerThread is shut down


----------------------------------------
----------------------------------------
Timestamp: 5/13/2016 12:15:53 AM

Message: WorkerThread is shut down


----------------------------------------
----------------------------------------
Timestamp: 5/13/2016 12:15:53 AM

Message: WorkerThread is shut down


----------------------------------------
----------------------------------------
Timestamp: 5/13/2016 12:15:53 AM

Message: Background task scheduler shut down


----------------------------------------
----------------------------------------
Timestamp: 5/13/2016 12:15:53 AM

Message: WorkerThread is shut down


----------------------------------------
----------------------------------------
Timestamp: 5/13/2016 12:15:53 AM

Message: WorkerThread is shut down


----------------------------------------
----------------------------------------
Timestamp: 5/13/2016 12:15:53 AM

Message: WorkerThread is shut down


----------------------------------------
----------------------------------------
Timestamp: 5/13/2016 12:15:53 AM

Message: WorkerThread is shut down


----------------------------------------
----------------------------------------
Timestamp: 5/13/2016 12:15:53 AM

Message: WorkerThread is shut down


----------------------------------------
----------------------------------------
Timestamp: 5/13/2016 12:16:23 AM

Message: Shutting down threadpool...


----------------------------------------
----------------------------------------
Timestamp: 5/13/2016 12:16:23 AM

Message: Thread pool 'BackgroundTasksService': Shutdown of thread pool completed. Threads aborted.


----------------------------------------
----------------------------------------
Timestamp: 5/13/2016 8:30:57 AM

Message: Error while executing the Task: Value cannot be null.
Parameter name: input, StackTrace:    at System.Guid.Parse(String input)
   at Telerik.Sitefinity.Services.Statistics.ReconcilerTask.ReconcileUserData()
   at Telerik.Sitefinity.Services.SystemManager.RunWithElevatedPrivilege(RunWithElevatedPrivilegeDelegate delegateToRun, Object[] parameters, String urlRequest)
   at Telerik.Sitefinity.Services.Statistics.ReconcilerTask.Run(IBackgroundTaskContext context)
   at Telerik.Sitefinity.BackgroundTasks.WorkerThread.Run(IBackgroundTaskContext context)


----------------------------------------
----------------------------------------
Timestamp: 5/13/2016 10:42:50 AM

Message: Error while executing the Task: Value cannot be null.
Parameter name: input, StackTrace:    at System.Guid.Parse(String input)
   at Telerik.Sitefinity.Services.Statistics.ReconcilerTask.ReconcileUserData()
   at Telerik.Sitefinity.Services.SystemManager.RunWithElevatedPrivilege(RunWithElevatedPrivilegeDelegate delegateToRun, Object[] parameters, String urlRequest)
   at Telerik.Sitefinity.Services.Statistics.ReconcilerTask.Run(IBackgroundTaskContext context)
   at Telerik.Sitefinity.BackgroundTasks.WorkerThread.Run(IBackgroundTaskContext context)


----------------------------------------
