----------------------------------------
Timestamp: 8/14/2016 1:17:07 AM

Message: Shutting down threadpool...


----------------------------------------
----------------------------------------
Timestamp: 8/14/2016 1:17:07 AM

Message: Thread pool 'BackgroundTasksService': Shutdown of thread pool completed. All currently running threads will finish their work and stop.


----------------------------------------
----------------------------------------
Timestamp: 8/14/2016 1:17:07 AM

Message: WorkerThread is shut down


----------------------------------------
----------------------------------------
Timestamp: 8/14/2016 1:17:07 AM

Message: WorkerThread is shut down


----------------------------------------
----------------------------------------
Timestamp: 8/14/2016 1:17:07 AM

Message: WorkerThread is shut down


----------------------------------------
----------------------------------------
Timestamp: 8/14/2016 1:17:07 AM

Message: Background task scheduler shut down


----------------------------------------
----------------------------------------
Timestamp: 8/14/2016 1:17:07 AM

Message: WorkerThread is shut down


----------------------------------------
----------------------------------------
Timestamp: 8/14/2016 1:17:07 AM

Message: WorkerThread is shut down


----------------------------------------
----------------------------------------
Timestamp: 8/14/2016 1:17:07 AM

Message: WorkerThread is shut down


----------------------------------------
----------------------------------------
Timestamp: 8/14/2016 1:17:07 AM

Message: WorkerThread is shut down


----------------------------------------
----------------------------------------
Timestamp: 8/14/2016 1:17:07 AM

Message: WorkerThread is shut down


----------------------------------------
----------------------------------------
Timestamp: 8/14/2016 1:17:37 AM

Message: Shutting down threadpool...


----------------------------------------
----------------------------------------
Timestamp: 8/14/2016 1:17:37 AM

Message: Thread pool 'BackgroundTasksService': Shutdown of thread pool completed. Threads aborted.


----------------------------------------
