----------------------------------------
Timestamp: 8/20/2016 2:16:15 AM

Message: Shutting down threadpool...


----------------------------------------
----------------------------------------
Timestamp: 8/20/2016 2:16:15 AM

Message: Thread pool 'BackgroundTasksService': Shutdown of thread pool completed. All currently running threads will finish their work and stop.


----------------------------------------
----------------------------------------
Timestamp: 8/20/2016 2:16:15 AM

Message: WorkerThread is shut down


----------------------------------------
----------------------------------------
Timestamp: 8/20/2016 2:16:15 AM

Message: WorkerThread is shut down


----------------------------------------
----------------------------------------
Timestamp: 8/20/2016 2:16:15 AM

Message: WorkerThread is shut down


----------------------------------------
----------------------------------------
Timestamp: 8/20/2016 2:16:15 AM

Message: WorkerThread is shut down


----------------------------------------
----------------------------------------
Timestamp: 8/20/2016 2:16:15 AM

Message: WorkerThread is shut down


----------------------------------------
----------------------------------------
Timestamp: 8/20/2016 2:16:15 AM

Message: WorkerThread is shut down


----------------------------------------
----------------------------------------
Timestamp: 8/20/2016 2:16:15 AM

Message: WorkerThread is shut down


----------------------------------------
----------------------------------------
Timestamp: 8/20/2016 2:16:15 AM

Message: Background task scheduler shut down


----------------------------------------
----------------------------------------
Timestamp: 8/20/2016 2:16:15 AM

Message: WorkerThread is shut down


----------------------------------------
----------------------------------------
Timestamp: 8/20/2016 2:16:45 AM

Message: Shutting down threadpool...


----------------------------------------
----------------------------------------
Timestamp: 8/20/2016 2:16:45 AM

Message: Thread pool 'BackgroundTasksService': Shutdown of thread pool completed. Threads aborted.


----------------------------------------
