----------------------------------------
Timestamp: 6/15/2016 3:36:53 PM

Message: Error while executing the Task: Value cannot be null.
Parameter name: input, StackTrace:    at System.Guid.Parse(String input)
   at Telerik.Sitefinity.Services.Statistics.ReconcilerTask.ReconcileUserData()
   at Telerik.Sitefinity.Services.SystemManager.RunWithElevatedPrivilege(RunWithElevatedPrivilegeDelegate delegateToRun, Object[] parameters, String urlRequest)
   at Telerik.Sitefinity.Services.Statistics.ReconcilerTask.Run(IBackgroundTaskContext context)
   at Telerik.Sitefinity.BackgroundTasks.WorkerThread.Run(IBackgroundTaskContext context)


----------------------------------------
----------------------------------------
Timestamp: 6/15/2016 8:15:59 PM

Message: Shutting down threadpool...


----------------------------------------
----------------------------------------
Timestamp: 6/15/2016 8:15:59 PM

Message: Thread pool 'BackgroundTasksService': Shutdown of thread pool completed. All currently running threads will finish their work and stop.


----------------------------------------
----------------------------------------
Timestamp: 6/15/2016 8:15:59 PM

Message: WorkerThread is shut down


----------------------------------------
----------------------------------------
Timestamp: 6/15/2016 8:15:59 PM

Message: WorkerThread is shut down


----------------------------------------
----------------------------------------
Timestamp: 6/15/2016 8:15:59 PM

Message: WorkerThread is shut down


----------------------------------------
----------------------------------------
Timestamp: 6/15/2016 8:15:59 PM

Message: WorkerThread is shut down


----------------------------------------
----------------------------------------
Timestamp: 6/15/2016 8:15:59 PM

Message: WorkerThread is shut down


----------------------------------------
----------------------------------------
Timestamp: 6/15/2016 8:15:59 PM

Message: Background task scheduler shut down


----------------------------------------
----------------------------------------
Timestamp: 6/15/2016 8:15:59 PM

Message: WorkerThread is shut down


----------------------------------------
----------------------------------------
Timestamp: 6/15/2016 8:15:59 PM

Message: WorkerThread is shut down


----------------------------------------
----------------------------------------
Timestamp: 6/15/2016 8:15:59 PM

Message: WorkerThread is shut down


----------------------------------------
----------------------------------------
Timestamp: 6/15/2016 8:16:29 PM

Message: Shutting down threadpool...


----------------------------------------
----------------------------------------
Timestamp: 6/15/2016 8:16:29 PM

Message: Thread pool 'BackgroundTasksService': Shutdown of thread pool completed. Threads aborted.


----------------------------------------
