----------------------------------------
Timestamp: 5/31/2016 3:15:56 AM

Message: Shutting down threadpool...


----------------------------------------
----------------------------------------
Timestamp: 5/31/2016 3:15:56 AM

Message: Thread pool 'BackgroundTasksService': Shutdown of thread pool completed. All currently running threads will finish their work and stop.


----------------------------------------
----------------------------------------
Timestamp: 5/31/2016 3:15:56 AM

Message: WorkerThread is shut down


----------------------------------------
----------------------------------------
Timestamp: 5/31/2016 3:15:56 AM

Message: WorkerThread is shut down


----------------------------------------
----------------------------------------
Timestamp: 5/31/2016 3:15:56 AM

Message: WorkerThread is shut down


----------------------------------------
----------------------------------------
Timestamp: 5/31/2016 3:15:56 AM

Message: WorkerThread is shut down


----------------------------------------
----------------------------------------
Timestamp: 5/31/2016 3:15:56 AM

Message: Background task scheduler shut down


----------------------------------------
----------------------------------------
Timestamp: 5/31/2016 3:15:56 AM

Message: WorkerThread is shut down


----------------------------------------
----------------------------------------
Timestamp: 5/31/2016 3:15:56 AM

Message: WorkerThread is shut down


----------------------------------------
----------------------------------------
Timestamp: 5/31/2016 3:15:56 AM

Message: WorkerThread is shut down


----------------------------------------
----------------------------------------
Timestamp: 5/31/2016 3:15:56 AM

Message: WorkerThread is shut down


----------------------------------------
----------------------------------------
Timestamp: 5/31/2016 3:16:26 AM

Message: Shutting down threadpool...


----------------------------------------
----------------------------------------
Timestamp: 5/31/2016 3:16:26 AM

Message: Thread pool 'BackgroundTasksService': Shutdown of thread pool completed. Threads aborted.


----------------------------------------
