----------------------------------------
Timestamp: 6/27/2016 12:12:27 PM

Message: Error while executing the Task: Value cannot be null.
Parameter name: input, StackTrace:    at System.Guid.Parse(String input)
   at Telerik.Sitefinity.Services.Statistics.ReconcilerTask.ReconcileUserData()
   at Telerik.Sitefinity.Services.SystemManager.RunWithElevatedPrivilege(RunWithElevatedPrivilegeDelegate delegateToRun, Object[] parameters, String urlRequest)
   at Telerik.Sitefinity.Services.Statistics.ReconcilerTask.Run(IBackgroundTaskContext context)
   at Telerik.Sitefinity.BackgroundTasks.WorkerThread.Run(IBackgroundTaskContext context)


----------------------------------------
----------------------------------------
Timestamp: 6/27/2016 9:36:25 PM

Message: Shutting down threadpool...


----------------------------------------
----------------------------------------
Timestamp: 6/27/2016 9:36:25 PM

Message: Thread pool 'BackgroundTasksService': Shutdown of thread pool completed. All currently running threads will finish their work and stop.


----------------------------------------
----------------------------------------
Timestamp: 6/27/2016 9:36:26 PM

Message: WorkerThread is shut down


----------------------------------------
----------------------------------------
Timestamp: 6/27/2016 9:36:26 PM

Message: WorkerThread is shut down


----------------------------------------
----------------------------------------
Timestamp: 6/27/2016 9:36:26 PM

Message: WorkerThread is shut down


----------------------------------------
----------------------------------------
Timestamp: 6/27/2016 9:36:26 PM

Message: WorkerThread is shut down


----------------------------------------
----------------------------------------
Timestamp: 6/27/2016 9:36:26 PM

Message: WorkerThread is shut down


----------------------------------------
----------------------------------------
Timestamp: 6/27/2016 9:36:26 PM

Message: WorkerThread is shut down


----------------------------------------
----------------------------------------
Timestamp: 6/27/2016 9:36:26 PM

Message: WorkerThread is shut down


----------------------------------------
----------------------------------------
Timestamp: 6/27/2016 9:36:26 PM

Message: WorkerThread is shut down


----------------------------------------
----------------------------------------
Timestamp: 6/27/2016 9:36:26 PM

Message: Background task scheduler shut down


----------------------------------------
----------------------------------------
Timestamp: 6/27/2016 9:36:55 PM

Message: Shutting down threadpool...


----------------------------------------
----------------------------------------
Timestamp: 6/27/2016 9:36:55 PM

Message: Thread pool 'BackgroundTasksService': Shutdown of thread pool completed. Threads aborted.


----------------------------------------
----------------------------------------
Timestamp: 6/27/2016 10:16:01 PM

Message: Shutting down threadpool...


----------------------------------------
----------------------------------------
Timestamp: 6/27/2016 10:16:01 PM

Message: Thread pool 'BackgroundTasksService': Shutdown of thread pool completed. All currently running threads will finish their work and stop.


----------------------------------------
----------------------------------------
Timestamp: 6/27/2016 10:16:02 PM

Message: WorkerThread is shut down


----------------------------------------
----------------------------------------
Timestamp: 6/27/2016 10:16:02 PM

Message: WorkerThread is shut down


----------------------------------------
----------------------------------------
Timestamp: 6/27/2016 10:16:02 PM

Message: WorkerThread is shut down


----------------------------------------
----------------------------------------
Timestamp: 6/27/2016 10:16:02 PM

Message: Background task scheduler shut down


----------------------------------------
----------------------------------------
Timestamp: 6/27/2016 10:16:02 PM

Message: WorkerThread is shut down


----------------------------------------
----------------------------------------
Timestamp: 6/27/2016 10:16:02 PM

Message: WorkerThread is shut down


----------------------------------------
----------------------------------------
Timestamp: 6/27/2016 10:16:02 PM

Message: WorkerThread is shut down


----------------------------------------
----------------------------------------
Timestamp: 6/27/2016 10:16:02 PM

Message: WorkerThread is shut down


----------------------------------------
----------------------------------------
Timestamp: 6/27/2016 10:16:02 PM

Message: WorkerThread is shut down


----------------------------------------
----------------------------------------
Timestamp: 6/27/2016 10:16:31 PM

Message: Shutting down threadpool...


----------------------------------------
----------------------------------------
Timestamp: 6/27/2016 10:16:31 PM

Message: Thread pool 'BackgroundTasksService': Shutdown of thread pool completed. Threads aborted.


----------------------------------------
----------------------------------------
Timestamp: 6/28/2016 12:03:44 PM

Message: Error while executing the Task: Value cannot be null.
Parameter name: input, StackTrace:    at System.Guid.Parse(String input)
   at Telerik.Sitefinity.Services.Statistics.ReconcilerTask.ReconcileUserData()
   at Telerik.Sitefinity.Services.SystemManager.RunWithElevatedPrivilege(RunWithElevatedPrivilegeDelegate delegateToRun, Object[] parameters, String urlRequest)
   at Telerik.Sitefinity.Services.Statistics.ReconcilerTask.Run(IBackgroundTaskContext context)
   at Telerik.Sitefinity.BackgroundTasks.WorkerThread.Run(IBackgroundTaskContext context)


----------------------------------------
