----------------------------------------
Timestamp: 10/7/2016 7:48:18 PM

Message: Background task scheduler shut down


----------------------------------------
----------------------------------------
Timestamp: 10/7/2016 7:48:18 PM

Message: Shutting down threadpool...


----------------------------------------
----------------------------------------
Timestamp: 10/7/2016 7:48:18 PM

Message: Thread pool 'BackgroundTasksService': Shutdown of thread pool completed. All currently running threads will finish their work and stop.


----------------------------------------
----------------------------------------
Timestamp: 10/7/2016 7:48:18 PM

Message: WorkerThread is shut down


----------------------------------------
----------------------------------------
Timestamp: 10/7/2016 7:48:18 PM

Message: WorkerThread is shut down


----------------------------------------
----------------------------------------
Timestamp: 10/7/2016 7:48:18 PM

Message: WorkerThread is shut down


----------------------------------------
----------------------------------------
Timestamp: 10/7/2016 7:48:18 PM

Message: WorkerThread is shut down


----------------------------------------
----------------------------------------
Timestamp: 10/7/2016 7:48:18 PM

Message: WorkerThread is shut down


----------------------------------------
----------------------------------------
Timestamp: 10/7/2016 7:48:18 PM

Message: WorkerThread is shut down


----------------------------------------
----------------------------------------
Timestamp: 10/7/2016 7:48:18 PM

Message: WorkerThread is shut down


----------------------------------------
----------------------------------------
Timestamp: 10/7/2016 7:48:18 PM

Message: WorkerThread is shut down


----------------------------------------
----------------------------------------
Timestamp: 10/7/2016 7:48:48 PM

Message: Shutting down threadpool...


----------------------------------------
----------------------------------------
Timestamp: 10/7/2016 7:48:48 PM

Message: Thread pool 'BackgroundTasksService': Shutdown of thread pool completed. Threads aborted.


----------------------------------------
