----------------------------------------
Timestamp: 11/8/2016 5:48:24 AM

Message: Shutting down threadpool...


----------------------------------------
----------------------------------------
Timestamp: 11/8/2016 5:48:24 AM

Message: Thread pool 'BackgroundTasksService': Shutdown of thread pool completed. All currently running threads will finish their work and stop.


----------------------------------------
----------------------------------------
Timestamp: 11/8/2016 5:48:24 AM

Message: WorkerThread is shut down


----------------------------------------
----------------------------------------
Timestamp: 11/8/2016 5:48:24 AM

Message: WorkerThread is shut down


----------------------------------------
----------------------------------------
Timestamp: 11/8/2016 5:48:24 AM

Message: WorkerThread is shut down


----------------------------------------
----------------------------------------
Timestamp: 11/8/2016 5:48:24 AM

Message: WorkerThread is shut down


----------------------------------------
----------------------------------------
Timestamp: 11/8/2016 5:48:24 AM

Message: Background task scheduler shut down


----------------------------------------
----------------------------------------
Timestamp: 11/8/2016 5:48:24 AM

Message: WorkerThread is shut down


----------------------------------------
----------------------------------------
Timestamp: 11/8/2016 5:48:24 AM

Message: WorkerThread is shut down


----------------------------------------
----------------------------------------
Timestamp: 11/8/2016 5:48:24 AM

Message: WorkerThread is shut down


----------------------------------------
----------------------------------------
Timestamp: 11/8/2016 5:48:24 AM

Message: WorkerThread is shut down


----------------------------------------
----------------------------------------
Timestamp: 11/8/2016 5:48:54 AM

Message: Shutting down threadpool...


----------------------------------------
----------------------------------------
Timestamp: 11/8/2016 5:48:54 AM

Message: Thread pool 'BackgroundTasksService': Shutdown of thread pool completed. Threads aborted.


----------------------------------------
