----------------------------------------
Timestamp: 4/24/2016 1:38:00 AM

Message: Shutting down threadpool...


----------------------------------------
----------------------------------------
Timestamp: 4/24/2016 1:38:00 AM

Message: Thread pool 'BackgroundTasksService': Shutdown of thread pool completed. All currently running threads will finish their work and stop.


----------------------------------------
----------------------------------------
Timestamp: 4/24/2016 1:38:00 AM

Message: WorkerThread is shut down


----------------------------------------
----------------------------------------
Timestamp: 4/24/2016 1:38:00 AM

Message: WorkerThread is shut down


----------------------------------------
----------------------------------------
Timestamp: 4/24/2016 1:38:00 AM

Message: Background task scheduler shut down


----------------------------------------
----------------------------------------
Timestamp: 4/24/2016 1:38:00 AM

Message: WorkerThread is shut down


----------------------------------------
----------------------------------------
Timestamp: 4/24/2016 1:38:00 AM

Message: WorkerThread is shut down


----------------------------------------
----------------------------------------
Timestamp: 4/24/2016 1:38:00 AM

Message: WorkerThread is shut down


----------------------------------------
----------------------------------------
Timestamp: 4/24/2016 1:38:00 AM

Message: WorkerThread is shut down


----------------------------------------
----------------------------------------
Timestamp: 4/24/2016 1:38:00 AM

Message: WorkerThread is shut down


----------------------------------------
----------------------------------------
Timestamp: 4/24/2016 1:38:00 AM

Message: WorkerThread is shut down


----------------------------------------
----------------------------------------
Timestamp: 4/24/2016 1:38:30 AM

Message: Shutting down threadpool...


----------------------------------------
----------------------------------------
Timestamp: 4/24/2016 1:38:30 AM

Message: Thread pool 'BackgroundTasksService': Shutdown of thread pool completed. Threads aborted.


----------------------------------------
