----------------------------------------
Timestamp: 3/23/2016 3:38:03 PM

Message: Shutting down threadpool...


----------------------------------------
----------------------------------------
Timestamp: 3/23/2016 3:38:03 PM

Message: Thread pool 'BackgroundTasksService': Shutdown of thread pool completed. All currently running threads will finish their work and stop.


----------------------------------------
----------------------------------------
Timestamp: 3/23/2016 3:38:03 PM

Message: WorkerThread is shut down


----------------------------------------
----------------------------------------
Timestamp: 3/23/2016 3:38:03 PM

Message: WorkerThread is shut down


----------------------------------------
----------------------------------------
Timestamp: 3/23/2016 3:38:03 PM

Message: WorkerThread is shut down


----------------------------------------
----------------------------------------
Timestamp: 3/23/2016 3:38:03 PM

Message: WorkerThread is shut down


----------------------------------------
----------------------------------------
Timestamp: 3/23/2016 3:38:03 PM

Message: WorkerThread is shut down


----------------------------------------
----------------------------------------
Timestamp: 3/23/2016 3:38:03 PM

Message: WorkerThread is shut down


----------------------------------------
----------------------------------------
Timestamp: 3/23/2016 3:38:03 PM

Message: Background task scheduler shut down


----------------------------------------
----------------------------------------
Timestamp: 3/23/2016 3:38:03 PM

Message: WorkerThread is shut down


----------------------------------------
----------------------------------------
Timestamp: 3/23/2016 3:38:03 PM

Message: WorkerThread is shut down


----------------------------------------
----------------------------------------
Timestamp: 3/23/2016 3:38:33 PM

Message: Shutting down threadpool...


----------------------------------------
----------------------------------------
Timestamp: 3/23/2016 3:38:33 PM

Message: Thread pool 'BackgroundTasksService': Shutdown of thread pool completed. Threads aborted.


----------------------------------------
