----------------------------------------
Timestamp: 2/4/2017 3:51:23 AM

Message: Shutting down threadpool...


----------------------------------------
----------------------------------------
Timestamp: 2/4/2017 3:51:23 AM

Message: Thread pool 'BackgroundTasksService': Shutdown of thread pool completed. All currently running threads will finish their work and stop.


----------------------------------------
----------------------------------------
Timestamp: 2/4/2017 3:51:23 AM

Message: WorkerThread is shut down


----------------------------------------
----------------------------------------
Timestamp: 2/4/2017 3:51:23 AM

Message: WorkerThread is shut down


----------------------------------------
----------------------------------------
Timestamp: 2/4/2017 3:51:23 AM

Message: WorkerThread is shut down


----------------------------------------
----------------------------------------
Timestamp: 2/4/2017 3:51:23 AM

Message: Background task scheduler shut down


----------------------------------------
----------------------------------------
Timestamp: 2/4/2017 3:51:23 AM

Message: WorkerThread is shut down


----------------------------------------
----------------------------------------
Timestamp: 2/4/2017 3:51:23 AM

Message: WorkerThread is shut down


----------------------------------------
----------------------------------------
Timestamp: 2/4/2017 3:51:23 AM

Message: WorkerThread is shut down


----------------------------------------
----------------------------------------
Timestamp: 2/4/2017 3:51:23 AM

Message: WorkerThread is shut down


----------------------------------------
----------------------------------------
Timestamp: 2/4/2017 3:51:23 AM

Message: WorkerThread is shut down


----------------------------------------
----------------------------------------
Timestamp: 2/4/2017 3:51:53 AM

Message: Shutting down threadpool...


----------------------------------------
----------------------------------------
Timestamp: 2/4/2017 3:51:53 AM

Message: Thread pool 'BackgroundTasksService': Shutdown of thread pool completed. Threads aborted.


----------------------------------------
