----------------------------------------
Timestamp: 2/20/2016 2:54:58 AM

Message: Shutting down threadpool...


----------------------------------------
----------------------------------------
Timestamp: 2/20/2016 2:54:58 AM

Message: Thread pool 'BackgroundTasksService': Shutdown of thread pool completed. All currently running threads will finish their work and stop.


----------------------------------------
----------------------------------------
Timestamp: 2/20/2016 2:54:58 AM

Message: WorkerThread is shut down


----------------------------------------
----------------------------------------
Timestamp: 2/20/2016 2:54:58 AM

Message: WorkerThread is shut down


----------------------------------------
----------------------------------------
Timestamp: 2/20/2016 2:54:58 AM

Message: WorkerThread is shut down


----------------------------------------
----------------------------------------
Timestamp: 2/20/2016 2:54:58 AM

Message: Background task scheduler shut down


----------------------------------------
----------------------------------------
Timestamp: 2/20/2016 2:54:58 AM

Message: WorkerThread is shut down


----------------------------------------
----------------------------------------
Timestamp: 2/20/2016 2:54:58 AM

Message: WorkerThread is shut down


----------------------------------------
----------------------------------------
Timestamp: 2/20/2016 2:54:58 AM

Message: WorkerThread is shut down


----------------------------------------
----------------------------------------
Timestamp: 2/20/2016 2:54:58 AM

Message: WorkerThread is shut down


----------------------------------------
----------------------------------------
Timestamp: 2/20/2016 2:54:58 AM

Message: WorkerThread is shut down


----------------------------------------
----------------------------------------
Timestamp: 2/20/2016 2:55:28 AM

Message: Shutting down threadpool...


----------------------------------------
----------------------------------------
Timestamp: 2/20/2016 2:55:28 AM

Message: Thread pool 'BackgroundTasksService': Shutdown of thread pool completed. Threads aborted.


----------------------------------------
