----------------------------------------
Timestamp: 6/13/2016 8:51:59 PM

Message: Shutting down threadpool...


----------------------------------------
----------------------------------------
Timestamp: 6/13/2016 8:51:59 PM

Message: Thread pool 'BackgroundTasksService': Shutdown of thread pool completed. All currently running threads will finish their work and stop.


----------------------------------------
----------------------------------------
Timestamp: 6/13/2016 8:51:59 PM

Message: WorkerThread is shut down


----------------------------------------
----------------------------------------
Timestamp: 6/13/2016 8:51:59 PM

Message: WorkerThread is shut down


----------------------------------------
----------------------------------------
Timestamp: 6/13/2016 8:51:59 PM

Message: WorkerThread is shut down


----------------------------------------
----------------------------------------
Timestamp: 6/13/2016 8:51:59 PM

Message: WorkerThread is shut down


----------------------------------------
----------------------------------------
Timestamp: 6/13/2016 8:51:59 PM

Message: WorkerThread is shut down


----------------------------------------
----------------------------------------
Timestamp: 6/13/2016 8:51:59 PM

Message: WorkerThread is shut down


----------------------------------------
----------------------------------------
Timestamp: 6/13/2016 8:51:59 PM

Message: WorkerThread is shut down


----------------------------------------
----------------------------------------
Timestamp: 6/13/2016 8:51:59 PM

Message: Background task scheduler shut down


----------------------------------------
----------------------------------------
Timestamp: 6/13/2016 8:51:59 PM

Message: WorkerThread is shut down


----------------------------------------
----------------------------------------
Timestamp: 6/13/2016 8:52:29 PM

Message: Shutting down threadpool...


----------------------------------------
----------------------------------------
Timestamp: 6/13/2016 8:52:29 PM

Message: Thread pool 'BackgroundTasksService': Shutdown of thread pool completed. Threads aborted.


----------------------------------------
----------------------------------------
Timestamp: 6/14/2016 3:15:59 PM

Message: Shutting down threadpool...


----------------------------------------
----------------------------------------
Timestamp: 6/14/2016 3:15:59 PM

Message: Thread pool 'BackgroundTasksService': Shutdown of thread pool completed. All currently running threads will finish their work and stop.


----------------------------------------
----------------------------------------
Timestamp: 6/14/2016 3:15:59 PM

Message: Background task scheduler shut down


----------------------------------------
----------------------------------------
Timestamp: 6/14/2016 3:15:59 PM

Message: WorkerThread is shut down


----------------------------------------
----------------------------------------
Timestamp: 6/14/2016 3:15:59 PM

Message: WorkerThread is shut down


----------------------------------------
----------------------------------------
Timestamp: 6/14/2016 3:15:59 PM

Message: WorkerThread is shut down


----------------------------------------
----------------------------------------
Timestamp: 6/14/2016 3:15:59 PM

Message: WorkerThread is shut down


----------------------------------------
----------------------------------------
Timestamp: 6/14/2016 3:15:59 PM

Message: WorkerThread is shut down


----------------------------------------
----------------------------------------
Timestamp: 6/14/2016 3:15:59 PM

Message: WorkerThread is shut down


----------------------------------------
----------------------------------------
Timestamp: 6/14/2016 3:15:59 PM

Message: WorkerThread is shut down


----------------------------------------
----------------------------------------
Timestamp: 6/14/2016 3:15:59 PM

Message: WorkerThread is shut down


----------------------------------------
----------------------------------------
Timestamp: 6/14/2016 3:16:29 PM

Message: Shutting down threadpool...


----------------------------------------
----------------------------------------
Timestamp: 6/14/2016 3:16:29 PM

Message: Thread pool 'BackgroundTasksService': Shutdown of thread pool completed. Threads aborted.


----------------------------------------
