----------------------------------------
Timestamp: 11/17/2015 4:25:38 PM

Message: Shutting down threadpool...


----------------------------------------
----------------------------------------
Timestamp: 11/17/2015 4:25:38 PM

Message: Thread pool 'BackgroundTasksService': Shutdown of thread pool completed. All currently running threads will finish their work and stop.


----------------------------------------
----------------------------------------
Timestamp: 11/17/2015 4:25:39 PM

Message: Background task scheduler shut down


----------------------------------------
----------------------------------------
Timestamp: 11/17/2015 4:25:39 PM

Message: WorkerThread is shut down


----------------------------------------
----------------------------------------
Timestamp: 11/17/2015 4:25:39 PM

Message: WorkerThread is shut down


----------------------------------------
----------------------------------------
Timestamp: 11/17/2015 4:25:39 PM

Message: WorkerThread is shut down


----------------------------------------
----------------------------------------
Timestamp: 11/17/2015 4:25:39 PM

Message: WorkerThread is shut down


----------------------------------------
----------------------------------------
Timestamp: 11/17/2015 4:26:08 PM

Message: Shutting down threadpool...


----------------------------------------
----------------------------------------
Timestamp: 11/17/2015 4:26:08 PM

Message: Thread pool 'BackgroundTasksService': Shutdown of thread pool completed. Threads aborted.


----------------------------------------
----------------------------------------
Timestamp: 11/17/2015 4:30:04 PM

Message: Shutting down threadpool...


----------------------------------------
----------------------------------------
Timestamp: 11/17/2015 4:30:04 PM

Message: Thread pool 'BackgroundTasksService': Shutdown of thread pool completed. All currently running threads will finish their work and stop.


----------------------------------------
----------------------------------------
Timestamp: 11/17/2015 4:30:05 PM

Message: WorkerThread is shut down


----------------------------------------
----------------------------------------
Timestamp: 11/17/2015 4:30:05 PM

Message: Background task scheduler shut down


----------------------------------------
----------------------------------------
Timestamp: 11/17/2015 4:30:05 PM

Message: WorkerThread is shut down


----------------------------------------
----------------------------------------
Timestamp: 11/17/2015 4:30:05 PM

Message: WorkerThread is shut down


----------------------------------------
----------------------------------------
Timestamp: 11/17/2015 4:30:05 PM

Message: WorkerThread is shut down


----------------------------------------
----------------------------------------
Timestamp: 11/17/2015 4:30:34 PM

Message: Shutting down threadpool...


----------------------------------------
----------------------------------------
Timestamp: 11/17/2015 4:30:34 PM

Message: Thread pool 'BackgroundTasksService': Shutdown of thread pool completed. Threads aborted.


----------------------------------------
