----------------------------------------
Timestamp: 9/28/2016 5:40:54 PM

Message: Shutting down threadpool...


----------------------------------------
----------------------------------------
Timestamp: 9/28/2016 5:40:54 PM

Message: Thread pool 'BackgroundTasksService': Shutdown of thread pool completed. All currently running threads will finish their work and stop.


----------------------------------------
----------------------------------------
Timestamp: 9/28/2016 5:40:54 PM

Message: WorkerThread is shut down


----------------------------------------
----------------------------------------
Timestamp: 9/28/2016 5:40:54 PM

Message: WorkerThread is shut down


----------------------------------------
----------------------------------------
Timestamp: 9/28/2016 5:40:54 PM

Message: WorkerThread is shut down


----------------------------------------
----------------------------------------
Timestamp: 9/28/2016 5:40:54 PM

Message: WorkerThread is shut down


----------------------------------------
----------------------------------------
Timestamp: 9/28/2016 5:40:54 PM

Message: WorkerThread is shut down


----------------------------------------
----------------------------------------
Timestamp: 9/28/2016 5:40:54 PM

Message: WorkerThread is shut down


----------------------------------------
----------------------------------------
Timestamp: 9/28/2016 5:40:54 PM

Message: Background task scheduler shut down


----------------------------------------
----------------------------------------
Timestamp: 9/28/2016 5:40:54 PM

Message: WorkerThread is shut down


----------------------------------------
----------------------------------------
Timestamp: 9/28/2016 5:40:54 PM

Message: WorkerThread is shut down


----------------------------------------
----------------------------------------
Timestamp: 9/28/2016 5:41:24 PM

Message: Shutting down threadpool...


----------------------------------------
----------------------------------------
Timestamp: 9/28/2016 5:41:24 PM

Message: Thread pool 'BackgroundTasksService': Shutdown of thread pool completed. Threads aborted.


----------------------------------------
