----------------------------------------
Timestamp: 1/5/2016 7:43:54 PM

Message: Shutting down threadpool...


----------------------------------------
----------------------------------------
Timestamp: 1/5/2016 7:43:54 PM

Message: Thread pool 'BackgroundTasksService': Shutdown of thread pool completed. All currently running threads will finish their work and stop.


----------------------------------------
----------------------------------------
Timestamp: 1/5/2016 7:43:54 PM

Message: Background task scheduler shut down


----------------------------------------
----------------------------------------
Timestamp: 1/5/2016 7:43:54 PM

Message: WorkerThread is shut down


----------------------------------------
----------------------------------------
Timestamp: 1/5/2016 7:43:54 PM

Message: WorkerThread is shut down


----------------------------------------
----------------------------------------
Timestamp: 1/5/2016 7:43:54 PM

Message: WorkerThread is shut down


----------------------------------------
----------------------------------------
Timestamp: 1/5/2016 7:43:54 PM

Message: WorkerThread is shut down


----------------------------------------
----------------------------------------
Timestamp: 1/5/2016 7:43:54 PM

Message: WorkerThread is shut down


----------------------------------------
----------------------------------------
Timestamp: 1/5/2016 7:43:54 PM

Message: WorkerThread is shut down


----------------------------------------
----------------------------------------
Timestamp: 1/5/2016 7:43:54 PM

Message: WorkerThread is shut down


----------------------------------------
----------------------------------------
Timestamp: 1/5/2016 7:43:54 PM

Message: WorkerThread is shut down


----------------------------------------
----------------------------------------
Timestamp: 1/5/2016 7:44:24 PM

Message: Shutting down threadpool...


----------------------------------------
----------------------------------------
Timestamp: 1/5/2016 7:44:24 PM

Message: Thread pool 'BackgroundTasksService': Shutdown of thread pool completed. Threads aborted.


----------------------------------------
----------------------------------------
Timestamp: 1/5/2016 9:23:32 PM

Message: Shutting down threadpool...


----------------------------------------
----------------------------------------
Timestamp: 1/5/2016 9:23:32 PM

Message: Thread pool 'BackgroundTasksService': Shutdown of thread pool completed. All currently running threads will finish their work and stop.


----------------------------------------
----------------------------------------
Timestamp: 1/5/2016 9:23:32 PM

Message: WorkerThread is shut down


----------------------------------------
----------------------------------------
Timestamp: 1/5/2016 9:23:32 PM

Message: Background task scheduler shut down


----------------------------------------
----------------------------------------
Timestamp: 1/5/2016 9:23:32 PM

Message: WorkerThread is shut down


----------------------------------------
----------------------------------------
Timestamp: 1/5/2016 9:23:32 PM

Message: WorkerThread is shut down


----------------------------------------
----------------------------------------
Timestamp: 1/5/2016 9:23:32 PM

Message: WorkerThread is shut down


----------------------------------------
----------------------------------------
Timestamp: 1/5/2016 9:23:32 PM

Message: WorkerThread is shut down


----------------------------------------
----------------------------------------
Timestamp: 1/5/2016 9:23:32 PM

Message: WorkerThread is shut down


----------------------------------------
----------------------------------------
Timestamp: 1/5/2016 9:23:32 PM

Message: WorkerThread is shut down


----------------------------------------
----------------------------------------
Timestamp: 1/5/2016 9:23:32 PM

Message: WorkerThread is shut down


----------------------------------------
----------------------------------------
Timestamp: 1/5/2016 9:24:02 PM

Message: Shutting down threadpool...


----------------------------------------
----------------------------------------
Timestamp: 1/5/2016 9:24:02 PM

Message: Thread pool 'BackgroundTasksService': Shutdown of thread pool completed. Threads aborted.


----------------------------------------
----------------------------------------
Timestamp: 1/5/2016 9:54:18 PM

Message: Error while executing the Task: Value cannot be null.
Parameter name: input, StackTrace:    at System.Guid.Parse(String input)
   at Telerik.Sitefinity.Services.Statistics.ReconcilerTask.ReconcileUserData()
   at Telerik.Sitefinity.Services.SystemManager.RunWithElevatedPrivilege(RunWithElevatedPrivilegeDelegate delegateToRun, Object[] parameters, String urlRequest)
   at Telerik.Sitefinity.Services.Statistics.ReconcilerTask.Run(IBackgroundTaskContext context)
   at Telerik.Sitefinity.BackgroundTasks.WorkerThread.Run(IBackgroundTaskContext context)


----------------------------------------
