----------------------------------------
Timestamp: 5/28/2016 5:15:56 PM

Message: Shutting down threadpool...


----------------------------------------
----------------------------------------
Timestamp: 5/28/2016 5:15:56 PM

Message: Thread pool 'BackgroundTasksService': Shutdown of thread pool completed. All currently running threads will finish their work and stop.


----------------------------------------
----------------------------------------
Timestamp: 5/28/2016 5:15:56 PM

Message: WorkerThread is shut down


----------------------------------------
----------------------------------------
Timestamp: 5/28/2016 5:15:56 PM

Message: WorkerThread is shut down


----------------------------------------
----------------------------------------
Timestamp: 5/28/2016 5:15:56 PM

Message: WorkerThread is shut down


----------------------------------------
----------------------------------------
Timestamp: 5/28/2016 5:15:56 PM

Message: WorkerThread is shut down


----------------------------------------
----------------------------------------
Timestamp: 5/28/2016 5:15:56 PM

Message: Background task scheduler shut down


----------------------------------------
----------------------------------------
Timestamp: 5/28/2016 5:15:56 PM

Message: WorkerThread is shut down


----------------------------------------
----------------------------------------
Timestamp: 5/28/2016 5:15:56 PM

Message: WorkerThread is shut down


----------------------------------------
----------------------------------------
Timestamp: 5/28/2016 5:15:56 PM

Message: WorkerThread is shut down


----------------------------------------
----------------------------------------
Timestamp: 5/28/2016 5:15:56 PM

Message: WorkerThread is shut down


----------------------------------------
----------------------------------------
Timestamp: 5/28/2016 5:16:26 PM

Message: Shutting down threadpool...


----------------------------------------
----------------------------------------
Timestamp: 5/28/2016 5:16:26 PM

Message: Thread pool 'BackgroundTasksService': Shutdown of thread pool completed. Threads aborted.


----------------------------------------
