----------------------------------------
Timestamp: 1/8/2016 7:23:03 AM

Message: Shutting down threadpool...


----------------------------------------
----------------------------------------
Timestamp: 1/8/2016 7:23:03 AM

Message: Thread pool 'BackgroundTasksService': Shutdown of thread pool completed. All currently running threads will finish their work and stop.


----------------------------------------
----------------------------------------
Timestamp: 1/8/2016 7:23:03 AM

Message: WorkerThread is shut down


----------------------------------------
----------------------------------------
Timestamp: 1/8/2016 7:23:03 AM

Message: WorkerThread is shut down


----------------------------------------
----------------------------------------
Timestamp: 1/8/2016 7:23:03 AM

Message: Background task scheduler shut down


----------------------------------------
----------------------------------------
Timestamp: 1/8/2016 7:23:03 AM

Message: WorkerThread is shut down


----------------------------------------
----------------------------------------
Timestamp: 1/8/2016 7:23:03 AM

Message: WorkerThread is shut down


----------------------------------------
----------------------------------------
Timestamp: 1/8/2016 7:23:03 AM

Message: WorkerThread is shut down


----------------------------------------
----------------------------------------
Timestamp: 1/8/2016 7:23:03 AM

Message: WorkerThread is shut down


----------------------------------------
----------------------------------------
Timestamp: 1/8/2016 7:23:03 AM

Message: WorkerThread is shut down


----------------------------------------
----------------------------------------
Timestamp: 1/8/2016 7:23:03 AM

Message: WorkerThread is shut down


----------------------------------------
----------------------------------------
Timestamp: 1/8/2016 7:23:33 AM

Message: Shutting down threadpool...


----------------------------------------
----------------------------------------
Timestamp: 1/8/2016 7:23:33 AM

Message: Thread pool 'BackgroundTasksService': Shutdown of thread pool completed. Threads aborted.


----------------------------------------
