----------------------------------------
Timestamp: 2/7/2017 6:51:26 PM

Message: Shutting down threadpool...


----------------------------------------
----------------------------------------
Timestamp: 2/7/2017 6:51:26 PM

Message: Thread pool 'BackgroundTasksService': Shutdown of thread pool completed. All currently running threads will finish their work and stop.


----------------------------------------
----------------------------------------
Timestamp: 2/7/2017 6:51:27 PM

Message: WorkerThread is shut down


----------------------------------------
----------------------------------------
Timestamp: 2/7/2017 6:51:27 PM

Message: WorkerThread is shut down


----------------------------------------
----------------------------------------
Timestamp: 2/7/2017 6:51:27 PM

Message: WorkerThread is shut down


----------------------------------------
----------------------------------------
Timestamp: 2/7/2017 6:51:27 PM

Message: WorkerThread is shut down


----------------------------------------
----------------------------------------
Timestamp: 2/7/2017 6:51:27 PM

Message: WorkerThread is shut down


----------------------------------------
----------------------------------------
Timestamp: 2/7/2017 6:51:27 PM

Message: Background task scheduler shut down


----------------------------------------
----------------------------------------
Timestamp: 2/7/2017 6:51:27 PM

Message: WorkerThread is shut down


----------------------------------------
----------------------------------------
Timestamp: 2/7/2017 6:51:27 PM

Message: WorkerThread is shut down


----------------------------------------
----------------------------------------
Timestamp: 2/7/2017 6:51:27 PM

Message: WorkerThread is shut down


----------------------------------------
----------------------------------------
Timestamp: 2/7/2017 6:51:56 PM

Message: Shutting down threadpool...


----------------------------------------
----------------------------------------
Timestamp: 2/7/2017 6:51:56 PM

Message: Thread pool 'BackgroundTasksService': Shutdown of thread pool completed. Threads aborted.


----------------------------------------
