----------------------------------------
Timestamp: 8/3/2016 4:16:11 AM

Message: Shutting down threadpool...


----------------------------------------
----------------------------------------
Timestamp: 8/3/2016 4:16:11 AM

Message: Thread pool 'BackgroundTasksService': Shutdown of thread pool completed. All currently running threads will finish their work and stop.


----------------------------------------
----------------------------------------
Timestamp: 8/3/2016 4:16:11 AM

Message: WorkerThread is shut down


----------------------------------------
----------------------------------------
Timestamp: 8/3/2016 4:16:11 AM

Message: WorkerThread is shut down


----------------------------------------
----------------------------------------
Timestamp: 8/3/2016 4:16:11 AM

Message: WorkerThread is shut down


----------------------------------------
----------------------------------------
Timestamp: 8/3/2016 4:16:11 AM

Message: WorkerThread is shut down


----------------------------------------
----------------------------------------
Timestamp: 8/3/2016 4:16:11 AM

Message: WorkerThread is shut down


----------------------------------------
----------------------------------------
Timestamp: 8/3/2016 4:16:11 AM

Message: WorkerThread is shut down


----------------------------------------
----------------------------------------
Timestamp: 8/3/2016 4:16:11 AM

Message: WorkerThread is shut down


----------------------------------------
----------------------------------------
Timestamp: 8/3/2016 4:16:11 AM

Message: Background task scheduler shut down


----------------------------------------
----------------------------------------
Timestamp: 8/3/2016 4:16:11 AM

Message: WorkerThread is shut down


----------------------------------------
----------------------------------------
Timestamp: 8/3/2016 4:16:41 AM

Message: Shutting down threadpool...


----------------------------------------
----------------------------------------
Timestamp: 8/3/2016 4:16:41 AM

Message: Thread pool 'BackgroundTasksService': Shutdown of thread pool completed. Threads aborted.


----------------------------------------
----------------------------------------
Timestamp: 8/3/2016 11:12:15 AM

Message: Error while executing the Task: Value cannot be null.
Parameter name: input, StackTrace:    at System.Guid.Parse(String input)
   at Telerik.Sitefinity.Services.Statistics.ReconcilerTask.ReconcileUserData()
   at Telerik.Sitefinity.Services.SystemManager.RunWithElevatedPrivilege(RunWithElevatedPrivilegeDelegate delegateToRun, Object[] parameters, String urlRequest)
   at Telerik.Sitefinity.Services.Statistics.ReconcilerTask.Run(IBackgroundTaskContext context)
   at Telerik.Sitefinity.BackgroundTasks.WorkerThread.Run(IBackgroundTaskContext context)


----------------------------------------
----------------------------------------
Timestamp: 8/3/2016 2:25:38 PM

Message: Shutting down threadpool...


----------------------------------------
----------------------------------------
Timestamp: 8/3/2016 2:25:38 PM

Message: Thread pool 'BackgroundTasksService': Shutdown of thread pool completed. All currently running threads will finish their work and stop.


----------------------------------------
----------------------------------------
Timestamp: 8/3/2016 2:25:39 PM

Message: WorkerThread is shut down


----------------------------------------
----------------------------------------
Timestamp: 8/3/2016 2:25:39 PM

Message: WorkerThread is shut down


----------------------------------------
----------------------------------------
Timestamp: 8/3/2016 2:25:39 PM

Message: WorkerThread is shut down


----------------------------------------
----------------------------------------
Timestamp: 8/3/2016 2:25:39 PM

Message: WorkerThread is shut down


----------------------------------------
----------------------------------------
Timestamp: 8/3/2016 2:25:39 PM

Message: Background task scheduler shut down


----------------------------------------
----------------------------------------
Timestamp: 8/3/2016 2:25:39 PM

Message: WorkerThread is shut down


----------------------------------------
----------------------------------------
Timestamp: 8/3/2016 2:25:39 PM

Message: WorkerThread is shut down


----------------------------------------
----------------------------------------
Timestamp: 8/3/2016 2:25:39 PM

Message: WorkerThread is shut down


----------------------------------------
----------------------------------------
Timestamp: 8/3/2016 2:25:39 PM

Message: WorkerThread is shut down


----------------------------------------
----------------------------------------
Timestamp: 8/3/2016 2:26:08 PM

Message: Shutting down threadpool...


----------------------------------------
----------------------------------------
Timestamp: 8/3/2016 2:26:08 PM

Message: Thread pool 'BackgroundTasksService': Shutdown of thread pool completed. Threads aborted.


----------------------------------------
