----------------------------------------
Timestamp: 10/4/2016 6:40:52 PM

Message: Shutting down threadpool...


----------------------------------------
----------------------------------------
Timestamp: 10/4/2016 6:40:52 PM

Message: Thread pool 'BackgroundTasksService': Shutdown of thread pool completed. All currently running threads will finish their work and stop.


----------------------------------------
----------------------------------------
Timestamp: 10/4/2016 6:40:52 PM

Message: WorkerThread is shut down


----------------------------------------
----------------------------------------
Timestamp: 10/4/2016 6:40:52 PM

Message: WorkerThread is shut down


----------------------------------------
----------------------------------------
Timestamp: 10/4/2016 6:40:52 PM

Message: WorkerThread is shut down


----------------------------------------
----------------------------------------
Timestamp: 10/4/2016 6:40:52 PM

Message: WorkerThread is shut down


----------------------------------------
----------------------------------------
Timestamp: 10/4/2016 6:40:52 PM

Message: Background task scheduler shut down


----------------------------------------
----------------------------------------
Timestamp: 10/4/2016 6:40:52 PM

Message: WorkerThread is shut down


----------------------------------------
----------------------------------------
Timestamp: 10/4/2016 6:40:52 PM

Message: WorkerThread is shut down


----------------------------------------
----------------------------------------
Timestamp: 10/4/2016 6:40:52 PM

Message: WorkerThread is shut down


----------------------------------------
----------------------------------------
Timestamp: 10/4/2016 6:40:52 PM

Message: WorkerThread is shut down


----------------------------------------
----------------------------------------
Timestamp: 10/4/2016 6:41:22 PM

Message: Shutting down threadpool...


----------------------------------------
----------------------------------------
Timestamp: 10/4/2016 6:41:22 PM

Message: Thread pool 'BackgroundTasksService': Shutdown of thread pool completed. Threads aborted.


----------------------------------------
