----------------------------------------
Timestamp: 12/6/2016 1:07:11 AM

Message: Shutting down threadpool...


----------------------------------------
----------------------------------------
Timestamp: 12/6/2016 1:07:11 AM

Message: Thread pool 'BackgroundTasksService': Shutdown of thread pool completed. All currently running threads will finish their work and stop.


----------------------------------------
----------------------------------------
Timestamp: 12/6/2016 1:07:11 AM

Message: WorkerThread is shut down


----------------------------------------
----------------------------------------
Timestamp: 12/6/2016 1:07:11 AM

Message: Background task scheduler shut down


----------------------------------------
----------------------------------------
Timestamp: 12/6/2016 1:07:11 AM

Message: WorkerThread is shut down


----------------------------------------
----------------------------------------
Timestamp: 12/6/2016 1:07:11 AM

Message: WorkerThread is shut down


----------------------------------------
----------------------------------------
Timestamp: 12/6/2016 1:07:11 AM

Message: WorkerThread is shut down


----------------------------------------
----------------------------------------
Timestamp: 12/6/2016 1:07:11 AM

Message: WorkerThread is shut down


----------------------------------------
----------------------------------------
Timestamp: 12/6/2016 1:07:11 AM

Message: WorkerThread is shut down


----------------------------------------
----------------------------------------
Timestamp: 12/6/2016 1:07:11 AM

Message: WorkerThread is shut down


----------------------------------------
----------------------------------------
Timestamp: 12/6/2016 1:07:11 AM

Message: WorkerThread is shut down


----------------------------------------
----------------------------------------
Timestamp: 12/6/2016 1:07:41 AM

Message: Shutting down threadpool...


----------------------------------------
----------------------------------------
Timestamp: 12/6/2016 1:07:41 AM

Message: Thread pool 'BackgroundTasksService': Shutdown of thread pool completed. Threads aborted.


----------------------------------------
----------------------------------------
Timestamp: 12/6/2016 10:12:43 PM

Message: Shutting down threadpool...


----------------------------------------
----------------------------------------
Timestamp: 12/6/2016 10:12:43 PM

Message: Thread pool 'BackgroundTasksService': Shutdown of thread pool completed. All currently running threads will finish their work and stop.


----------------------------------------
----------------------------------------
Timestamp: 12/6/2016 10:12:43 PM

Message: WorkerThread is shut down


----------------------------------------
----------------------------------------
Timestamp: 12/6/2016 10:12:43 PM

Message: WorkerThread is shut down


----------------------------------------
----------------------------------------
Timestamp: 12/6/2016 10:12:43 PM

Message: WorkerThread is shut down


----------------------------------------
----------------------------------------
Timestamp: 12/6/2016 10:12:43 PM

Message: WorkerThread is shut down


----------------------------------------
----------------------------------------
Timestamp: 12/6/2016 10:12:43 PM

Message: WorkerThread is shut down


----------------------------------------
----------------------------------------
Timestamp: 12/6/2016 10:12:43 PM

Message: WorkerThread is shut down


----------------------------------------
----------------------------------------
Timestamp: 12/6/2016 10:12:43 PM

Message: WorkerThread is shut down


----------------------------------------
----------------------------------------
Timestamp: 12/6/2016 10:12:43 PM

Message: WorkerThread is shut down


----------------------------------------
----------------------------------------
Timestamp: 12/6/2016 10:12:43 PM

Message: Background task scheduler shut down


----------------------------------------
----------------------------------------
Timestamp: 12/6/2016 10:13:13 PM

Message: Shutting down threadpool...


----------------------------------------
----------------------------------------
Timestamp: 12/6/2016 10:13:13 PM

Message: Thread pool 'BackgroundTasksService': Shutdown of thread pool completed. Threads aborted.


----------------------------------------
