----------------------------------------
Timestamp: 9/10/2016 4:03:58 PM

Message: Shutting down threadpool...


----------------------------------------
----------------------------------------
Timestamp: 9/10/2016 4:03:58 PM

Message: Thread pool 'BackgroundTasksService': Shutdown of thread pool completed. All currently running threads will finish their work and stop.


----------------------------------------
----------------------------------------
Timestamp: 9/10/2016 4:03:58 PM

Message: WorkerThread is shut down


----------------------------------------
----------------------------------------
Timestamp: 9/10/2016 4:03:58 PM

Message: WorkerThread is shut down


----------------------------------------
----------------------------------------
Timestamp: 9/10/2016 4:03:58 PM

Message: WorkerThread is shut down


----------------------------------------
----------------------------------------
Timestamp: 9/10/2016 4:03:58 PM

Message: WorkerThread is shut down


----------------------------------------
----------------------------------------
Timestamp: 9/10/2016 4:03:58 PM

Message: WorkerThread is shut down


----------------------------------------
----------------------------------------
Timestamp: 9/10/2016 4:03:58 PM

Message: Background task scheduler shut down


----------------------------------------
----------------------------------------
Timestamp: 9/10/2016 4:03:58 PM

Message: WorkerThread is shut down


----------------------------------------
----------------------------------------
Timestamp: 9/10/2016 4:03:58 PM

Message: WorkerThread is shut down


----------------------------------------
----------------------------------------
Timestamp: 9/10/2016 4:03:58 PM

Message: WorkerThread is shut down


----------------------------------------
----------------------------------------
Timestamp: 9/10/2016 4:04:28 PM

Message: Shutting down threadpool...


----------------------------------------
----------------------------------------
Timestamp: 9/10/2016 4:04:28 PM

Message: Thread pool 'BackgroundTasksService': Shutdown of thread pool completed. Threads aborted.


----------------------------------------
