----------------------------------------
Timestamp: 9/5/2016 8:03:57 PM

Message: Background task scheduler shut down


----------------------------------------
----------------------------------------
Timestamp: 9/5/2016 8:03:57 PM

Message: Shutting down threadpool...


----------------------------------------
----------------------------------------
Timestamp: 9/5/2016 8:03:57 PM

Message: Thread pool 'BackgroundTasksService': Shutdown of thread pool completed. All currently running threads will finish their work and stop.


----------------------------------------
----------------------------------------
Timestamp: 9/5/2016 8:03:57 PM

Message: WorkerThread is shut down


----------------------------------------
----------------------------------------
Timestamp: 9/5/2016 8:03:57 PM

Message: WorkerThread is shut down


----------------------------------------
----------------------------------------
Timestamp: 9/5/2016 8:03:57 PM

Message: WorkerThread is shut down


----------------------------------------
----------------------------------------
Timestamp: 9/5/2016 8:03:57 PM

Message: WorkerThread is shut down


----------------------------------------
----------------------------------------
Timestamp: 9/5/2016 8:03:57 PM

Message: WorkerThread is shut down


----------------------------------------
----------------------------------------
Timestamp: 9/5/2016 8:03:57 PM

Message: WorkerThread is shut down


----------------------------------------
----------------------------------------
Timestamp: 9/5/2016 8:03:57 PM

Message: WorkerThread is shut down


----------------------------------------
----------------------------------------
Timestamp: 9/5/2016 8:03:57 PM

Message: WorkerThread is shut down


----------------------------------------
----------------------------------------
Timestamp: 9/5/2016 8:04:27 PM

Message: Shutting down threadpool...


----------------------------------------
----------------------------------------
Timestamp: 9/5/2016 8:04:27 PM

Message: Thread pool 'BackgroundTasksService': Shutdown of thread pool completed. Threads aborted.


----------------------------------------
----------------------------------------
Timestamp: 9/6/2016 4:28:52 PM

Message: Shutting down threadpool...


----------------------------------------
----------------------------------------
Timestamp: 9/6/2016 4:28:52 PM

Message: Thread pool 'BackgroundTasksService': Shutdown of thread pool completed. All currently running threads will finish their work and stop.


----------------------------------------
----------------------------------------
Timestamp: 9/6/2016 4:28:52 PM

Message: WorkerThread is shut down


----------------------------------------
----------------------------------------
Timestamp: 9/6/2016 4:28:52 PM

Message: WorkerThread is shut down


----------------------------------------
----------------------------------------
Timestamp: 9/6/2016 4:28:52 PM

Message: WorkerThread is shut down


----------------------------------------
----------------------------------------
Timestamp: 9/6/2016 4:28:52 PM

Message: Background task scheduler shut down


----------------------------------------
----------------------------------------
Timestamp: 9/6/2016 4:28:52 PM

Message: WorkerThread is shut down


----------------------------------------
----------------------------------------
Timestamp: 9/6/2016 4:28:52 PM

Message: WorkerThread is shut down


----------------------------------------
----------------------------------------
Timestamp: 9/6/2016 4:28:52 PM

Message: WorkerThread is shut down


----------------------------------------
----------------------------------------
Timestamp: 9/6/2016 4:28:52 PM

Message: WorkerThread is shut down


----------------------------------------
----------------------------------------
Timestamp: 9/6/2016 4:28:52 PM

Message: WorkerThread is shut down


----------------------------------------
----------------------------------------
Timestamp: 9/6/2016 4:29:22 PM

Message: Shutting down threadpool...


----------------------------------------
----------------------------------------
Timestamp: 9/6/2016 4:29:22 PM

Message: Thread pool 'BackgroundTasksService': Shutdown of thread pool completed. Threads aborted.


----------------------------------------
----------------------------------------
Timestamp: 9/6/2016 6:11:36 PM

Message: Shutting down threadpool...


----------------------------------------
----------------------------------------
Timestamp: 9/6/2016 6:11:36 PM

Message: Thread pool 'BackgroundTasksService': Shutdown of thread pool completed. All currently running threads will finish their work and stop.


----------------------------------------
----------------------------------------
Timestamp: 9/6/2016 6:11:36 PM

Message: WorkerThread is shut down


----------------------------------------
----------------------------------------
Timestamp: 9/6/2016 6:11:36 PM

Message: WorkerThread is shut down


----------------------------------------
----------------------------------------
Timestamp: 9/6/2016 6:11:36 PM

Message: WorkerThread is shut down


----------------------------------------
----------------------------------------
Timestamp: 9/6/2016 6:11:36 PM

Message: WorkerThread is shut down


----------------------------------------
----------------------------------------
Timestamp: 9/6/2016 6:11:36 PM

Message: WorkerThread is shut down


----------------------------------------
----------------------------------------
Timestamp: 9/6/2016 6:11:36 PM

Message: WorkerThread is shut down


----------------------------------------
----------------------------------------
Timestamp: 9/6/2016 6:11:36 PM

Message: WorkerThread is shut down


----------------------------------------
----------------------------------------
Timestamp: 9/6/2016 6:11:36 PM

Message: Background task scheduler shut down


----------------------------------------
----------------------------------------
Timestamp: 9/6/2016 6:11:36 PM

Message: WorkerThread is shut down


----------------------------------------
----------------------------------------
Timestamp: 9/6/2016 6:12:06 PM

Message: Shutting down threadpool...


----------------------------------------
----------------------------------------
Timestamp: 9/6/2016 6:12:06 PM

Message: Thread pool 'BackgroundTasksService': Shutdown of thread pool completed. Threads aborted.


----------------------------------------
