----------------------------------------
Timestamp: 10/24/2016 5:48:46 PM

Message: Shutting down threadpool...


----------------------------------------
----------------------------------------
Timestamp: 10/24/2016 5:48:46 PM

Message: Thread pool 'BackgroundTasksService': Shutdown of thread pool completed. All currently running threads will finish their work and stop.


----------------------------------------
----------------------------------------
Timestamp: 10/24/2016 5:48:46 PM

Message: WorkerThread is shut down


----------------------------------------
----------------------------------------
Timestamp: 10/24/2016 5:48:46 PM

Message: WorkerThread is shut down


----------------------------------------
----------------------------------------
Timestamp: 10/24/2016 5:48:46 PM

Message: WorkerThread is shut down


----------------------------------------
----------------------------------------
Timestamp: 10/24/2016 5:48:46 PM

Message: WorkerThread is shut down


----------------------------------------
----------------------------------------
Timestamp: 10/24/2016 5:48:46 PM

Message: WorkerThread is shut down


----------------------------------------
----------------------------------------
Timestamp: 10/24/2016 5:48:46 PM

Message: WorkerThread is shut down


----------------------------------------
----------------------------------------
Timestamp: 10/24/2016 5:48:46 PM

Message: WorkerThread is shut down


----------------------------------------
----------------------------------------
Timestamp: 10/24/2016 5:48:46 PM

Message: Background task scheduler shut down


----------------------------------------
----------------------------------------
Timestamp: 10/24/2016 5:48:46 PM

Message: WorkerThread is shut down


----------------------------------------
----------------------------------------
Timestamp: 10/24/2016 5:49:16 PM

Message: Shutting down threadpool...


----------------------------------------
----------------------------------------
Timestamp: 10/24/2016 5:49:16 PM

Message: Thread pool 'BackgroundTasksService': Shutdown of thread pool completed. Threads aborted.


----------------------------------------
----------------------------------------
Timestamp: 10/25/2016 8:38:01 AM

Message: Error while executing the Task: Value cannot be null.
Parameter name: input, StackTrace:    at System.Guid.Parse(String input)
   at Telerik.Sitefinity.Services.Statistics.ReconcilerTask.ReconcileUserData()
   at Telerik.Sitefinity.Services.SystemManager.RunWithElevatedPrivilege(RunWithElevatedPrivilegeDelegate delegateToRun, Object[] parameters, String urlRequest)
   at Telerik.Sitefinity.Services.Statistics.ReconcilerTask.Run(IBackgroundTaskContext context)
   at Telerik.Sitefinity.BackgroundTasks.WorkerThread.Run(IBackgroundTaskContext context)


----------------------------------------
