----------------------------------------
Timestamp: 8/1/2016 11:16:10 PM

Message: Shutting down threadpool...


----------------------------------------
----------------------------------------
Timestamp: 8/1/2016 11:16:10 PM

Message: Thread pool 'BackgroundTasksService': Shutdown of thread pool completed. All currently running threads will finish their work and stop.


----------------------------------------
----------------------------------------
Timestamp: 8/1/2016 11:16:10 PM

Message: WorkerThread is shut down


----------------------------------------
----------------------------------------
Timestamp: 8/1/2016 11:16:10 PM

Message: WorkerThread is shut down


----------------------------------------
----------------------------------------
Timestamp: 8/1/2016 11:16:10 PM

Message: WorkerThread is shut down


----------------------------------------
----------------------------------------
Timestamp: 8/1/2016 11:16:10 PM

Message: WorkerThread is shut down


----------------------------------------
----------------------------------------
Timestamp: 8/1/2016 11:16:10 PM

Message: WorkerThread is shut down


----------------------------------------
----------------------------------------
Timestamp: 8/1/2016 11:16:10 PM

Message: WorkerThread is shut down


----------------------------------------
----------------------------------------
Timestamp: 8/1/2016 11:16:10 PM

Message: WorkerThread is shut down


----------------------------------------
----------------------------------------
Timestamp: 8/1/2016 11:16:10 PM

Message: WorkerThread is shut down


----------------------------------------
----------------------------------------
Timestamp: 8/1/2016 11:16:10 PM

Message: Background task scheduler shut down


----------------------------------------
----------------------------------------
Timestamp: 8/1/2016 11:16:40 PM

Message: Shutting down threadpool...


----------------------------------------
----------------------------------------
Timestamp: 8/1/2016 11:16:40 PM

Message: Thread pool 'BackgroundTasksService': Shutdown of thread pool completed. Threads aborted.


----------------------------------------
