----------------------------------------
Timestamp: 2/16/2017 5:51:27 AM

Message: Shutting down threadpool...


----------------------------------------
----------------------------------------
Timestamp: 2/16/2017 5:51:27 AM

Message: Thread pool 'BackgroundTasksService': Shutdown of thread pool completed. All currently running threads will finish their work and stop.


----------------------------------------
----------------------------------------
Timestamp: 2/16/2017 5:51:27 AM

Message: Background task scheduler shut down


----------------------------------------
----------------------------------------
Timestamp: 2/16/2017 5:51:27 AM

Message: WorkerThread is shut down


----------------------------------------
----------------------------------------
Timestamp: 2/16/2017 5:51:27 AM

Message: WorkerThread is shut down


----------------------------------------
----------------------------------------
Timestamp: 2/16/2017 5:51:27 AM

Message: WorkerThread is shut down


----------------------------------------
----------------------------------------
Timestamp: 2/16/2017 5:51:27 AM

Message: WorkerThread is shut down


----------------------------------------
----------------------------------------
Timestamp: 2/16/2017 5:51:27 AM

Message: WorkerThread is shut down


----------------------------------------
----------------------------------------
Timestamp: 2/16/2017 5:51:27 AM

Message: WorkerThread is shut down


----------------------------------------
----------------------------------------
Timestamp: 2/16/2017 5:51:27 AM

Message: WorkerThread is shut down


----------------------------------------
----------------------------------------
Timestamp: 2/16/2017 5:51:27 AM

Message: WorkerThread is shut down


----------------------------------------
----------------------------------------
Timestamp: 2/16/2017 5:51:57 AM

Message: Shutting down threadpool...


----------------------------------------
----------------------------------------
Timestamp: 2/16/2017 5:51:57 AM

Message: Thread pool 'BackgroundTasksService': Shutdown of thread pool completed. Threads aborted.


----------------------------------------
----------------------------------------
Timestamp: 2/16/2017 4:11:36 PM

Message: Error while executing the Task: Value cannot be null.
Parameter name: input, StackTrace:    at System.Guid.Parse(String input)
   at Telerik.Sitefinity.Services.Statistics.ReconcilerTask.ReconcileUserData()
   at Telerik.Sitefinity.Services.SystemManager.RunWithElevatedPrivilege(RunWithElevatedPrivilegeDelegate delegateToRun, Object[] parameters, String urlRequest)
   at Telerik.Sitefinity.Services.Statistics.ReconcilerTask.Run(IBackgroundTaskContext context)
   at Telerik.Sitefinity.BackgroundTasks.WorkerThread.Run(IBackgroundTaskContext context)


----------------------------------------
----------------------------------------
Timestamp: 2/16/2017 4:55:58 PM

Message: Error while executing the Task: Value cannot be null.
Parameter name: input, StackTrace:    at System.Guid.Parse(String input)
   at Telerik.Sitefinity.Services.Statistics.ReconcilerTask.ReconcileUserData()
   at Telerik.Sitefinity.Services.SystemManager.RunWithElevatedPrivilege(RunWithElevatedPrivilegeDelegate delegateToRun, Object[] parameters, String urlRequest)
   at Telerik.Sitefinity.Services.Statistics.ReconcilerTask.Run(IBackgroundTaskContext context)
   at Telerik.Sitefinity.BackgroundTasks.WorkerThread.Run(IBackgroundTaskContext context)


----------------------------------------
