----------------------------------------
Timestamp: 11/16/2016 4:48:39 PM

Message: Shutting down threadpool...


----------------------------------------
----------------------------------------
Timestamp: 11/16/2016 4:48:39 PM

Message: Thread pool 'BackgroundTasksService': Shutdown of thread pool completed. All currently running threads will finish their work and stop.


----------------------------------------
----------------------------------------
Timestamp: 11/16/2016 4:48:40 PM

Message: WorkerThread is shut down


----------------------------------------
----------------------------------------
Timestamp: 11/16/2016 4:48:40 PM

Message: Background task scheduler shut down


----------------------------------------
----------------------------------------
Timestamp: 11/16/2016 4:48:40 PM

Message: WorkerThread is shut down


----------------------------------------
----------------------------------------
Timestamp: 11/16/2016 4:48:40 PM

Message: WorkerThread is shut down


----------------------------------------
----------------------------------------
Timestamp: 11/16/2016 4:48:40 PM

Message: WorkerThread is shut down


----------------------------------------
----------------------------------------
Timestamp: 11/16/2016 4:48:40 PM

Message: WorkerThread is shut down


----------------------------------------
----------------------------------------
Timestamp: 11/16/2016 4:48:40 PM

Message: WorkerThread is shut down


----------------------------------------
----------------------------------------
Timestamp: 11/16/2016 4:48:40 PM

Message: WorkerThread is shut down


----------------------------------------
----------------------------------------
Timestamp: 11/16/2016 4:48:40 PM

Message: WorkerThread is shut down


----------------------------------------
----------------------------------------
Timestamp: 11/16/2016 4:49:09 PM

Message: Shutting down threadpool...


----------------------------------------
----------------------------------------
Timestamp: 11/16/2016 4:49:09 PM

Message: Thread pool 'BackgroundTasksService': Shutdown of thread pool completed. Threads aborted.


----------------------------------------
