----------------------------------------
Timestamp: 12/30/2016 1:07:00 AM

Message: Shutting down threadpool...


----------------------------------------
----------------------------------------
Timestamp: 12/30/2016 1:07:00 AM

Message: Thread pool 'BackgroundTasksService': Shutdown of thread pool completed. All currently running threads will finish their work and stop.


----------------------------------------
----------------------------------------
Timestamp: 12/30/2016 1:07:01 AM

Message: WorkerThread is shut down


----------------------------------------
----------------------------------------
Timestamp: 12/30/2016 1:07:01 AM

Message: WorkerThread is shut down


----------------------------------------
----------------------------------------
Timestamp: 12/30/2016 1:07:01 AM

Message: WorkerThread is shut down


----------------------------------------
----------------------------------------
Timestamp: 12/30/2016 1:07:01 AM

Message: Background task scheduler shut down


----------------------------------------
----------------------------------------
Timestamp: 12/30/2016 1:07:01 AM

Message: WorkerThread is shut down


----------------------------------------
----------------------------------------
Timestamp: 12/30/2016 1:07:01 AM

Message: WorkerThread is shut down


----------------------------------------
----------------------------------------
Timestamp: 12/30/2016 1:07:01 AM

Message: WorkerThread is shut down


----------------------------------------
----------------------------------------
Timestamp: 12/30/2016 1:07:01 AM

Message: WorkerThread is shut down


----------------------------------------
----------------------------------------
Timestamp: 12/30/2016 1:07:01 AM

Message: WorkerThread is shut down


----------------------------------------
----------------------------------------
Timestamp: 12/30/2016 1:07:30 AM

Message: Shutting down threadpool...


----------------------------------------
----------------------------------------
Timestamp: 12/30/2016 1:07:30 AM

Message: Thread pool 'BackgroundTasksService': Shutdown of thread pool completed. Threads aborted.


----------------------------------------
