----------------------------------------
Timestamp: 9/23/2016 11:04:02 PM

Message: Shutting down threadpool...


----------------------------------------
----------------------------------------
Timestamp: 9/23/2016 11:04:02 PM

Message: Thread pool 'BackgroundTasksService': Shutdown of thread pool completed. All currently running threads will finish their work and stop.


----------------------------------------
----------------------------------------
Timestamp: 9/23/2016 11:04:03 PM

Message: WorkerThread is shut down


----------------------------------------
----------------------------------------
Timestamp: 9/23/2016 11:04:03 PM

Message: WorkerThread is shut down


----------------------------------------
----------------------------------------
Timestamp: 9/23/2016 11:04:03 PM

Message: WorkerThread is shut down


----------------------------------------
----------------------------------------
Timestamp: 9/23/2016 11:04:03 PM

Message: WorkerThread is shut down


----------------------------------------
----------------------------------------
Timestamp: 9/23/2016 11:04:03 PM

Message: WorkerThread is shut down


----------------------------------------
----------------------------------------
Timestamp: 9/23/2016 11:04:03 PM

Message: WorkerThread is shut down


----------------------------------------
----------------------------------------
Timestamp: 9/23/2016 11:04:03 PM

Message: Background task scheduler shut down


----------------------------------------
----------------------------------------
Timestamp: 9/23/2016 11:04:03 PM

Message: WorkerThread is shut down


----------------------------------------
----------------------------------------
Timestamp: 9/23/2016 11:04:03 PM

Message: WorkerThread is shut down


----------------------------------------
----------------------------------------
Timestamp: 9/23/2016 11:04:33 PM

Message: Shutting down threadpool...


----------------------------------------
----------------------------------------
Timestamp: 9/23/2016 11:04:33 PM

Message: Thread pool 'BackgroundTasksService': Shutdown of thread pool completed. Threads aborted.


----------------------------------------
