----------------------------------------
Timestamp: 6/8/2016 2:16:23 PM

Message: Shutting down threadpool...


----------------------------------------
----------------------------------------
Timestamp: 6/8/2016 2:16:23 PM

Message: Thread pool 'BackgroundTasksService': Shutdown of thread pool completed. All currently running threads will finish their work and stop.


----------------------------------------
----------------------------------------
Timestamp: 6/8/2016 2:16:24 PM

Message: WorkerThread is shut down


----------------------------------------
----------------------------------------
Timestamp: 6/8/2016 2:16:24 PM

Message: WorkerThread is shut down


----------------------------------------
----------------------------------------
Timestamp: 6/8/2016 2:16:24 PM

Message: WorkerThread is shut down


----------------------------------------
----------------------------------------
Timestamp: 6/8/2016 2:16:24 PM

Message: Background task scheduler shut down


----------------------------------------
----------------------------------------
Timestamp: 6/8/2016 2:16:24 PM

Message: WorkerThread is shut down


----------------------------------------
----------------------------------------
Timestamp: 6/8/2016 2:16:24 PM

Message: WorkerThread is shut down


----------------------------------------
----------------------------------------
Timestamp: 6/8/2016 2:16:24 PM

Message: WorkerThread is shut down


----------------------------------------
----------------------------------------
Timestamp: 6/8/2016 2:16:24 PM

Message: WorkerThread is shut down


----------------------------------------
----------------------------------------
Timestamp: 6/8/2016 2:16:24 PM

Message: WorkerThread is shut down


----------------------------------------
----------------------------------------
Timestamp: 6/8/2016 2:16:53 PM

Message: Shutting down threadpool...


----------------------------------------
----------------------------------------
Timestamp: 6/8/2016 2:16:53 PM

Message: Thread pool 'BackgroundTasksService': Shutdown of thread pool completed. Threads aborted.


----------------------------------------
----------------------------------------
Timestamp: 6/8/2016 5:50:55 PM

Message: Shutting down threadpool...


----------------------------------------
----------------------------------------
Timestamp: 6/8/2016 5:50:55 PM

Message: Thread pool 'BackgroundTasksService': Shutdown of thread pool completed. All currently running threads will finish their work and stop.


----------------------------------------
----------------------------------------
Timestamp: 6/8/2016 5:50:56 PM

Message: Background task scheduler shut down


----------------------------------------
----------------------------------------
Timestamp: 6/8/2016 5:50:56 PM

Message: WorkerThread is shut down


----------------------------------------
----------------------------------------
Timestamp: 6/8/2016 5:50:56 PM

Message: WorkerThread is shut down


----------------------------------------
----------------------------------------
Timestamp: 6/8/2016 5:50:56 PM

Message: WorkerThread is shut down


----------------------------------------
----------------------------------------
Timestamp: 6/8/2016 5:50:56 PM

Message: WorkerThread is shut down


----------------------------------------
----------------------------------------
Timestamp: 6/8/2016 5:50:56 PM

Message: WorkerThread is shut down


----------------------------------------
----------------------------------------
Timestamp: 6/8/2016 5:50:56 PM

Message: WorkerThread is shut down


----------------------------------------
----------------------------------------
Timestamp: 6/8/2016 5:50:56 PM

Message: WorkerThread is shut down


----------------------------------------
----------------------------------------
Timestamp: 6/8/2016 5:50:56 PM

Message: WorkerThread is shut down


----------------------------------------
----------------------------------------
Timestamp: 6/8/2016 5:51:25 PM

Message: Shutting down threadpool...


----------------------------------------
----------------------------------------
Timestamp: 6/8/2016 5:51:25 PM

Message: Thread pool 'BackgroundTasksService': Shutdown of thread pool completed. Threads aborted.


----------------------------------------
