----------------------------------------
Timestamp: 3/1/2016 11:55:31 PM

Message: Shutting down threadpool...


----------------------------------------
----------------------------------------
Timestamp: 3/1/2016 11:55:31 PM

Message: Thread pool 'BackgroundTasksService': Shutdown of thread pool completed. All currently running threads will finish their work and stop.


----------------------------------------
----------------------------------------
Timestamp: 3/1/2016 11:55:31 PM

Message: WorkerThread is shut down


----------------------------------------
----------------------------------------
Timestamp: 3/1/2016 11:55:31 PM

Message: WorkerThread is shut down


----------------------------------------
----------------------------------------
Timestamp: 3/1/2016 11:55:31 PM

Message: WorkerThread is shut down


----------------------------------------
----------------------------------------
Timestamp: 3/1/2016 11:55:31 PM

Message: WorkerThread is shut down


----------------------------------------
----------------------------------------
Timestamp: 3/1/2016 11:55:31 PM

Message: WorkerThread is shut down


----------------------------------------
----------------------------------------
Timestamp: 3/1/2016 11:55:31 PM

Message: Background task scheduler shut down


----------------------------------------
----------------------------------------
Timestamp: 3/1/2016 11:55:31 PM

Message: WorkerThread is shut down


----------------------------------------
----------------------------------------
Timestamp: 3/1/2016 11:55:31 PM

Message: WorkerThread is shut down


----------------------------------------
----------------------------------------
Timestamp: 3/1/2016 11:55:31 PM

Message: WorkerThread is shut down


----------------------------------------
----------------------------------------
Timestamp: 3/1/2016 11:56:01 PM

Message: Shutting down threadpool...


----------------------------------------
----------------------------------------
Timestamp: 3/1/2016 11:56:01 PM

Message: Thread pool 'BackgroundTasksService': Shutdown of thread pool completed. Threads aborted.


----------------------------------------
----------------------------------------
Timestamp: 3/2/2016 3:19:47 PM

Message: Error while executing the Task: Value cannot be null.
Parameter name: input, StackTrace:    at System.Guid.Parse(String input)
   at Telerik.Sitefinity.Services.Statistics.ReconcilerTask.ReconcileUserData()
   at Telerik.Sitefinity.Services.SystemManager.RunWithElevatedPrivilege(RunWithElevatedPrivilegeDelegate delegateToRun, Object[] parameters, String urlRequest)
   at Telerik.Sitefinity.Services.Statistics.ReconcilerTask.Run(IBackgroundTaskContext context)
   at Telerik.Sitefinity.BackgroundTasks.WorkerThread.Run(IBackgroundTaskContext context)


----------------------------------------
