----------------------------------------
Timestamp: 7/18/2016 11:16:12 AM

Message: Shutting down threadpool...


----------------------------------------
----------------------------------------
Timestamp: 7/18/2016 11:16:12 AM

Message: Thread pool 'BackgroundTasksService': Shutdown of thread pool completed. All currently running threads will finish their work and stop.


----------------------------------------
----------------------------------------
Timestamp: 7/18/2016 11:16:12 AM

Message: WorkerThread is shut down


----------------------------------------
----------------------------------------
Timestamp: 7/18/2016 11:16:12 AM

Message: WorkerThread is shut down


----------------------------------------
----------------------------------------
Timestamp: 7/18/2016 11:16:12 AM

Message: WorkerThread is shut down


----------------------------------------
----------------------------------------
Timestamp: 7/18/2016 11:16:12 AM

Message: WorkerThread is shut down


----------------------------------------
----------------------------------------
Timestamp: 7/18/2016 11:16:12 AM

Message: WorkerThread is shut down


----------------------------------------
----------------------------------------
Timestamp: 7/18/2016 11:16:12 AM

Message: WorkerThread is shut down


----------------------------------------
----------------------------------------
Timestamp: 7/18/2016 11:16:12 AM

Message: WorkerThread is shut down


----------------------------------------
----------------------------------------
Timestamp: 7/18/2016 11:16:12 AM

Message: WorkerThread is shut down


----------------------------------------
----------------------------------------
Timestamp: 7/18/2016 11:16:12 AM

Message: Background task scheduler shut down


----------------------------------------
----------------------------------------
Timestamp: 7/18/2016 11:16:42 AM

Message: Shutting down threadpool...


----------------------------------------
----------------------------------------
Timestamp: 7/18/2016 11:16:42 AM

Message: Thread pool 'BackgroundTasksService': Shutdown of thread pool completed. Threads aborted.


----------------------------------------
----------------------------------------
Timestamp: 7/18/2016 5:20:34 PM

Message: Shutting down threadpool...


----------------------------------------
----------------------------------------
Timestamp: 7/18/2016 5:20:34 PM

Message: Thread pool 'BackgroundTasksService': Shutdown of thread pool completed. All currently running threads will finish their work and stop.


----------------------------------------
----------------------------------------
Timestamp: 7/18/2016 5:20:34 PM

Message: WorkerThread is shut down


----------------------------------------
----------------------------------------
Timestamp: 7/18/2016 5:20:34 PM

Message: WorkerThread is shut down


----------------------------------------
----------------------------------------
Timestamp: 7/18/2016 5:20:34 PM

Message: WorkerThread is shut down


----------------------------------------
----------------------------------------
Timestamp: 7/18/2016 5:20:34 PM

Message: WorkerThread is shut down


----------------------------------------
----------------------------------------
Timestamp: 7/18/2016 5:20:34 PM

Message: WorkerThread is shut down


----------------------------------------
----------------------------------------
Timestamp: 7/18/2016 5:20:34 PM

Message: WorkerThread is shut down


----------------------------------------
----------------------------------------
Timestamp: 7/18/2016 5:20:34 PM

Message: WorkerThread is shut down


----------------------------------------
----------------------------------------
Timestamp: 7/18/2016 5:20:34 PM

Message: Background task scheduler shut down


----------------------------------------
----------------------------------------
Timestamp: 7/18/2016 5:20:34 PM

Message: WorkerThread is shut down


----------------------------------------
----------------------------------------
Timestamp: 7/18/2016 5:21:04 PM

Message: Shutting down threadpool...


----------------------------------------
----------------------------------------
Timestamp: 7/18/2016 5:21:04 PM

Message: Thread pool 'BackgroundTasksService': Shutdown of thread pool completed. Threads aborted.


----------------------------------------
