----------------------------------------
Timestamp: 1/21/2017 5:38:26 AM

Message: Shutting down threadpool...


----------------------------------------
----------------------------------------
Timestamp: 1/21/2017 5:38:26 AM

Message: Thread pool 'BackgroundTasksService': Shutdown of thread pool completed. All currently running threads will finish their work and stop.


----------------------------------------
----------------------------------------
Timestamp: 1/21/2017 5:38:26 AM

Message: WorkerThread is shut down


----------------------------------------
----------------------------------------
Timestamp: 1/21/2017 5:38:26 AM

Message: WorkerThread is shut down


----------------------------------------
----------------------------------------
Timestamp: 1/21/2017 5:38:26 AM

Message: WorkerThread is shut down


----------------------------------------
----------------------------------------
Timestamp: 1/21/2017 5:38:26 AM

Message: WorkerThread is shut down


----------------------------------------
----------------------------------------
Timestamp: 1/21/2017 5:38:26 AM

Message: Background task scheduler shut down


----------------------------------------
----------------------------------------
Timestamp: 1/21/2017 5:38:26 AM

Message: WorkerThread is shut down


----------------------------------------
----------------------------------------
Timestamp: 1/21/2017 5:38:26 AM

Message: WorkerThread is shut down


----------------------------------------
----------------------------------------
Timestamp: 1/21/2017 5:38:26 AM

Message: WorkerThread is shut down


----------------------------------------
----------------------------------------
Timestamp: 1/21/2017 5:38:26 AM

Message: WorkerThread is shut down


----------------------------------------
----------------------------------------
Timestamp: 1/21/2017 5:38:56 AM

Message: Shutting down threadpool...


----------------------------------------
----------------------------------------
Timestamp: 1/21/2017 5:38:56 AM

Message: Thread pool 'BackgroundTasksService': Shutdown of thread pool completed. Threads aborted.


----------------------------------------
