----------------------------------------
Timestamp: 3/16/2016 9:37:59 AM

Message: Shutting down threadpool...


----------------------------------------
----------------------------------------
Timestamp: 3/16/2016 9:37:59 AM

Message: Thread pool 'BackgroundTasksService': Shutdown of thread pool completed. All currently running threads will finish their work and stop.


----------------------------------------
----------------------------------------
Timestamp: 3/16/2016 9:38:00 AM

Message: WorkerThread is shut down


----------------------------------------
----------------------------------------
Timestamp: 3/16/2016 9:38:00 AM

Message: WorkerThread is shut down


----------------------------------------
----------------------------------------
Timestamp: 3/16/2016 9:38:00 AM

Message: Background task scheduler shut down


----------------------------------------
----------------------------------------
Timestamp: 3/16/2016 9:38:00 AM

Message: WorkerThread is shut down


----------------------------------------
----------------------------------------
Timestamp: 3/16/2016 9:38:00 AM

Message: WorkerThread is shut down


----------------------------------------
----------------------------------------
Timestamp: 3/16/2016 9:38:00 AM

Message: WorkerThread is shut down


----------------------------------------
----------------------------------------
Timestamp: 3/16/2016 9:38:00 AM

Message: WorkerThread is shut down


----------------------------------------
----------------------------------------
Timestamp: 3/16/2016 9:38:00 AM

Message: WorkerThread is shut down


----------------------------------------
----------------------------------------
Timestamp: 3/16/2016 9:38:00 AM

Message: WorkerThread is shut down


----------------------------------------
----------------------------------------
Timestamp: 3/16/2016 9:38:29 AM

Message: Shutting down threadpool...


----------------------------------------
----------------------------------------
Timestamp: 3/16/2016 9:38:29 AM

Message: Thread pool 'BackgroundTasksService': Shutdown of thread pool completed. Threads aborted.


----------------------------------------
----------------------------------------
Timestamp: 3/16/2016 6:03:15 PM

Message: Shutting down threadpool...


----------------------------------------
----------------------------------------
Timestamp: 3/16/2016 6:03:15 PM

Message: Thread pool 'BackgroundTasksService': Shutdown of thread pool completed. All currently running threads will finish their work and stop.


----------------------------------------
----------------------------------------
Timestamp: 3/16/2016 6:03:15 PM

Message: WorkerThread is shut down


----------------------------------------
----------------------------------------
Timestamp: 3/16/2016 6:03:15 PM

Message: WorkerThread is shut down


----------------------------------------
----------------------------------------
Timestamp: 3/16/2016 6:03:15 PM

Message: WorkerThread is shut down


----------------------------------------
----------------------------------------
Timestamp: 3/16/2016 6:03:15 PM

Message: WorkerThread is shut down


----------------------------------------
----------------------------------------
Timestamp: 3/16/2016 6:03:15 PM

Message: WorkerThread is shut down


----------------------------------------
----------------------------------------
Timestamp: 3/16/2016 6:03:15 PM

Message: Background task scheduler shut down


----------------------------------------
----------------------------------------
Timestamp: 3/16/2016 6:03:15 PM

Message: WorkerThread is shut down


----------------------------------------
----------------------------------------
Timestamp: 3/16/2016 6:03:15 PM

Message: WorkerThread is shut down


----------------------------------------
----------------------------------------
Timestamp: 3/16/2016 6:03:15 PM

Message: WorkerThread is shut down


----------------------------------------
----------------------------------------
Timestamp: 3/16/2016 6:03:45 PM

Message: Shutting down threadpool...


----------------------------------------
----------------------------------------
Timestamp: 3/16/2016 6:03:45 PM

Message: Thread pool 'BackgroundTasksService': Shutdown of thread pool completed. Threads aborted.


----------------------------------------
