----------------------------------------
Timestamp: 11/17/2016 7:21:43 PM

Message: System.InvalidOperationException: Databinding methods such as Eval(), XPath(), and Bind() can only be used in the context of a databound control.
   at System.Web.UI.Page.GetDataItem()
   at System.Web.UI.TemplateControl.Eval(String expression)
   at ASP.sfctrlpresentation_openaccessdataprovider_9b7d6ae796e1633a9d88ff00001e67f5_ascx.__DataBind__control4(Object sender, EventArgs e) in http://server/SfCtrlPresentation/OpenAccessDataProvider_9b7d6ae796e1633a9d88ff00001e67f5.ascx:line 18
   at System.Web.UI.Control.DataBind(Boolean raiseOnDataBinding)
   at System.Web.UI.Control.DataBindChildren()
   at System.Web.UI.Control.DataBind(Boolean raiseOnDataBinding)
   at Telerik.Web.UI.RadListView.CreateChildControls(IEnumerable dataSource, Boolean dataBinding)
   at Telerik.Web.UI.RadListView.PerformDataBinding(IEnumerable data)
   at System.Web.UI.WebControls.DataBoundControl.OnDataSourceViewSelectCallback(IEnumerable data)
   at Telerik.Web.UI.RadListView.PerformSelect()
   at System.Web.UI.Control.LoadRecursive()
   at System.Web.UI.Control.LoadRecursive()
   at System.Web.UI.Control.LoadRecursive()
   at System.Web.UI.Control.AddedControl(Control control, Int32 index)
   at Telerik.Sitefinity.Web.UI.ContentUI.Views.Backend.ViewBase.CreateChildControls()


----------------------------------------
----------------------------------------
Timestamp: 11/17/2016 7:21:43 PM

Message: System.InvalidOperationException: Databinding methods such as Eval(), XPath(), and Bind() can only be used in the context of a databound control.
   at System.Web.UI.Page.GetDataItem()
   at System.Web.UI.TemplateControl.Eval(String expression)
   at ASP.sfctrlpresentation_openaccessdataprovider_9b7d6ae796e1633a9d88ff00001e67f5_ascx.__DataBind__control4(Object sender, EventArgs e) in http://server/SfCtrlPresentation/OpenAccessDataProvider_9b7d6ae796e1633a9d88ff00001e67f5.ascx:line 18
   at System.Web.UI.Control.DataBind(Boolean raiseOnDataBinding)
   at System.Web.UI.Control.DataBindChildren()
   at System.Web.UI.Control.DataBind(Boolean raiseOnDataBinding)
   at Telerik.Web.UI.RadListView.CreateChildControls(IEnumerable dataSource, Boolean dataBinding)
   at Telerik.Web.UI.RadListView.PerformDataBinding(IEnumerable data)
   at System.Web.UI.WebControls.DataBoundControl.OnDataSourceViewSelectCallback(IEnumerable data)
   at Telerik.Web.UI.RadListView.PerformSelect()
   at System.Web.UI.Control.LoadRecursive()
   at System.Web.UI.Control.LoadRecursive()
   at System.Web.UI.Control.LoadRecursive()
   at System.Web.UI.Control.AddedControl(Control control, Int32 index)
   at Telerik.Sitefinity.Web.UI.ContentUI.Views.Backend.ViewBase.CreateChildControls()


----------------------------------------
----------------------------------------
Timestamp: 11/17/2016 7:35:27 PM

Message: System.Web.HttpException (0x80004005): DataBinding: 'Telerik.Sitefinity.Blogs.Model.BlogPost' does not contain a property with the name 'Sunnary'.
   at System.Web.UI.DataBinder.GetPropertyValue(Object container, String propName)
   at System.Web.UI.DataBinder.Eval(Object container, String[] expressionParts)
   at ASP.sfctrlpresentation_openaccessdataprovider_9b7d6ae796e1633a9d88ff00001e67f5_ascx.__DataBind__control10(Object sender, EventArgs e) in http://server/SfCtrlPresentation/OpenAccessDataProvider_9b7d6ae796e1633a9d88ff00001e67f5.ascx:line 48
   at System.Web.UI.Control.DataBind(Boolean raiseOnDataBinding)
   at System.Web.UI.Control.DataBindChildren()
   at System.Web.UI.Control.DataBind(Boolean raiseOnDataBinding)
   at Telerik.Web.UI.RadListView.BuildDataItem(Int32 itemsCreatedCount, Control itemContainer, Boolean dataBinding, Object dataItem, Int32& controlIndex)
   at Telerik.Web.UI.RadListView.CreateDataItems(Control container, IEnumerable dataSource, Boolean dataBinding)
   at Telerik.Web.UI.RadListView.CreateChildControls(IEnumerable dataSource, Boolean dataBinding)
   at Telerik.Web.UI.RadListView.PerformDataBinding(IEnumerable data)
   at System.Web.UI.WebControls.DataBoundControl.OnDataSourceViewSelectCallback(IEnumerable data)
   at Telerik.Web.UI.RadListView.PerformSelect()
   at System.Web.UI.Control.LoadRecursive()
   at System.Web.UI.Control.LoadRecursive()
   at System.Web.UI.Control.LoadRecursive()
   at System.Web.UI.Control.AddedControl(Control control, Int32 index)
   at Telerik.Sitefinity.Web.UI.ContentUI.Views.Backend.ViewBase.CreateChildControls()


----------------------------------------
----------------------------------------
Timestamp: 11/18/2016 4:58:46 AM

Message: Shutting down threadpool...


----------------------------------------
----------------------------------------
Timestamp: 11/18/2016 4:58:46 AM

Message: Thread pool 'BackgroundTasksService': Shutdown of thread pool completed. All currently running threads will finish their work and stop.


----------------------------------------
----------------------------------------
Timestamp: 11/18/2016 4:58:46 AM

Message: WorkerThread is shut down


----------------------------------------
----------------------------------------
Timestamp: 11/18/2016 4:58:46 AM

Message: WorkerThread is shut down


----------------------------------------
----------------------------------------
Timestamp: 11/18/2016 4:58:46 AM

Message: WorkerThread is shut down


----------------------------------------
----------------------------------------
Timestamp: 11/18/2016 4:58:46 AM

Message: WorkerThread is shut down


----------------------------------------
----------------------------------------
Timestamp: 11/18/2016 4:58:46 AM

Message: WorkerThread is shut down


----------------------------------------
----------------------------------------
Timestamp: 11/18/2016 4:58:46 AM

Message: WorkerThread is shut down


----------------------------------------
----------------------------------------
Timestamp: 11/18/2016 4:58:46 AM

Message: Background task scheduler shut down


----------------------------------------
----------------------------------------
Timestamp: 11/18/2016 4:58:46 AM

Message: WorkerThread is shut down


----------------------------------------
----------------------------------------
Timestamp: 11/18/2016 4:58:46 AM

Message: WorkerThread is shut down


----------------------------------------
----------------------------------------
Timestamp: 11/18/2016 4:59:16 AM

Message: Shutting down threadpool...


----------------------------------------
----------------------------------------
Timestamp: 11/18/2016 4:59:16 AM

Message: Thread pool 'BackgroundTasksService': Shutdown of thread pool completed. Threads aborted.


----------------------------------------
----------------------------------------
Timestamp: 11/18/2016 5:56:44 PM

Message: Operation: 'ModelReset'. Parameters: 'notify:True'. Reason: 'MetaDataChange|InvalidatedModules:Telerik.Sitefinity.DynamicModules.Builder.Data.OpenAccessModuleBuilderDataProvider;Telerik.Sitefinity.DynamicModules.Data.OpenAccessDynamicModuleProvider'. User: 'admin'. StackTrace: '
Telerik.Sitefinity.Data.OA.OpenAccessConnection: Void ResetModel(Telerik.Sitefinity.Services.OperationReason, Boolean)
Telerik.Sitefinity.Data.TransactionManager: Void CommitTransaction(System.String)
Telerik.Sitefinity.DynamicModules.Builder.ModuleBuilderHelper: Telerik.Sitefinity.DynamicModules.Builder.Data.ContentTypeContext SaveContentType(System.Guid, Telerik.Sitefinity.DynamicModules.Builder.Data.ContentTypeContext, System.String, Boolean)
Telerik.Sitefinity.DynamicModules.Builder.Web.Services.ContentTypeService: Telerik.Sitefinity.DynamicModules.Builder.Data.ContentTypeContext SaveContentTypeInternal(System.String, Telerik.Sitefinity.DynamicModules.Builder.Data.ContentTypeContext, System.String, Boolean)
unknown: System.Object SyncInvokeSaveContentType(System.Object, System.Object[], System.Object[])
System.ServiceModel.Dispatcher.SyncMethodInvoker: System.Object Invoke(System.Object, System.Object[], System.Object[] ByRef)
System.ServiceModel.Dispatcher.DispatchOperationRuntime: Void InvokeBegin(System.ServiceModel.Dispatcher.MessageRpc ByRef)
System.ServiceModel.Dispatcher.ImmutableDispatchRuntime: Void ProcessMessage5(System.ServiceModel.Dispatcher.MessageRpc ByRef)
System.ServiceModel.Dispatcher.ImmutableDispatchRuntime: Void ProcessMessage31(System.ServiceModel.Dispatcher.MessageRpc ByRef)
System.ServiceModel.Dispatcher.MessageRpc: Boolean Process(Boolean)
System.ServiceModel.Dispatcher.ChannelHandler: Boolean DispatchAndReleasePump(System.ServiceModel.Channels.RequestContext, Boolean, System.ServiceModel.OperationContext)
System.ServiceModel.Dispatcher.ChannelHandler: Boolean HandleRequest(System.ServiceModel.Channels.RequestContext, System.ServiceModel.OperationContext)
System.ServiceModel.Dispatcher.ChannelHandler: Void AsyncMessagePump(System.IAsyncResult)
System.Runtime.Fx+AsyncThunk: Void UnhandledExceptionFrame(System.IAsyncResult)
Telerik.Sitefinity.Utilities.MS.ServiceModel.Web.AsyncResult: Void Complete(Boolean)
Telerik.Sitefinity.Utilities.MS.ServiceModel.Web.RequestInterceptorReplyChannelBase`1+TryReceiveRequestAsyncResult: Void InnerTryReceiveCallback(System.IAsyncResult)
System.Runtime.AsyncResult: Void Complete(Boolean)
System.Runtime.InputQueue`1+AsyncQueueReader: Void Set(Item)
System.Runtime.InputQueue`1: Void EnqueueAndDispatch(Item, Boolean)
System.Runtime.InputQueue`1: Void EnqueueAndDispatch(T, System.Action, Boolean)
System.ServiceModel.Channels.SingletonChannelAcceptor`3: Void Enqueue(QueueItemType, System.Action, Boolean)
System.ServiceModel.Channels.HttpPipeline+EnqueueMessageAsyncResult: Void CompleteParseAndEnqueue(System.IAsyncResult)
System.ServiceModel.Channels.HttpPipeline+EnqueueMessageAsyncResult: Boolean HandleParseIncomingMessage(System.IAsyncResult)
System.Runtime.AsyncResult: Boolean SyncContinue(System.IAsyncResult)
System.ServiceModel.Channels.HttpPipeline+EmptyHttpPipeline: System.IAsyncResult BeginProcessInboundRequest(System.ServiceModel.Channels.ReplyChannelAcceptor, System.Action, System.AsyncCallback, System.Object)
System.ServiceModel.Channels.HttpChannelListener`1+HttpContextReceivedAsyncResult`1: System.Runtime.AsyncCompletionResult ProcessHttpContextAsync()
System.ServiceModel.Channels.HttpChannelListener`1: System.IAsyncResult BeginHttpContextReceived(System.ServiceModel.Channels.HttpRequestContext, System.Action, System.AsyncCallback, System.Object)
System.ServiceModel.Activation.HostedHttpTransportManager: Void HttpContextReceived(System.ServiceModel.Activation.HostedHttpRequestAsyncResult)
System.ServiceModel.Activation.HostedHttpRequestAsyncResult: Void HandleRequest()
System.ServiceModel.Activation.HostedHttpRequestAsyncResult: Void BeginRequest()
System.ServiceModel.Activation.HostedHttpRequestAsyncResult: Void OnBeginRequest(System.Object)
System.ServiceModel.AspNetPartialTrustHelpers: Void PartialTrustInvoke(System.Threading.ContextCallback, System.Object)
System.ServiceModel.Activation.HostedHttpRequestAsyncResult: Void OnBeginRequestWithFlow(System.Object)
System.Runtime.IOThreadScheduler+ScheduledOverlapped: Void IOCallback(UInt32, UInt32, System.Threading.NativeOverlapped*)
System.Runtime.Fx+IOCompletionThunk: Void UnhandledExceptionFrame(UInt32, UInt32, System.Threading.NativeOverlapped*)
System.Threading._IOCompletionCallback: Void PerformIOCompletionCallback(UInt32, UInt32, System.Threading.NativeOverlapped*)'.


----------------------------------------
