----------------------------------------
Timestamp: 3/10/2016 9:14:13 PM

Message: Shutting down threadpool...


----------------------------------------
----------------------------------------
Timestamp: 3/10/2016 9:14:13 PM

Message: Thread pool 'BackgroundTasksService': Shutdown of thread pool completed. All currently running threads will finish their work and stop.


----------------------------------------
----------------------------------------
Timestamp: 3/10/2016 9:14:13 PM

Message: WorkerThread is shut down


----------------------------------------
----------------------------------------
Timestamp: 3/10/2016 9:14:13 PM

Message: WorkerThread is shut down


----------------------------------------
----------------------------------------
Timestamp: 3/10/2016 9:14:13 PM

Message: WorkerThread is shut down


----------------------------------------
----------------------------------------
Timestamp: 3/10/2016 9:14:13 PM

Message: WorkerThread is shut down


----------------------------------------
----------------------------------------
Timestamp: 3/10/2016 9:14:13 PM

Message: WorkerThread is shut down


----------------------------------------
----------------------------------------
Timestamp: 3/10/2016 9:14:13 PM

Message: WorkerThread is shut down


----------------------------------------
----------------------------------------
Timestamp: 3/10/2016 9:14:13 PM

Message: WorkerThread is shut down


----------------------------------------
----------------------------------------
Timestamp: 3/10/2016 9:14:13 PM

Message: Background task scheduler shut down


----------------------------------------
----------------------------------------
Timestamp: 3/10/2016 9:14:13 PM

Message: WorkerThread is shut down


----------------------------------------
----------------------------------------
Timestamp: 3/10/2016 9:14:43 PM

Message: Shutting down threadpool...


----------------------------------------
----------------------------------------
Timestamp: 3/10/2016 9:14:43 PM

Message: Thread pool 'BackgroundTasksService': Shutdown of thread pool completed. Threads aborted.


----------------------------------------
