----------------------------------------
Timestamp: 10/25/2016 10:48:21 PM

Message: Shutting down threadpool...


----------------------------------------
----------------------------------------
Timestamp: 10/25/2016 10:48:21 PM

Message: Thread pool 'BackgroundTasksService': Shutdown of thread pool completed. All currently running threads will finish their work and stop.


----------------------------------------
----------------------------------------
Timestamp: 10/25/2016 10:48:21 PM

Message: WorkerThread is shut down


----------------------------------------
----------------------------------------
Timestamp: 10/25/2016 10:48:21 PM

Message: WorkerThread is shut down


----------------------------------------
----------------------------------------
Timestamp: 10/25/2016 10:48:21 PM

Message: WorkerThread is shut down


----------------------------------------
----------------------------------------
Timestamp: 10/25/2016 10:48:21 PM

Message: Background task scheduler shut down


----------------------------------------
----------------------------------------
Timestamp: 10/25/2016 10:48:21 PM

Message: WorkerThread is shut down


----------------------------------------
----------------------------------------
Timestamp: 10/25/2016 10:48:21 PM

Message: WorkerThread is shut down


----------------------------------------
----------------------------------------
Timestamp: 10/25/2016 10:48:21 PM

Message: WorkerThread is shut down


----------------------------------------
----------------------------------------
Timestamp: 10/25/2016 10:48:21 PM

Message: WorkerThread is shut down


----------------------------------------
----------------------------------------
Timestamp: 10/25/2016 10:48:21 PM

Message: WorkerThread is shut down


----------------------------------------
----------------------------------------
Timestamp: 10/25/2016 10:48:51 PM

Message: Shutting down threadpool...


----------------------------------------
----------------------------------------
Timestamp: 10/25/2016 10:48:51 PM

Message: Thread pool 'BackgroundTasksService': Shutdown of thread pool completed. Threads aborted.


----------------------------------------
----------------------------------------
Timestamp: 10/26/2016 2:24:43 PM

Message: Shutting down threadpool...


----------------------------------------
----------------------------------------
Timestamp: 10/26/2016 2:24:43 PM

Message: Thread pool 'BackgroundTasksService': Shutdown of thread pool completed. All currently running threads will finish their work and stop.


----------------------------------------
----------------------------------------
Timestamp: 10/26/2016 2:24:43 PM

Message: WorkerThread is shut down


----------------------------------------
----------------------------------------
Timestamp: 10/26/2016 2:24:44 PM

Message: WorkerThread is shut down


----------------------------------------
----------------------------------------
Timestamp: 10/26/2016 2:24:44 PM

Message: WorkerThread is shut down


----------------------------------------
----------------------------------------
Timestamp: 10/26/2016 2:24:44 PM

Message: WorkerThread is shut down


----------------------------------------
----------------------------------------
Timestamp: 10/26/2016 2:24:44 PM

Message: WorkerThread is shut down


----------------------------------------
----------------------------------------
Timestamp: 10/26/2016 2:24:44 PM

Message: WorkerThread is shut down


----------------------------------------
----------------------------------------
Timestamp: 10/26/2016 2:24:44 PM

Message: WorkerThread is shut down


----------------------------------------
----------------------------------------
Timestamp: 10/26/2016 2:24:44 PM

Message: WorkerThread is shut down


----------------------------------------
----------------------------------------
Timestamp: 10/26/2016 2:24:44 PM

Message: Background task scheduler shut down


----------------------------------------
----------------------------------------
Timestamp: 10/26/2016 2:24:45 PM

Message: Shutting down threadpool...


----------------------------------------
----------------------------------------
Timestamp: 10/26/2016 2:24:45 PM

Message: Thread pool 'BackgroundTasksService': Shutdown of thread pool completed. Threads aborted.


----------------------------------------
----------------------------------------
Timestamp: 10/26/2016 9:42:45 PM

Message: Shutting down threadpool...


----------------------------------------
----------------------------------------
Timestamp: 10/26/2016 9:42:45 PM

Message: Thread pool 'BackgroundTasksService': Shutdown of thread pool completed. All currently running threads will finish their work and stop.


----------------------------------------
----------------------------------------
Timestamp: 10/26/2016 9:42:45 PM

Message: WorkerThread is shut down


----------------------------------------
----------------------------------------
Timestamp: 10/26/2016 9:42:45 PM

Message: Background task scheduler shut down


----------------------------------------
----------------------------------------
Timestamp: 10/26/2016 9:42:45 PM

Message: WorkerThread is shut down


----------------------------------------
----------------------------------------
Timestamp: 10/26/2016 9:42:45 PM

Message: WorkerThread is shut down


----------------------------------------
----------------------------------------
Timestamp: 10/26/2016 9:42:45 PM

Message: WorkerThread is shut down


----------------------------------------
----------------------------------------
Timestamp: 10/26/2016 9:42:45 PM

Message: WorkerThread is shut down


----------------------------------------
----------------------------------------
Timestamp: 10/26/2016 9:42:45 PM

Message: WorkerThread is shut down


----------------------------------------
----------------------------------------
Timestamp: 10/26/2016 9:42:45 PM

Message: WorkerThread is shut down


----------------------------------------
----------------------------------------
Timestamp: 10/26/2016 9:42:45 PM

Message: WorkerThread is shut down


----------------------------------------
----------------------------------------
Timestamp: 10/26/2016 9:43:15 PM

Message: Shutting down threadpool...


----------------------------------------
----------------------------------------
Timestamp: 10/26/2016 9:43:15 PM

Message: Thread pool 'BackgroundTasksService': Shutdown of thread pool completed. Threads aborted.


----------------------------------------
