----------------------------------------
Timestamp: 11/24/2016 8:12:39 PM

Message: Shutting down threadpool...


----------------------------------------
----------------------------------------
Timestamp: 11/24/2016 8:12:39 PM

Message: Thread pool 'BackgroundTasksService': Shutdown of thread pool completed. All currently running threads will finish their work and stop.


----------------------------------------
----------------------------------------
Timestamp: 11/24/2016 8:12:39 PM

Message: WorkerThread is shut down


----------------------------------------
----------------------------------------
Timestamp: 11/24/2016 8:12:39 PM

Message: Background task scheduler shut down


----------------------------------------
----------------------------------------
Timestamp: 11/24/2016 8:12:39 PM

Message: WorkerThread is shut down


----------------------------------------
----------------------------------------
Timestamp: 11/24/2016 8:12:39 PM

Message: WorkerThread is shut down


----------------------------------------
----------------------------------------
Timestamp: 11/24/2016 8:12:39 PM

Message: WorkerThread is shut down


----------------------------------------
----------------------------------------
Timestamp: 11/24/2016 8:12:39 PM

Message: WorkerThread is shut down


----------------------------------------
----------------------------------------
Timestamp: 11/24/2016 8:12:39 PM

Message: WorkerThread is shut down


----------------------------------------
----------------------------------------
Timestamp: 11/24/2016 8:12:39 PM

Message: WorkerThread is shut down


----------------------------------------
----------------------------------------
Timestamp: 11/24/2016 8:12:39 PM

Message: WorkerThread is shut down


----------------------------------------
----------------------------------------
Timestamp: 11/24/2016 8:13:09 PM

Message: Shutting down threadpool...


----------------------------------------
----------------------------------------
Timestamp: 11/24/2016 8:13:09 PM

Message: Thread pool 'BackgroundTasksService': Shutdown of thread pool completed. Threads aborted.


----------------------------------------
