----------------------------------------
Timestamp: 7/7/2016 2:16:04 PM

Message: Shutting down threadpool...


----------------------------------------
----------------------------------------
Timestamp: 7/7/2016 2:16:04 PM

Message: Thread pool 'BackgroundTasksService': Shutdown of thread pool completed. All currently running threads will finish their work and stop.


----------------------------------------
----------------------------------------
Timestamp: 7/7/2016 2:16:05 PM

Message: WorkerThread is shut down


----------------------------------------
----------------------------------------
Timestamp: 7/7/2016 2:16:05 PM

Message: WorkerThread is shut down


----------------------------------------
----------------------------------------
Timestamp: 7/7/2016 2:16:05 PM

Message: Background task scheduler shut down


----------------------------------------
----------------------------------------
Timestamp: 7/7/2016 2:16:05 PM

Message: WorkerThread is shut down


----------------------------------------
----------------------------------------
Timestamp: 7/7/2016 2:16:05 PM

Message: WorkerThread is shut down


----------------------------------------
----------------------------------------
Timestamp: 7/7/2016 2:16:05 PM

Message: WorkerThread is shut down


----------------------------------------
----------------------------------------
Timestamp: 7/7/2016 2:16:05 PM

Message: WorkerThread is shut down


----------------------------------------
----------------------------------------
Timestamp: 7/7/2016 2:16:05 PM

Message: WorkerThread is shut down


----------------------------------------
----------------------------------------
Timestamp: 7/7/2016 2:16:05 PM

Message: WorkerThread is shut down


----------------------------------------
----------------------------------------
Timestamp: 7/7/2016 2:16:35 PM

Message: Shutting down threadpool...


----------------------------------------
----------------------------------------
Timestamp: 7/7/2016 2:16:35 PM

Message: Thread pool 'BackgroundTasksService': Shutdown of thread pool completed. Threads aborted.


----------------------------------------
