----------------------------------------
Timestamp: 12/12/2016 11:12:43 PM

Message: Shutting down threadpool...


----------------------------------------
----------------------------------------
Timestamp: 12/12/2016 11:12:43 PM

Message: Thread pool 'BackgroundTasksService': Shutdown of thread pool completed. All currently running threads will finish their work and stop.


----------------------------------------
----------------------------------------
Timestamp: 12/12/2016 11:12:44 PM

Message: WorkerThread is shut down


----------------------------------------
----------------------------------------
Timestamp: 12/12/2016 11:12:44 PM

Message: WorkerThread is shut down


----------------------------------------
----------------------------------------
Timestamp: 12/12/2016 11:12:44 PM

Message: WorkerThread is shut down


----------------------------------------
----------------------------------------
Timestamp: 12/12/2016 11:12:44 PM

Message: Background task scheduler shut down


----------------------------------------
----------------------------------------
Timestamp: 12/12/2016 11:12:44 PM

Message: WorkerThread is shut down


----------------------------------------
----------------------------------------
Timestamp: 12/12/2016 11:12:44 PM

Message: WorkerThread is shut down


----------------------------------------
----------------------------------------
Timestamp: 12/12/2016 11:12:44 PM

Message: WorkerThread is shut down


----------------------------------------
----------------------------------------
Timestamp: 12/12/2016 11:12:44 PM

Message: WorkerThread is shut down


----------------------------------------
----------------------------------------
Timestamp: 12/12/2016 11:12:44 PM

Message: WorkerThread is shut down


----------------------------------------
----------------------------------------
Timestamp: 12/12/2016 11:13:13 PM

Message: Shutting down threadpool...


----------------------------------------
----------------------------------------
Timestamp: 12/12/2016 11:13:13 PM

Message: Thread pool 'BackgroundTasksService': Shutdown of thread pool completed. Threads aborted.


----------------------------------------
