----------------------------------------
Timestamp: 6/3/2016 6:16:03 PM

Message: Shutting down threadpool...


----------------------------------------
----------------------------------------
Timestamp: 6/3/2016 6:16:03 PM

Message: Thread pool 'BackgroundTasksService': Shutdown of thread pool completed. All currently running threads will finish their work and stop.


----------------------------------------
----------------------------------------
Timestamp: 6/3/2016 6:16:03 PM

Message: WorkerThread is shut down


----------------------------------------
----------------------------------------
Timestamp: 6/3/2016 6:16:03 PM

Message: WorkerThread is shut down


----------------------------------------
----------------------------------------
Timestamp: 6/3/2016 6:16:03 PM

Message: WorkerThread is shut down


----------------------------------------
----------------------------------------
Timestamp: 6/3/2016 6:16:03 PM

Message: WorkerThread is shut down


----------------------------------------
----------------------------------------
Timestamp: 6/3/2016 6:16:03 PM

Message: Background task scheduler shut down


----------------------------------------
----------------------------------------
Timestamp: 6/3/2016 6:16:03 PM

Message: WorkerThread is shut down


----------------------------------------
----------------------------------------
Timestamp: 6/3/2016 6:16:03 PM

Message: WorkerThread is shut down


----------------------------------------
----------------------------------------
Timestamp: 6/3/2016 6:16:03 PM

Message: WorkerThread is shut down


----------------------------------------
----------------------------------------
Timestamp: 6/3/2016 6:16:03 PM

Message: WorkerThread is shut down


----------------------------------------
----------------------------------------
Timestamp: 6/3/2016 6:16:33 PM

Message: Shutting down threadpool...


----------------------------------------
----------------------------------------
Timestamp: 6/3/2016 6:16:33 PM

Message: Thread pool 'BackgroundTasksService': Shutdown of thread pool completed. Threads aborted.


----------------------------------------
