----------------------------------------
Timestamp: 2/26/2016 3:55:15 AM

Message: Shutting down threadpool...


----------------------------------------
----------------------------------------
Timestamp: 2/26/2016 3:55:15 AM

Message: Thread pool 'BackgroundTasksService': Shutdown of thread pool completed. All currently running threads will finish their work and stop.


----------------------------------------
----------------------------------------
Timestamp: 2/26/2016 3:55:16 AM

Message: WorkerThread is shut down


----------------------------------------
----------------------------------------
Timestamp: 2/26/2016 3:55:16 AM

Message: Background task scheduler shut down


----------------------------------------
----------------------------------------
Timestamp: 2/26/2016 3:55:16 AM

Message: WorkerThread is shut down


----------------------------------------
----------------------------------------
Timestamp: 2/26/2016 3:55:16 AM

Message: WorkerThread is shut down


----------------------------------------
----------------------------------------
Timestamp: 2/26/2016 3:55:16 AM

Message: WorkerThread is shut down


----------------------------------------
----------------------------------------
Timestamp: 2/26/2016 3:55:16 AM

Message: WorkerThread is shut down


----------------------------------------
----------------------------------------
Timestamp: 2/26/2016 3:55:16 AM

Message: WorkerThread is shut down


----------------------------------------
----------------------------------------
Timestamp: 2/26/2016 3:55:16 AM

Message: WorkerThread is shut down


----------------------------------------
----------------------------------------
Timestamp: 2/26/2016 3:55:16 AM

Message: WorkerThread is shut down


----------------------------------------
----------------------------------------
Timestamp: 2/26/2016 3:55:46 AM

Message: Shutting down threadpool...


----------------------------------------
----------------------------------------
Timestamp: 2/26/2016 3:55:46 AM

Message: Thread pool 'BackgroundTasksService': Shutdown of thread pool completed. Threads aborted.


----------------------------------------
