----------------------------------------
Timestamp: 10/20/2016 3:45:18 PM

Message: Error while executing the Task: Value cannot be null.
Parameter name: input, StackTrace:    at System.Guid.Parse(String input)
   at Telerik.Sitefinity.Services.Statistics.ReconcilerTask.ReconcileUserData()
   at Telerik.Sitefinity.Services.SystemManager.RunWithElevatedPrivilege(RunWithElevatedPrivilegeDelegate delegateToRun, Object[] parameters, String urlRequest)
   at Telerik.Sitefinity.Services.Statistics.ReconcilerTask.Run(IBackgroundTaskContext context)
   at Telerik.Sitefinity.BackgroundTasks.WorkerThread.Run(IBackgroundTaskContext context)


----------------------------------------
----------------------------------------
Timestamp: 10/21/2016 2:48:26 AM

Message: Shutting down threadpool...


----------------------------------------
----------------------------------------
Timestamp: 10/21/2016 2:48:26 AM

Message: Thread pool 'BackgroundTasksService': Shutdown of thread pool completed. All currently running threads will finish their work and stop.


----------------------------------------
----------------------------------------
Timestamp: 10/21/2016 2:48:27 AM

Message: WorkerThread is shut down


----------------------------------------
----------------------------------------
Timestamp: 10/21/2016 2:48:27 AM

Message: Background task scheduler shut down


----------------------------------------
----------------------------------------
Timestamp: 10/21/2016 2:48:27 AM

Message: WorkerThread is shut down


----------------------------------------
----------------------------------------
Timestamp: 10/21/2016 2:48:27 AM

Message: WorkerThread is shut down


----------------------------------------
----------------------------------------
Timestamp: 10/21/2016 2:48:27 AM

Message: WorkerThread is shut down


----------------------------------------
----------------------------------------
Timestamp: 10/21/2016 2:48:27 AM

Message: WorkerThread is shut down


----------------------------------------
----------------------------------------
Timestamp: 10/21/2016 2:48:27 AM

Message: WorkerThread is shut down


----------------------------------------
----------------------------------------
Timestamp: 10/21/2016 2:48:27 AM

Message: WorkerThread is shut down


----------------------------------------
----------------------------------------
Timestamp: 10/21/2016 2:48:27 AM

Message: WorkerThread is shut down


----------------------------------------
----------------------------------------
Timestamp: 10/21/2016 2:48:57 AM

Message: Shutting down threadpool...


----------------------------------------
----------------------------------------
Timestamp: 10/21/2016 2:48:57 AM

Message: Thread pool 'BackgroundTasksService': Shutdown of thread pool completed. Threads aborted.


----------------------------------------
