----------------------------------------
Timestamp: 4/4/2016 5:37:59 PM

Message: Shutting down threadpool...


----------------------------------------
----------------------------------------
Timestamp: 4/4/2016 5:37:59 PM

Message: Thread pool 'BackgroundTasksService': Shutdown of thread pool completed. All currently running threads will finish their work and stop.


----------------------------------------
----------------------------------------
Timestamp: 4/4/2016 5:37:59 PM

Message: WorkerThread is shut down


----------------------------------------
----------------------------------------
Timestamp: 4/4/2016 5:37:59 PM

Message: WorkerThread is shut down


----------------------------------------
----------------------------------------
Timestamp: 4/4/2016 5:37:59 PM

Message: WorkerThread is shut down


----------------------------------------
----------------------------------------
Timestamp: 4/4/2016 5:37:59 PM

Message: WorkerThread is shut down


----------------------------------------
----------------------------------------
Timestamp: 4/4/2016 5:37:59 PM

Message: WorkerThread is shut down


----------------------------------------
----------------------------------------
Timestamp: 4/4/2016 5:37:59 PM

Message: WorkerThread is shut down


----------------------------------------
----------------------------------------
Timestamp: 4/4/2016 5:37:59 PM

Message: Background task scheduler shut down


----------------------------------------
----------------------------------------
Timestamp: 4/4/2016 5:37:59 PM

Message: WorkerThread is shut down


----------------------------------------
----------------------------------------
Timestamp: 4/4/2016 5:37:59 PM

Message: WorkerThread is shut down


----------------------------------------
----------------------------------------
Timestamp: 4/4/2016 5:38:29 PM

Message: Shutting down threadpool...


----------------------------------------
----------------------------------------
Timestamp: 4/4/2016 5:38:29 PM

Message: Thread pool 'BackgroundTasksService': Shutdown of thread pool completed. Threads aborted.


----------------------------------------
----------------------------------------
Timestamp: 4/5/2016 3:38:43 PM

Message: Error while executing the Task: Value cannot be null.
Parameter name: input, StackTrace:    at System.Guid.Parse(String input)
   at Telerik.Sitefinity.Services.Statistics.ReconcilerTask.ReconcileUserData()
   at Telerik.Sitefinity.Services.SystemManager.RunWithElevatedPrivilege(RunWithElevatedPrivilegeDelegate delegateToRun, Object[] parameters, String urlRequest)
   at Telerik.Sitefinity.Services.Statistics.ReconcilerTask.Run(IBackgroundTaskContext context)
   at Telerik.Sitefinity.BackgroundTasks.WorkerThread.Run(IBackgroundTaskContext context)


----------------------------------------
