----------------------------------------
Timestamp: 10/22/2016 7:48:20 AM

Message: Shutting down threadpool...


----------------------------------------
----------------------------------------
Timestamp: 10/22/2016 7:48:20 AM

Message: Thread pool 'BackgroundTasksService': Shutdown of thread pool completed. All currently running threads will finish their work and stop.


----------------------------------------
----------------------------------------
Timestamp: 10/22/2016 7:48:21 AM

Message: WorkerThread is shut down


----------------------------------------
----------------------------------------
Timestamp: 10/22/2016 7:48:21 AM

Message: WorkerThread is shut down


----------------------------------------
----------------------------------------
Timestamp: 10/22/2016 7:48:21 AM

Message: WorkerThread is shut down


----------------------------------------
----------------------------------------
Timestamp: 10/22/2016 7:48:21 AM

Message: WorkerThread is shut down


----------------------------------------
----------------------------------------
Timestamp: 10/22/2016 7:48:21 AM

Message: Background task scheduler shut down


----------------------------------------
----------------------------------------
Timestamp: 10/22/2016 7:48:21 AM

Message: WorkerThread is shut down


----------------------------------------
----------------------------------------
Timestamp: 10/22/2016 7:48:21 AM

Message: WorkerThread is shut down


----------------------------------------
----------------------------------------
Timestamp: 10/22/2016 7:48:21 AM

Message: WorkerThread is shut down


----------------------------------------
----------------------------------------
Timestamp: 10/22/2016 7:48:21 AM

Message: WorkerThread is shut down


----------------------------------------
----------------------------------------
Timestamp: 10/22/2016 7:48:51 AM

Message: Shutting down threadpool...


----------------------------------------
----------------------------------------
Timestamp: 10/22/2016 7:48:51 AM

Message: Thread pool 'BackgroundTasksService': Shutdown of thread pool completed. Threads aborted.


----------------------------------------
