----------------------------------------
Timestamp: 3/4/2016 9:55:02 AM

Message: Shutting down threadpool...


----------------------------------------
----------------------------------------
Timestamp: 3/4/2016 9:55:02 AM

Message: Thread pool 'BackgroundTasksService': Shutdown of thread pool completed. All currently running threads will finish their work and stop.


----------------------------------------
----------------------------------------
Timestamp: 3/4/2016 9:55:02 AM

Message: WorkerThread is shut down


----------------------------------------
----------------------------------------
Timestamp: 3/4/2016 9:55:02 AM

Message: WorkerThread is shut down


----------------------------------------
----------------------------------------
Timestamp: 3/4/2016 9:55:02 AM

Message: WorkerThread is shut down


----------------------------------------
----------------------------------------
Timestamp: 3/4/2016 9:55:02 AM

Message: WorkerThread is shut down


----------------------------------------
----------------------------------------
Timestamp: 3/4/2016 9:55:02 AM

Message: WorkerThread is shut down


----------------------------------------
----------------------------------------
Timestamp: 3/4/2016 9:55:02 AM

Message: WorkerThread is shut down


----------------------------------------
----------------------------------------
Timestamp: 3/4/2016 9:55:02 AM

Message: WorkerThread is shut down


----------------------------------------
----------------------------------------
Timestamp: 3/4/2016 9:55:03 AM

Message: WorkerThread is shut down


----------------------------------------
----------------------------------------
Timestamp: 3/4/2016 9:55:03 AM

Message: Background task scheduler shut down


----------------------------------------
----------------------------------------
Timestamp: 3/4/2016 9:55:32 AM

Message: Shutting down threadpool...


----------------------------------------
----------------------------------------
Timestamp: 3/4/2016 9:55:32 AM

Message: Thread pool 'BackgroundTasksService': Shutdown of thread pool completed. Threads aborted.


----------------------------------------
