----------------------------------------
Timestamp: 12/19/2015 2:33:07 AM

Message: Shutting down threadpool...


----------------------------------------
----------------------------------------
Timestamp: 12/19/2015 2:33:07 AM

Message: Thread pool 'BackgroundTasksService': Shutdown of thread pool completed. All currently running threads will finish their work and stop.


----------------------------------------
----------------------------------------
Timestamp: 12/19/2015 2:33:07 AM

Message: WorkerThread is shut down


----------------------------------------
----------------------------------------
Timestamp: 12/19/2015 2:33:07 AM

Message: WorkerThread is shut down


----------------------------------------
----------------------------------------
Timestamp: 12/19/2015 2:33:07 AM

Message: WorkerThread is shut down


----------------------------------------
----------------------------------------
Timestamp: 12/19/2015 2:33:07 AM

Message: WorkerThread is shut down


----------------------------------------
----------------------------------------
Timestamp: 12/19/2015 2:33:07 AM

Message: WorkerThread is shut down


----------------------------------------
----------------------------------------
Timestamp: 12/19/2015 2:33:07 AM

Message: Background task scheduler shut down


----------------------------------------
----------------------------------------
Timestamp: 12/19/2015 2:33:07 AM

Message: WorkerThread is shut down


----------------------------------------
----------------------------------------
Timestamp: 12/19/2015 2:33:07 AM

Message: WorkerThread is shut down


----------------------------------------
----------------------------------------
Timestamp: 12/19/2015 2:33:07 AM

Message: WorkerThread is shut down


----------------------------------------
----------------------------------------
Timestamp: 12/19/2015 2:33:37 AM

Message: Shutting down threadpool...


----------------------------------------
----------------------------------------
Timestamp: 12/19/2015 2:33:37 AM

Message: Thread pool 'BackgroundTasksService': Shutdown of thread pool completed. Threads aborted.


----------------------------------------
