----------------------------------------
Timestamp: 1/14/2016 3:33:19 PM

Message: Shutting down threadpool...


----------------------------------------
----------------------------------------
Timestamp: 1/14/2016 3:33:19 PM

Message: Thread pool 'BackgroundTasksService': Shutdown of thread pool completed. All currently running threads will finish their work and stop.


----------------------------------------
----------------------------------------
Timestamp: 1/14/2016 3:33:19 PM

Message: WorkerThread is shut down


----------------------------------------
----------------------------------------
Timestamp: 1/14/2016 3:33:19 PM

Message: WorkerThread is shut down


----------------------------------------
----------------------------------------
Timestamp: 1/14/2016 3:33:19 PM

Message: WorkerThread is shut down


----------------------------------------
----------------------------------------
Timestamp: 1/14/2016 3:33:19 PM

Message: Background task scheduler shut down


----------------------------------------
----------------------------------------
Timestamp: 1/14/2016 3:33:19 PM

Message: WorkerThread is shut down


----------------------------------------
----------------------------------------
Timestamp: 1/14/2016 3:33:49 PM

Message: Shutting down threadpool...


----------------------------------------
----------------------------------------
Timestamp: 1/14/2016 3:33:49 PM

Message: Thread pool 'BackgroundTasksService': Shutdown of thread pool completed. Threads aborted.


----------------------------------------
----------------------------------------
Timestamp: 1/14/2016 10:24:33 PM

Message: Shutting down threadpool...


----------------------------------------
----------------------------------------
Timestamp: 1/14/2016 10:24:33 PM

Message: Thread pool 'BackgroundTasksService': Shutdown of thread pool completed. All currently running threads will finish their work and stop.


----------------------------------------
----------------------------------------
Timestamp: 1/14/2016 10:24:33 PM

Message: WorkerThread is shut down


----------------------------------------
----------------------------------------
Timestamp: 1/14/2016 10:24:33 PM

Message: WorkerThread is shut down


----------------------------------------
----------------------------------------
Timestamp: 1/14/2016 10:24:33 PM

Message: WorkerThread is shut down


----------------------------------------
----------------------------------------
Timestamp: 1/14/2016 10:24:33 PM

Message: WorkerThread is shut down


----------------------------------------
----------------------------------------
Timestamp: 1/14/2016 10:24:33 PM

Message: WorkerThread is shut down


----------------------------------------
----------------------------------------
Timestamp: 1/14/2016 10:24:33 PM

Message: Background task scheduler shut down


----------------------------------------
----------------------------------------
Timestamp: 1/14/2016 10:24:33 PM

Message: WorkerThread is shut down


----------------------------------------
----------------------------------------
Timestamp: 1/14/2016 10:24:33 PM

Message: WorkerThread is shut down


----------------------------------------
----------------------------------------
Timestamp: 1/14/2016 10:24:33 PM

Message: WorkerThread is shut down


----------------------------------------
----------------------------------------
Timestamp: 1/14/2016 10:25:03 PM

Message: Shutting down threadpool...


----------------------------------------
----------------------------------------
Timestamp: 1/14/2016 10:25:03 PM

Message: Thread pool 'BackgroundTasksService': Shutdown of thread pool completed. Threads aborted.


----------------------------------------
