----------------------------------------
Timestamp: 7/23/2016 7:16:10 AM

Message: Shutting down threadpool...


----------------------------------------
----------------------------------------
Timestamp: 7/23/2016 7:16:10 AM

Message: Thread pool 'BackgroundTasksService': Shutdown of thread pool completed. All currently running threads will finish their work and stop.


----------------------------------------
----------------------------------------
Timestamp: 7/23/2016 7:16:10 AM

Message: WorkerThread is shut down


----------------------------------------
----------------------------------------
Timestamp: 7/23/2016 7:16:10 AM

Message: WorkerThread is shut down


----------------------------------------
----------------------------------------
Timestamp: 7/23/2016 7:16:10 AM

Message: WorkerThread is shut down


----------------------------------------
----------------------------------------
Timestamp: 7/23/2016 7:16:10 AM

Message: Background task scheduler shut down


----------------------------------------
----------------------------------------
Timestamp: 7/23/2016 7:16:10 AM

Message: WorkerThread is shut down


----------------------------------------
----------------------------------------
Timestamp: 7/23/2016 7:16:10 AM

Message: WorkerThread is shut down


----------------------------------------
----------------------------------------
Timestamp: 7/23/2016 7:16:10 AM

Message: WorkerThread is shut down


----------------------------------------
----------------------------------------
Timestamp: 7/23/2016 7:16:10 AM

Message: WorkerThread is shut down


----------------------------------------
----------------------------------------
Timestamp: 7/23/2016 7:16:10 AM

Message: WorkerThread is shut down


----------------------------------------
----------------------------------------
Timestamp: 7/23/2016 7:16:40 AM

Message: Shutting down threadpool...


----------------------------------------
----------------------------------------
Timestamp: 7/23/2016 7:16:40 AM

Message: Thread pool 'BackgroundTasksService': Shutdown of thread pool completed. Threads aborted.


----------------------------------------
