----------------------------------------
Timestamp: 9/14/2016 7:05:19 AM

Message: Background task scheduler shut down


----------------------------------------
----------------------------------------
Timestamp: 9/14/2016 7:05:19 AM

Message: Shutting down threadpool...


----------------------------------------
----------------------------------------
Timestamp: 9/14/2016 7:05:19 AM

Message: Thread pool 'BackgroundTasksService': Shutdown of thread pool completed. All currently running threads will finish their work and stop.


----------------------------------------
----------------------------------------
Timestamp: 9/14/2016 7:05:20 AM

Message: WorkerThread is shut down


----------------------------------------
----------------------------------------
Timestamp: 9/14/2016 7:05:20 AM

Message: WorkerThread is shut down


----------------------------------------
----------------------------------------
Timestamp: 9/14/2016 7:05:20 AM

Message: WorkerThread is shut down


----------------------------------------
----------------------------------------
Timestamp: 9/14/2016 7:05:20 AM

Message: WorkerThread is shut down


----------------------------------------
----------------------------------------
Timestamp: 9/14/2016 7:05:20 AM

Message: WorkerThread is shut down


----------------------------------------
----------------------------------------
Timestamp: 9/14/2016 7:05:20 AM

Message: WorkerThread is shut down


----------------------------------------
----------------------------------------
Timestamp: 9/14/2016 7:05:20 AM

Message: WorkerThread is shut down


----------------------------------------
----------------------------------------
Timestamp: 9/14/2016 7:05:20 AM

Message: WorkerThread is shut down


----------------------------------------
