----------------------------------------
Timestamp: 3/6/2016 7:54:55 PM

Message: Shutting down threadpool...


----------------------------------------
----------------------------------------
Timestamp: 3/6/2016 7:54:55 PM

Message: Thread pool 'BackgroundTasksService': Shutdown of thread pool completed. All currently running threads will finish their work and stop.


----------------------------------------
----------------------------------------
Timestamp: 3/6/2016 7:54:55 PM

Message: WorkerThread is shut down


----------------------------------------
----------------------------------------
Timestamp: 3/6/2016 7:54:55 PM

Message: WorkerThread is shut down


----------------------------------------
----------------------------------------
Timestamp: 3/6/2016 7:54:55 PM

Message: WorkerThread is shut down


----------------------------------------
----------------------------------------
Timestamp: 3/6/2016 7:54:55 PM

Message: Background task scheduler shut down


----------------------------------------
----------------------------------------
Timestamp: 3/6/2016 7:54:55 PM

Message: WorkerThread is shut down


----------------------------------------
----------------------------------------
Timestamp: 3/6/2016 7:54:55 PM

Message: WorkerThread is shut down


----------------------------------------
----------------------------------------
Timestamp: 3/6/2016 7:54:55 PM

Message: WorkerThread is shut down


----------------------------------------
----------------------------------------
Timestamp: 3/6/2016 7:54:55 PM

Message: WorkerThread is shut down


----------------------------------------
----------------------------------------
Timestamp: 3/6/2016 7:54:55 PM

Message: WorkerThread is shut down


----------------------------------------
----------------------------------------
Timestamp: 3/6/2016 7:55:25 PM

Message: Shutting down threadpool...


----------------------------------------
----------------------------------------
Timestamp: 3/6/2016 7:55:25 PM

Message: Thread pool 'BackgroundTasksService': Shutdown of thread pool completed. Threads aborted.


----------------------------------------
----------------------------------------
Timestamp: 3/7/2016 2:15:32 PM

Message: Error while executing the Task: Value cannot be null.
Parameter name: input, StackTrace:    at System.Guid.Parse(String input)
   at Telerik.Sitefinity.Services.Statistics.ReconcilerTask.ReconcileUserData()
   at Telerik.Sitefinity.Services.SystemManager.RunWithElevatedPrivilege(RunWithElevatedPrivilegeDelegate delegateToRun, Object[] parameters, String urlRequest)
   at Telerik.Sitefinity.Services.Statistics.ReconcilerTask.Run(IBackgroundTaskContext context)
   at Telerik.Sitefinity.BackgroundTasks.WorkerThread.Run(IBackgroundTaskContext context)


----------------------------------------
----------------------------------------
Timestamp: 3/7/2016 5:11:33 PM

Message: Error while executing the Task: Value cannot be null.
Parameter name: input, StackTrace:    at System.Guid.Parse(String input)
   at Telerik.Sitefinity.Services.Statistics.ReconcilerTask.ReconcileUserData()
   at Telerik.Sitefinity.Services.SystemManager.RunWithElevatedPrivilege(RunWithElevatedPrivilegeDelegate delegateToRun, Object[] parameters, String urlRequest)
   at Telerik.Sitefinity.Services.Statistics.ReconcilerTask.Run(IBackgroundTaskContext context)
   at Telerik.Sitefinity.BackgroundTasks.WorkerThread.Run(IBackgroundTaskContext context)


----------------------------------------
----------------------------------------
Timestamp: 3/7/2016 7:41:23 PM

Message: Error while executing the Task: Value cannot be null.
Parameter name: input, StackTrace:    at System.Guid.Parse(String input)
   at Telerik.Sitefinity.Services.Statistics.ReconcilerTask.ReconcileUserData()
   at Telerik.Sitefinity.Services.SystemManager.RunWithElevatedPrivilege(RunWithElevatedPrivilegeDelegate delegateToRun, Object[] parameters, String urlRequest)
   at Telerik.Sitefinity.Services.Statistics.ReconcilerTask.Run(IBackgroundTaskContext context)
   at Telerik.Sitefinity.BackgroundTasks.WorkerThread.Run(IBackgroundTaskContext context)


----------------------------------------
----------------------------------------
Timestamp: 3/7/2016 7:41:31 PM

Message: Error while executing the Task: Value cannot be null.
Parameter name: input, StackTrace:    at System.Guid.Parse(String input)
   at Telerik.Sitefinity.Services.Statistics.ReconcilerTask.ReconcileUserData()
   at Telerik.Sitefinity.Services.SystemManager.RunWithElevatedPrivilege(RunWithElevatedPrivilegeDelegate delegateToRun, Object[] parameters, String urlRequest)
   at Telerik.Sitefinity.Services.Statistics.ReconcilerTask.Run(IBackgroundTaskContext context)
   at Telerik.Sitefinity.BackgroundTasks.WorkerThread.Run(IBackgroundTaskContext context)


----------------------------------------
