----------------------------------------
Timestamp: 3/20/2016 12:37:59 AM

Message: Shutting down threadpool...


----------------------------------------
----------------------------------------
Timestamp: 3/20/2016 12:37:59 AM

Message: Thread pool 'BackgroundTasksService': Shutdown of thread pool completed. All currently running threads will finish their work and stop.


----------------------------------------
----------------------------------------
Timestamp: 3/20/2016 12:38:00 AM

Message: WorkerThread is shut down


----------------------------------------
----------------------------------------
Timestamp: 3/20/2016 12:38:00 AM

Message: WorkerThread is shut down


----------------------------------------
----------------------------------------
Timestamp: 3/20/2016 12:38:00 AM

Message: WorkerThread is shut down


----------------------------------------
----------------------------------------
Timestamp: 3/20/2016 12:38:00 AM

Message: WorkerThread is shut down


----------------------------------------
----------------------------------------
Timestamp: 3/20/2016 12:38:00 AM

Message: Background task scheduler shut down


----------------------------------------
----------------------------------------
Timestamp: 3/20/2016 12:38:00 AM

Message: WorkerThread is shut down


----------------------------------------
----------------------------------------
Timestamp: 3/20/2016 12:38:00 AM

Message: WorkerThread is shut down


----------------------------------------
----------------------------------------
Timestamp: 3/20/2016 12:38:00 AM

Message: WorkerThread is shut down


----------------------------------------
----------------------------------------
Timestamp: 3/20/2016 12:38:00 AM

Message: WorkerThread is shut down


----------------------------------------
----------------------------------------
Timestamp: 3/20/2016 12:38:29 AM

Message: Shutting down threadpool...


----------------------------------------
----------------------------------------
Timestamp: 3/20/2016 12:38:29 AM

Message: Thread pool 'BackgroundTasksService': Shutdown of thread pool completed. Threads aborted.


----------------------------------------
