----------------------------------------
Timestamp: 4/13/2016 5:33:56 PM

Message: Shutting down threadpool...


----------------------------------------
----------------------------------------
Timestamp: 4/13/2016 5:33:56 PM

Message: Thread pool 'BackgroundTasksService': Shutdown of thread pool completed. All currently running threads will finish their work and stop.


----------------------------------------
----------------------------------------
Timestamp: 4/13/2016 5:33:56 PM

Message: WorkerThread is shut down


----------------------------------------
----------------------------------------
Timestamp: 4/13/2016 5:33:56 PM

Message: WorkerThread is shut down


----------------------------------------
----------------------------------------
Timestamp: 4/13/2016 5:33:56 PM

Message: Background task scheduler shut down


----------------------------------------
----------------------------------------
Timestamp: 4/13/2016 5:33:56 PM

Message: WorkerThread is shut down


----------------------------------------
----------------------------------------
Timestamp: 4/13/2016 5:33:56 PM

Message: WorkerThread is shut down


----------------------------------------
----------------------------------------
Timestamp: 4/13/2016 5:33:56 PM

Message: WorkerThread is shut down


----------------------------------------
----------------------------------------
Timestamp: 4/13/2016 5:33:56 PM

Message: WorkerThread is shut down


----------------------------------------
----------------------------------------
Timestamp: 4/13/2016 5:33:56 PM

Message: WorkerThread is shut down


----------------------------------------
----------------------------------------
Timestamp: 4/13/2016 5:33:56 PM

Message: WorkerThread is shut down


----------------------------------------
----------------------------------------
Timestamp: 4/13/2016 5:34:26 PM

Message: Shutting down threadpool...


----------------------------------------
----------------------------------------
Timestamp: 4/13/2016 5:34:26 PM

Message: Thread pool 'BackgroundTasksService': Shutdown of thread pool completed. Threads aborted.


----------------------------------------
----------------------------------------
Timestamp: 4/14/2016 9:38:35 AM

Message: Shutting down threadpool...


----------------------------------------
----------------------------------------
Timestamp: 4/14/2016 9:38:35 AM

Message: Thread pool 'BackgroundTasksService': Shutdown of thread pool completed. All currently running threads will finish their work and stop.


----------------------------------------
----------------------------------------
Timestamp: 4/14/2016 9:38:35 AM

Message: WorkerThread is shut down


----------------------------------------
----------------------------------------
Timestamp: 4/14/2016 9:38:35 AM

Message: WorkerThread is shut down


----------------------------------------
----------------------------------------
Timestamp: 4/14/2016 9:38:35 AM

Message: WorkerThread is shut down


----------------------------------------
----------------------------------------
Timestamp: 4/14/2016 9:38:35 AM

Message: WorkerThread is shut down


----------------------------------------
----------------------------------------
Timestamp: 4/14/2016 9:38:35 AM

Message: Background task scheduler shut down


----------------------------------------
----------------------------------------
Timestamp: 4/14/2016 9:38:35 AM

Message: WorkerThread is shut down


----------------------------------------
----------------------------------------
Timestamp: 4/14/2016 9:38:35 AM

Message: WorkerThread is shut down


----------------------------------------
----------------------------------------
Timestamp: 4/14/2016 9:38:35 AM

Message: WorkerThread is shut down


----------------------------------------
----------------------------------------
Timestamp: 4/14/2016 9:38:35 AM

Message: WorkerThread is shut down


----------------------------------------
----------------------------------------
Timestamp: 4/14/2016 9:39:05 AM

Message: Shutting down threadpool...


----------------------------------------
----------------------------------------
Timestamp: 4/14/2016 9:39:05 AM

Message: Thread pool 'BackgroundTasksService': Shutdown of thread pool completed. Threads aborted.


----------------------------------------
----------------------------------------
Timestamp: 4/14/2016 9:43:11 AM

Message: Error while executing the Task: Value cannot be null.
Parameter name: input, StackTrace:    at System.Guid.Parse(String input)
   at Telerik.Sitefinity.Services.Statistics.ReconcilerTask.ReconcileUserData()
   at Telerik.Sitefinity.Services.SystemManager.RunWithElevatedPrivilege(RunWithElevatedPrivilegeDelegate delegateToRun, Object[] parameters, String urlRequest)
   at Telerik.Sitefinity.Services.Statistics.ReconcilerTask.Run(IBackgroundTaskContext context)
   at Telerik.Sitefinity.BackgroundTasks.WorkerThread.Run(IBackgroundTaskContext context)


----------------------------------------
----------------------------------------
Timestamp: 4/14/2016 2:06:02 PM

Message: Shutting down threadpool...


----------------------------------------
----------------------------------------
Timestamp: 4/14/2016 2:06:02 PM

Message: Thread pool 'BackgroundTasksService': Shutdown of thread pool completed. All currently running threads will finish their work and stop.


----------------------------------------
----------------------------------------
Timestamp: 4/14/2016 2:06:03 PM

Message: Background task scheduler shut down


----------------------------------------
----------------------------------------
Timestamp: 4/14/2016 2:06:03 PM

Message: WorkerThread is shut down


----------------------------------------
----------------------------------------
Timestamp: 4/14/2016 2:06:03 PM

Message: WorkerThread is shut down


----------------------------------------
----------------------------------------
Timestamp: 4/14/2016 2:06:03 PM

Message: WorkerThread is shut down


----------------------------------------
----------------------------------------
Timestamp: 4/14/2016 2:06:03 PM

Message: WorkerThread is shut down


----------------------------------------
----------------------------------------
Timestamp: 4/14/2016 2:06:03 PM

Message: WorkerThread is shut down


----------------------------------------
----------------------------------------
Timestamp: 4/14/2016 2:06:03 PM

Message: WorkerThread is shut down


----------------------------------------
----------------------------------------
Timestamp: 4/14/2016 2:06:03 PM

Message: WorkerThread is shut down


----------------------------------------
----------------------------------------
Timestamp: 4/14/2016 2:06:03 PM

Message: WorkerThread is shut down


----------------------------------------
----------------------------------------
Timestamp: 4/14/2016 2:06:32 PM

Message: Shutting down threadpool...


----------------------------------------
----------------------------------------
Timestamp: 4/14/2016 2:06:32 PM

Message: Thread pool 'BackgroundTasksService': Shutdown of thread pool completed. Threads aborted.


----------------------------------------
