----------------------------------------
Timestamp: 4/8/2016 8:38:00 AM

Message: Shutting down threadpool...


----------------------------------------
----------------------------------------
Timestamp: 4/8/2016 8:38:00 AM

Message: Thread pool 'BackgroundTasksService': Shutdown of thread pool completed. All currently running threads will finish their work and stop.


----------------------------------------
----------------------------------------
Timestamp: 4/8/2016 8:38:00 AM

Message: WorkerThread is shut down


----------------------------------------
----------------------------------------
Timestamp: 4/8/2016 8:38:00 AM

Message: WorkerThread is shut down


----------------------------------------
----------------------------------------
Timestamp: 4/8/2016 8:38:00 AM

Message: WorkerThread is shut down


----------------------------------------
----------------------------------------
Timestamp: 4/8/2016 8:38:00 AM

Message: WorkerThread is shut down


----------------------------------------
----------------------------------------
Timestamp: 4/8/2016 8:38:00 AM

Message: WorkerThread is shut down


----------------------------------------
----------------------------------------
Timestamp: 4/8/2016 8:38:00 AM

Message: WorkerThread is shut down


----------------------------------------
----------------------------------------
Timestamp: 4/8/2016 8:38:00 AM

Message: Background task scheduler shut down


----------------------------------------
----------------------------------------
Timestamp: 4/8/2016 8:38:00 AM

Message: WorkerThread is shut down


----------------------------------------
----------------------------------------
Timestamp: 4/8/2016 8:38:00 AM

Message: WorkerThread is shut down


----------------------------------------
----------------------------------------
Timestamp: 4/8/2016 8:38:30 AM

Message: Shutting down threadpool...


----------------------------------------
----------------------------------------
Timestamp: 4/8/2016 8:38:30 AM

Message: Thread pool 'BackgroundTasksService': Shutdown of thread pool completed. Threads aborted.


----------------------------------------
----------------------------------------
Timestamp: 4/8/2016 10:56:54 PM

Message: Shutting down threadpool...


----------------------------------------
----------------------------------------
Timestamp: 4/8/2016 10:56:54 PM

Message: Thread pool 'BackgroundTasksService': Shutdown of thread pool completed. All currently running threads will finish their work and stop.


----------------------------------------
----------------------------------------
Timestamp: 4/8/2016 10:56:55 PM

Message: WorkerThread is shut down


----------------------------------------
----------------------------------------
Timestamp: 4/8/2016 10:56:55 PM

Message: WorkerThread is shut down


----------------------------------------
----------------------------------------
Timestamp: 4/8/2016 10:56:55 PM

Message: WorkerThread is shut down


----------------------------------------
----------------------------------------
Timestamp: 4/8/2016 10:56:55 PM

Message: WorkerThread is shut down


----------------------------------------
----------------------------------------
Timestamp: 4/8/2016 10:56:55 PM

Message: WorkerThread is shut down


----------------------------------------
----------------------------------------
Timestamp: 4/8/2016 10:56:55 PM

Message: WorkerThread is shut down


----------------------------------------
----------------------------------------
Timestamp: 4/8/2016 10:56:55 PM

Message: WorkerThread is shut down


----------------------------------------
----------------------------------------
Timestamp: 4/8/2016 10:56:55 PM

Message: WorkerThread is shut down


----------------------------------------
----------------------------------------
Timestamp: 4/8/2016 10:56:55 PM

Message: Background task scheduler shut down


----------------------------------------
----------------------------------------
Timestamp: 4/8/2016 10:57:25 PM

Message: Shutting down threadpool...


----------------------------------------
----------------------------------------
Timestamp: 4/8/2016 10:57:25 PM

Message: Thread pool 'BackgroundTasksService': Shutdown of thread pool completed. Threads aborted.


----------------------------------------
