----------------------------------------
Timestamp: 12/16/2016 3:56:37 AM

Message: Shutting down threadpool...


----------------------------------------
----------------------------------------
Timestamp: 12/16/2016 3:56:37 AM

Message: Thread pool 'BackgroundTasksService': Shutdown of thread pool completed. All currently running threads will finish their work and stop.


----------------------------------------
----------------------------------------
Timestamp: 12/16/2016 3:56:38 AM

Message: WorkerThread is shut down


----------------------------------------
----------------------------------------
Timestamp: 12/16/2016 3:56:38 AM

Message: WorkerThread is shut down


----------------------------------------
----------------------------------------
Timestamp: 12/16/2016 3:56:38 AM

Message: WorkerThread is shut down


----------------------------------------
----------------------------------------
Timestamp: 12/16/2016 3:56:38 AM

Message: WorkerThread is shut down


----------------------------------------
----------------------------------------
Timestamp: 12/16/2016 3:56:38 AM

Message: WorkerThread is shut down


----------------------------------------
----------------------------------------
Timestamp: 12/16/2016 3:56:38 AM

Message: WorkerThread is shut down


----------------------------------------
----------------------------------------
Timestamp: 12/16/2016 3:56:38 AM

Message: WorkerThread is shut down


----------------------------------------
----------------------------------------
Timestamp: 12/16/2016 3:56:38 AM

Message: WorkerThread is shut down


----------------------------------------
----------------------------------------
Timestamp: 12/16/2016 3:56:38 AM

Message: Background task scheduler shut down


----------------------------------------
----------------------------------------
Timestamp: 12/16/2016 3:57:07 AM

Message: Shutting down threadpool...


----------------------------------------
----------------------------------------
Timestamp: 12/16/2016 3:57:07 AM

Message: Thread pool 'BackgroundTasksService': Shutdown of thread pool completed. Threads aborted.


----------------------------------------
