----------------------------------------
Timestamp: 3/14/2016 2:39:19 PM

Message: Error while executing the Task: Value cannot be null.
Parameter name: input, StackTrace:    at System.Guid.Parse(String input)
   at Telerik.Sitefinity.Services.Statistics.ReconcilerTask.ReconcileUserData()
   at Telerik.Sitefinity.Services.SystemManager.RunWithElevatedPrivilege(RunWithElevatedPrivilegeDelegate delegateToRun, Object[] parameters, String urlRequest)
   at Telerik.Sitefinity.Services.Statistics.ReconcilerTask.Run(IBackgroundTaskContext context)
   at Telerik.Sitefinity.BackgroundTasks.WorkerThread.Run(IBackgroundTaskContext context)


----------------------------------------
----------------------------------------
Timestamp: 3/14/2016 6:26:36 PM

Message: Shutting down threadpool...


----------------------------------------
----------------------------------------
Timestamp: 3/14/2016 6:26:36 PM

Message: Thread pool 'BackgroundTasksService': Shutdown of thread pool completed. All currently running threads will finish their work and stop.


----------------------------------------
----------------------------------------
Timestamp: 3/14/2016 6:26:36 PM

Message: WorkerThread is shut down


----------------------------------------
----------------------------------------
Timestamp: 3/14/2016 6:26:36 PM

Message: WorkerThread is shut down


----------------------------------------
----------------------------------------
Timestamp: 3/14/2016 6:26:36 PM

Message: WorkerThread is shut down


----------------------------------------
----------------------------------------
Timestamp: 3/14/2016 6:26:36 PM

Message: WorkerThread is shut down


----------------------------------------
----------------------------------------
Timestamp: 3/14/2016 6:26:36 PM

Message: WorkerThread is shut down


----------------------------------------
----------------------------------------
Timestamp: 3/14/2016 6:26:36 PM

Message: WorkerThread is shut down


----------------------------------------
----------------------------------------
Timestamp: 3/14/2016 6:26:36 PM

Message: WorkerThread is shut down


----------------------------------------
----------------------------------------
Timestamp: 3/14/2016 6:26:36 PM

Message: Background task scheduler shut down


----------------------------------------
----------------------------------------
Timestamp: 3/14/2016 6:26:36 PM

Message: WorkerThread is shut down


----------------------------------------
----------------------------------------
Timestamp: 3/14/2016 6:27:06 PM

Message: Shutting down threadpool...


----------------------------------------
----------------------------------------
Timestamp: 3/14/2016 6:27:06 PM

Message: Thread pool 'BackgroundTasksService': Shutdown of thread pool completed. Threads aborted.


----------------------------------------
----------------------------------------
Timestamp: 3/15/2016 4:38:33 AM

Message: Shutting down threadpool...


----------------------------------------
----------------------------------------
Timestamp: 3/15/2016 4:38:33 AM

Message: Thread pool 'BackgroundTasksService': Shutdown of thread pool completed. All currently running threads will finish their work and stop.


----------------------------------------
----------------------------------------
Timestamp: 3/15/2016 4:38:33 AM

Message: WorkerThread is shut down


----------------------------------------
----------------------------------------
Timestamp: 3/15/2016 4:38:33 AM

Message: WorkerThread is shut down


----------------------------------------
----------------------------------------
Timestamp: 3/15/2016 4:38:33 AM

Message: WorkerThread is shut down


----------------------------------------
----------------------------------------
Timestamp: 3/15/2016 4:38:33 AM

Message: WorkerThread is shut down


----------------------------------------
----------------------------------------
Timestamp: 3/15/2016 4:38:33 AM

Message: Background task scheduler shut down


----------------------------------------
----------------------------------------
Timestamp: 3/15/2016 4:38:33 AM

Message: WorkerThread is shut down


----------------------------------------
----------------------------------------
Timestamp: 3/15/2016 4:38:33 AM

Message: WorkerThread is shut down


----------------------------------------
----------------------------------------
Timestamp: 3/15/2016 4:38:33 AM

Message: WorkerThread is shut down


----------------------------------------
----------------------------------------
Timestamp: 3/15/2016 4:38:33 AM

Message: WorkerThread is shut down


----------------------------------------
----------------------------------------
Timestamp: 3/15/2016 4:39:03 AM

Message: Shutting down threadpool...


----------------------------------------
----------------------------------------
Timestamp: 3/15/2016 4:39:03 AM

Message: Thread pool 'BackgroundTasksService': Shutdown of thread pool completed. Threads aborted.


----------------------------------------
