----------------------------------------
Timestamp: 8/24/2016 10:16:17 PM

Message: Shutting down threadpool...


----------------------------------------
----------------------------------------
Timestamp: 8/24/2016 10:16:17 PM

Message: Thread pool 'BackgroundTasksService': Shutdown of thread pool completed. All currently running threads will finish their work and stop.


----------------------------------------
----------------------------------------
Timestamp: 8/24/2016 10:16:17 PM

Message: WorkerThread is shut down


----------------------------------------
----------------------------------------
Timestamp: 8/24/2016 10:16:17 PM

Message: WorkerThread is shut down


----------------------------------------
----------------------------------------
Timestamp: 8/24/2016 10:16:17 PM

Message: WorkerThread is shut down


----------------------------------------
----------------------------------------
Timestamp: 8/24/2016 10:16:17 PM

Message: WorkerThread is shut down


----------------------------------------
----------------------------------------
Timestamp: 8/24/2016 10:16:17 PM

Message: WorkerThread is shut down


----------------------------------------
----------------------------------------
Timestamp: 8/24/2016 10:16:17 PM

Message: WorkerThread is shut down


----------------------------------------
----------------------------------------
Timestamp: 8/24/2016 10:16:17 PM

Message: WorkerThread is shut down


----------------------------------------
----------------------------------------
Timestamp: 8/24/2016 10:16:17 PM

Message: WorkerThread is shut down


----------------------------------------
----------------------------------------
Timestamp: 8/24/2016 10:16:17 PM

Message: Background task scheduler shut down


----------------------------------------
----------------------------------------
Timestamp: 8/24/2016 10:16:47 PM

Message: Shutting down threadpool...


----------------------------------------
----------------------------------------
Timestamp: 8/24/2016 10:16:47 PM

Message: Thread pool 'BackgroundTasksService': Shutdown of thread pool completed. Threads aborted.


----------------------------------------
----------------------------------------
Timestamp: 8/25/2016 2:04:04 PM

Message: Shutting down threadpool...


----------------------------------------
----------------------------------------
Timestamp: 8/25/2016 2:04:04 PM

Message: Thread pool 'BackgroundTasksService': Shutdown of thread pool completed. All currently running threads will finish their work and stop.


----------------------------------------
----------------------------------------
Timestamp: 8/25/2016 2:04:04 PM

Message: Background task scheduler shut down


----------------------------------------
----------------------------------------
Timestamp: 8/25/2016 2:04:04 PM

Message: WorkerThread is shut down


----------------------------------------
----------------------------------------
Timestamp: 8/25/2016 2:04:04 PM

Message: WorkerThread is shut down


----------------------------------------
----------------------------------------
Timestamp: 8/25/2016 2:04:04 PM

Message: WorkerThread is shut down


----------------------------------------
----------------------------------------
Timestamp: 8/25/2016 2:04:04 PM

Message: WorkerThread is shut down


----------------------------------------
----------------------------------------
Timestamp: 8/25/2016 2:04:04 PM

Message: WorkerThread is shut down


----------------------------------------
----------------------------------------
Timestamp: 8/25/2016 2:04:04 PM

Message: WorkerThread is shut down


----------------------------------------
----------------------------------------
Timestamp: 8/25/2016 2:04:04 PM

Message: WorkerThread is shut down


----------------------------------------
----------------------------------------
Timestamp: 8/25/2016 2:04:04 PM

Message: WorkerThread is shut down


----------------------------------------
----------------------------------------
Timestamp: 8/25/2016 2:04:34 PM

Message: Shutting down threadpool...


----------------------------------------
----------------------------------------
Timestamp: 8/25/2016 2:04:34 PM

Message: Thread pool 'BackgroundTasksService': Shutdown of thread pool completed. Threads aborted.


----------------------------------------
----------------------------------------
Timestamp: 8/25/2016 3:40:03 PM

Message: Shutting down threadpool...


----------------------------------------
----------------------------------------
Timestamp: 8/25/2016 3:40:03 PM

Message: Thread pool 'BackgroundTasksService': Shutdown of thread pool completed. All currently running threads will finish their work and stop.


----------------------------------------
----------------------------------------
Timestamp: 8/25/2016 3:40:03 PM

Message: WorkerThread is shut down


----------------------------------------
----------------------------------------
Timestamp: 8/25/2016 3:40:03 PM

Message: WorkerThread is shut down


----------------------------------------
----------------------------------------
Timestamp: 8/25/2016 3:40:03 PM

Message: WorkerThread is shut down


----------------------------------------
----------------------------------------
Timestamp: 8/25/2016 3:40:03 PM

Message: WorkerThread is shut down


----------------------------------------
----------------------------------------
Timestamp: 8/25/2016 3:40:03 PM

Message: WorkerThread is shut down


----------------------------------------
----------------------------------------
Timestamp: 8/25/2016 3:40:03 PM

Message: WorkerThread is shut down


----------------------------------------
----------------------------------------
Timestamp: 8/25/2016 3:40:03 PM

Message: Background task scheduler shut down


----------------------------------------
----------------------------------------
Timestamp: 8/25/2016 3:40:03 PM

Message: WorkerThread is shut down


----------------------------------------
----------------------------------------
Timestamp: 8/25/2016 3:40:03 PM

Message: WorkerThread is shut down


----------------------------------------
----------------------------------------
Timestamp: 8/25/2016 3:40:33 PM

Message: Shutting down threadpool...


----------------------------------------
----------------------------------------
Timestamp: 8/25/2016 3:40:33 PM

Message: Thread pool 'BackgroundTasksService': Shutdown of thread pool completed. Threads aborted.


----------------------------------------
----------------------------------------
Timestamp: 8/25/2016 5:04:56 PM

Message: Error while executing the Task: Value cannot be null.
Parameter name: input, StackTrace:    at System.Guid.Parse(String input)
   at Telerik.Sitefinity.Services.Statistics.ReconcilerTask.ReconcileUserData()
   at Telerik.Sitefinity.Services.SystemManager.RunWithElevatedPrivilege(RunWithElevatedPrivilegeDelegate delegateToRun, Object[] parameters, String urlRequest)
   at Telerik.Sitefinity.Services.Statistics.ReconcilerTask.Run(IBackgroundTaskContext context)
   at Telerik.Sitefinity.BackgroundTasks.WorkerThread.Run(IBackgroundTaskContext context)


----------------------------------------
----------------------------------------
Timestamp: 8/25/2016 5:05:01 PM

Message: Error while executing the Task: Value cannot be null.
Parameter name: input, StackTrace:    at System.Guid.Parse(String input)
   at Telerik.Sitefinity.Services.Statistics.ReconcilerTask.ReconcileUserData()
   at Telerik.Sitefinity.Services.SystemManager.RunWithElevatedPrivilege(RunWithElevatedPrivilegeDelegate delegateToRun, Object[] parameters, String urlRequest)
   at Telerik.Sitefinity.Services.Statistics.ReconcilerTask.Run(IBackgroundTaskContext context)
   at Telerik.Sitefinity.BackgroundTasks.WorkerThread.Run(IBackgroundTaskContext context)


----------------------------------------
----------------------------------------
Timestamp: 8/25/2016 5:06:22 PM

Message: Error while executing the Task: Value cannot be null.
Parameter name: input, StackTrace:    at System.Guid.Parse(String input)
   at Telerik.Sitefinity.Services.Statistics.ReconcilerTask.ReconcileUserData()
   at Telerik.Sitefinity.Services.SystemManager.RunWithElevatedPrivilege(RunWithElevatedPrivilegeDelegate delegateToRun, Object[] parameters, String urlRequest)
   at Telerik.Sitefinity.Services.Statistics.ReconcilerTask.Run(IBackgroundTaskContext context)
   at Telerik.Sitefinity.BackgroundTasks.WorkerThread.Run(IBackgroundTaskContext context)


----------------------------------------
----------------------------------------
Timestamp: 8/25/2016 5:06:33 PM

Message: Error while executing the Task: Value cannot be null.
Parameter name: input, StackTrace:    at System.Guid.Parse(String input)
   at Telerik.Sitefinity.Services.Statistics.ReconcilerTask.ReconcileUserData()
   at Telerik.Sitefinity.Services.SystemManager.RunWithElevatedPrivilege(RunWithElevatedPrivilegeDelegate delegateToRun, Object[] parameters, String urlRequest)
   at Telerik.Sitefinity.Services.Statistics.ReconcilerTask.Run(IBackgroundTaskContext context)
   at Telerik.Sitefinity.BackgroundTasks.WorkerThread.Run(IBackgroundTaskContext context)


----------------------------------------
----------------------------------------
Timestamp: 8/25/2016 5:06:39 PM

Message: Error while executing the Task: Value cannot be null.
Parameter name: input, StackTrace:    at System.Guid.Parse(String input)
   at Telerik.Sitefinity.Services.Statistics.ReconcilerTask.ReconcileUserData()
   at Telerik.Sitefinity.Services.SystemManager.RunWithElevatedPrivilege(RunWithElevatedPrivilegeDelegate delegateToRun, Object[] parameters, String urlRequest)
   at Telerik.Sitefinity.Services.Statistics.ReconcilerTask.Run(IBackgroundTaskContext context)
   at Telerik.Sitefinity.BackgroundTasks.WorkerThread.Run(IBackgroundTaskContext context)


----------------------------------------
----------------------------------------
Timestamp: 8/25/2016 5:30:04 PM

Message: Error while executing the Task: Value cannot be null.
Parameter name: input, StackTrace:    at System.Guid.Parse(String input)
   at Telerik.Sitefinity.Services.Statistics.ReconcilerTask.ReconcileUserData()
   at Telerik.Sitefinity.Services.SystemManager.RunWithElevatedPrivilege(RunWithElevatedPrivilegeDelegate delegateToRun, Object[] parameters, String urlRequest)
   at Telerik.Sitefinity.Services.Statistics.ReconcilerTask.Run(IBackgroundTaskContext context)
   at Telerik.Sitefinity.BackgroundTasks.WorkerThread.Run(IBackgroundTaskContext context)


----------------------------------------
----------------------------------------
Timestamp: 8/25/2016 5:30:14 PM

Message: Error while executing the Task: Value cannot be null.
Parameter name: input, StackTrace:    at System.Guid.Parse(String input)
   at Telerik.Sitefinity.Services.Statistics.ReconcilerTask.ReconcileUserData()
   at Telerik.Sitefinity.Services.SystemManager.RunWithElevatedPrivilege(RunWithElevatedPrivilegeDelegate delegateToRun, Object[] parameters, String urlRequest)
   at Telerik.Sitefinity.Services.Statistics.ReconcilerTask.Run(IBackgroundTaskContext context)
   at Telerik.Sitefinity.BackgroundTasks.WorkerThread.Run(IBackgroundTaskContext context)


----------------------------------------
----------------------------------------
Timestamp: 8/25/2016 5:30:20 PM

Message: Error while executing the Task: Value cannot be null.
Parameter name: input, StackTrace:    at System.Guid.Parse(String input)
   at Telerik.Sitefinity.Services.Statistics.ReconcilerTask.ReconcileUserData()
   at Telerik.Sitefinity.Services.SystemManager.RunWithElevatedPrivilege(RunWithElevatedPrivilegeDelegate delegateToRun, Object[] parameters, String urlRequest)
   at Telerik.Sitefinity.Services.Statistics.ReconcilerTask.Run(IBackgroundTaskContext context)
   at Telerik.Sitefinity.BackgroundTasks.WorkerThread.Run(IBackgroundTaskContext context)


----------------------------------------
----------------------------------------
Timestamp: 8/25/2016 6:08:53 PM

Message: Error while executing the Task: Value cannot be null.
Parameter name: input, StackTrace:    at System.Guid.Parse(String input)
   at Telerik.Sitefinity.Services.Statistics.ReconcilerTask.ReconcileUserData()
   at Telerik.Sitefinity.Services.SystemManager.RunWithElevatedPrivilege(RunWithElevatedPrivilegeDelegate delegateToRun, Object[] parameters, String urlRequest)
   at Telerik.Sitefinity.Services.Statistics.ReconcilerTask.Run(IBackgroundTaskContext context)
   at Telerik.Sitefinity.BackgroundTasks.WorkerThread.Run(IBackgroundTaskContext context)


----------------------------------------
----------------------------------------
Timestamp: 8/25/2016 6:10:05 PM

Message: Error while executing the Task: Value cannot be null.
Parameter name: input, StackTrace:    at System.Guid.Parse(String input)
   at Telerik.Sitefinity.Services.Statistics.ReconcilerTask.ReconcileUserData()
   at Telerik.Sitefinity.Services.SystemManager.RunWithElevatedPrivilege(RunWithElevatedPrivilegeDelegate delegateToRun, Object[] parameters, String urlRequest)
   at Telerik.Sitefinity.Services.Statistics.ReconcilerTask.Run(IBackgroundTaskContext context)
   at Telerik.Sitefinity.BackgroundTasks.WorkerThread.Run(IBackgroundTaskContext context)


----------------------------------------
