----------------------------------------
Timestamp: 9/13/2016 2:03:56 AM

Message: Background task scheduler shut down


----------------------------------------
----------------------------------------
Timestamp: 9/13/2016 2:03:56 AM

Message: Shutting down threadpool...


----------------------------------------
----------------------------------------
Timestamp: 9/13/2016 2:03:56 AM

Message: Thread pool 'BackgroundTasksService': Shutdown of thread pool completed. All currently running threads will finish their work and stop.


----------------------------------------
----------------------------------------
Timestamp: 9/13/2016 2:03:57 AM

Message: WorkerThread is shut down


----------------------------------------
----------------------------------------
Timestamp: 9/13/2016 2:03:57 AM

Message: WorkerThread is shut down


----------------------------------------
----------------------------------------
Timestamp: 9/13/2016 2:03:57 AM

Message: WorkerThread is shut down


----------------------------------------
----------------------------------------
Timestamp: 9/13/2016 2:03:57 AM

Message: WorkerThread is shut down


----------------------------------------
----------------------------------------
Timestamp: 9/13/2016 2:03:57 AM

Message: WorkerThread is shut down


----------------------------------------
----------------------------------------
Timestamp: 9/13/2016 2:03:57 AM

Message: WorkerThread is shut down


----------------------------------------
----------------------------------------
Timestamp: 9/13/2016 2:03:57 AM

Message: WorkerThread is shut down


----------------------------------------
----------------------------------------
Timestamp: 9/13/2016 2:03:57 AM

Message: WorkerThread is shut down


----------------------------------------
----------------------------------------
Timestamp: 9/13/2016 2:04:26 AM

Message: Shutting down threadpool...


----------------------------------------
----------------------------------------
Timestamp: 9/13/2016 2:04:26 AM

Message: Thread pool 'BackgroundTasksService': Shutdown of thread pool completed. Threads aborted.


----------------------------------------
----------------------------------------
Timestamp: 9/13/2016 12:34:29 PM

Message: Error while executing the Task: Value cannot be null.
Parameter name: input, StackTrace:    at System.Guid.Parse(String input)
   at Telerik.Sitefinity.Services.Statistics.ReconcilerTask.ReconcileUserData()
   at Telerik.Sitefinity.Services.SystemManager.RunWithElevatedPrivilege(RunWithElevatedPrivilegeDelegate delegateToRun, Object[] parameters, String urlRequest)
   at Telerik.Sitefinity.Services.Statistics.ReconcilerTask.Run(IBackgroundTaskContext context)
   at Telerik.Sitefinity.BackgroundTasks.WorkerThread.Run(IBackgroundTaskContext context)


----------------------------------------
