----------------------------------------
Timestamp: 2/18/2017 3:51:29 PM

Message: Shutting down threadpool...


----------------------------------------
----------------------------------------
Timestamp: 2/18/2017 3:51:29 PM

Message: Thread pool 'BackgroundTasksService': Shutdown of thread pool completed. All currently running threads will finish their work and stop.


----------------------------------------
----------------------------------------
Timestamp: 2/18/2017 3:51:29 PM

Message: WorkerThread is shut down


----------------------------------------
----------------------------------------
Timestamp: 2/18/2017 3:51:29 PM

Message: WorkerThread is shut down


----------------------------------------
----------------------------------------
Timestamp: 2/18/2017 3:51:29 PM

Message: WorkerThread is shut down


----------------------------------------
----------------------------------------
Timestamp: 2/18/2017 3:51:29 PM

Message: WorkerThread is shut down


----------------------------------------
----------------------------------------
Timestamp: 2/18/2017 3:51:29 PM

Message: WorkerThread is shut down


----------------------------------------
----------------------------------------
Timestamp: 2/18/2017 3:51:29 PM

Message: WorkerThread is shut down


----------------------------------------
----------------------------------------
Timestamp: 2/18/2017 3:51:29 PM

Message: WorkerThread is shut down


----------------------------------------
----------------------------------------
Timestamp: 2/18/2017 3:51:29 PM

Message: Background task scheduler shut down


----------------------------------------
----------------------------------------
Timestamp: 2/18/2017 3:51:29 PM

Message: WorkerThread is shut down


----------------------------------------
----------------------------------------
Timestamp: 2/18/2017 3:51:59 PM

Message: Shutting down threadpool...


----------------------------------------
----------------------------------------
Timestamp: 2/18/2017 3:51:59 PM

Message: Thread pool 'BackgroundTasksService': Shutdown of thread pool completed. Threads aborted.


----------------------------------------
