----------------------------------------
Timestamp: 7/14/2016 8:16:04 PM

Message: Shutting down threadpool...


----------------------------------------
----------------------------------------
Timestamp: 7/14/2016 8:16:04 PM

Message: Thread pool 'BackgroundTasksService': Shutdown of thread pool completed. All currently running threads will finish their work and stop.


----------------------------------------
----------------------------------------
Timestamp: 7/14/2016 8:16:05 PM

Message: WorkerThread is shut down


----------------------------------------
----------------------------------------
Timestamp: 7/14/2016 8:16:05 PM

Message: WorkerThread is shut down


----------------------------------------
----------------------------------------
Timestamp: 7/14/2016 8:16:05 PM

Message: WorkerThread is shut down


----------------------------------------
----------------------------------------
Timestamp: 7/14/2016 8:16:05 PM

Message: WorkerThread is shut down


----------------------------------------
----------------------------------------
Timestamp: 7/14/2016 8:16:05 PM

Message: WorkerThread is shut down


----------------------------------------
----------------------------------------
Timestamp: 7/14/2016 8:16:05 PM

Message: Background task scheduler shut down


----------------------------------------
----------------------------------------
Timestamp: 7/14/2016 8:16:05 PM

Message: WorkerThread is shut down


----------------------------------------
----------------------------------------
Timestamp: 7/14/2016 8:16:05 PM

Message: WorkerThread is shut down


----------------------------------------
----------------------------------------
Timestamp: 7/14/2016 8:16:05 PM

Message: WorkerThread is shut down


----------------------------------------
----------------------------------------
Timestamp: 7/14/2016 8:16:35 PM

Message: Shutting down threadpool...


----------------------------------------
----------------------------------------
Timestamp: 7/14/2016 8:16:35 PM

Message: Thread pool 'BackgroundTasksService': Shutdown of thread pool completed. Threads aborted.


----------------------------------------
----------------------------------------
Timestamp: 7/15/2016 8:05:53 PM

Message: Shutting down threadpool...


----------------------------------------
----------------------------------------
Timestamp: 7/15/2016 8:05:53 PM

Message: Thread pool 'BackgroundTasksService': Shutdown of thread pool completed. All currently running threads will finish their work and stop.


----------------------------------------
----------------------------------------
Timestamp: 7/15/2016 8:05:53 PM

Message: WorkerThread is shut down


----------------------------------------
----------------------------------------
Timestamp: 7/15/2016 8:05:53 PM

Message: WorkerThread is shut down


----------------------------------------
----------------------------------------
Timestamp: 7/15/2016 8:05:53 PM

Message: Background task scheduler shut down


----------------------------------------
----------------------------------------
Timestamp: 7/15/2016 8:05:53 PM

Message: WorkerThread is shut down


----------------------------------------
----------------------------------------
Timestamp: 7/15/2016 8:05:53 PM

Message: WorkerThread is shut down


----------------------------------------
----------------------------------------
Timestamp: 7/15/2016 8:05:53 PM

Message: WorkerThread is shut down


----------------------------------------
----------------------------------------
Timestamp: 7/15/2016 8:05:53 PM

Message: WorkerThread is shut down


----------------------------------------
----------------------------------------
Timestamp: 7/15/2016 8:05:53 PM

Message: WorkerThread is shut down


----------------------------------------
----------------------------------------
Timestamp: 7/15/2016 8:05:53 PM

Message: WorkerThread is shut down


----------------------------------------
----------------------------------------
Timestamp: 7/15/2016 8:06:23 PM

Message: Shutting down threadpool...


----------------------------------------
----------------------------------------
Timestamp: 7/15/2016 8:06:23 PM

Message: Thread pool 'BackgroundTasksService': Shutdown of thread pool completed. Threads aborted.


----------------------------------------
