----------------------------------------
Timestamp: 10/18/2016 4:48:27 PM

Message: Shutting down threadpool...


----------------------------------------
----------------------------------------
Timestamp: 10/18/2016 4:48:27 PM

Message: Thread pool 'BackgroundTasksService': Shutdown of thread pool completed. All currently running threads will finish their work and stop.


----------------------------------------
----------------------------------------
Timestamp: 10/18/2016 4:48:28 PM

Message: Background task scheduler shut down


----------------------------------------
----------------------------------------
Timestamp: 10/18/2016 4:48:28 PM

Message: WorkerThread is shut down


----------------------------------------
----------------------------------------
Timestamp: 10/18/2016 4:48:28 PM

Message: WorkerThread is shut down


----------------------------------------
----------------------------------------
Timestamp: 10/18/2016 4:48:28 PM

Message: WorkerThread is shut down


----------------------------------------
----------------------------------------
Timestamp: 10/18/2016 4:48:28 PM

Message: WorkerThread is shut down


----------------------------------------
----------------------------------------
Timestamp: 10/18/2016 4:48:28 PM

Message: WorkerThread is shut down


----------------------------------------
----------------------------------------
Timestamp: 10/18/2016 4:48:28 PM

Message: WorkerThread is shut down


----------------------------------------
----------------------------------------
Timestamp: 10/18/2016 4:48:28 PM

Message: WorkerThread is shut down


----------------------------------------
----------------------------------------
Timestamp: 10/18/2016 4:48:28 PM

Message: WorkerThread is shut down


----------------------------------------
----------------------------------------
Timestamp: 10/18/2016 4:48:57 PM

Message: Shutting down threadpool...


----------------------------------------
----------------------------------------
Timestamp: 10/18/2016 4:48:57 PM

Message: Thread pool 'BackgroundTasksService': Shutdown of thread pool completed. Threads aborted.


----------------------------------------
