----------------------------------------
Timestamp: 4/5/2016 10:38:00 PM

Message: Background task scheduler shut down


----------------------------------------
----------------------------------------
Timestamp: 4/5/2016 10:38:00 PM

Message: Shutting down threadpool...


----------------------------------------
----------------------------------------
Timestamp: 4/5/2016 10:38:00 PM

Message: Thread pool 'BackgroundTasksService': Shutdown of thread pool completed. All currently running threads will finish their work and stop.


----------------------------------------
----------------------------------------
Timestamp: 4/5/2016 10:38:01 PM

Message: WorkerThread is shut down


----------------------------------------
----------------------------------------
Timestamp: 4/5/2016 10:38:01 PM

Message: WorkerThread is shut down


----------------------------------------
----------------------------------------
Timestamp: 4/5/2016 10:38:01 PM

Message: WorkerThread is shut down


----------------------------------------
----------------------------------------
Timestamp: 4/5/2016 10:38:01 PM

Message: WorkerThread is shut down


----------------------------------------
----------------------------------------
Timestamp: 4/5/2016 10:38:01 PM

Message: WorkerThread is shut down


----------------------------------------
----------------------------------------
Timestamp: 4/5/2016 10:38:01 PM

Message: WorkerThread is shut down


----------------------------------------
----------------------------------------
Timestamp: 4/5/2016 10:38:01 PM

Message: WorkerThread is shut down


----------------------------------------
----------------------------------------
Timestamp: 4/5/2016 10:38:01 PM

Message: WorkerThread is shut down


----------------------------------------
----------------------------------------
Timestamp: 4/5/2016 10:38:30 PM

Message: Shutting down threadpool...


----------------------------------------
----------------------------------------
Timestamp: 4/5/2016 10:38:30 PM

Message: Thread pool 'BackgroundTasksService': Shutdown of thread pool completed. Threads aborted.


----------------------------------------
