----------------------------------------
Timestamp: 2/15/2016 11:25:49 PM

Message: Shutting down threadpool...


----------------------------------------
----------------------------------------
Timestamp: 2/15/2016 11:25:49 PM

Message: Thread pool 'BackgroundTasksService': Shutdown of thread pool completed. All currently running threads will finish their work and stop.


----------------------------------------
----------------------------------------
Timestamp: 2/15/2016 11:25:49 PM

Message: Background task scheduler shut down


----------------------------------------
----------------------------------------
Timestamp: 2/15/2016 11:25:49 PM

Message: WorkerThread is shut down


----------------------------------------
----------------------------------------
Timestamp: 2/15/2016 11:25:49 PM

Message: WorkerThread is shut down


----------------------------------------
----------------------------------------
Timestamp: 2/15/2016 11:25:49 PM

Message: WorkerThread is shut down


----------------------------------------
----------------------------------------
Timestamp: 2/15/2016 11:25:49 PM

Message: WorkerThread is shut down


----------------------------------------
----------------------------------------
Timestamp: 2/15/2016 11:26:19 PM

Message: Shutting down threadpool...


----------------------------------------
----------------------------------------
Timestamp: 2/15/2016 11:26:19 PM

Message: Thread pool 'BackgroundTasksService': Shutdown of thread pool completed. Threads aborted.


----------------------------------------
----------------------------------------
Timestamp: 2/16/2016 9:48:03 PM

Message: Shutting down threadpool...


----------------------------------------
----------------------------------------
Timestamp: 2/16/2016 9:48:03 PM

Message: Thread pool 'BackgroundTasksService': Shutdown of thread pool completed. All currently running threads will finish their work and stop.


----------------------------------------
----------------------------------------
Timestamp: 2/16/2016 9:48:03 PM

Message: WorkerThread is shut down


----------------------------------------
----------------------------------------
Timestamp: 2/16/2016 9:48:03 PM

Message: WorkerThread is shut down


----------------------------------------
----------------------------------------
Timestamp: 2/16/2016 9:48:03 PM

Message: WorkerThread is shut down


----------------------------------------
----------------------------------------
Timestamp: 2/16/2016 9:48:03 PM

Message: WorkerThread is shut down


----------------------------------------
----------------------------------------
Timestamp: 2/16/2016 9:48:03 PM

Message: WorkerThread is shut down


----------------------------------------
----------------------------------------
Timestamp: 2/16/2016 9:48:03 PM

Message: Background task scheduler shut down


----------------------------------------
----------------------------------------
Timestamp: 2/16/2016 9:48:03 PM

Message: WorkerThread is shut down


----------------------------------------
----------------------------------------
Timestamp: 2/16/2016 9:48:03 PM

Message: WorkerThread is shut down


----------------------------------------
----------------------------------------
Timestamp: 2/16/2016 9:48:03 PM

Message: WorkerThread is shut down


----------------------------------------
----------------------------------------
Timestamp: 2/16/2016 9:48:05 PM

Message: Shutting down threadpool...


----------------------------------------
----------------------------------------
Timestamp: 2/16/2016 9:48:05 PM

Message: Thread pool 'BackgroundTasksService': Shutdown of thread pool completed. Threads aborted.


----------------------------------------
