----------------------------------------
Timestamp: 5/26/2016 7:15:55 AM

Message: Shutting down threadpool...


----------------------------------------
----------------------------------------
Timestamp: 5/26/2016 7:15:55 AM

Message: Thread pool 'BackgroundTasksService': Shutdown of thread pool completed. All currently running threads will finish their work and stop.


----------------------------------------
----------------------------------------
Timestamp: 5/26/2016 7:15:55 AM

Message: WorkerThread is shut down


----------------------------------------
----------------------------------------
Timestamp: 5/26/2016 7:15:55 AM

Message: WorkerThread is shut down


----------------------------------------
----------------------------------------
Timestamp: 5/26/2016 7:15:55 AM

Message: WorkerThread is shut down


----------------------------------------
----------------------------------------
Timestamp: 5/26/2016 7:15:55 AM

Message: WorkerThread is shut down


----------------------------------------
----------------------------------------
Timestamp: 5/26/2016 7:15:55 AM

Message: WorkerThread is shut down


----------------------------------------
----------------------------------------
Timestamp: 5/26/2016 7:15:55 AM

Message: WorkerThread is shut down


----------------------------------------
----------------------------------------
Timestamp: 5/26/2016 7:15:55 AM

Message: WorkerThread is shut down


----------------------------------------
----------------------------------------
Timestamp: 5/26/2016 7:15:55 AM

Message: Background task scheduler shut down


----------------------------------------
----------------------------------------
Timestamp: 5/26/2016 7:15:55 AM

Message: WorkerThread is shut down


----------------------------------------
----------------------------------------
Timestamp: 5/26/2016 7:16:25 AM

Message: Shutting down threadpool...


----------------------------------------
----------------------------------------
Timestamp: 5/26/2016 7:16:25 AM

Message: Thread pool 'BackgroundTasksService': Shutdown of thread pool completed. Threads aborted.


----------------------------------------
----------------------------------------
Timestamp: 5/26/2016 10:16:09 PM

Message: Shutting down threadpool...


----------------------------------------
----------------------------------------
Timestamp: 5/26/2016 10:16:09 PM

Message: Thread pool 'BackgroundTasksService': Shutdown of thread pool completed. All currently running threads will finish their work and stop.


----------------------------------------
----------------------------------------
Timestamp: 5/26/2016 10:16:09 PM

Message: WorkerThread is shut down


----------------------------------------
----------------------------------------
Timestamp: 5/26/2016 10:16:09 PM

Message: WorkerThread is shut down


----------------------------------------
----------------------------------------
Timestamp: 5/26/2016 10:16:09 PM

Message: WorkerThread is shut down


----------------------------------------
----------------------------------------
Timestamp: 5/26/2016 10:16:09 PM

Message: WorkerThread is shut down


----------------------------------------
----------------------------------------
Timestamp: 5/26/2016 10:16:09 PM

Message: WorkerThread is shut down


----------------------------------------
----------------------------------------
Timestamp: 5/26/2016 10:16:09 PM

Message: Background task scheduler shut down


----------------------------------------
----------------------------------------
Timestamp: 5/26/2016 10:16:09 PM

Message: WorkerThread is shut down


----------------------------------------
----------------------------------------
Timestamp: 5/26/2016 10:16:09 PM

Message: WorkerThread is shut down


----------------------------------------
----------------------------------------
Timestamp: 5/26/2016 10:16:09 PM

Message: WorkerThread is shut down


----------------------------------------
----------------------------------------
Timestamp: 5/26/2016 10:16:39 PM

Message: Shutting down threadpool...


----------------------------------------
----------------------------------------
Timestamp: 5/26/2016 10:16:39 PM

Message: Thread pool 'BackgroundTasksService': Shutdown of thread pool completed. Threads aborted.


----------------------------------------
