----------------------------------------
Timestamp: 9/8/2016 6:04:14 AM

Message: Shutting down threadpool...


----------------------------------------
----------------------------------------
Timestamp: 9/8/2016 6:04:14 AM

Message: Thread pool 'BackgroundTasksService': Shutdown of thread pool completed. All currently running threads will finish their work and stop.


----------------------------------------
----------------------------------------
Timestamp: 9/8/2016 6:04:14 AM

Message: WorkerThread is shut down


----------------------------------------
----------------------------------------
Timestamp: 9/8/2016 6:04:14 AM

Message: WorkerThread is shut down


----------------------------------------
----------------------------------------
Timestamp: 9/8/2016 6:04:14 AM

Message: WorkerThread is shut down


----------------------------------------
----------------------------------------
Timestamp: 9/8/2016 6:04:14 AM

Message: Background task scheduler shut down


----------------------------------------
----------------------------------------
Timestamp: 9/8/2016 6:04:14 AM

Message: WorkerThread is shut down


----------------------------------------
----------------------------------------
Timestamp: 9/8/2016 6:04:14 AM

Message: WorkerThread is shut down


----------------------------------------
----------------------------------------
Timestamp: 9/8/2016 6:04:14 AM

Message: WorkerThread is shut down


----------------------------------------
----------------------------------------
Timestamp: 9/8/2016 6:04:14 AM

Message: WorkerThread is shut down


----------------------------------------
----------------------------------------
Timestamp: 9/8/2016 6:04:14 AM

Message: WorkerThread is shut down


----------------------------------------
----------------------------------------
Timestamp: 9/8/2016 6:04:44 AM

Message: Shutting down threadpool...


----------------------------------------
----------------------------------------
Timestamp: 9/8/2016 6:04:44 AM

Message: Thread pool 'BackgroundTasksService': Shutdown of thread pool completed. Threads aborted.


----------------------------------------
