----------------------------------------
Timestamp: 4/29/2016 3:18:33 PM

Message: Shutting down threadpool...


----------------------------------------
----------------------------------------
Timestamp: 4/29/2016 3:18:33 PM

Message: Thread pool 'BackgroundTasksService': Shutdown of thread pool completed. All currently running threads will finish their work and stop.


----------------------------------------
----------------------------------------
Timestamp: 4/29/2016 3:18:33 PM

Message: WorkerThread is shut down


----------------------------------------
----------------------------------------
Timestamp: 4/29/2016 3:18:33 PM

Message: Background task scheduler shut down


----------------------------------------
----------------------------------------
Timestamp: 4/29/2016 3:18:33 PM

Message: WorkerThread is shut down


----------------------------------------
----------------------------------------
Timestamp: 4/29/2016 3:18:33 PM

Message: WorkerThread is shut down


----------------------------------------
----------------------------------------
Timestamp: 4/29/2016 3:18:33 PM

Message: WorkerThread is shut down


----------------------------------------
----------------------------------------
Timestamp: 4/29/2016 3:18:33 PM

Message: WorkerThread is shut down


----------------------------------------
----------------------------------------
Timestamp: 4/29/2016 3:18:33 PM

Message: WorkerThread is shut down


----------------------------------------
----------------------------------------
Timestamp: 4/29/2016 3:18:33 PM

Message: WorkerThread is shut down


----------------------------------------
----------------------------------------
Timestamp: 4/29/2016 3:18:33 PM

Message: WorkerThread is shut down


----------------------------------------
----------------------------------------
Timestamp: 4/29/2016 3:19:03 PM

Message: Shutting down threadpool...


----------------------------------------
----------------------------------------
Timestamp: 4/29/2016 3:19:03 PM

Message: Thread pool 'BackgroundTasksService': Shutdown of thread pool completed. Threads aborted.


----------------------------------------
----------------------------------------
Timestamp: 4/30/2016 2:32:15 AM

Message: Shutting down threadpool...


----------------------------------------
----------------------------------------
Timestamp: 4/30/2016 2:32:15 AM

Message: Thread pool 'BackgroundTasksService': Shutdown of thread pool completed. All currently running threads will finish their work and stop.


----------------------------------------
----------------------------------------
Timestamp: 4/30/2016 2:32:15 AM

Message: WorkerThread is shut down


----------------------------------------
----------------------------------------
Timestamp: 4/30/2016 2:32:15 AM

Message: WorkerThread is shut down


----------------------------------------
----------------------------------------
Timestamp: 4/30/2016 2:32:15 AM

Message: WorkerThread is shut down


----------------------------------------
----------------------------------------
Timestamp: 4/30/2016 2:32:15 AM

Message: WorkerThread is shut down


----------------------------------------
----------------------------------------
Timestamp: 4/30/2016 2:32:15 AM

Message: WorkerThread is shut down


----------------------------------------
----------------------------------------
Timestamp: 4/30/2016 2:32:15 AM

Message: Background task scheduler shut down


----------------------------------------
----------------------------------------
Timestamp: 4/30/2016 2:32:15 AM

Message: WorkerThread is shut down


----------------------------------------
----------------------------------------
Timestamp: 4/30/2016 2:32:15 AM

Message: WorkerThread is shut down


----------------------------------------
----------------------------------------
Timestamp: 4/30/2016 2:32:15 AM

Message: WorkerThread is shut down


----------------------------------------
----------------------------------------
Timestamp: 4/30/2016 2:32:45 AM

Message: Shutting down threadpool...


----------------------------------------
----------------------------------------
Timestamp: 4/30/2016 2:32:45 AM

Message: Thread pool 'BackgroundTasksService': Shutdown of thread pool completed. Threads aborted.


----------------------------------------
