----------------------------------------
Timestamp: 7/12/2016 10:16:04 AM

Message: Shutting down threadpool...


----------------------------------------
----------------------------------------
Timestamp: 7/12/2016 10:16:04 AM

Message: Thread pool 'BackgroundTasksService': Shutdown of thread pool completed. All currently running threads will finish their work and stop.


----------------------------------------
----------------------------------------
Timestamp: 7/12/2016 10:16:05 AM

Message: WorkerThread is shut down


----------------------------------------
----------------------------------------
Timestamp: 7/12/2016 10:16:05 AM

Message: WorkerThread is shut down


----------------------------------------
----------------------------------------
Timestamp: 7/12/2016 10:16:05 AM

Message: WorkerThread is shut down


----------------------------------------
----------------------------------------
Timestamp: 7/12/2016 10:16:05 AM

Message: WorkerThread is shut down


----------------------------------------
----------------------------------------
Timestamp: 7/12/2016 10:16:05 AM

Message: WorkerThread is shut down


----------------------------------------
----------------------------------------
Timestamp: 7/12/2016 10:16:05 AM

Message: WorkerThread is shut down


----------------------------------------
----------------------------------------
Timestamp: 7/12/2016 10:16:05 AM

Message: WorkerThread is shut down


----------------------------------------
----------------------------------------
Timestamp: 7/12/2016 10:16:05 AM

Message: Background task scheduler shut down


----------------------------------------
----------------------------------------
Timestamp: 7/12/2016 10:16:05 AM

Message: WorkerThread is shut down


----------------------------------------
----------------------------------------
Timestamp: 7/12/2016 10:16:34 AM

Message: Shutting down threadpool...


----------------------------------------
----------------------------------------
Timestamp: 7/12/2016 10:16:34 AM

Message: Thread pool 'BackgroundTasksService': Shutdown of thread pool completed. Threads aborted.


----------------------------------------
