----------------------------------------
Timestamp: 6/1/2016 8:15:55 AM

Message: Error while executing the Task: Value cannot be null.
Parameter name: input, StackTrace:    at System.Guid.Parse(String input)
   at Telerik.Sitefinity.Services.Statistics.ReconcilerTask.ReconcileUserData()
   at Telerik.Sitefinity.Services.SystemManager.RunWithElevatedPrivilege(RunWithElevatedPrivilegeDelegate delegateToRun, Object[] parameters, String urlRequest)
   at Telerik.Sitefinity.Services.Statistics.ReconcilerTask.Run(IBackgroundTaskContext context)
   at Telerik.Sitefinity.BackgroundTasks.WorkerThread.Run(IBackgroundTaskContext context)


----------------------------------------
----------------------------------------
Timestamp: 6/1/2016 8:15:56 AM

Message: Shutting down threadpool...


----------------------------------------
----------------------------------------
Timestamp: 6/1/2016 8:15:56 AM

Message: Background task scheduler shut down


----------------------------------------
----------------------------------------
Timestamp: 6/1/2016 8:15:56 AM

Message: Thread pool 'BackgroundTasksService': Shutdown of thread pool completed. All currently running threads will finish their work and stop.


----------------------------------------
----------------------------------------
Timestamp: 6/1/2016 8:15:57 AM

Message: WorkerThread is shut down


----------------------------------------
----------------------------------------
Timestamp: 6/1/2016 8:15:57 AM

Message: WorkerThread is shut down


----------------------------------------
----------------------------------------
Timestamp: 6/1/2016 8:15:57 AM

Message: WorkerThread is shut down


----------------------------------------
----------------------------------------
Timestamp: 6/1/2016 8:15:57 AM

Message: WorkerThread is shut down


----------------------------------------
----------------------------------------
Timestamp: 6/1/2016 8:15:57 AM

Message: WorkerThread is shut down


----------------------------------------
----------------------------------------
Timestamp: 6/1/2016 8:15:57 AM

Message: WorkerThread is shut down


----------------------------------------
----------------------------------------
Timestamp: 6/1/2016 8:15:57 AM

Message: WorkerThread is shut down


----------------------------------------
----------------------------------------
Timestamp: 6/1/2016 8:15:57 AM

Message: WorkerThread is shut down


----------------------------------------
----------------------------------------
Timestamp: 6/1/2016 8:16:26 AM

Message: Shutting down threadpool...


----------------------------------------
----------------------------------------
Timestamp: 6/1/2016 8:16:26 AM

Message: Thread pool 'BackgroundTasksService': Shutdown of thread pool completed. Threads aborted.


----------------------------------------
----------------------------------------
Timestamp: 6/2/2016 7:24:17 AM

Message: Error while executing the Task: Value cannot be null.
Parameter name: input, StackTrace:    at System.Guid.Parse(String input)
   at Telerik.Sitefinity.Services.Statistics.ReconcilerTask.ReconcileUserData()
   at Telerik.Sitefinity.Services.SystemManager.RunWithElevatedPrivilege(RunWithElevatedPrivilegeDelegate delegateToRun, Object[] parameters, String urlRequest)
   at Telerik.Sitefinity.Services.Statistics.ReconcilerTask.Run(IBackgroundTaskContext context)
   at Telerik.Sitefinity.BackgroundTasks.WorkerThread.Run(IBackgroundTaskContext context)


----------------------------------------
