----------------------------------------
Timestamp: 3/12/2016 6:37:58 PM

Message: Shutting down threadpool...


----------------------------------------
----------------------------------------
Timestamp: 3/12/2016 6:37:58 PM

Message: Thread pool 'BackgroundTasksService': Shutdown of thread pool completed. All currently running threads will finish their work and stop.


----------------------------------------
----------------------------------------
Timestamp: 3/12/2016 6:37:58 PM

Message: WorkerThread is shut down


----------------------------------------
----------------------------------------
Timestamp: 3/12/2016 6:37:58 PM

Message: WorkerThread is shut down


----------------------------------------
----------------------------------------
Timestamp: 3/12/2016 6:37:58 PM

Message: Background task scheduler shut down


----------------------------------------
----------------------------------------
Timestamp: 3/12/2016 6:37:58 PM

Message: WorkerThread is shut down


----------------------------------------
----------------------------------------
Timestamp: 3/12/2016 6:37:58 PM

Message: WorkerThread is shut down


----------------------------------------
----------------------------------------
Timestamp: 3/12/2016 6:37:58 PM

Message: WorkerThread is shut down


----------------------------------------
----------------------------------------
Timestamp: 3/12/2016 6:37:58 PM

Message: WorkerThread is shut down


----------------------------------------
----------------------------------------
Timestamp: 3/12/2016 6:37:58 PM

Message: WorkerThread is shut down


----------------------------------------
----------------------------------------
Timestamp: 3/12/2016 6:37:58 PM

Message: WorkerThread is shut down


----------------------------------------
----------------------------------------
Timestamp: 3/12/2016 6:38:28 PM

Message: Shutting down threadpool...


----------------------------------------
----------------------------------------
Timestamp: 3/12/2016 6:38:28 PM

Message: Thread pool 'BackgroundTasksService': Shutdown of thread pool completed. Threads aborted.


----------------------------------------
