----------------------------------------
Timestamp: 1/20/2017 12:38:24 AM

Message: Background task scheduler shut down


----------------------------------------
----------------------------------------
Timestamp: 1/20/2017 12:38:24 AM

Message: Shutting down threadpool...


----------------------------------------
----------------------------------------
Timestamp: 1/20/2017 12:38:24 AM

Message: Thread pool 'BackgroundTasksService': Shutdown of thread pool completed. All currently running threads will finish their work and stop.


----------------------------------------
----------------------------------------
Timestamp: 1/20/2017 12:38:24 AM

Message: WorkerThread is shut down


----------------------------------------
----------------------------------------
Timestamp: 1/20/2017 12:38:24 AM

Message: WorkerThread is shut down


----------------------------------------
----------------------------------------
Timestamp: 1/20/2017 12:38:24 AM

Message: WorkerThread is shut down


----------------------------------------
----------------------------------------
Timestamp: 1/20/2017 12:38:24 AM

Message: WorkerThread is shut down


----------------------------------------
----------------------------------------
Timestamp: 1/20/2017 12:38:24 AM

Message: WorkerThread is shut down


----------------------------------------
----------------------------------------
Timestamp: 1/20/2017 12:38:24 AM

Message: WorkerThread is shut down


----------------------------------------
----------------------------------------
Timestamp: 1/20/2017 12:38:24 AM

Message: WorkerThread is shut down


----------------------------------------
----------------------------------------
Timestamp: 1/20/2017 12:38:24 AM

Message: WorkerThread is shut down


----------------------------------------
----------------------------------------
Timestamp: 1/20/2017 12:38:54 AM

Message: Shutting down threadpool...


----------------------------------------
----------------------------------------
Timestamp: 1/20/2017 12:38:54 AM

Message: Thread pool 'BackgroundTasksService': Shutdown of thread pool completed. Threads aborted.


----------------------------------------
