----------------------------------------
Timestamp: 11/28/2016 11:12:40 AM

Message: Shutting down threadpool...


----------------------------------------
----------------------------------------
Timestamp: 11/28/2016 11:12:40 AM

Message: Thread pool 'BackgroundTasksService': Shutdown of thread pool completed. All currently running threads will finish their work and stop.


----------------------------------------
----------------------------------------
Timestamp: 11/28/2016 11:12:40 AM

Message: WorkerThread is shut down


----------------------------------------
----------------------------------------
Timestamp: 11/28/2016 11:12:40 AM

Message: Background task scheduler shut down


----------------------------------------
----------------------------------------
Timestamp: 11/28/2016 11:12:40 AM

Message: WorkerThread is shut down


----------------------------------------
----------------------------------------
Timestamp: 11/28/2016 11:12:40 AM

Message: WorkerThread is shut down


----------------------------------------
----------------------------------------
Timestamp: 11/28/2016 11:12:40 AM

Message: WorkerThread is shut down


----------------------------------------
----------------------------------------
Timestamp: 11/28/2016 11:12:40 AM

Message: WorkerThread is shut down


----------------------------------------
----------------------------------------
Timestamp: 11/28/2016 11:12:40 AM

Message: WorkerThread is shut down


----------------------------------------
----------------------------------------
Timestamp: 11/28/2016 11:12:40 AM

Message: WorkerThread is shut down


----------------------------------------
----------------------------------------
Timestamp: 11/28/2016 11:12:40 AM

Message: WorkerThread is shut down


----------------------------------------
----------------------------------------
Timestamp: 11/28/2016 11:13:10 AM

Message: Shutting down threadpool...


----------------------------------------
----------------------------------------
Timestamp: 11/28/2016 11:13:10 AM

Message: Thread pool 'BackgroundTasksService': Shutdown of thread pool completed. Threads aborted.


----------------------------------------
