----------------------------------------
Timestamp: 10/13/2016 8:48:17 PM

Message: Shutting down threadpool...


----------------------------------------
----------------------------------------
Timestamp: 10/13/2016 8:48:17 PM

Message: Thread pool 'BackgroundTasksService': Shutdown of thread pool completed. All currently running threads will finish their work and stop.


----------------------------------------
----------------------------------------
Timestamp: 10/13/2016 8:48:18 PM

Message: WorkerThread is shut down


----------------------------------------
----------------------------------------
Timestamp: 10/13/2016 8:48:18 PM

Message: WorkerThread is shut down


----------------------------------------
----------------------------------------
Timestamp: 10/13/2016 8:48:18 PM

Message: WorkerThread is shut down


----------------------------------------
----------------------------------------
Timestamp: 10/13/2016 8:48:18 PM

Message: WorkerThread is shut down


----------------------------------------
----------------------------------------
Timestamp: 10/13/2016 8:48:18 PM

Message: WorkerThread is shut down


----------------------------------------
----------------------------------------
Timestamp: 10/13/2016 8:48:18 PM

Message: Background task scheduler shut down


----------------------------------------
----------------------------------------
Timestamp: 10/13/2016 8:48:18 PM

Message: WorkerThread is shut down


----------------------------------------
----------------------------------------
Timestamp: 10/13/2016 8:48:18 PM

Message: WorkerThread is shut down


----------------------------------------
----------------------------------------
Timestamp: 10/13/2016 8:48:18 PM

Message: WorkerThread is shut down


----------------------------------------
----------------------------------------
Timestamp: 10/13/2016 8:48:48 PM

Message: Shutting down threadpool...


----------------------------------------
----------------------------------------
Timestamp: 10/13/2016 8:48:48 PM

Message: Thread pool 'BackgroundTasksService': Shutdown of thread pool completed. Threads aborted.


----------------------------------------
----------------------------------------
Timestamp: 10/13/2016 8:51:30 PM

Message: Error while executing the Task: Value cannot be null.
Parameter name: input, StackTrace:    at System.Guid.Parse(String input)
   at Telerik.Sitefinity.Services.Statistics.ReconcilerTask.ReconcileUserData()
   at Telerik.Sitefinity.Services.SystemManager.RunWithElevatedPrivilege(RunWithElevatedPrivilegeDelegate delegateToRun, Object[] parameters, String urlRequest)
   at Telerik.Sitefinity.Services.Statistics.ReconcilerTask.Run(IBackgroundTaskContext context)
   at Telerik.Sitefinity.BackgroundTasks.WorkerThread.Run(IBackgroundTaskContext context)


----------------------------------------
----------------------------------------
Timestamp: 10/14/2016 3:16:08 PM

Message: Error while executing the Task: Value cannot be null.
Parameter name: input, StackTrace:    at System.Guid.Parse(String input)
   at Telerik.Sitefinity.Services.Statistics.ReconcilerTask.ReconcileUserData()
   at Telerik.Sitefinity.Services.SystemManager.RunWithElevatedPrivilege(RunWithElevatedPrivilegeDelegate delegateToRun, Object[] parameters, String urlRequest)
   at Telerik.Sitefinity.Services.Statistics.ReconcilerTask.Run(IBackgroundTaskContext context)
   at Telerik.Sitefinity.BackgroundTasks.WorkerThread.Run(IBackgroundTaskContext context)


----------------------------------------
