----------------------------------------
Timestamp: 12/24/2016 12:06:59 AM

Message: Shutting down threadpool...


----------------------------------------
----------------------------------------
Timestamp: 12/24/2016 12:06:59 AM

Message: Thread pool 'BackgroundTasksService': Shutdown of thread pool completed. All currently running threads will finish their work and stop.


----------------------------------------
----------------------------------------
Timestamp: 12/24/2016 12:06:59 AM

Message: WorkerThread is shut down


----------------------------------------
----------------------------------------
Timestamp: 12/24/2016 12:06:59 AM

Message: WorkerThread is shut down


----------------------------------------
----------------------------------------
Timestamp: 12/24/2016 12:06:59 AM

Message: WorkerThread is shut down


----------------------------------------
----------------------------------------
Timestamp: 12/24/2016 12:06:59 AM

Message: Background task scheduler shut down


----------------------------------------
----------------------------------------
Timestamp: 12/24/2016 12:06:59 AM

Message: WorkerThread is shut down


----------------------------------------
----------------------------------------
Timestamp: 12/24/2016 12:06:59 AM

Message: WorkerThread is shut down


----------------------------------------
----------------------------------------
Timestamp: 12/24/2016 12:06:59 AM

Message: WorkerThread is shut down


----------------------------------------
----------------------------------------
Timestamp: 12/24/2016 12:06:59 AM

Message: WorkerThread is shut down


----------------------------------------
----------------------------------------
Timestamp: 12/24/2016 12:06:59 AM

Message: WorkerThread is shut down


----------------------------------------
----------------------------------------
Timestamp: 12/24/2016 12:07:29 AM

Message: Shutting down threadpool...


----------------------------------------
----------------------------------------
Timestamp: 12/24/2016 12:07:29 AM

Message: Thread pool 'BackgroundTasksService': Shutdown of thread pool completed. Threads aborted.


----------------------------------------
