----------------------------------------
Timestamp: 2/14/2016 1:54:56 AM

Message: Shutting down threadpool...


----------------------------------------
----------------------------------------
Timestamp: 2/14/2016 1:54:56 AM

Message: Thread pool 'BackgroundTasksService': Shutdown of thread pool completed. All currently running threads will finish their work and stop.


----------------------------------------
----------------------------------------
Timestamp: 2/14/2016 1:54:56 AM

Message: WorkerThread is shut down


----------------------------------------
----------------------------------------
Timestamp: 2/14/2016 1:54:56 AM

Message: WorkerThread is shut down


----------------------------------------
----------------------------------------
Timestamp: 2/14/2016 1:54:56 AM

Message: WorkerThread is shut down


----------------------------------------
----------------------------------------
Timestamp: 2/14/2016 1:54:56 AM

Message: WorkerThread is shut down


----------------------------------------
----------------------------------------
Timestamp: 2/14/2016 1:54:56 AM

Message: WorkerThread is shut down


----------------------------------------
----------------------------------------
Timestamp: 2/14/2016 1:54:56 AM

Message: Background task scheduler shut down


----------------------------------------
----------------------------------------
Timestamp: 2/14/2016 1:54:56 AM

Message: WorkerThread is shut down


----------------------------------------
----------------------------------------
Timestamp: 2/14/2016 1:54:56 AM

Message: WorkerThread is shut down


----------------------------------------
----------------------------------------
Timestamp: 2/14/2016 1:54:56 AM

Message: WorkerThread is shut down


----------------------------------------
----------------------------------------
Timestamp: 2/14/2016 1:55:26 AM

Message: Shutting down threadpool...


----------------------------------------
----------------------------------------
Timestamp: 2/14/2016 1:55:26 AM

Message: Thread pool 'BackgroundTasksService': Shutdown of thread pool completed. Threads aborted.


----------------------------------------
