----------------------------------------
Timestamp: 12/3/2016 7:12:43 AM

Message: Shutting down threadpool...


----------------------------------------
----------------------------------------
Timestamp: 12/3/2016 7:12:43 AM

Message: Thread pool 'BackgroundTasksService': Shutdown of thread pool completed. All currently running threads will finish their work and stop.


----------------------------------------
----------------------------------------
Timestamp: 12/3/2016 7:12:43 AM

Message: WorkerThread is shut down


----------------------------------------
----------------------------------------
Timestamp: 12/3/2016 7:12:43 AM

Message: Background task scheduler shut down


----------------------------------------
----------------------------------------
Timestamp: 12/3/2016 7:12:43 AM

Message: WorkerThread is shut down


----------------------------------------
----------------------------------------
Timestamp: 12/3/2016 7:12:43 AM

Message: WorkerThread is shut down


----------------------------------------
----------------------------------------
Timestamp: 12/3/2016 7:12:43 AM

Message: WorkerThread is shut down


----------------------------------------
----------------------------------------
Timestamp: 12/3/2016 7:12:43 AM

Message: WorkerThread is shut down


----------------------------------------
----------------------------------------
Timestamp: 12/3/2016 7:12:43 AM

Message: WorkerThread is shut down


----------------------------------------
----------------------------------------
Timestamp: 12/3/2016 7:12:43 AM

Message: WorkerThread is shut down


----------------------------------------
----------------------------------------
Timestamp: 12/3/2016 7:12:43 AM

Message: WorkerThread is shut down


----------------------------------------
----------------------------------------
Timestamp: 12/3/2016 7:13:13 AM

Message: Shutting down threadpool...


----------------------------------------
----------------------------------------
Timestamp: 12/3/2016 7:13:13 AM

Message: Thread pool 'BackgroundTasksService': Shutdown of thread pool completed. Threads aborted.


----------------------------------------
