----------------------------------------
Timestamp: 7/2/2016 6:16:04 PM

Message: Shutting down threadpool...


----------------------------------------
----------------------------------------
Timestamp: 7/2/2016 6:16:04 PM

Message: Thread pool 'BackgroundTasksService': Shutdown of thread pool completed. All currently running threads will finish their work and stop.


----------------------------------------
----------------------------------------
Timestamp: 7/2/2016 6:16:04 PM

Message: Background task scheduler shut down


----------------------------------------
----------------------------------------
Timestamp: 7/2/2016 6:16:04 PM

Message: WorkerThread is shut down


----------------------------------------
----------------------------------------
Timestamp: 7/2/2016 6:16:04 PM

Message: WorkerThread is shut down


----------------------------------------
----------------------------------------
Timestamp: 7/2/2016 6:16:04 PM

Message: WorkerThread is shut down


----------------------------------------
----------------------------------------
Timestamp: 7/2/2016 6:16:04 PM

Message: WorkerThread is shut down


----------------------------------------
----------------------------------------
Timestamp: 7/2/2016 6:16:04 PM

Message: WorkerThread is shut down


----------------------------------------
----------------------------------------
Timestamp: 7/2/2016 6:16:04 PM

Message: WorkerThread is shut down


----------------------------------------
----------------------------------------
Timestamp: 7/2/2016 6:16:04 PM

Message: WorkerThread is shut down


----------------------------------------
----------------------------------------
Timestamp: 7/2/2016 6:16:04 PM

Message: WorkerThread is shut down


----------------------------------------
----------------------------------------
Timestamp: 7/2/2016 6:16:34 PM

Message: Shutting down threadpool...


----------------------------------------
----------------------------------------
Timestamp: 7/2/2016 6:16:34 PM

Message: Thread pool 'BackgroundTasksService': Shutdown of thread pool completed. Threads aborted.


----------------------------------------
