----------------------------------------
Timestamp: 7/30/2016 1:17:15 PM

Message: Shutting down threadpool...


----------------------------------------
----------------------------------------
Timestamp: 7/30/2016 1:17:15 PM

Message: Thread pool 'BackgroundTasksService': Shutdown of thread pool completed. All currently running threads will finish their work and stop.


----------------------------------------
----------------------------------------
Timestamp: 7/30/2016 1:17:15 PM

Message: WorkerThread is shut down


----------------------------------------
----------------------------------------
Timestamp: 7/30/2016 1:17:15 PM

Message: Background task scheduler shut down


----------------------------------------
----------------------------------------
Timestamp: 7/30/2016 1:17:15 PM

Message: WorkerThread is shut down


----------------------------------------
----------------------------------------
Timestamp: 7/30/2016 1:17:15 PM

Message: WorkerThread is shut down


----------------------------------------
----------------------------------------
Timestamp: 7/30/2016 1:17:15 PM

Message: WorkerThread is shut down


----------------------------------------
----------------------------------------
Timestamp: 7/30/2016 1:17:15 PM

Message: WorkerThread is shut down


----------------------------------------
----------------------------------------
Timestamp: 7/30/2016 1:17:15 PM

Message: WorkerThread is shut down


----------------------------------------
----------------------------------------
Timestamp: 7/30/2016 1:17:15 PM

Message: WorkerThread is shut down


----------------------------------------
----------------------------------------
Timestamp: 7/30/2016 1:17:15 PM

Message: WorkerThread is shut down


----------------------------------------
