----------------------------------------
Timestamp: 10/31/2016 11:48:23 PM

Message: Shutting down threadpool...


----------------------------------------
----------------------------------------
Timestamp: 10/31/2016 11:48:23 PM

Message: Thread pool 'BackgroundTasksService': Shutdown of thread pool completed. All currently running threads will finish their work and stop.


----------------------------------------
----------------------------------------
Timestamp: 10/31/2016 11:48:24 PM

Message: WorkerThread is shut down


----------------------------------------
----------------------------------------
Timestamp: 10/31/2016 11:48:24 PM

Message: Background task scheduler shut down


----------------------------------------
----------------------------------------
Timestamp: 10/31/2016 11:48:24 PM

Message: WorkerThread is shut down


----------------------------------------
----------------------------------------
Timestamp: 10/31/2016 11:48:24 PM

Message: WorkerThread is shut down


----------------------------------------
----------------------------------------
Timestamp: 10/31/2016 11:48:24 PM

Message: WorkerThread is shut down


----------------------------------------
----------------------------------------
Timestamp: 10/31/2016 11:48:24 PM

Message: WorkerThread is shut down


----------------------------------------
----------------------------------------
Timestamp: 10/31/2016 11:48:24 PM

Message: WorkerThread is shut down


----------------------------------------
----------------------------------------
Timestamp: 10/31/2016 11:48:24 PM

Message: WorkerThread is shut down


----------------------------------------
----------------------------------------
Timestamp: 10/31/2016 11:48:24 PM

Message: WorkerThread is shut down


----------------------------------------
----------------------------------------
Timestamp: 10/31/2016 11:48:53 PM

Message: Shutting down threadpool...


----------------------------------------
----------------------------------------
Timestamp: 10/31/2016 11:48:53 PM

Message: Thread pool 'BackgroundTasksService': Shutdown of thread pool completed. Threads aborted.


----------------------------------------
