----------------------------------------
Timestamp: 4/2/2016 7:37:59 AM

Message: Shutting down threadpool...


----------------------------------------
----------------------------------------
Timestamp: 4/2/2016 7:37:59 AM

Message: Thread pool 'BackgroundTasksService': Shutdown of thread pool completed. All currently running threads will finish their work and stop.


----------------------------------------
----------------------------------------
Timestamp: 4/2/2016 7:37:59 AM

Message: Background task scheduler shut down


----------------------------------------
----------------------------------------
Timestamp: 4/2/2016 7:37:59 AM

Message: WorkerThread is shut down


----------------------------------------
----------------------------------------
Timestamp: 4/2/2016 7:37:59 AM

Message: WorkerThread is shut down


----------------------------------------
----------------------------------------
Timestamp: 4/2/2016 7:37:59 AM

Message: WorkerThread is shut down


----------------------------------------
----------------------------------------
Timestamp: 4/2/2016 7:37:59 AM

Message: WorkerThread is shut down


----------------------------------------
----------------------------------------
Timestamp: 4/2/2016 7:37:59 AM

Message: WorkerThread is shut down


----------------------------------------
----------------------------------------
Timestamp: 4/2/2016 7:37:59 AM

Message: WorkerThread is shut down


----------------------------------------
----------------------------------------
Timestamp: 4/2/2016 7:37:59 AM

Message: WorkerThread is shut down


----------------------------------------
----------------------------------------
Timestamp: 4/2/2016 7:37:59 AM

Message: WorkerThread is shut down


----------------------------------------
----------------------------------------
Timestamp: 4/2/2016 7:38:29 AM

Message: Shutting down threadpool...


----------------------------------------
----------------------------------------
Timestamp: 4/2/2016 7:38:29 AM

Message: Thread pool 'BackgroundTasksService': Shutdown of thread pool completed. Threads aborted.


----------------------------------------
