----------------------------------------
Timestamp: 8/30/2016 11:16:17 PM

Message: Shutting down threadpool...


----------------------------------------
----------------------------------------
Timestamp: 8/30/2016 11:16:17 PM

Message: Thread pool 'BackgroundTasksService': Shutdown of thread pool completed. All currently running threads will finish their work and stop.


----------------------------------------
----------------------------------------
Timestamp: 8/30/2016 11:16:17 PM

Message: WorkerThread is shut down


----------------------------------------
----------------------------------------
Timestamp: 8/30/2016 11:16:17 PM

Message: WorkerThread is shut down


----------------------------------------
----------------------------------------
Timestamp: 8/30/2016 11:16:17 PM

Message: WorkerThread is shut down


----------------------------------------
----------------------------------------
Timestamp: 8/30/2016 11:16:17 PM

Message: WorkerThread is shut down


----------------------------------------
----------------------------------------
Timestamp: 8/30/2016 11:16:17 PM

Message: WorkerThread is shut down


----------------------------------------
----------------------------------------
Timestamp: 8/30/2016 11:16:17 PM

Message: WorkerThread is shut down


----------------------------------------
----------------------------------------
Timestamp: 8/30/2016 11:16:17 PM

Message: WorkerThread is shut down


----------------------------------------
----------------------------------------
Timestamp: 8/30/2016 11:16:17 PM

Message: WorkerThread is shut down


----------------------------------------
----------------------------------------
Timestamp: 8/30/2016 11:16:17 PM

Message: Background task scheduler shut down


----------------------------------------
----------------------------------------
Timestamp: 8/30/2016 11:16:47 PM

Message: Shutting down threadpool...


----------------------------------------
----------------------------------------
Timestamp: 8/30/2016 11:16:47 PM

Message: Thread pool 'BackgroundTasksService': Shutdown of thread pool completed. Threads aborted.


----------------------------------------
----------------------------------------
Timestamp: 8/31/2016 2:04:04 PM

Message: Syntax error (at index 33)


----------------------------------------
----------------------------------------
Timestamp: 8/31/2016 2:04:07 PM

Message: Syntax error (at index 33)


----------------------------------------
