----------------------------------------
Timestamp: 1/12/2017 6:38:23 PM

Message: Shutting down threadpool...


----------------------------------------
----------------------------------------
Timestamp: 1/12/2017 6:38:23 PM

Message: Thread pool 'BackgroundTasksService': Shutdown of thread pool completed. All currently running threads will finish their work and stop.


----------------------------------------
----------------------------------------
Timestamp: 1/12/2017 6:38:24 PM

Message: WorkerThread is shut down


----------------------------------------
----------------------------------------
Timestamp: 1/12/2017 6:38:24 PM

Message: WorkerThread is shut down


----------------------------------------
----------------------------------------
Timestamp: 1/12/2017 6:38:24 PM

Message: WorkerThread is shut down


----------------------------------------
----------------------------------------
Timestamp: 1/12/2017 6:38:24 PM

Message: WorkerThread is shut down


----------------------------------------
----------------------------------------
Timestamp: 1/12/2017 6:38:24 PM

Message: WorkerThread is shut down


----------------------------------------
----------------------------------------
Timestamp: 1/12/2017 6:38:24 PM

Message: Background task scheduler shut down


----------------------------------------
----------------------------------------
Timestamp: 1/12/2017 6:38:24 PM

Message: WorkerThread is shut down


----------------------------------------
----------------------------------------
Timestamp: 1/12/2017 6:38:24 PM

Message: WorkerThread is shut down


----------------------------------------
----------------------------------------
Timestamp: 1/12/2017 6:38:24 PM

Message: WorkerThread is shut down


----------------------------------------
----------------------------------------
Timestamp: 1/12/2017 6:38:54 PM

Message: Shutting down threadpool...


----------------------------------------
----------------------------------------
Timestamp: 1/12/2017 6:38:54 PM

Message: Thread pool 'BackgroundTasksService': Shutdown of thread pool completed. Threads aborted.


----------------------------------------
