----------------------------------------
Timestamp: 4/16/2016 7:37:59 PM

Message: Shutting down threadpool...


----------------------------------------
----------------------------------------
Timestamp: 4/16/2016 7:37:59 PM

Message: Thread pool 'BackgroundTasksService': Shutdown of thread pool completed. All currently running threads will finish their work and stop.


----------------------------------------
----------------------------------------
Timestamp: 4/16/2016 7:37:59 PM

Message: WorkerThread is shut down


----------------------------------------
----------------------------------------
Timestamp: 4/16/2016 7:37:59 PM

Message: WorkerThread is shut down


----------------------------------------
----------------------------------------
Timestamp: 4/16/2016 7:37:59 PM

Message: WorkerThread is shut down


----------------------------------------
----------------------------------------
Timestamp: 4/16/2016 7:37:59 PM

Message: WorkerThread is shut down


----------------------------------------
----------------------------------------
Timestamp: 4/16/2016 7:37:59 PM

Message: WorkerThread is shut down


----------------------------------------
----------------------------------------
Timestamp: 4/16/2016 7:37:59 PM

Message: WorkerThread is shut down


----------------------------------------
----------------------------------------
Timestamp: 4/16/2016 7:37:59 PM

Message: WorkerThread is shut down


----------------------------------------
----------------------------------------
Timestamp: 4/16/2016 7:37:59 PM

Message: Background task scheduler shut down


----------------------------------------
----------------------------------------
Timestamp: 4/16/2016 7:37:59 PM

Message: WorkerThread is shut down


----------------------------------------
----------------------------------------
Timestamp: 4/16/2016 7:38:29 PM

Message: Shutting down threadpool...


----------------------------------------
----------------------------------------
Timestamp: 4/16/2016 7:38:29 PM

Message: Thread pool 'BackgroundTasksService': Shutdown of thread pool completed. Threads aborted.


----------------------------------------
