----------------------------------------
Timestamp: 2/19/2017 8:51:29 PM

Message: Shutting down threadpool...


----------------------------------------
----------------------------------------
Timestamp: 2/19/2017 8:51:29 PM

Message: Thread pool 'BackgroundTasksService': Shutdown of thread pool completed. All currently running threads will finish their work and stop.


----------------------------------------
----------------------------------------
Timestamp: 2/19/2017 8:51:29 PM

Message: WorkerThread is shut down


----------------------------------------
----------------------------------------
Timestamp: 2/19/2017 8:51:29 PM

Message: WorkerThread is shut down


----------------------------------------
----------------------------------------
Timestamp: 2/19/2017 8:51:29 PM

Message: WorkerThread is shut down


----------------------------------------
----------------------------------------
Timestamp: 2/19/2017 8:51:29 PM

Message: Background task scheduler shut down


----------------------------------------
----------------------------------------
Timestamp: 2/19/2017 8:51:29 PM

Message: WorkerThread is shut down


----------------------------------------
----------------------------------------
Timestamp: 2/19/2017 8:51:29 PM

Message: WorkerThread is shut down


----------------------------------------
----------------------------------------
Timestamp: 2/19/2017 8:51:29 PM

Message: WorkerThread is shut down


----------------------------------------
----------------------------------------
Timestamp: 2/19/2017 8:51:29 PM

Message: WorkerThread is shut down


----------------------------------------
----------------------------------------
Timestamp: 2/19/2017 8:51:29 PM

Message: WorkerThread is shut down


----------------------------------------
----------------------------------------
Timestamp: 2/19/2017 8:51:59 PM

Message: Shutting down threadpool...


----------------------------------------
----------------------------------------
Timestamp: 2/19/2017 8:51:59 PM

Message: Thread pool 'BackgroundTasksService': Shutdown of thread pool completed. Threads aborted.


----------------------------------------
----------------------------------------
Timestamp: 2/20/2017 3:04:45 PM

Message: Error while executing the Task: Value cannot be null.
Parameter name: input, StackTrace:    at System.Guid.Parse(String input)
   at Telerik.Sitefinity.Services.Statistics.ReconcilerTask.ReconcileUserData()
   at Telerik.Sitefinity.Services.SystemManager.RunWithElevatedPrivilege(RunWithElevatedPrivilegeDelegate delegateToRun, Object[] parameters, String urlRequest)
   at Telerik.Sitefinity.Services.Statistics.ReconcilerTask.Run(IBackgroundTaskContext context)
   at Telerik.Sitefinity.BackgroundTasks.WorkerThread.Run(IBackgroundTaskContext context)


----------------------------------------
