----------------------------------------
Timestamp: 1/20/2016 6:06:14 PM

Message: Shutting down threadpool...


----------------------------------------
----------------------------------------
Timestamp: 1/20/2016 6:06:14 PM

Message: Thread pool 'BackgroundTasksService': Shutdown of thread pool completed. All currently running threads will finish their work and stop.


----------------------------------------
----------------------------------------
Timestamp: 1/20/2016 6:06:14 PM

Message: WorkerThread is shut down


----------------------------------------
----------------------------------------
Timestamp: 1/20/2016 6:06:14 PM

Message: WorkerThread is shut down


----------------------------------------
----------------------------------------
Timestamp: 1/20/2016 6:06:14 PM

Message: WorkerThread is shut down


----------------------------------------
----------------------------------------
Timestamp: 1/20/2016 6:06:14 PM

Message: WorkerThread is shut down


----------------------------------------
----------------------------------------
Timestamp: 1/20/2016 6:06:14 PM

Message: WorkerThread is shut down


----------------------------------------
----------------------------------------
Timestamp: 1/20/2016 6:06:14 PM

Message: Background task scheduler shut down


----------------------------------------
----------------------------------------
Timestamp: 1/20/2016 6:06:14 PM

Message: WorkerThread is shut down


----------------------------------------
----------------------------------------
Timestamp: 1/20/2016 6:06:14 PM

Message: WorkerThread is shut down


----------------------------------------
----------------------------------------
Timestamp: 1/20/2016 6:06:14 PM

Message: WorkerThread is shut down


----------------------------------------
----------------------------------------
Timestamp: 1/20/2016 6:06:44 PM

Message: Shutting down threadpool...


----------------------------------------
----------------------------------------
Timestamp: 1/20/2016 6:06:44 PM

Message: Thread pool 'BackgroundTasksService': Shutdown of thread pool completed. Threads aborted.


----------------------------------------
