----------------------------------------
Timestamp: 1/28/2017 11:38:26 AM

Message: Background task scheduler shut down


----------------------------------------
----------------------------------------
Timestamp: 1/28/2017 11:38:26 AM

Message: Shutting down threadpool...


----------------------------------------
----------------------------------------
Timestamp: 1/28/2017 11:38:26 AM

Message: Thread pool 'BackgroundTasksService': Shutdown of thread pool completed. All currently running threads will finish their work and stop.


----------------------------------------
----------------------------------------
Timestamp: 1/28/2017 11:38:27 AM

Message: WorkerThread is shut down


----------------------------------------
----------------------------------------
Timestamp: 1/28/2017 11:38:27 AM

Message: WorkerThread is shut down


----------------------------------------
----------------------------------------
Timestamp: 1/28/2017 11:38:27 AM

Message: WorkerThread is shut down


----------------------------------------
----------------------------------------
Timestamp: 1/28/2017 11:38:27 AM

Message: WorkerThread is shut down


----------------------------------------
----------------------------------------
Timestamp: 1/28/2017 11:38:27 AM

Message: WorkerThread is shut down


----------------------------------------
----------------------------------------
Timestamp: 1/28/2017 11:38:27 AM

Message: WorkerThread is shut down


----------------------------------------
----------------------------------------
Timestamp: 1/28/2017 11:38:27 AM

Message: WorkerThread is shut down


----------------------------------------
----------------------------------------
Timestamp: 1/28/2017 11:38:27 AM

Message: WorkerThread is shut down


----------------------------------------
----------------------------------------
Timestamp: 1/28/2017 11:38:57 AM

Message: Shutting down threadpool...


----------------------------------------
----------------------------------------
Timestamp: 1/28/2017 11:38:57 AM

Message: Thread pool 'BackgroundTasksService': Shutdown of thread pool completed. Threads aborted.


----------------------------------------
