----------------------------------------
Timestamp: 11/21/2015 4:40:27 AM

Message: Shutting down threadpool...


----------------------------------------
----------------------------------------
Timestamp: 11/21/2015 4:40:27 AM

Message: Thread pool 'BackgroundTasksService': Shutdown of thread pool completed. All currently running threads will finish their work and stop.


----------------------------------------
----------------------------------------
Timestamp: 11/21/2015 4:40:28 AM

Message: WorkerThread is shut down


----------------------------------------
----------------------------------------
Timestamp: 11/21/2015 4:40:28 AM

Message: Background task scheduler shut down


----------------------------------------
----------------------------------------
Timestamp: 11/21/2015 4:40:28 AM

Message: WorkerThread is shut down


----------------------------------------
----------------------------------------
Timestamp: 11/21/2015 4:40:28 AM

Message: WorkerThread is shut down


----------------------------------------
----------------------------------------
Timestamp: 11/21/2015 4:40:28 AM

Message: WorkerThread is shut down


----------------------------------------
----------------------------------------
Timestamp: 11/21/2015 4:40:28 AM

Message: WorkerThread is shut down


----------------------------------------
----------------------------------------
Timestamp: 11/21/2015 4:40:28 AM

Message: WorkerThread is shut down


----------------------------------------
----------------------------------------
Timestamp: 11/21/2015 4:40:28 AM

Message: WorkerThread is shut down


----------------------------------------
----------------------------------------
Timestamp: 11/21/2015 4:40:28 AM

Message: WorkerThread is shut down


----------------------------------------
----------------------------------------
Timestamp: 11/21/2015 4:40:57 AM

Message: Shutting down threadpool...


----------------------------------------
----------------------------------------
Timestamp: 11/21/2015 4:40:57 AM

Message: Thread pool 'BackgroundTasksService': Shutdown of thread pool completed. Threads aborted.


----------------------------------------
