----------------------------------------
Timestamp: 7/19/2016 4:16:42 PM

Message: Shutting down threadpool...


----------------------------------------
----------------------------------------
Timestamp: 7/19/2016 4:16:42 PM

Message: Thread pool 'BackgroundTasksService': Shutdown of thread pool completed. All currently running threads will finish their work and stop.


----------------------------------------
----------------------------------------
Timestamp: 7/19/2016 4:16:42 PM

Message: WorkerThread is shut down


----------------------------------------
----------------------------------------
Timestamp: 7/19/2016 4:16:42 PM

Message: WorkerThread is shut down


----------------------------------------
----------------------------------------
Timestamp: 7/19/2016 4:16:42 PM

Message: Background task scheduler shut down


----------------------------------------
----------------------------------------
Timestamp: 7/19/2016 4:16:42 PM

Message: WorkerThread is shut down


----------------------------------------
----------------------------------------
Timestamp: 7/19/2016 4:16:42 PM

Message: WorkerThread is shut down


----------------------------------------
----------------------------------------
Timestamp: 7/19/2016 4:16:42 PM

Message: WorkerThread is shut down


----------------------------------------
----------------------------------------
Timestamp: 7/19/2016 4:16:42 PM

Message: WorkerThread is shut down


----------------------------------------
----------------------------------------
Timestamp: 7/19/2016 4:16:42 PM

Message: WorkerThread is shut down


----------------------------------------
----------------------------------------
Timestamp: 7/19/2016 4:16:42 PM

Message: WorkerThread is shut down


----------------------------------------
----------------------------------------
Timestamp: 7/19/2016 4:17:12 PM

Message: Shutting down threadpool...


----------------------------------------
----------------------------------------
Timestamp: 7/19/2016 4:17:12 PM

Message: Thread pool 'BackgroundTasksService': Shutdown of thread pool completed. Threads aborted.


----------------------------------------
