----------------------------------------
Timestamp: 5/11/2016 6:22:19 PM

Message: Shutting down threadpool...


----------------------------------------
----------------------------------------
Timestamp: 5/11/2016 6:22:19 PM

Message: Thread pool 'BackgroundTasksService': Shutdown of thread pool completed. All currently running threads will finish their work and stop.


----------------------------------------
----------------------------------------
Timestamp: 5/11/2016 6:22:19 PM

Message: WorkerThread is shut down


----------------------------------------
----------------------------------------
Timestamp: 5/11/2016 6:22:19 PM

Message: WorkerThread is shut down


----------------------------------------
----------------------------------------
Timestamp: 5/11/2016 6:22:19 PM

Message: WorkerThread is shut down


----------------------------------------
----------------------------------------
Timestamp: 5/11/2016 6:22:19 PM

Message: WorkerThread is shut down


----------------------------------------
----------------------------------------
Timestamp: 5/11/2016 6:22:19 PM

Message: WorkerThread is shut down


----------------------------------------
----------------------------------------
Timestamp: 5/11/2016 6:22:19 PM

Message: WorkerThread is shut down


----------------------------------------
----------------------------------------
Timestamp: 5/11/2016 6:22:19 PM

Message: Background task scheduler shut down


----------------------------------------
----------------------------------------
Timestamp: 5/11/2016 6:22:19 PM

Message: WorkerThread is shut down


----------------------------------------
----------------------------------------
Timestamp: 5/11/2016 6:22:19 PM

Message: WorkerThread is shut down


----------------------------------------
----------------------------------------
Timestamp: 5/11/2016 6:22:21 PM

Message: Shutting down threadpool...


----------------------------------------
----------------------------------------
Timestamp: 5/11/2016 6:22:21 PM

Message: Thread pool 'BackgroundTasksService': Shutdown of thread pool completed. Threads aborted.


----------------------------------------
----------------------------------------
Timestamp: 5/11/2016 7:17:06 PM

Message: Shutting down threadpool...


----------------------------------------
----------------------------------------
Timestamp: 5/11/2016 7:17:06 PM

Message: Thread pool 'BackgroundTasksService': Shutdown of thread pool completed. All currently running threads will finish their work and stop.


----------------------------------------
----------------------------------------
Timestamp: 5/11/2016 7:17:06 PM

Message: WorkerThread is shut down


----------------------------------------
----------------------------------------
Timestamp: 5/11/2016 7:17:06 PM

Message: Background task scheduler shut down


----------------------------------------
----------------------------------------
Timestamp: 5/11/2016 7:17:06 PM

Message: WorkerThread is shut down


----------------------------------------
----------------------------------------
Timestamp: 5/11/2016 7:17:06 PM

Message: WorkerThread is shut down


----------------------------------------
----------------------------------------
Timestamp: 5/11/2016 7:17:06 PM

Message: WorkerThread is shut down


----------------------------------------
----------------------------------------
Timestamp: 5/11/2016 7:17:06 PM

Message: WorkerThread is shut down


----------------------------------------
----------------------------------------
Timestamp: 5/11/2016 7:17:06 PM

Message: WorkerThread is shut down


----------------------------------------
----------------------------------------
Timestamp: 5/11/2016 7:17:06 PM

Message: WorkerThread is shut down


----------------------------------------
----------------------------------------
Timestamp: 5/11/2016 7:17:06 PM

Message: WorkerThread is shut down


----------------------------------------
----------------------------------------
Timestamp: 5/13/2016 12:15:53 AM

Message: Shutting down threadpool...


----------------------------------------
