----------------------------------------
Timestamp: 6/6/2016 4:15:58 AM

Message: Shutting down threadpool...


----------------------------------------
----------------------------------------
Timestamp: 6/6/2016 4:15:58 AM

Message: Thread pool 'BackgroundTasksService': Shutdown of thread pool completed. All currently running threads will finish their work and stop.


----------------------------------------
----------------------------------------
Timestamp: 6/6/2016 4:15:58 AM

Message: WorkerThread is shut down


----------------------------------------
----------------------------------------
Timestamp: 6/6/2016 4:15:58 AM

Message: Background task scheduler shut down


----------------------------------------
----------------------------------------
Timestamp: 6/6/2016 4:15:58 AM

Message: WorkerThread is shut down


----------------------------------------
----------------------------------------
Timestamp: 6/6/2016 4:15:58 AM

Message: WorkerThread is shut down


----------------------------------------
----------------------------------------
Timestamp: 6/6/2016 4:15:58 AM

Message: WorkerThread is shut down


----------------------------------------
----------------------------------------
Timestamp: 6/6/2016 4:15:58 AM

Message: WorkerThread is shut down


----------------------------------------
----------------------------------------
Timestamp: 6/6/2016 4:15:58 AM

Message: WorkerThread is shut down


----------------------------------------
----------------------------------------
Timestamp: 6/6/2016 4:15:58 AM

Message: WorkerThread is shut down


----------------------------------------
----------------------------------------
Timestamp: 6/6/2016 4:15:58 AM

Message: WorkerThread is shut down


----------------------------------------
----------------------------------------
Timestamp: 6/6/2016 4:16:28 AM

Message: Shutting down threadpool...


----------------------------------------
----------------------------------------
Timestamp: 6/6/2016 4:16:28 AM

Message: Thread pool 'BackgroundTasksService': Shutdown of thread pool completed. Threads aborted.


----------------------------------------
----------------------------------------
Timestamp: 6/6/2016 4:41:11 PM

Message: Shutting down threadpool...


----------------------------------------
----------------------------------------
Timestamp: 6/6/2016 4:41:11 PM

Message: Thread pool 'BackgroundTasksService': Shutdown of thread pool completed. All currently running threads will finish their work and stop.


----------------------------------------
----------------------------------------
Timestamp: 6/6/2016 4:41:12 PM

Message: WorkerThread is shut down


----------------------------------------
----------------------------------------
Timestamp: 6/6/2016 4:41:12 PM

Message: WorkerThread is shut down


----------------------------------------
----------------------------------------
Timestamp: 6/6/2016 4:41:12 PM

Message: WorkerThread is shut down


----------------------------------------
----------------------------------------
Timestamp: 6/6/2016 4:41:12 PM

Message: Background task scheduler shut down


----------------------------------------
----------------------------------------
Timestamp: 6/6/2016 4:41:12 PM

Message: WorkerThread is shut down


----------------------------------------
----------------------------------------
Timestamp: 6/6/2016 4:41:12 PM

Message: WorkerThread is shut down


----------------------------------------
----------------------------------------
Timestamp: 6/6/2016 4:41:12 PM

Message: WorkerThread is shut down


----------------------------------------
----------------------------------------
Timestamp: 6/6/2016 4:41:12 PM

Message: WorkerThread is shut down


----------------------------------------
----------------------------------------
Timestamp: 6/6/2016 4:41:12 PM

Message: WorkerThread is shut down


----------------------------------------
----------------------------------------
Timestamp: 6/6/2016 4:41:41 PM

Message: Shutting down threadpool...


----------------------------------------
----------------------------------------
Timestamp: 6/6/2016 4:41:41 PM

Message: Thread pool 'BackgroundTasksService': Shutdown of thread pool completed. Threads aborted.


----------------------------------------
----------------------------------------
Timestamp: 6/6/2016 5:47:10 PM

Message: Shutting down threadpool...


----------------------------------------
----------------------------------------
Timestamp: 6/6/2016 5:47:10 PM

Message: Thread pool 'BackgroundTasksService': Shutdown of thread pool completed. All currently running threads will finish their work and stop.


----------------------------------------
----------------------------------------
Timestamp: 6/6/2016 5:47:11 PM

Message: WorkerThread is shut down


----------------------------------------
----------------------------------------
Timestamp: 6/6/2016 5:47:11 PM

Message: WorkerThread is shut down


----------------------------------------
----------------------------------------
Timestamp: 6/6/2016 5:47:11 PM

Message: WorkerThread is shut down


----------------------------------------
----------------------------------------
Timestamp: 6/6/2016 5:47:11 PM

Message: WorkerThread is shut down


----------------------------------------
----------------------------------------
Timestamp: 6/6/2016 5:47:11 PM

Message: WorkerThread is shut down


----------------------------------------
----------------------------------------
Timestamp: 6/6/2016 5:47:11 PM

Message: WorkerThread is shut down


----------------------------------------
----------------------------------------
Timestamp: 6/6/2016 5:47:11 PM

Message: WorkerThread is shut down


----------------------------------------
----------------------------------------
Timestamp: 6/6/2016 5:47:11 PM

Message: WorkerThread is shut down


----------------------------------------
----------------------------------------
Timestamp: 6/6/2016 5:47:11 PM

Message: Background task scheduler shut down


----------------------------------------
----------------------------------------
Timestamp: 6/6/2016 5:47:40 PM

Message: Shutting down threadpool...


----------------------------------------
----------------------------------------
Timestamp: 6/6/2016 5:47:40 PM

Message: Thread pool 'BackgroundTasksService': Shutdown of thread pool completed. Threads aborted.


----------------------------------------
