----------------------------------------
Timestamp: 12/10/2016 1:13:02 PM

Message: Shutting down threadpool...


----------------------------------------
----------------------------------------
Timestamp: 12/10/2016 1:13:02 PM

Message: Thread pool 'BackgroundTasksService': Shutdown of thread pool completed. All currently running threads will finish their work and stop.


----------------------------------------
----------------------------------------
Timestamp: 12/10/2016 1:13:02 PM

Message: WorkerThread is shut down


----------------------------------------
----------------------------------------
Timestamp: 12/10/2016 1:13:02 PM

Message: WorkerThread is shut down


----------------------------------------
----------------------------------------
Timestamp: 12/10/2016 1:13:02 PM

Message: WorkerThread is shut down


----------------------------------------
----------------------------------------
Timestamp: 12/10/2016 1:13:02 PM

Message: Background task scheduler shut down


----------------------------------------
----------------------------------------
Timestamp: 12/10/2016 1:13:02 PM

Message: WorkerThread is shut down


----------------------------------------
----------------------------------------
Timestamp: 12/10/2016 1:13:02 PM

Message: WorkerThread is shut down


----------------------------------------
----------------------------------------
Timestamp: 12/10/2016 1:13:02 PM

Message: WorkerThread is shut down


----------------------------------------
----------------------------------------
Timestamp: 12/10/2016 1:13:02 PM

Message: WorkerThread is shut down


----------------------------------------
----------------------------------------
Timestamp: 12/10/2016 1:13:02 PM

Message: WorkerThread is shut down


----------------------------------------
----------------------------------------
Timestamp: 12/10/2016 1:13:32 PM

Message: Shutting down threadpool...


----------------------------------------
----------------------------------------
Timestamp: 12/10/2016 1:13:32 PM

Message: Thread pool 'BackgroundTasksService': Shutdown of thread pool completed. Threads aborted.


----------------------------------------
