----------------------------------------
Timestamp: 11/24/2015 7:40:19 PM

Message: Shutting down threadpool...


----------------------------------------
----------------------------------------
Timestamp: 11/24/2015 7:40:19 PM

Message: Thread pool 'BackgroundTasksService': Shutdown of thread pool completed. All currently running threads will finish their work and stop.


----------------------------------------
----------------------------------------
Timestamp: 11/24/2015 7:40:19 PM

Message: WorkerThread is shut down


----------------------------------------
----------------------------------------
Timestamp: 11/24/2015 7:40:19 PM

Message: WorkerThread is shut down


----------------------------------------
----------------------------------------
Timestamp: 11/24/2015 7:40:19 PM

Message: WorkerThread is shut down


----------------------------------------
----------------------------------------
Timestamp: 11/24/2015 7:40:19 PM

Message: WorkerThread is shut down


----------------------------------------
----------------------------------------
Timestamp: 11/24/2015 7:40:19 PM

Message: WorkerThread is shut down


----------------------------------------
----------------------------------------
Timestamp: 11/24/2015 7:40:19 PM

Message: WorkerThread is shut down


----------------------------------------
----------------------------------------
Timestamp: 11/24/2015 7:40:19 PM

Message: WorkerThread is shut down


----------------------------------------
----------------------------------------
Timestamp: 11/24/2015 7:40:20 PM

Message: WorkerThread is shut down


----------------------------------------
----------------------------------------
Timestamp: 11/24/2015 7:40:20 PM

Message: Background task scheduler shut down


----------------------------------------
----------------------------------------
Timestamp: 11/24/2015 7:40:49 PM

Message: Shutting down threadpool...


----------------------------------------
----------------------------------------
Timestamp: 11/24/2015 7:40:49 PM

Message: Thread pool 'BackgroundTasksService': Shutdown of thread pool completed. Threads aborted.


----------------------------------------
