----------------------------------------
Timestamp: 6/30/2016 8:16:35 AM

Message: Shutting down threadpool...


----------------------------------------
----------------------------------------
Timestamp: 6/30/2016 8:16:35 AM

Message: Thread pool 'BackgroundTasksService': Shutdown of thread pool completed. All currently running threads will finish their work and stop.


----------------------------------------
----------------------------------------
Timestamp: 6/30/2016 8:16:35 AM

Message: WorkerThread is shut down


----------------------------------------
----------------------------------------
Timestamp: 6/30/2016 8:16:35 AM

Message: Background task scheduler shut down


----------------------------------------
----------------------------------------
Timestamp: 6/30/2016 8:16:35 AM

Message: WorkerThread is shut down


----------------------------------------
----------------------------------------
Timestamp: 6/30/2016 8:16:35 AM

Message: WorkerThread is shut down


----------------------------------------
----------------------------------------
Timestamp: 6/30/2016 8:16:35 AM

Message: WorkerThread is shut down


----------------------------------------
----------------------------------------
Timestamp: 6/30/2016 8:16:35 AM

Message: WorkerThread is shut down


----------------------------------------
----------------------------------------
Timestamp: 6/30/2016 8:16:35 AM

Message: WorkerThread is shut down


----------------------------------------
----------------------------------------
Timestamp: 6/30/2016 8:16:35 AM

Message: WorkerThread is shut down


----------------------------------------
----------------------------------------
Timestamp: 6/30/2016 8:16:35 AM

Message: WorkerThread is shut down


----------------------------------------
----------------------------------------
Timestamp: 6/30/2016 8:17:05 AM

Message: Shutting down threadpool...


----------------------------------------
----------------------------------------
Timestamp: 6/30/2016 8:17:05 AM

Message: Thread pool 'BackgroundTasksService': Shutdown of thread pool completed. Threads aborted.


----------------------------------------
