----------------------------------------
Timestamp: 1/3/2017 9:06:59 PM

Message: Shutting down threadpool...


----------------------------------------
----------------------------------------
Timestamp: 1/3/2017 9:06:59 PM

Message: Thread pool 'BackgroundTasksService': Shutdown of thread pool completed. All currently running threads will finish their work and stop.


----------------------------------------
----------------------------------------
Timestamp: 1/3/2017 9:07:00 PM

Message: WorkerThread is shut down


----------------------------------------
----------------------------------------
Timestamp: 1/3/2017 9:07:00 PM

Message: WorkerThread is shut down


----------------------------------------
----------------------------------------
Timestamp: 1/3/2017 9:07:00 PM

Message: WorkerThread is shut down


----------------------------------------
----------------------------------------
Timestamp: 1/3/2017 9:07:00 PM

Message: WorkerThread is shut down


----------------------------------------
----------------------------------------
Timestamp: 1/3/2017 9:07:00 PM

Message: Background task scheduler shut down


----------------------------------------
----------------------------------------
Timestamp: 1/3/2017 9:07:00 PM

Message: WorkerThread is shut down


----------------------------------------
----------------------------------------
Timestamp: 1/3/2017 9:07:00 PM

Message: WorkerThread is shut down


----------------------------------------
----------------------------------------
Timestamp: 1/3/2017 9:07:00 PM

Message: WorkerThread is shut down


----------------------------------------
----------------------------------------
Timestamp: 1/3/2017 9:07:00 PM

Message: WorkerThread is shut down


----------------------------------------
----------------------------------------
Timestamp: 1/3/2017 9:07:29 PM

Message: Shutting down threadpool...


----------------------------------------
----------------------------------------
Timestamp: 1/3/2017 9:07:29 PM

Message: Thread pool 'BackgroundTasksService': Shutdown of thread pool completed. Threads aborted.


----------------------------------------
