----------------------------------------
Timestamp: 1/11/2017 1:39:01 PM

Message: Shutting down threadpool...


----------------------------------------
----------------------------------------
Timestamp: 1/11/2017 1:39:01 PM

Message: Thread pool 'BackgroundTasksService': Shutdown of thread pool completed. All currently running threads will finish their work and stop.


----------------------------------------
----------------------------------------
Timestamp: 1/11/2017 1:39:01 PM

Message: WorkerThread is shut down


----------------------------------------
----------------------------------------
Timestamp: 1/11/2017 1:39:01 PM

Message: Background task scheduler shut down


----------------------------------------
----------------------------------------
Timestamp: 1/11/2017 1:39:01 PM

Message: WorkerThread is shut down


----------------------------------------
----------------------------------------
Timestamp: 1/11/2017 1:39:01 PM

Message: WorkerThread is shut down


----------------------------------------
----------------------------------------
Timestamp: 1/11/2017 1:39:01 PM

Message: WorkerThread is shut down


----------------------------------------
----------------------------------------
Timestamp: 1/11/2017 1:39:01 PM

Message: WorkerThread is shut down


----------------------------------------
----------------------------------------
Timestamp: 1/11/2017 1:39:01 PM

Message: WorkerThread is shut down


----------------------------------------
----------------------------------------
Timestamp: 1/11/2017 1:39:01 PM

Message: WorkerThread is shut down


----------------------------------------
----------------------------------------
Timestamp: 1/11/2017 1:39:01 PM

Message: WorkerThread is shut down


----------------------------------------
----------------------------------------
Timestamp: 1/11/2017 1:39:31 PM

Message: Shutting down threadpool...


----------------------------------------
----------------------------------------
Timestamp: 1/11/2017 1:39:31 PM

Message: Thread pool 'BackgroundTasksService': Shutdown of thread pool completed. Threads aborted.


----------------------------------------
