----------------------------------------
Timestamp: 3/30/2016 2:10:15 PM

Message: Error while executing the Task: Value cannot be null.
Parameter name: input, StackTrace:    at System.Guid.Parse(String input)
   at Telerik.Sitefinity.Services.Statistics.ReconcilerTask.ReconcileUserData()
   at Telerik.Sitefinity.Services.SystemManager.RunWithElevatedPrivilege(RunWithElevatedPrivilegeDelegate delegateToRun, Object[] parameters, String urlRequest)
   at Telerik.Sitefinity.Services.Statistics.ReconcilerTask.Run(IBackgroundTaskContext context)
   at Telerik.Sitefinity.BackgroundTasks.WorkerThread.Run(IBackgroundTaskContext context)


----------------------------------------
----------------------------------------
Timestamp: 3/30/2016 9:38:39 PM

Message: Shutting down threadpool...


----------------------------------------
----------------------------------------
Timestamp: 3/30/2016 9:38:39 PM

Message: Thread pool 'BackgroundTasksService': Shutdown of thread pool completed. All currently running threads will finish their work and stop.


----------------------------------------
----------------------------------------
Timestamp: 3/30/2016 9:38:40 PM

Message: WorkerThread is shut down


----------------------------------------
----------------------------------------
Timestamp: 3/30/2016 9:38:40 PM

Message: WorkerThread is shut down


----------------------------------------
----------------------------------------
Timestamp: 3/30/2016 9:38:40 PM

Message: WorkerThread is shut down


----------------------------------------
----------------------------------------
Timestamp: 3/30/2016 9:38:40 PM

Message: WorkerThread is shut down


----------------------------------------
----------------------------------------
Timestamp: 3/30/2016 9:38:40 PM

Message: Background task scheduler shut down


----------------------------------------
----------------------------------------
Timestamp: 3/30/2016 9:38:40 PM

Message: WorkerThread is shut down


----------------------------------------
----------------------------------------
Timestamp: 3/30/2016 9:38:40 PM

Message: WorkerThread is shut down


----------------------------------------
----------------------------------------
Timestamp: 3/30/2016 9:38:40 PM

Message: WorkerThread is shut down


----------------------------------------
----------------------------------------
Timestamp: 3/30/2016 9:38:40 PM

Message: WorkerThread is shut down


----------------------------------------
----------------------------------------
Timestamp: 3/30/2016 9:39:09 PM

Message: Shutting down threadpool...


----------------------------------------
----------------------------------------
Timestamp: 3/30/2016 9:39:09 PM

Message: Thread pool 'BackgroundTasksService': Shutdown of thread pool completed. Threads aborted.


----------------------------------------
