----------------------------------------
Timestamp: 2/10/2016 10:55:02 AM

Message: Shutting down threadpool...


----------------------------------------
----------------------------------------
Timestamp: 2/10/2016 10:55:02 AM

Message: Thread pool 'BackgroundTasksService': Shutdown of thread pool completed. All currently running threads will finish their work and stop.


----------------------------------------
----------------------------------------
Timestamp: 2/10/2016 10:55:02 AM

Message: WorkerThread is shut down


----------------------------------------
----------------------------------------
Timestamp: 2/10/2016 10:55:02 AM

Message: WorkerThread is shut down


----------------------------------------
----------------------------------------
Timestamp: 2/10/2016 10:55:02 AM

Message: WorkerThread is shut down


----------------------------------------
----------------------------------------
Timestamp: 2/10/2016 10:55:02 AM

Message: WorkerThread is shut down


----------------------------------------
----------------------------------------
Timestamp: 2/10/2016 10:55:02 AM

Message: Background task scheduler shut down


----------------------------------------
----------------------------------------
Timestamp: 2/10/2016 10:55:02 AM

Message: WorkerThread is shut down


----------------------------------------
----------------------------------------
Timestamp: 2/10/2016 10:55:02 AM

Message: WorkerThread is shut down


----------------------------------------
----------------------------------------
Timestamp: 2/10/2016 10:55:02 AM

Message: WorkerThread is shut down


----------------------------------------
----------------------------------------
Timestamp: 2/10/2016 10:55:02 AM

Message: WorkerThread is shut down


----------------------------------------
----------------------------------------
Timestamp: 2/10/2016 10:55:32 AM

Message: Shutting down threadpool...


----------------------------------------
----------------------------------------
Timestamp: 2/10/2016 10:55:32 AM

Message: Thread pool 'BackgroundTasksService': Shutdown of thread pool completed. Threads aborted.


----------------------------------------
