----------------------------------------
Timestamp: 5/6/2016 11:15:53 PM

Message: Shutting down threadpool...


----------------------------------------
----------------------------------------
Timestamp: 5/6/2016 11:15:53 PM

Message: Thread pool 'BackgroundTasksService': Shutdown of thread pool completed. All currently running threads will finish their work and stop.


----------------------------------------
----------------------------------------
Timestamp: 5/6/2016 11:15:53 PM

Message: WorkerThread is shut down


----------------------------------------
----------------------------------------
Timestamp: 5/6/2016 11:15:53 PM

Message: WorkerThread is shut down


----------------------------------------
----------------------------------------
Timestamp: 5/6/2016 11:15:53 PM

Message: Background task scheduler shut down


----------------------------------------
----------------------------------------
Timestamp: 5/6/2016 11:15:53 PM

Message: WorkerThread is shut down


----------------------------------------
----------------------------------------
Timestamp: 5/6/2016 11:15:53 PM

Message: WorkerThread is shut down


----------------------------------------
----------------------------------------
Timestamp: 5/6/2016 11:15:53 PM

Message: WorkerThread is shut down


----------------------------------------
----------------------------------------
Timestamp: 5/6/2016 11:15:53 PM

Message: WorkerThread is shut down


----------------------------------------
----------------------------------------
Timestamp: 5/6/2016 11:15:53 PM

Message: WorkerThread is shut down


----------------------------------------
----------------------------------------
Timestamp: 5/6/2016 11:15:53 PM

Message: WorkerThread is shut down


----------------------------------------
----------------------------------------
Timestamp: 5/6/2016 11:16:23 PM

Message: Shutting down threadpool...


----------------------------------------
----------------------------------------
Timestamp: 5/6/2016 11:16:23 PM

Message: Thread pool 'BackgroundTasksService': Shutdown of thread pool completed. Threads aborted.


----------------------------------------
