----------------------------------------
Timestamp: 12/1/2016 7:18:04 PM

Message: Shutting down threadpool...


----------------------------------------
----------------------------------------
Timestamp: 12/1/2016 7:18:04 PM

Message: Thread pool 'BackgroundTasksService': Shutdown of thread pool completed. All currently running threads will finish their work and stop.


----------------------------------------
----------------------------------------
Timestamp: 12/1/2016 7:18:04 PM

Message: WorkerThread is shut down


----------------------------------------
----------------------------------------
Timestamp: 12/1/2016 7:18:04 PM

Message: WorkerThread is shut down


----------------------------------------
----------------------------------------
Timestamp: 12/1/2016 7:18:04 PM

Message: WorkerThread is shut down


----------------------------------------
----------------------------------------
Timestamp: 12/1/2016 7:18:04 PM

Message: Background task scheduler shut down


----------------------------------------
----------------------------------------
Timestamp: 12/1/2016 7:18:04 PM

Message: WorkerThread is shut down


----------------------------------------
----------------------------------------
Timestamp: 12/1/2016 7:18:04 PM

Message: WorkerThread is shut down


----------------------------------------
----------------------------------------
Timestamp: 12/1/2016 7:18:04 PM

Message: WorkerThread is shut down


----------------------------------------
----------------------------------------
Timestamp: 12/1/2016 7:18:04 PM

Message: WorkerThread is shut down


----------------------------------------
----------------------------------------
Timestamp: 12/1/2016 7:18:04 PM

Message: WorkerThread is shut down


----------------------------------------
----------------------------------------
Timestamp: 12/1/2016 7:18:06 PM

Message: Shutting down threadpool...


----------------------------------------
----------------------------------------
Timestamp: 12/1/2016 7:18:06 PM

Message: Thread pool 'BackgroundTasksService': Shutdown of thread pool completed. Threads aborted.


----------------------------------------
----------------------------------------
Timestamp: 12/2/2016 2:12:39 AM

Message: Shutting down threadpool...


----------------------------------------
----------------------------------------
Timestamp: 12/2/2016 2:12:39 AM

Message: Thread pool 'BackgroundTasksService': Shutdown of thread pool completed. All currently running threads will finish their work and stop.


----------------------------------------
----------------------------------------
Timestamp: 12/2/2016 2:12:39 AM

Message: Background task scheduler shut down


----------------------------------------
----------------------------------------
Timestamp: 12/2/2016 2:12:39 AM

Message: WorkerThread is shut down


----------------------------------------
----------------------------------------
Timestamp: 12/2/2016 2:12:39 AM

Message: WorkerThread is shut down


----------------------------------------
----------------------------------------
Timestamp: 12/2/2016 2:12:39 AM

Message: WorkerThread is shut down


----------------------------------------
----------------------------------------
Timestamp: 12/2/2016 2:12:39 AM

Message: WorkerThread is shut down


----------------------------------------
----------------------------------------
Timestamp: 12/2/2016 2:12:39 AM

Message: WorkerThread is shut down


----------------------------------------
----------------------------------------
Timestamp: 12/2/2016 2:12:39 AM

Message: WorkerThread is shut down


----------------------------------------
----------------------------------------
Timestamp: 12/2/2016 2:12:39 AM

Message: WorkerThread is shut down


----------------------------------------
----------------------------------------
Timestamp: 12/2/2016 2:12:39 AM

Message: WorkerThread is shut down


----------------------------------------
----------------------------------------
Timestamp: 12/2/2016 2:13:09 AM

Message: Shutting down threadpool...


----------------------------------------
----------------------------------------
Timestamp: 12/2/2016 2:13:09 AM

Message: Thread pool 'BackgroundTasksService': Shutdown of thread pool completed. Threads aborted.


----------------------------------------
