----------------------------------------
Timestamp: 6/23/2016 2:16:01 AM

Message: Shutting down threadpool...


----------------------------------------
----------------------------------------
Timestamp: 6/23/2016 2:16:01 AM

Message: Thread pool 'BackgroundTasksService': Shutdown of thread pool completed. All currently running threads will finish their work and stop.


----------------------------------------
----------------------------------------
Timestamp: 6/23/2016 2:16:02 AM

Message: WorkerThread is shut down


----------------------------------------
----------------------------------------
Timestamp: 6/23/2016 2:16:02 AM

Message: WorkerThread is shut down


----------------------------------------
----------------------------------------
Timestamp: 6/23/2016 2:16:02 AM

Message: WorkerThread is shut down


----------------------------------------
----------------------------------------
Timestamp: 6/23/2016 2:16:02 AM

Message: WorkerThread is shut down


----------------------------------------
----------------------------------------
Timestamp: 6/23/2016 2:16:02 AM

Message: Background task scheduler shut down


----------------------------------------
----------------------------------------
Timestamp: 6/23/2016 2:16:02 AM

Message: WorkerThread is shut down


----------------------------------------
----------------------------------------
Timestamp: 6/23/2016 2:16:02 AM

Message: WorkerThread is shut down


----------------------------------------
----------------------------------------
Timestamp: 6/23/2016 2:16:02 AM

Message: WorkerThread is shut down


----------------------------------------
----------------------------------------
Timestamp: 6/23/2016 2:16:02 AM

Message: WorkerThread is shut down


----------------------------------------
----------------------------------------
Timestamp: 6/23/2016 2:16:31 AM

Message: Shutting down threadpool...


----------------------------------------
----------------------------------------
Timestamp: 6/23/2016 2:16:31 AM

Message: Thread pool 'BackgroundTasksService': Shutdown of thread pool completed. Threads aborted.


----------------------------------------
----------------------------------------
Timestamp: 6/23/2016 11:54:25 AM

Message: Error while executing the Task: Value cannot be null.
Parameter name: input, StackTrace:    at System.Guid.Parse(String input)
   at Telerik.Sitefinity.Services.Statistics.ReconcilerTask.ReconcileUserData()
   at Telerik.Sitefinity.Services.SystemManager.RunWithElevatedPrivilege(RunWithElevatedPrivilegeDelegate delegateToRun, Object[] parameters, String urlRequest)
   at Telerik.Sitefinity.Services.Statistics.ReconcilerTask.Run(IBackgroundTaskContext context)
   at Telerik.Sitefinity.BackgroundTasks.WorkerThread.Run(IBackgroundTaskContext context)


----------------------------------------
----------------------------------------
Timestamp: 6/23/2016 8:52:09 PM

Message: Shutting down threadpool...


----------------------------------------
----------------------------------------
Timestamp: 6/23/2016 8:52:09 PM

Message: Thread pool 'BackgroundTasksService': Shutdown of thread pool completed. All currently running threads will finish their work and stop.


----------------------------------------
----------------------------------------
Timestamp: 6/23/2016 8:52:09 PM

Message: WorkerThread is shut down


----------------------------------------
----------------------------------------
Timestamp: 6/23/2016 8:52:09 PM

Message: Background task scheduler shut down


----------------------------------------
----------------------------------------
Timestamp: 6/23/2016 8:52:09 PM

Message: WorkerThread is shut down


----------------------------------------
----------------------------------------
Timestamp: 6/23/2016 8:52:09 PM

Message: WorkerThread is shut down


----------------------------------------
----------------------------------------
Timestamp: 6/23/2016 8:52:09 PM

Message: WorkerThread is shut down


----------------------------------------
----------------------------------------
Timestamp: 6/23/2016 8:52:09 PM

Message: WorkerThread is shut down


----------------------------------------
----------------------------------------
Timestamp: 6/23/2016 8:52:09 PM

Message: WorkerThread is shut down


----------------------------------------
----------------------------------------
Timestamp: 6/23/2016 8:52:09 PM

Message: WorkerThread is shut down


----------------------------------------
----------------------------------------
Timestamp: 6/23/2016 8:52:09 PM

Message: WorkerThread is shut down


----------------------------------------
----------------------------------------
Timestamp: 6/23/2016 8:52:39 PM

Message: Shutting down threadpool...


----------------------------------------
----------------------------------------
Timestamp: 6/23/2016 8:52:39 PM

Message: Thread pool 'BackgroundTasksService': Shutdown of thread pool completed. Threads aborted.


----------------------------------------
