----------------------------------------
Timestamp: 1/27/2017 6:38:25 AM

Message: Shutting down threadpool...


----------------------------------------
----------------------------------------
Timestamp: 1/27/2017 6:38:25 AM

Message: Thread pool 'BackgroundTasksService': Shutdown of thread pool completed. All currently running threads will finish their work and stop.


----------------------------------------
----------------------------------------
Timestamp: 1/27/2017 6:38:25 AM

Message: WorkerThread is shut down


----------------------------------------
----------------------------------------
Timestamp: 1/27/2017 6:38:25 AM

Message: WorkerThread is shut down


----------------------------------------
----------------------------------------
Timestamp: 1/27/2017 6:38:25 AM

Message: WorkerThread is shut down


----------------------------------------
----------------------------------------
Timestamp: 1/27/2017 6:38:25 AM

Message: WorkerThread is shut down


----------------------------------------
----------------------------------------
Timestamp: 1/27/2017 6:38:25 AM

Message: Background task scheduler shut down


----------------------------------------
----------------------------------------
Timestamp: 1/27/2017 6:38:25 AM

Message: WorkerThread is shut down


----------------------------------------
----------------------------------------
Timestamp: 1/27/2017 6:38:25 AM

Message: WorkerThread is shut down


----------------------------------------
----------------------------------------
Timestamp: 1/27/2017 6:38:25 AM

Message: WorkerThread is shut down


----------------------------------------
----------------------------------------
Timestamp: 1/27/2017 6:38:25 AM

Message: WorkerThread is shut down


----------------------------------------
----------------------------------------
Timestamp: 1/27/2017 6:38:55 AM

Message: Shutting down threadpool...


----------------------------------------
----------------------------------------
Timestamp: 1/27/2017 6:38:55 AM

Message: Thread pool 'BackgroundTasksService': Shutdown of thread pool completed. Threads aborted.


----------------------------------------
----------------------------------------
Timestamp: 1/27/2017 4:43:34 PM

Message: Shutting down threadpool...


----------------------------------------
----------------------------------------
Timestamp: 1/27/2017 4:43:34 PM

Message: Thread pool 'BackgroundTasksService': Shutdown of thread pool completed. All currently running threads will finish their work and stop.


----------------------------------------
----------------------------------------
Timestamp: 1/27/2017 4:43:34 PM

Message: WorkerThread is shut down


----------------------------------------
----------------------------------------
Timestamp: 1/27/2017 4:43:34 PM

Message: WorkerThread is shut down


----------------------------------------
----------------------------------------
Timestamp: 1/27/2017 4:43:34 PM

Message: WorkerThread is shut down


----------------------------------------
----------------------------------------
Timestamp: 1/27/2017 4:43:34 PM

Message: Background task scheduler shut down


----------------------------------------
----------------------------------------
Timestamp: 1/27/2017 4:43:34 PM

Message: WorkerThread is shut down


----------------------------------------
----------------------------------------
Timestamp: 1/27/2017 4:43:34 PM

Message: WorkerThread is shut down


----------------------------------------
----------------------------------------
Timestamp: 1/27/2017 4:43:34 PM

Message: WorkerThread is shut down


----------------------------------------
----------------------------------------
Timestamp: 1/27/2017 4:43:34 PM

Message: WorkerThread is shut down


----------------------------------------
----------------------------------------
Timestamp: 1/27/2017 4:43:34 PM

Message: WorkerThread is shut down


----------------------------------------
----------------------------------------
Timestamp: 1/27/2017 4:44:04 PM

Message: Shutting down threadpool...


----------------------------------------
----------------------------------------
Timestamp: 1/27/2017 4:44:04 PM

Message: Thread pool 'BackgroundTasksService': Shutdown of thread pool completed. Threads aborted.


----------------------------------------
