----------------------------------------
Timestamp: 5/25/2016 2:15:56 AM

Message: Shutting down threadpool...


----------------------------------------
----------------------------------------
Timestamp: 5/25/2016 2:15:56 AM

Message: Thread pool 'BackgroundTasksService': Shutdown of thread pool completed. All currently running threads will finish their work and stop.


----------------------------------------
----------------------------------------
Timestamp: 5/25/2016 2:15:56 AM

Message: Background task scheduler shut down


----------------------------------------
----------------------------------------
Timestamp: 5/25/2016 2:15:56 AM

Message: WorkerThread is shut down


----------------------------------------
----------------------------------------
Timestamp: 5/25/2016 2:15:56 AM

Message: WorkerThread is shut down


----------------------------------------
----------------------------------------
Timestamp: 5/25/2016 2:15:56 AM

Message: WorkerThread is shut down


----------------------------------------
----------------------------------------
Timestamp: 5/25/2016 2:15:56 AM

Message: WorkerThread is shut down


----------------------------------------
----------------------------------------
Timestamp: 5/25/2016 2:15:56 AM

Message: WorkerThread is shut down


----------------------------------------
----------------------------------------
Timestamp: 5/25/2016 2:15:56 AM

Message: WorkerThread is shut down


----------------------------------------
----------------------------------------
Timestamp: 5/25/2016 2:15:56 AM

Message: WorkerThread is shut down


----------------------------------------
----------------------------------------
Timestamp: 5/25/2016 2:15:56 AM

Message: WorkerThread is shut down


----------------------------------------
----------------------------------------
Timestamp: 5/25/2016 2:16:26 AM

Message: Shutting down threadpool...


----------------------------------------
----------------------------------------
Timestamp: 5/25/2016 2:16:26 AM

Message: Thread pool 'BackgroundTasksService': Shutdown of thread pool completed. Threads aborted.


----------------------------------------
----------------------------------------
Timestamp: 5/25/2016 9:58:55 AM

Message: Error while executing the Task: Value cannot be null.
Parameter name: input, StackTrace:    at System.Guid.Parse(String input)
   at Telerik.Sitefinity.Services.Statistics.ReconcilerTask.ReconcileUserData()
   at Telerik.Sitefinity.Services.SystemManager.RunWithElevatedPrivilege(RunWithElevatedPrivilegeDelegate delegateToRun, Object[] parameters, String urlRequest)
   at Telerik.Sitefinity.Services.Statistics.ReconcilerTask.Run(IBackgroundTaskContext context)
   at Telerik.Sitefinity.BackgroundTasks.WorkerThread.Run(IBackgroundTaskContext context)


----------------------------------------
----------------------------------------
Timestamp: 5/25/2016 9:59:06 AM

Message: Error while executing the Task: Value cannot be null.
Parameter name: input, StackTrace:    at System.Guid.Parse(String input)
   at Telerik.Sitefinity.Services.Statistics.ReconcilerTask.ReconcileUserData()
   at Telerik.Sitefinity.Services.SystemManager.RunWithElevatedPrivilege(RunWithElevatedPrivilegeDelegate delegateToRun, Object[] parameters, String urlRequest)
   at Telerik.Sitefinity.Services.Statistics.ReconcilerTask.Run(IBackgroundTaskContext context)
   at Telerik.Sitefinity.BackgroundTasks.WorkerThread.Run(IBackgroundTaskContext context)


----------------------------------------
----------------------------------------
Timestamp: 5/25/2016 5:11:55 PM

Message: Shutting down threadpool...


----------------------------------------
----------------------------------------
Timestamp: 5/25/2016 5:11:55 PM

Message: Thread pool 'BackgroundTasksService': Shutdown of thread pool completed. All currently running threads will finish their work and stop.


----------------------------------------
----------------------------------------
Timestamp: 5/25/2016 5:11:56 PM

Message: WorkerThread is shut down


----------------------------------------
----------------------------------------
Timestamp: 5/25/2016 5:11:56 PM

Message: WorkerThread is shut down


----------------------------------------
----------------------------------------
Timestamp: 5/25/2016 5:11:56 PM

Message: WorkerThread is shut down


----------------------------------------
----------------------------------------
Timestamp: 5/25/2016 5:11:56 PM

Message: WorkerThread is shut down


----------------------------------------
----------------------------------------
Timestamp: 5/25/2016 5:11:56 PM

Message: Background task scheduler shut down


----------------------------------------
----------------------------------------
Timestamp: 5/25/2016 5:11:56 PM

Message: WorkerThread is shut down


----------------------------------------
----------------------------------------
Timestamp: 5/25/2016 5:11:56 PM

Message: WorkerThread is shut down


----------------------------------------
----------------------------------------
Timestamp: 5/25/2016 5:11:56 PM

Message: WorkerThread is shut down


----------------------------------------
----------------------------------------
Timestamp: 5/25/2016 5:11:56 PM

Message: WorkerThread is shut down


----------------------------------------
----------------------------------------
Timestamp: 5/25/2016 5:12:25 PM

Message: Shutting down threadpool...


----------------------------------------
----------------------------------------
Timestamp: 5/25/2016 5:12:25 PM

Message: Thread pool 'BackgroundTasksService': Shutdown of thread pool completed. Threads aborted.


----------------------------------------
----------------------------------------
Timestamp: 5/25/2016 5:23:12 PM

Message: Telerik.Sitefinity.Data.DuplicateUrlException: Testing domain "http://developer.act.com" is already used by site "Developers"
   at Telerik.Sitefinity.Data.TransactionManager.CommitTransaction(String transactionName)
   at Telerik.Sitefinity.Multisite.Web.Services.MultisiteService.SaveSiteInternal(String siteId, SiteConfigurationViewModel site, MultisiteManager& multisiteManager, Boolean createSiteDependencies, Nullable`1 rootNodeId)


----------------------------------------
