----------------------------------------
Timestamp: 3/9/2016 5:54:56 AM

Message: Shutting down threadpool...


----------------------------------------
----------------------------------------
Timestamp: 3/9/2016 5:54:56 AM

Message: Thread pool 'BackgroundTasksService': Shutdown of thread pool completed. All currently running threads will finish their work and stop.


----------------------------------------
----------------------------------------
Timestamp: 3/9/2016 5:54:57 AM

Message: WorkerThread is shut down


----------------------------------------
----------------------------------------
Timestamp: 3/9/2016 5:54:57 AM

Message: WorkerThread is shut down


----------------------------------------
----------------------------------------
Timestamp: 3/9/2016 5:54:57 AM

Message: WorkerThread is shut down


----------------------------------------
----------------------------------------
Timestamp: 3/9/2016 5:54:57 AM

Message: Background task scheduler shut down


----------------------------------------
----------------------------------------
Timestamp: 3/9/2016 5:54:57 AM

Message: WorkerThread is shut down


----------------------------------------
----------------------------------------
Timestamp: 3/9/2016 5:54:57 AM

Message: WorkerThread is shut down


----------------------------------------
----------------------------------------
Timestamp: 3/9/2016 5:54:57 AM

Message: WorkerThread is shut down


----------------------------------------
----------------------------------------
Timestamp: 3/9/2016 5:54:57 AM

Message: WorkerThread is shut down


----------------------------------------
----------------------------------------
Timestamp: 3/9/2016 5:54:57 AM

Message: WorkerThread is shut down


----------------------------------------
----------------------------------------
Timestamp: 3/9/2016 5:55:26 AM

Message: Shutting down threadpool...


----------------------------------------
----------------------------------------
Timestamp: 3/9/2016 5:55:26 AM

Message: Thread pool 'BackgroundTasksService': Shutdown of thread pool completed. Threads aborted.


----------------------------------------
