----------------------------------------
Timestamp: 5/20/2016 6:15:52 AM

Message: Shutting down threadpool...


----------------------------------------
----------------------------------------
Timestamp: 5/20/2016 6:15:52 AM

Message: Thread pool 'BackgroundTasksService': Shutdown of thread pool completed. All currently running threads will finish their work and stop.


----------------------------------------
----------------------------------------
Timestamp: 5/20/2016 6:15:52 AM

Message: WorkerThread is shut down


----------------------------------------
----------------------------------------
Timestamp: 5/20/2016 6:15:52 AM

Message: WorkerThread is shut down


----------------------------------------
----------------------------------------
Timestamp: 5/20/2016 6:15:52 AM

Message: WorkerThread is shut down


----------------------------------------
----------------------------------------
Timestamp: 5/20/2016 6:15:52 AM

Message: WorkerThread is shut down


----------------------------------------
----------------------------------------
Timestamp: 5/20/2016 6:15:52 AM

Message: Background task scheduler shut down


----------------------------------------
----------------------------------------
Timestamp: 5/20/2016 6:15:52 AM

Message: WorkerThread is shut down


----------------------------------------
----------------------------------------
Timestamp: 5/20/2016 6:15:52 AM

Message: WorkerThread is shut down


----------------------------------------
----------------------------------------
Timestamp: 5/20/2016 6:15:52 AM

Message: WorkerThread is shut down


----------------------------------------
----------------------------------------
Timestamp: 5/20/2016 6:15:52 AM

Message: WorkerThread is shut down


----------------------------------------
----------------------------------------
Timestamp: 5/20/2016 6:16:22 AM

Message: Shutting down threadpool...


----------------------------------------
----------------------------------------
Timestamp: 5/20/2016 6:16:22 AM

Message: Thread pool 'BackgroundTasksService': Shutdown of thread pool completed. Threads aborted.


----------------------------------------
----------------------------------------
Timestamp: 5/20/2016 9:05:56 AM

Message: Error while executing the Task: Value cannot be null.
Parameter name: input, StackTrace:    at System.Guid.Parse(String input)
   at Telerik.Sitefinity.Services.Statistics.ReconcilerTask.ReconcileUserData()
   at Telerik.Sitefinity.Services.SystemManager.RunWithElevatedPrivilege(RunWithElevatedPrivilegeDelegate delegateToRun, Object[] parameters, String urlRequest)
   at Telerik.Sitefinity.Services.Statistics.ReconcilerTask.Run(IBackgroundTaskContext context)
   at Telerik.Sitefinity.BackgroundTasks.WorkerThread.Run(IBackgroundTaskContext context)


----------------------------------------
----------------------------------------
Timestamp: 5/20/2016 3:01:47 PM

Message: Shutting down threadpool...


----------------------------------------
----------------------------------------
Timestamp: 5/20/2016 3:01:47 PM

Message: Thread pool 'BackgroundTasksService': Shutdown of thread pool completed. All currently running threads will finish their work and stop.


----------------------------------------
----------------------------------------
Timestamp: 5/20/2016 3:01:47 PM

Message: WorkerThread is shut down


----------------------------------------
----------------------------------------
Timestamp: 5/20/2016 3:01:47 PM

Message: WorkerThread is shut down


----------------------------------------
----------------------------------------
Timestamp: 5/20/2016 3:01:47 PM

Message: Background task scheduler shut down


----------------------------------------
----------------------------------------
Timestamp: 5/20/2016 3:01:47 PM

Message: WorkerThread is shut down


----------------------------------------
----------------------------------------
Timestamp: 5/20/2016 3:01:47 PM

Message: WorkerThread is shut down


----------------------------------------
----------------------------------------
Timestamp: 5/20/2016 3:01:47 PM

Message: WorkerThread is shut down


----------------------------------------
----------------------------------------
Timestamp: 5/20/2016 3:01:47 PM

Message: WorkerThread is shut down


----------------------------------------
----------------------------------------
Timestamp: 5/20/2016 3:01:47 PM

Message: WorkerThread is shut down


----------------------------------------
----------------------------------------
Timestamp: 5/20/2016 3:01:47 PM

Message: WorkerThread is shut down


----------------------------------------
----------------------------------------
Timestamp: 5/20/2016 3:02:17 PM

Message: Shutting down threadpool...


----------------------------------------
----------------------------------------
Timestamp: 5/20/2016 3:02:17 PM

Message: Thread pool 'BackgroundTasksService': Shutdown of thread pool completed. Threads aborted.


----------------------------------------
