----------------------------------------
Timestamp: 10/17/2016 11:49:13 AM

Message: Shutting down threadpool...


----------------------------------------
----------------------------------------
Timestamp: 10/17/2016 11:49:13 AM

Message: Thread pool 'BackgroundTasksService': Shutdown of thread pool completed. All currently running threads will finish their work and stop.


----------------------------------------
----------------------------------------
Timestamp: 10/17/2016 11:49:13 AM

Message: WorkerThread is shut down


----------------------------------------
----------------------------------------
Timestamp: 10/17/2016 11:49:13 AM

Message: WorkerThread is shut down


----------------------------------------
----------------------------------------
Timestamp: 10/17/2016 11:49:13 AM

Message: WorkerThread is shut down


----------------------------------------
----------------------------------------
Timestamp: 10/17/2016 11:49:13 AM

Message: WorkerThread is shut down


----------------------------------------
----------------------------------------
Timestamp: 10/17/2016 11:49:13 AM

Message: WorkerThread is shut down


----------------------------------------
----------------------------------------
Timestamp: 10/17/2016 11:49:13 AM

Message: WorkerThread is shut down


----------------------------------------
----------------------------------------
Timestamp: 10/17/2016 11:49:13 AM

Message: WorkerThread is shut down


----------------------------------------
----------------------------------------
Timestamp: 10/17/2016 11:49:13 AM

Message: WorkerThread is shut down


----------------------------------------
----------------------------------------
Timestamp: 10/17/2016 11:49:13 AM

Message: Background task scheduler shut down


----------------------------------------
----------------------------------------
Timestamp: 10/17/2016 11:49:43 AM

Message: Shutting down threadpool...


----------------------------------------
----------------------------------------
Timestamp: 10/17/2016 11:49:43 AM

Message: Thread pool 'BackgroundTasksService': Shutdown of thread pool completed. Threads aborted.


----------------------------------------
