----------------------------------------
Timestamp: 9/29/2016 10:40:43 PM

Message: Shutting down threadpool...


----------------------------------------
----------------------------------------
Timestamp: 9/29/2016 10:40:43 PM

Message: Thread pool 'BackgroundTasksService': Shutdown of thread pool completed. All currently running threads will finish their work and stop.


----------------------------------------
----------------------------------------
Timestamp: 9/29/2016 10:40:44 PM

Message: WorkerThread is shut down


----------------------------------------
----------------------------------------
Timestamp: 9/29/2016 10:40:44 PM

Message: WorkerThread is shut down


----------------------------------------
----------------------------------------
Timestamp: 9/29/2016 10:40:44 PM

Message: WorkerThread is shut down


----------------------------------------
----------------------------------------
Timestamp: 9/29/2016 10:40:44 PM

Message: WorkerThread is shut down


----------------------------------------
----------------------------------------
Timestamp: 9/29/2016 10:40:44 PM

Message: WorkerThread is shut down


----------------------------------------
----------------------------------------
Timestamp: 9/29/2016 10:40:44 PM

Message: WorkerThread is shut down


----------------------------------------
----------------------------------------
Timestamp: 9/29/2016 10:40:44 PM

Message: WorkerThread is shut down


----------------------------------------
----------------------------------------
Timestamp: 9/29/2016 10:40:44 PM

Message: WorkerThread is shut down


----------------------------------------
----------------------------------------
Timestamp: 9/29/2016 10:40:44 PM

Message: Background task scheduler shut down


----------------------------------------
----------------------------------------
Timestamp: 9/29/2016 10:41:14 PM

Message: Shutting down threadpool...


----------------------------------------
----------------------------------------
Timestamp: 9/29/2016 10:41:14 PM

Message: Thread pool 'BackgroundTasksService': Shutdown of thread pool completed. Threads aborted.


----------------------------------------
