----------------------------------------
Timestamp: 6/2/2016 1:15:55 PM

Message: Shutting down threadpool...


----------------------------------------
----------------------------------------
Timestamp: 6/2/2016 1:15:55 PM

Message: Thread pool 'BackgroundTasksService': Shutdown of thread pool completed. All currently running threads will finish their work and stop.


----------------------------------------
----------------------------------------
Timestamp: 6/2/2016 1:15:55 PM

Message: WorkerThread is shut down


----------------------------------------
----------------------------------------
Timestamp: 6/2/2016 1:15:55 PM

Message: WorkerThread is shut down


----------------------------------------
----------------------------------------
Timestamp: 6/2/2016 1:15:55 PM

Message: WorkerThread is shut down


----------------------------------------
----------------------------------------
Timestamp: 6/2/2016 1:15:55 PM

Message: WorkerThread is shut down


----------------------------------------
----------------------------------------
Timestamp: 6/2/2016 1:15:55 PM

Message: WorkerThread is shut down


----------------------------------------
----------------------------------------
Timestamp: 6/2/2016 1:15:55 PM

Message: WorkerThread is shut down


----------------------------------------
----------------------------------------
Timestamp: 6/2/2016 1:15:55 PM

Message: WorkerThread is shut down


----------------------------------------
----------------------------------------
Timestamp: 6/2/2016 1:15:55 PM

Message: Background task scheduler shut down


----------------------------------------
----------------------------------------
Timestamp: 6/2/2016 1:15:55 PM

Message: WorkerThread is shut down


----------------------------------------
----------------------------------------
Timestamp: 6/2/2016 1:16:25 PM

Message: Shutting down threadpool...


----------------------------------------
----------------------------------------
Timestamp: 6/2/2016 1:16:25 PM

Message: Thread pool 'BackgroundTasksService': Shutdown of thread pool completed. Threads aborted.


----------------------------------------
