----------------------------------------
Timestamp: 6/17/2016 1:16:22 AM

Message: Shutting down threadpool...


----------------------------------------
----------------------------------------
Timestamp: 6/17/2016 1:16:22 AM

Message: Thread pool 'BackgroundTasksService': Shutdown of thread pool completed. All currently running threads will finish their work and stop.


----------------------------------------
----------------------------------------
Timestamp: 6/17/2016 1:16:22 AM

Message: WorkerThread is shut down


----------------------------------------
----------------------------------------
Timestamp: 6/17/2016 1:16:22 AM

Message: Background task scheduler shut down


----------------------------------------
----------------------------------------
Timestamp: 6/17/2016 1:16:22 AM

Message: WorkerThread is shut down


----------------------------------------
----------------------------------------
Timestamp: 6/17/2016 1:16:22 AM

Message: WorkerThread is shut down


----------------------------------------
----------------------------------------
Timestamp: 6/17/2016 1:16:22 AM

Message: WorkerThread is shut down


----------------------------------------
----------------------------------------
Timestamp: 6/17/2016 1:16:22 AM

Message: WorkerThread is shut down


----------------------------------------
----------------------------------------
Timestamp: 6/17/2016 1:16:22 AM

Message: WorkerThread is shut down


----------------------------------------
----------------------------------------
Timestamp: 6/17/2016 1:16:22 AM

Message: WorkerThread is shut down


----------------------------------------
----------------------------------------
Timestamp: 6/17/2016 1:16:22 AM

Message: WorkerThread is shut down


----------------------------------------
----------------------------------------
Timestamp: 6/17/2016 1:16:52 AM

Message: Shutting down threadpool...


----------------------------------------
----------------------------------------
Timestamp: 6/17/2016 1:16:52 AM

Message: Thread pool 'BackgroundTasksService': Shutdown of thread pool completed. Threads aborted.


----------------------------------------
