----------------------------------------
Timestamp: 5/23/2016 5:18:39 PM

Message: Shutting down threadpool...


----------------------------------------
----------------------------------------
Timestamp: 5/23/2016 5:18:39 PM

Message: Thread pool 'BackgroundTasksService': Shutdown of thread pool completed. All currently running threads will finish their work and stop.


----------------------------------------
----------------------------------------
Timestamp: 5/23/2016 5:18:39 PM

Message: WorkerThread is shut down


----------------------------------------
----------------------------------------
Timestamp: 5/23/2016 5:18:39 PM

Message: WorkerThread is shut down


----------------------------------------
----------------------------------------
Timestamp: 5/23/2016 5:18:39 PM

Message: WorkerThread is shut down


----------------------------------------
----------------------------------------
Timestamp: 5/23/2016 5:18:39 PM

Message: WorkerThread is shut down


----------------------------------------
----------------------------------------
Timestamp: 5/23/2016 5:18:39 PM

Message: Background task scheduler shut down


----------------------------------------
----------------------------------------
Timestamp: 5/23/2016 5:18:39 PM

Message: WorkerThread is shut down


----------------------------------------
----------------------------------------
Timestamp: 5/23/2016 5:18:39 PM

Message: WorkerThread is shut down


----------------------------------------
----------------------------------------
Timestamp: 5/23/2016 5:18:39 PM

Message: WorkerThread is shut down


----------------------------------------
----------------------------------------
Timestamp: 5/23/2016 5:18:40 PM

Message: WorkerThread is shut down


----------------------------------------
----------------------------------------
Timestamp: 5/23/2016 5:19:09 PM

Message: Shutting down threadpool...


----------------------------------------
----------------------------------------
Timestamp: 5/23/2016 5:19:09 PM

Message: Thread pool 'BackgroundTasksService': Shutdown of thread pool completed. Threads aborted.


----------------------------------------
----------------------------------------
Timestamp: 5/23/2016 9:16:39 PM

Message: Background task scheduler shut down


----------------------------------------
----------------------------------------
Timestamp: 5/23/2016 9:16:39 PM

Message: Shutting down threadpool...


----------------------------------------
----------------------------------------
Timestamp: 5/23/2016 9:16:39 PM

Message: Thread pool 'BackgroundTasksService': Shutdown of thread pool completed. All currently running threads will finish their work and stop.


----------------------------------------
----------------------------------------
Timestamp: 5/23/2016 9:16:39 PM

Message: WorkerThread is shut down


----------------------------------------
----------------------------------------
Timestamp: 5/23/2016 9:16:39 PM

Message: WorkerThread is shut down


----------------------------------------
----------------------------------------
Timestamp: 5/23/2016 9:16:39 PM

Message: WorkerThread is shut down


----------------------------------------
----------------------------------------
Timestamp: 5/23/2016 9:16:39 PM

Message: WorkerThread is shut down


----------------------------------------
----------------------------------------
Timestamp: 5/23/2016 9:16:39 PM

Message: WorkerThread is shut down


----------------------------------------
----------------------------------------
Timestamp: 5/23/2016 9:16:39 PM

Message: WorkerThread is shut down


----------------------------------------
----------------------------------------
Timestamp: 5/23/2016 9:16:39 PM

Message: WorkerThread is shut down


----------------------------------------
----------------------------------------
Timestamp: 5/23/2016 9:16:39 PM

Message: WorkerThread is shut down


----------------------------------------
----------------------------------------
Timestamp: 5/23/2016 9:17:09 PM

Message: Shutting down threadpool...


----------------------------------------
----------------------------------------
Timestamp: 5/23/2016 9:17:09 PM

Message: Thread pool 'BackgroundTasksService': Shutdown of thread pool completed. Threads aborted.


----------------------------------------
