----------------------------------------
Timestamp: 6/11/2016 12:15:58 AM

Message: Shutting down threadpool...


----------------------------------------
----------------------------------------
Timestamp: 6/11/2016 12:15:58 AM

Message: Thread pool 'BackgroundTasksService': Shutdown of thread pool completed. All currently running threads will finish their work and stop.


----------------------------------------
----------------------------------------
Timestamp: 6/11/2016 12:15:59 AM

Message: WorkerThread is shut down


----------------------------------------
----------------------------------------
Timestamp: 6/11/2016 12:15:59 AM

Message: WorkerThread is shut down


----------------------------------------
----------------------------------------
Timestamp: 6/11/2016 12:15:59 AM

Message: WorkerThread is shut down


----------------------------------------
----------------------------------------
Timestamp: 6/11/2016 12:15:59 AM

Message: Background task scheduler shut down


----------------------------------------
----------------------------------------
Timestamp: 6/11/2016 12:15:59 AM

Message: WorkerThread is shut down


----------------------------------------
----------------------------------------
Timestamp: 6/11/2016 12:15:59 AM

Message: WorkerThread is shut down


----------------------------------------
----------------------------------------
Timestamp: 6/11/2016 12:15:59 AM

Message: WorkerThread is shut down


----------------------------------------
----------------------------------------
Timestamp: 6/11/2016 12:15:59 AM

Message: WorkerThread is shut down


----------------------------------------
----------------------------------------
Timestamp: 6/11/2016 12:15:59 AM

Message: WorkerThread is shut down


----------------------------------------
----------------------------------------
Timestamp: 6/11/2016 12:16:29 AM

Message: Shutting down threadpool...


----------------------------------------
----------------------------------------
Timestamp: 6/11/2016 12:16:29 AM

Message: Thread pool 'BackgroundTasksService': Shutdown of thread pool completed. Threads aborted.


----------------------------------------
