----------------------------------------
Timestamp: 12/9/2015 7:40:04 AM

Message: Background task scheduler shut down


----------------------------------------
----------------------------------------
Timestamp: 12/9/2015 7:40:04 AM

Message: Shutting down threadpool...


----------------------------------------
----------------------------------------
Timestamp: 12/9/2015 7:40:04 AM

Message: Thread pool 'BackgroundTasksService': Shutdown of thread pool completed. All currently running threads will finish their work and stop.


----------------------------------------
----------------------------------------
Timestamp: 12/9/2015 7:40:04 AM

Message: WorkerThread is shut down


----------------------------------------
----------------------------------------
Timestamp: 12/9/2015 7:40:04 AM

Message: WorkerThread is shut down


----------------------------------------
----------------------------------------
Timestamp: 12/9/2015 7:40:04 AM

Message: WorkerThread is shut down


----------------------------------------
----------------------------------------
Timestamp: 12/9/2015 7:40:04 AM

Message: WorkerThread is shut down


----------------------------------------
----------------------------------------
Timestamp: 12/9/2015 7:40:04 AM

Message: WorkerThread is shut down


----------------------------------------
----------------------------------------
Timestamp: 12/9/2015 7:40:04 AM

Message: WorkerThread is shut down


----------------------------------------
----------------------------------------
Timestamp: 12/9/2015 7:40:04 AM

Message: WorkerThread is shut down


----------------------------------------
----------------------------------------
Timestamp: 12/9/2015 7:40:04 AM

Message: WorkerThread is shut down


----------------------------------------
----------------------------------------
Timestamp: 12/9/2015 7:40:34 AM

Message: Shutting down threadpool...


----------------------------------------
----------------------------------------
Timestamp: 12/9/2015 7:40:34 AM

Message: Thread pool 'BackgroundTasksService': Shutdown of thread pool completed. Threads aborted.


----------------------------------------
----------------------------------------
Timestamp: 12/9/2015 5:04:35 PM

Message: Error while executing the Task: Value cannot be null.
Parameter name: input, StackTrace:    at System.Guid.Parse(String input)
   at Telerik.Sitefinity.Services.Statistics.ReconcilerTask.ReconcileUserData()
   at Telerik.Sitefinity.Services.SystemManager.RunWithElevatedPrivilege(RunWithElevatedPrivilegeDelegate delegateToRun, Object[] parameters, String urlRequest)
   at Telerik.Sitefinity.Services.Statistics.ReconcilerTask.Run(IBackgroundTaskContext context)
   at Telerik.Sitefinity.BackgroundTasks.WorkerThread.Run(IBackgroundTaskContext context)


----------------------------------------
----------------------------------------
Timestamp: 12/9/2015 5:15:28 PM

Message: Shutting down threadpool...


----------------------------------------
----------------------------------------
Timestamp: 12/9/2015 5:15:28 PM

Message: Thread pool 'BackgroundTasksService': Shutdown of thread pool completed. All currently running threads will finish their work and stop.


----------------------------------------
----------------------------------------
Timestamp: 12/9/2015 5:15:28 PM

Message: WorkerThread is shut down


----------------------------------------
----------------------------------------
Timestamp: 12/9/2015 5:15:28 PM

Message: WorkerThread is shut down


----------------------------------------
----------------------------------------
Timestamp: 12/9/2015 5:15:28 PM

Message: WorkerThread is shut down


----------------------------------------
----------------------------------------
Timestamp: 12/9/2015 5:15:28 PM

Message: WorkerThread is shut down


----------------------------------------
----------------------------------------
Timestamp: 12/9/2015 5:15:28 PM

Message: WorkerThread is shut down


----------------------------------------
----------------------------------------
Timestamp: 12/9/2015 5:15:28 PM

Message: Background task scheduler shut down


----------------------------------------
----------------------------------------
Timestamp: 12/9/2015 5:15:28 PM

Message: WorkerThread is shut down


----------------------------------------
----------------------------------------
Timestamp: 12/9/2015 5:15:28 PM

Message: WorkerThread is shut down


----------------------------------------
----------------------------------------
Timestamp: 12/9/2015 5:15:28 PM

Message: WorkerThread is shut down


----------------------------------------
----------------------------------------
Timestamp: 12/9/2015 5:15:58 PM

Message: Shutting down threadpool...


----------------------------------------
----------------------------------------
Timestamp: 12/9/2015 5:15:58 PM

Message: Thread pool 'BackgroundTasksService': Shutdown of thread pool completed. Threads aborted.


----------------------------------------
