----------------------------------------
Timestamp: 12/14/2016 4:12:42 AM

Message: Shutting down threadpool...


----------------------------------------
----------------------------------------
Timestamp: 12/14/2016 4:12:42 AM

Message: Thread pool 'BackgroundTasksService': Shutdown of thread pool completed. All currently running threads will finish their work and stop.


----------------------------------------
----------------------------------------
Timestamp: 12/14/2016 4:12:42 AM

Message: WorkerThread is shut down


----------------------------------------
----------------------------------------
Timestamp: 12/14/2016 4:12:42 AM

Message: WorkerThread is shut down


----------------------------------------
----------------------------------------
Timestamp: 12/14/2016 4:12:42 AM

Message: WorkerThread is shut down


----------------------------------------
----------------------------------------
Timestamp: 12/14/2016 4:12:42 AM

Message: WorkerThread is shut down


----------------------------------------
----------------------------------------
Timestamp: 12/14/2016 4:12:42 AM

Message: Background task scheduler shut down


----------------------------------------
----------------------------------------
Timestamp: 12/14/2016 4:12:43 AM

Message: WorkerThread is shut down


----------------------------------------
----------------------------------------
Timestamp: 12/14/2016 4:12:43 AM

Message: WorkerThread is shut down


----------------------------------------
----------------------------------------
Timestamp: 12/14/2016 4:12:43 AM

Message: WorkerThread is shut down


----------------------------------------
----------------------------------------
Timestamp: 12/14/2016 4:12:43 AM

Message: WorkerThread is shut down


----------------------------------------
----------------------------------------
Timestamp: 12/14/2016 4:13:12 AM

Message: Shutting down threadpool...


----------------------------------------
----------------------------------------
Timestamp: 12/14/2016 4:13:12 AM

Message: Thread pool 'BackgroundTasksService': Shutdown of thread pool completed. Threads aborted.


----------------------------------------
