----------------------------------------
Timestamp: 8/27/2016 8:16:17 AM

Message: Shutting down threadpool...


----------------------------------------
----------------------------------------
Timestamp: 8/27/2016 8:16:17 AM

Message: Thread pool 'BackgroundTasksService': Shutdown of thread pool completed. All currently running threads will finish their work and stop.


----------------------------------------
----------------------------------------
Timestamp: 8/27/2016 8:16:17 AM

Message: WorkerThread is shut down


----------------------------------------
----------------------------------------
Timestamp: 8/27/2016 8:16:17 AM

Message: Background task scheduler shut down


----------------------------------------
----------------------------------------
Timestamp: 8/27/2016 8:16:17 AM

Message: WorkerThread is shut down


----------------------------------------
----------------------------------------
Timestamp: 8/27/2016 8:16:17 AM

Message: WorkerThread is shut down


----------------------------------------
----------------------------------------
Timestamp: 8/27/2016 8:16:17 AM

Message: WorkerThread is shut down


----------------------------------------
----------------------------------------
Timestamp: 8/27/2016 8:16:17 AM

Message: WorkerThread is shut down


----------------------------------------
----------------------------------------
Timestamp: 8/27/2016 8:16:17 AM

Message: WorkerThread is shut down


----------------------------------------
----------------------------------------
Timestamp: 8/27/2016 8:16:17 AM

Message: WorkerThread is shut down


----------------------------------------
----------------------------------------
Timestamp: 8/27/2016 8:16:17 AM

Message: WorkerThread is shut down


----------------------------------------
----------------------------------------
Timestamp: 8/27/2016 8:16:47 AM

Message: Shutting down threadpool...


----------------------------------------
----------------------------------------
Timestamp: 8/27/2016 8:16:47 AM

Message: Thread pool 'BackgroundTasksService': Shutdown of thread pool completed. Threads aborted.


----------------------------------------
