----------------------------------------
Timestamp: 8/9/2016 5:16:11 AM

Message: Shutting down threadpool...


----------------------------------------
----------------------------------------
Timestamp: 8/9/2016 5:16:11 AM

Message: Thread pool 'BackgroundTasksService': Shutdown of thread pool completed. All currently running threads will finish their work and stop.


----------------------------------------
----------------------------------------
Timestamp: 8/9/2016 5:16:11 AM

Message: WorkerThread is shut down


----------------------------------------
----------------------------------------
Timestamp: 8/9/2016 5:16:11 AM

Message: WorkerThread is shut down


----------------------------------------
----------------------------------------
Timestamp: 8/9/2016 5:16:11 AM

Message: WorkerThread is shut down


----------------------------------------
----------------------------------------
Timestamp: 8/9/2016 5:16:11 AM

Message: WorkerThread is shut down


----------------------------------------
----------------------------------------
Timestamp: 8/9/2016 5:16:11 AM

Message: WorkerThread is shut down


----------------------------------------
----------------------------------------
Timestamp: 8/9/2016 5:16:11 AM

Message: WorkerThread is shut down


----------------------------------------
----------------------------------------
Timestamp: 8/9/2016 5:16:11 AM

Message: WorkerThread is shut down


----------------------------------------
----------------------------------------
Timestamp: 8/9/2016 5:16:11 AM

Message: WorkerThread is shut down


----------------------------------------
----------------------------------------
Timestamp: 8/9/2016 5:16:12 AM

Message: Background task scheduler shut down


----------------------------------------
----------------------------------------
Timestamp: 8/9/2016 5:16:41 AM

Message: Shutting down threadpool...


----------------------------------------
----------------------------------------
Timestamp: 8/9/2016 5:16:41 AM

Message: Thread pool 'BackgroundTasksService': Shutdown of thread pool completed. Threads aborted.


----------------------------------------
