----------------------------------------
Timestamp: 6/9/2016 7:16:13 PM

Message: Shutting down threadpool...


----------------------------------------
----------------------------------------
Timestamp: 6/9/2016 7:16:13 PM

Message: Thread pool 'BackgroundTasksService': Shutdown of thread pool completed. All currently running threads will finish their work and stop.


----------------------------------------
----------------------------------------
Timestamp: 6/9/2016 7:16:13 PM

Message: WorkerThread is shut down


----------------------------------------
----------------------------------------
Timestamp: 6/9/2016 7:16:13 PM

Message: Background task scheduler shut down


----------------------------------------
----------------------------------------
Timestamp: 6/9/2016 7:16:13 PM

Message: WorkerThread is shut down


----------------------------------------
----------------------------------------
Timestamp: 6/9/2016 7:16:13 PM

Message: WorkerThread is shut down


----------------------------------------
----------------------------------------
Timestamp: 6/9/2016 7:16:13 PM

Message: WorkerThread is shut down


----------------------------------------
----------------------------------------
Timestamp: 6/9/2016 7:16:13 PM

Message: WorkerThread is shut down


----------------------------------------
----------------------------------------
Timestamp: 6/9/2016 7:16:13 PM

Message: WorkerThread is shut down


----------------------------------------
----------------------------------------
Timestamp: 6/9/2016 7:16:13 PM

Message: WorkerThread is shut down


----------------------------------------
----------------------------------------
Timestamp: 6/9/2016 7:16:13 PM

Message: WorkerThread is shut down


----------------------------------------
----------------------------------------
Timestamp: 6/9/2016 7:16:43 PM

Message: Shutting down threadpool...


----------------------------------------
----------------------------------------
Timestamp: 6/9/2016 7:16:43 PM

Message: Thread pool 'BackgroundTasksService': Shutdown of thread pool completed. Threads aborted.


----------------------------------------
