----------------------------------------
Timestamp: 9/16/2016 5:03:59 PM

Message: Background task scheduler shut down


----------------------------------------
----------------------------------------
Timestamp: 9/16/2016 5:03:59 PM

Message: Shutting down threadpool...


----------------------------------------
----------------------------------------
Timestamp: 9/16/2016 5:03:59 PM

Message: Thread pool 'BackgroundTasksService': Shutdown of thread pool completed. All currently running threads will finish their work and stop.


----------------------------------------
----------------------------------------
Timestamp: 9/16/2016 5:04:00 PM

Message: WorkerThread is shut down


----------------------------------------
----------------------------------------
Timestamp: 9/16/2016 5:04:00 PM

Message: WorkerThread is shut down


----------------------------------------
----------------------------------------
Timestamp: 9/16/2016 5:04:00 PM

Message: WorkerThread is shut down


----------------------------------------
----------------------------------------
Timestamp: 9/16/2016 5:04:00 PM

Message: WorkerThread is shut down


----------------------------------------
----------------------------------------
Timestamp: 9/16/2016 5:04:00 PM

Message: WorkerThread is shut down


----------------------------------------
----------------------------------------
Timestamp: 9/16/2016 5:04:00 PM

Message: WorkerThread is shut down


----------------------------------------
----------------------------------------
Timestamp: 9/16/2016 5:04:00 PM

Message: WorkerThread is shut down


----------------------------------------
----------------------------------------
Timestamp: 9/16/2016 5:04:00 PM

Message: WorkerThread is shut down


----------------------------------------
----------------------------------------
Timestamp: 9/16/2016 5:04:29 PM

Message: Shutting down threadpool...


----------------------------------------
----------------------------------------
Timestamp: 9/16/2016 5:04:29 PM

Message: Thread pool 'BackgroundTasksService': Shutdown of thread pool completed. Threads aborted.


----------------------------------------
