----------------------------------------
Timestamp: 9/3/2016 10:04:19 AM

Message: Shutting down threadpool...


----------------------------------------
----------------------------------------
Timestamp: 9/3/2016 10:04:19 AM

Message: Thread pool 'BackgroundTasksService': Shutdown of thread pool completed. All currently running threads will finish their work and stop.


----------------------------------------
----------------------------------------
Timestamp: 9/3/2016 10:04:19 AM

Message: WorkerThread is shut down


----------------------------------------
----------------------------------------
Timestamp: 9/3/2016 10:04:19 AM

Message: WorkerThread is shut down


----------------------------------------
----------------------------------------
Timestamp: 9/3/2016 10:04:19 AM

Message: WorkerThread is shut down


----------------------------------------
----------------------------------------
Timestamp: 9/3/2016 10:04:19 AM

Message: WorkerThread is shut down


----------------------------------------
----------------------------------------
Timestamp: 9/3/2016 10:04:19 AM

Message: Background task scheduler shut down


----------------------------------------
----------------------------------------
Timestamp: 9/3/2016 10:04:19 AM

Message: WorkerThread is shut down


----------------------------------------
----------------------------------------
Timestamp: 9/3/2016 10:04:19 AM

Message: WorkerThread is shut down


----------------------------------------
----------------------------------------
Timestamp: 9/3/2016 10:04:19 AM

Message: WorkerThread is shut down


----------------------------------------
----------------------------------------
Timestamp: 9/3/2016 10:04:19 AM

Message: WorkerThread is shut down


----------------------------------------
----------------------------------------
Timestamp: 9/3/2016 10:04:49 AM

Message: Shutting down threadpool...


----------------------------------------
----------------------------------------
Timestamp: 9/3/2016 10:04:49 AM

Message: Thread pool 'BackgroundTasksService': Shutdown of thread pool completed. Threads aborted.


----------------------------------------
