----------------------------------------
Timestamp: 1/9/2016 12:23:09 PM

Message: Shutting down threadpool...


----------------------------------------
----------------------------------------
Timestamp: 1/9/2016 12:23:09 PM

Message: Thread pool 'BackgroundTasksService': Shutdown of thread pool completed. All currently running threads will finish their work and stop.


----------------------------------------
----------------------------------------
Timestamp: 1/9/2016 12:23:10 PM

Message: WorkerThread is shut down


----------------------------------------
----------------------------------------
Timestamp: 1/9/2016 12:23:10 PM

Message: WorkerThread is shut down


----------------------------------------
----------------------------------------
Timestamp: 1/9/2016 12:23:10 PM

Message: WorkerThread is shut down


----------------------------------------
----------------------------------------
Timestamp: 1/9/2016 12:23:10 PM

Message: WorkerThread is shut down


----------------------------------------
----------------------------------------
Timestamp: 1/9/2016 12:23:10 PM

Message: Background task scheduler shut down


----------------------------------------
----------------------------------------
Timestamp: 1/9/2016 12:23:10 PM

Message: WorkerThread is shut down


----------------------------------------
----------------------------------------
Timestamp: 1/9/2016 12:23:10 PM

Message: WorkerThread is shut down


----------------------------------------
----------------------------------------
Timestamp: 1/9/2016 12:23:10 PM

Message: WorkerThread is shut down


----------------------------------------
----------------------------------------
Timestamp: 1/9/2016 12:23:10 PM

Message: WorkerThread is shut down


----------------------------------------
----------------------------------------
Timestamp: 1/9/2016 12:23:39 PM

Message: Shutting down threadpool...


----------------------------------------
----------------------------------------
Timestamp: 1/9/2016 12:23:39 PM

Message: Thread pool 'BackgroundTasksService': Shutdown of thread pool completed. Threads aborted.


----------------------------------------
