----------------------------------------
Timestamp: 2/9/2016 2:13:15 AM

Message: Shutting down threadpool...


----------------------------------------
----------------------------------------
Timestamp: 2/9/2016 2:13:15 AM

Message: Thread pool 'BackgroundTasksService': Shutdown of thread pool completed. All currently running threads will finish their work and stop.


----------------------------------------
----------------------------------------
Timestamp: 2/9/2016 2:13:16 AM

Message: Background task scheduler shut down


----------------------------------------
----------------------------------------
Timestamp: 2/9/2016 2:13:16 AM

Message: WorkerThread is shut down


----------------------------------------
----------------------------------------
Timestamp: 2/9/2016 2:13:16 AM

Message: WorkerThread is shut down


----------------------------------------
----------------------------------------
Timestamp: 2/9/2016 2:13:16 AM

Message: WorkerThread is shut down


----------------------------------------
----------------------------------------
Timestamp: 2/9/2016 2:13:16 AM

Message: WorkerThread is shut down


----------------------------------------
----------------------------------------
Timestamp: 2/9/2016 2:13:16 AM

Message: WorkerThread is shut down


----------------------------------------
----------------------------------------
Timestamp: 2/9/2016 2:13:16 AM

Message: WorkerThread is shut down


----------------------------------------
----------------------------------------
Timestamp: 2/9/2016 2:13:16 AM

Message: WorkerThread is shut down


----------------------------------------
----------------------------------------
Timestamp: 2/9/2016 2:13:16 AM

Message: WorkerThread is shut down


----------------------------------------
----------------------------------------
Timestamp: 2/9/2016 2:13:17 AM

Message: Shutting down threadpool...


----------------------------------------
----------------------------------------
Timestamp: 2/9/2016 2:13:17 AM

Message: Thread pool 'BackgroundTasksService': Shutdown of thread pool completed. Threads aborted.


----------------------------------------
