----------------------------------------
Timestamp: 10/11/2016 10:48:18 AM

Message: Shutting down threadpool...


----------------------------------------
----------------------------------------
Timestamp: 10/11/2016 10:48:18 AM

Message: Thread pool 'BackgroundTasksService': Shutdown of thread pool completed. All currently running threads will finish their work and stop.


----------------------------------------
----------------------------------------
Timestamp: 10/11/2016 10:48:18 AM

Message: Background task scheduler shut down


----------------------------------------
----------------------------------------
Timestamp: 10/11/2016 10:48:18 AM

Message: WorkerThread is shut down


----------------------------------------
----------------------------------------
Timestamp: 10/11/2016 10:48:18 AM

Message: WorkerThread is shut down


----------------------------------------
----------------------------------------
Timestamp: 10/11/2016 10:48:18 AM

Message: WorkerThread is shut down


----------------------------------------
----------------------------------------
Timestamp: 10/11/2016 10:48:18 AM

Message: WorkerThread is shut down


----------------------------------------
----------------------------------------
Timestamp: 10/11/2016 10:48:18 AM

Message: WorkerThread is shut down


----------------------------------------
----------------------------------------
Timestamp: 10/11/2016 10:48:18 AM

Message: WorkerThread is shut down


----------------------------------------
----------------------------------------
Timestamp: 10/11/2016 10:48:18 AM

Message: WorkerThread is shut down


----------------------------------------
----------------------------------------
Timestamp: 10/11/2016 10:48:18 AM

Message: WorkerThread is shut down


----------------------------------------
----------------------------------------
Timestamp: 10/11/2016 10:48:48 AM

Message: Shutting down threadpool...


----------------------------------------
----------------------------------------
Timestamp: 10/11/2016 10:48:48 AM

Message: Thread pool 'BackgroundTasksService': Shutdown of thread pool completed. Threads aborted.


----------------------------------------
