----------------------------------------
Timestamp: 10/3/2016 1:14:54 PM

Message: Error while executing the Task: Value cannot be null.
Parameter name: input, StackTrace:    at System.Guid.Parse(String input)
   at Telerik.Sitefinity.Services.Statistics.ReconcilerTask.ReconcileUserData()
   at Telerik.Sitefinity.Services.SystemManager.RunWithElevatedPrivilege(RunWithElevatedPrivilegeDelegate delegateToRun, Object[] parameters, String urlRequest)
   at Telerik.Sitefinity.Services.Statistics.ReconcilerTask.Run(IBackgroundTaskContext context)
   at Telerik.Sitefinity.BackgroundTasks.WorkerThread.Run(IBackgroundTaskContext context)


----------------------------------------
----------------------------------------
Timestamp: 10/3/2016 1:41:13 PM

Message: Shutting down threadpool...


----------------------------------------
----------------------------------------
Timestamp: 10/3/2016 1:41:13 PM

Message: Thread pool 'BackgroundTasksService': Shutdown of thread pool completed. All currently running threads will finish their work and stop.


----------------------------------------
----------------------------------------
Timestamp: 10/3/2016 1:41:13 PM

Message: WorkerThread is shut down


----------------------------------------
----------------------------------------
Timestamp: 10/3/2016 1:41:13 PM

Message: WorkerThread is shut down


----------------------------------------
----------------------------------------
Timestamp: 10/3/2016 1:41:13 PM

Message: WorkerThread is shut down


----------------------------------------
----------------------------------------
Timestamp: 10/3/2016 1:41:13 PM

Message: WorkerThread is shut down


----------------------------------------
----------------------------------------
Timestamp: 10/3/2016 1:41:13 PM

Message: WorkerThread is shut down


----------------------------------------
----------------------------------------
Timestamp: 10/3/2016 1:41:13 PM

Message: WorkerThread is shut down


----------------------------------------
----------------------------------------
Timestamp: 10/3/2016 1:41:13 PM

Message: WorkerThread is shut down


----------------------------------------
----------------------------------------
Timestamp: 10/3/2016 1:41:13 PM

Message: Background task scheduler shut down


----------------------------------------
----------------------------------------
Timestamp: 10/3/2016 1:41:13 PM

Message: WorkerThread is shut down


----------------------------------------
----------------------------------------
Timestamp: 10/3/2016 1:41:43 PM

Message: Shutting down threadpool...


----------------------------------------
----------------------------------------
Timestamp: 10/3/2016 1:41:43 PM

Message: Thread pool 'BackgroundTasksService': Shutdown of thread pool completed. Threads aborted.


----------------------------------------
----------------------------------------
Timestamp: 10/3/2016 4:46:37 PM

Message: Error while executing the Task: Value cannot be null.
Parameter name: input, StackTrace:    at System.Guid.Parse(String input)
   at Telerik.Sitefinity.Services.Statistics.ReconcilerTask.ReconcileUserData()
   at Telerik.Sitefinity.Services.SystemManager.RunWithElevatedPrivilege(RunWithElevatedPrivilegeDelegate delegateToRun, Object[] parameters, String urlRequest)
   at Telerik.Sitefinity.Services.Statistics.ReconcilerTask.Run(IBackgroundTaskContext context)
   at Telerik.Sitefinity.BackgroundTasks.WorkerThread.Run(IBackgroundTaskContext context)


----------------------------------------
