----------------------------------------
Timestamp: 2/20/2017 10:24:20 PM

Message: Error while executing the Task: Value cannot be null.
Parameter name: input, StackTrace:    at System.Guid.Parse(String input)
   at Telerik.Sitefinity.Services.Statistics.ReconcilerTask.ReconcileUserData()
   at Telerik.Sitefinity.Services.SystemManager.RunWithElevatedPrivilege(RunWithElevatedPrivilegeDelegate delegateToRun, Object[] parameters, String urlRequest)
   at Telerik.Sitefinity.Services.Statistics.ReconcilerTask.Run(IBackgroundTaskContext context)
   at Telerik.Sitefinity.BackgroundTasks.WorkerThread.Run(IBackgroundTaskContext context)


----------------------------------------
----------------------------------------
Timestamp: 2/21/2017 1:51:28 AM

Message: Shutting down threadpool...


----------------------------------------
----------------------------------------
Timestamp: 2/21/2017 1:51:28 AM

Message: Thread pool 'BackgroundTasksService': Shutdown of thread pool completed. All currently running threads will finish their work and stop.


----------------------------------------
----------------------------------------
Timestamp: 2/21/2017 1:51:28 AM

Message: WorkerThread is shut down


----------------------------------------
----------------------------------------
Timestamp: 2/21/2017 1:51:28 AM

Message: WorkerThread is shut down


----------------------------------------
----------------------------------------
Timestamp: 2/21/2017 1:51:28 AM

Message: WorkerThread is shut down


----------------------------------------
----------------------------------------
Timestamp: 2/21/2017 1:51:28 AM

Message: WorkerThread is shut down


----------------------------------------
----------------------------------------
Timestamp: 2/21/2017 1:51:28 AM

Message: WorkerThread is shut down


----------------------------------------
----------------------------------------
Timestamp: 2/21/2017 1:51:28 AM

Message: WorkerThread is shut down


----------------------------------------
----------------------------------------
Timestamp: 2/21/2017 1:51:28 AM

Message: Background task scheduler shut down


----------------------------------------
----------------------------------------
Timestamp: 2/21/2017 1:51:28 AM

Message: WorkerThread is shut down


----------------------------------------
----------------------------------------
Timestamp: 2/21/2017 1:51:28 AM

Message: WorkerThread is shut down


----------------------------------------
----------------------------------------
Timestamp: 2/21/2017 1:51:58 AM

Message: Shutting down threadpool...


----------------------------------------
----------------------------------------
Timestamp: 2/21/2017 1:51:58 AM

Message: Thread pool 'BackgroundTasksService': Shutdown of thread pool completed. Threads aborted.


----------------------------------------
