----------------------------------------
Timestamp: 10/5/2016 7:15:41 PM

Message: Shutting down threadpool...


----------------------------------------
----------------------------------------
Timestamp: 10/5/2016 7:15:41 PM

Message: Thread pool 'BackgroundTasksService': Shutdown of thread pool completed. All currently running threads will finish their work and stop.


----------------------------------------
----------------------------------------
Timestamp: 10/5/2016 7:15:42 PM

Message: WorkerThread is shut down


----------------------------------------
----------------------------------------
Timestamp: 10/5/2016 7:15:42 PM

Message: WorkerThread is shut down


----------------------------------------
----------------------------------------
Timestamp: 10/5/2016 7:15:42 PM

Message: WorkerThread is shut down


----------------------------------------
----------------------------------------
Timestamp: 10/5/2016 7:15:42 PM

Message: Background task scheduler shut down


----------------------------------------
----------------------------------------
Timestamp: 10/5/2016 7:15:42 PM

Message: WorkerThread is shut down


----------------------------------------
----------------------------------------
Timestamp: 10/5/2016 7:15:42 PM

Message: WorkerThread is shut down


----------------------------------------
----------------------------------------
Timestamp: 10/5/2016 7:15:42 PM

Message: WorkerThread is shut down


----------------------------------------
----------------------------------------
Timestamp: 10/5/2016 7:15:42 PM

Message: WorkerThread is shut down


----------------------------------------
----------------------------------------
Timestamp: 10/5/2016 7:15:42 PM

Message: WorkerThread is shut down


----------------------------------------
----------------------------------------
Timestamp: 10/5/2016 7:16:11 PM

Message: Shutting down threadpool...


----------------------------------------
----------------------------------------
Timestamp: 10/5/2016 7:16:11 PM

Message: Thread pool 'BackgroundTasksService': Shutdown of thread pool completed. Threads aborted.


----------------------------------------
