----------------------------------------
Timestamp: 2/11/2017 9:51:26 AM

Message: Shutting down threadpool...


----------------------------------------
----------------------------------------
Timestamp: 2/11/2017 9:51:26 AM

Message: Thread pool 'BackgroundTasksService': Shutdown of thread pool completed. All currently running threads will finish their work and stop.


----------------------------------------
----------------------------------------
Timestamp: 2/11/2017 9:51:27 AM

Message: Background task scheduler shut down


----------------------------------------
----------------------------------------
Timestamp: 2/11/2017 9:51:27 AM

Message: WorkerThread is shut down


----------------------------------------
----------------------------------------
Timestamp: 2/11/2017 9:51:27 AM

Message: WorkerThread is shut down


----------------------------------------
----------------------------------------
Timestamp: 2/11/2017 9:51:27 AM

Message: WorkerThread is shut down


----------------------------------------
----------------------------------------
Timestamp: 2/11/2017 9:51:27 AM

Message: WorkerThread is shut down


----------------------------------------
----------------------------------------
Timestamp: 2/11/2017 9:51:27 AM

Message: WorkerThread is shut down


----------------------------------------
----------------------------------------
Timestamp: 2/11/2017 9:51:27 AM

Message: WorkerThread is shut down


----------------------------------------
----------------------------------------
Timestamp: 2/11/2017 9:51:27 AM

Message: WorkerThread is shut down


----------------------------------------
----------------------------------------
Timestamp: 2/11/2017 9:51:27 AM

Message: WorkerThread is shut down


----------------------------------------
----------------------------------------
Timestamp: 2/11/2017 9:51:56 AM

Message: Shutting down threadpool...


----------------------------------------
----------------------------------------
Timestamp: 2/11/2017 9:51:56 AM

Message: Thread pool 'BackgroundTasksService': Shutdown of thread pool completed. Threads aborted.


----------------------------------------
