----------------------------------------
Timestamp: 5/2/2016 12:32:17 PM

Message: Shutting down threadpool...


----------------------------------------
----------------------------------------
Timestamp: 5/2/2016 12:32:17 PM

Message: Thread pool 'BackgroundTasksService': Shutdown of thread pool completed. All currently running threads will finish their work and stop.


----------------------------------------
----------------------------------------
Timestamp: 5/2/2016 12:32:17 PM

Message: WorkerThread is shut down


----------------------------------------
----------------------------------------
Timestamp: 5/2/2016 12:32:17 PM

Message: WorkerThread is shut down


----------------------------------------
----------------------------------------
Timestamp: 5/2/2016 12:32:17 PM

Message: Background task scheduler shut down


----------------------------------------
----------------------------------------
Timestamp: 5/2/2016 12:32:17 PM

Message: WorkerThread is shut down


----------------------------------------
----------------------------------------
Timestamp: 5/2/2016 12:32:17 PM

Message: WorkerThread is shut down


----------------------------------------
----------------------------------------
Timestamp: 5/2/2016 12:32:17 PM

Message: WorkerThread is shut down


----------------------------------------
----------------------------------------
Timestamp: 5/2/2016 12:32:17 PM

Message: WorkerThread is shut down


----------------------------------------
----------------------------------------
Timestamp: 5/2/2016 12:32:17 PM

Message: WorkerThread is shut down


----------------------------------------
----------------------------------------
Timestamp: 5/2/2016 12:32:17 PM

Message: WorkerThread is shut down


----------------------------------------
----------------------------------------
Timestamp: 5/2/2016 12:32:47 PM

Message: Shutting down threadpool...


----------------------------------------
----------------------------------------
Timestamp: 5/2/2016 12:32:47 PM

Message: Thread pool 'BackgroundTasksService': Shutdown of thread pool completed. Threads aborted.


----------------------------------------
----------------------------------------
Timestamp: 5/2/2016 3:46:42 PM

Message: Shutting down threadpool...


----------------------------------------
----------------------------------------
Timestamp: 5/2/2016 3:46:42 PM

Message: Thread pool 'BackgroundTasksService': Shutdown of thread pool completed. All currently running threads will finish their work and stop.


----------------------------------------
----------------------------------------
Timestamp: 5/2/2016 3:46:43 PM

Message: WorkerThread is shut down


----------------------------------------
----------------------------------------
Timestamp: 5/2/2016 3:46:43 PM

Message: WorkerThread is shut down


----------------------------------------
----------------------------------------
Timestamp: 5/2/2016 3:46:43 PM

Message: WorkerThread is shut down


----------------------------------------
----------------------------------------
Timestamp: 5/2/2016 3:46:43 PM

Message: WorkerThread is shut down


----------------------------------------
----------------------------------------
Timestamp: 5/2/2016 3:46:43 PM

Message: WorkerThread is shut down


----------------------------------------
----------------------------------------
Timestamp: 5/2/2016 3:46:43 PM

Message: WorkerThread is shut down


----------------------------------------
----------------------------------------
Timestamp: 5/2/2016 3:46:43 PM

Message: WorkerThread is shut down


----------------------------------------
----------------------------------------
Timestamp: 5/2/2016 3:46:43 PM

Message: Background task scheduler shut down


----------------------------------------
----------------------------------------
Timestamp: 5/2/2016 3:46:43 PM

Message: WorkerThread is shut down


----------------------------------------
----------------------------------------
Timestamp: 5/2/2016 3:47:12 PM

Message: Shutting down threadpool...


----------------------------------------
----------------------------------------
Timestamp: 5/2/2016 3:47:12 PM

Message: Thread pool 'BackgroundTasksService': Shutdown of thread pool completed. Threads aborted.


----------------------------------------
