----------------------------------------
Timestamp: 10/1/2016 3:40:47 AM

Message: Shutting down threadpool...


----------------------------------------
----------------------------------------
Timestamp: 10/1/2016 3:40:47 AM

Message: Thread pool 'BackgroundTasksService': Shutdown of thread pool completed. All currently running threads will finish their work and stop.


----------------------------------------
----------------------------------------
Timestamp: 10/1/2016 3:40:47 AM

Message: WorkerThread is shut down


----------------------------------------
----------------------------------------
Timestamp: 10/1/2016 3:40:47 AM

Message: WorkerThread is shut down


----------------------------------------
----------------------------------------
Timestamp: 10/1/2016 3:40:47 AM

Message: Background task scheduler shut down


----------------------------------------
----------------------------------------
Timestamp: 10/1/2016 3:40:47 AM

Message: WorkerThread is shut down


----------------------------------------
----------------------------------------
Timestamp: 10/1/2016 3:40:47 AM

Message: WorkerThread is shut down


----------------------------------------
----------------------------------------
Timestamp: 10/1/2016 3:40:47 AM

Message: WorkerThread is shut down


----------------------------------------
----------------------------------------
Timestamp: 10/1/2016 3:40:47 AM

Message: WorkerThread is shut down


----------------------------------------
----------------------------------------
Timestamp: 10/1/2016 3:40:47 AM

Message: WorkerThread is shut down


----------------------------------------
----------------------------------------
Timestamp: 10/1/2016 3:40:47 AM

Message: WorkerThread is shut down


----------------------------------------
----------------------------------------
Timestamp: 10/1/2016 3:41:17 AM

Message: Shutting down threadpool...


----------------------------------------
----------------------------------------
Timestamp: 10/1/2016 3:41:17 AM

Message: Thread pool 'BackgroundTasksService': Shutdown of thread pool completed. Threads aborted.


----------------------------------------
