----------------------------------------
Timestamp: 6/18/2016 6:16:01 AM

Message: Shutting down threadpool...


----------------------------------------
----------------------------------------
Timestamp: 6/18/2016 6:16:01 AM

Message: Thread pool 'BackgroundTasksService': Shutdown of thread pool completed. All currently running threads will finish their work and stop.


----------------------------------------
----------------------------------------
Timestamp: 6/18/2016 6:16:01 AM

Message: WorkerThread is shut down


----------------------------------------
----------------------------------------
Timestamp: 6/18/2016 6:16:01 AM

Message: WorkerThread is shut down


----------------------------------------
----------------------------------------
Timestamp: 6/18/2016 6:16:01 AM

Message: WorkerThread is shut down


----------------------------------------
----------------------------------------
Timestamp: 6/18/2016 6:16:01 AM

Message: WorkerThread is shut down


----------------------------------------
----------------------------------------
Timestamp: 6/18/2016 6:16:01 AM

Message: WorkerThread is shut down


----------------------------------------
----------------------------------------
Timestamp: 6/18/2016 6:16:01 AM

Message: Background task scheduler shut down


----------------------------------------
----------------------------------------
Timestamp: 6/18/2016 6:16:01 AM

Message: WorkerThread is shut down


----------------------------------------
----------------------------------------
Timestamp: 6/18/2016 6:16:01 AM

Message: WorkerThread is shut down


----------------------------------------
----------------------------------------
Timestamp: 6/18/2016 6:16:01 AM

Message: WorkerThread is shut down


----------------------------------------
----------------------------------------
Timestamp: 6/18/2016 6:16:31 AM

Message: Shutting down threadpool...


----------------------------------------
----------------------------------------
Timestamp: 6/18/2016 6:16:31 AM

Message: Thread pool 'BackgroundTasksService': Shutdown of thread pool completed. Threads aborted.


----------------------------------------
