----------------------------------------
Timestamp: 1/29/2016 8:54:58 AM

Message: Shutting down threadpool...


----------------------------------------
----------------------------------------
Timestamp: 1/29/2016 8:54:58 AM

Message: Thread pool 'BackgroundTasksService': Shutdown of thread pool completed. All currently running threads will finish their work and stop.


----------------------------------------
----------------------------------------
Timestamp: 1/29/2016 8:54:59 AM

Message: WorkerThread is shut down


----------------------------------------
----------------------------------------
Timestamp: 1/29/2016 8:54:59 AM

Message: WorkerThread is shut down


----------------------------------------
----------------------------------------
Timestamp: 1/29/2016 8:54:59 AM

Message: WorkerThread is shut down


----------------------------------------
----------------------------------------
Timestamp: 1/29/2016 8:54:59 AM

Message: WorkerThread is shut down


----------------------------------------
----------------------------------------
Timestamp: 1/29/2016 8:54:59 AM

Message: WorkerThread is shut down


----------------------------------------
----------------------------------------
Timestamp: 1/29/2016 8:54:59 AM

Message: WorkerThread is shut down


----------------------------------------
----------------------------------------
Timestamp: 1/29/2016 8:54:59 AM

Message: WorkerThread is shut down


----------------------------------------
----------------------------------------
Timestamp: 1/29/2016 8:54:59 AM

Message: Background task scheduler shut down


----------------------------------------
----------------------------------------
Timestamp: 1/29/2016 8:54:59 AM

Message: WorkerThread is shut down


----------------------------------------
----------------------------------------
Timestamp: 1/29/2016 8:55:28 AM

Message: Shutting down threadpool...


----------------------------------------
----------------------------------------
Timestamp: 1/29/2016 8:55:28 AM

Message: Thread pool 'BackgroundTasksService': Shutdown of thread pool completed. Threads aborted.


----------------------------------------
