----------------------------------------
Timestamp: 7/1/2016 1:16:01 PM

Message: Shutting down threadpool...


----------------------------------------
----------------------------------------
Timestamp: 7/1/2016 1:16:01 PM

Message: Thread pool 'BackgroundTasksService': Shutdown of thread pool completed. All currently running threads will finish their work and stop.


----------------------------------------
----------------------------------------
Timestamp: 7/1/2016 1:16:02 PM

Message: WorkerThread is shut down


----------------------------------------
----------------------------------------
Timestamp: 7/1/2016 1:16:02 PM

Message: WorkerThread is shut down


----------------------------------------
----------------------------------------
Timestamp: 7/1/2016 1:16:02 PM

Message: WorkerThread is shut down


----------------------------------------
----------------------------------------
Timestamp: 7/1/2016 1:16:02 PM

Message: Background task scheduler shut down


----------------------------------------
----------------------------------------
Timestamp: 7/1/2016 1:16:02 PM

Message: WorkerThread is shut down


----------------------------------------
----------------------------------------
Timestamp: 7/1/2016 1:16:02 PM

Message: WorkerThread is shut down


----------------------------------------
----------------------------------------
Timestamp: 7/1/2016 1:16:02 PM

Message: WorkerThread is shut down


----------------------------------------
----------------------------------------
Timestamp: 7/1/2016 1:16:02 PM

Message: WorkerThread is shut down


----------------------------------------
----------------------------------------
Timestamp: 7/1/2016 1:16:02 PM

Message: WorkerThread is shut down


----------------------------------------
----------------------------------------
Timestamp: 7/1/2016 1:16:32 PM

Message: Shutting down threadpool...


----------------------------------------
----------------------------------------
Timestamp: 7/1/2016 1:16:32 PM

Message: Thread pool 'BackgroundTasksService': Shutdown of thread pool completed. Threads aborted.


----------------------------------------
