----------------------------------------
Timestamp: 12/22/2016 7:07:45 PM

Message: Shutting down threadpool...


----------------------------------------
----------------------------------------
Timestamp: 12/22/2016 7:07:45 PM

Message: Thread pool 'BackgroundTasksService': Shutdown of thread pool completed. All currently running threads will finish their work and stop.


----------------------------------------
----------------------------------------
Timestamp: 12/22/2016 7:07:45 PM

Message: WorkerThread is shut down


----------------------------------------
----------------------------------------
Timestamp: 12/22/2016 7:07:45 PM

Message: WorkerThread is shut down


----------------------------------------
----------------------------------------
Timestamp: 12/22/2016 7:07:45 PM

Message: Background task scheduler shut down


----------------------------------------
----------------------------------------
Timestamp: 12/22/2016 7:07:45 PM

Message: WorkerThread is shut down


----------------------------------------
----------------------------------------
Timestamp: 12/22/2016 7:07:45 PM

Message: WorkerThread is shut down


----------------------------------------
----------------------------------------
Timestamp: 12/22/2016 7:07:45 PM

Message: WorkerThread is shut down


----------------------------------------
----------------------------------------
Timestamp: 12/22/2016 7:07:45 PM

Message: WorkerThread is shut down


----------------------------------------
----------------------------------------
Timestamp: 12/22/2016 7:07:45 PM

Message: WorkerThread is shut down


----------------------------------------
----------------------------------------
Timestamp: 12/22/2016 7:07:45 PM

Message: WorkerThread is shut down


----------------------------------------
----------------------------------------
Timestamp: 12/22/2016 7:08:15 PM

Message: Shutting down threadpool...


----------------------------------------
----------------------------------------
Timestamp: 12/22/2016 7:08:15 PM

Message: Thread pool 'BackgroundTasksService': Shutdown of thread pool completed. Threads aborted.


----------------------------------------
