----------------------------------------
Timestamp: 11/9/2016 10:48:31 AM

Message: Shutting down threadpool...


----------------------------------------
----------------------------------------
Timestamp: 11/9/2016 10:48:31 AM

Message: Thread pool 'BackgroundTasksService': Shutdown of thread pool completed. All currently running threads will finish their work and stop.


----------------------------------------
----------------------------------------
Timestamp: 11/9/2016 10:48:31 AM

Message: WorkerThread is shut down


----------------------------------------
----------------------------------------
Timestamp: 11/9/2016 10:48:31 AM

Message: WorkerThread is shut down


----------------------------------------
----------------------------------------
Timestamp: 11/9/2016 10:48:31 AM

Message: WorkerThread is shut down


----------------------------------------
----------------------------------------
Timestamp: 11/9/2016 10:48:31 AM

Message: Background task scheduler shut down


----------------------------------------
----------------------------------------
Timestamp: 11/9/2016 10:48:31 AM

Message: WorkerThread is shut down


----------------------------------------
----------------------------------------
Timestamp: 11/9/2016 10:48:31 AM

Message: WorkerThread is shut down


----------------------------------------
----------------------------------------
Timestamp: 11/9/2016 10:48:31 AM

Message: WorkerThread is shut down


----------------------------------------
----------------------------------------
Timestamp: 11/9/2016 10:48:31 AM

Message: WorkerThread is shut down


----------------------------------------
----------------------------------------
Timestamp: 11/9/2016 10:48:31 AM

Message: WorkerThread is shut down


----------------------------------------
----------------------------------------
Timestamp: 11/9/2016 10:49:01 AM

Message: Shutting down threadpool...


----------------------------------------
----------------------------------------
Timestamp: 11/9/2016 10:49:01 AM

Message: Thread pool 'BackgroundTasksService': Shutdown of thread pool completed. Threads aborted.


----------------------------------------
----------------------------------------
Timestamp: 11/9/2016 7:38:59 PM

Message: Background task scheduler shut down


----------------------------------------
----------------------------------------
Timestamp: 11/9/2016 7:38:59 PM

Message: Shutting down threadpool...


----------------------------------------
----------------------------------------
Timestamp: 11/9/2016 7:38:59 PM

Message: Thread pool 'BackgroundTasksService': Shutdown of thread pool completed. All currently running threads will finish their work and stop.


----------------------------------------
----------------------------------------
Timestamp: 11/9/2016 7:39:00 PM

Message: WorkerThread is shut down


----------------------------------------
----------------------------------------
Timestamp: 11/9/2016 7:39:00 PM

Message: WorkerThread is shut down


----------------------------------------
----------------------------------------
Timestamp: 11/9/2016 7:39:00 PM

Message: WorkerThread is shut down


----------------------------------------
----------------------------------------
Timestamp: 11/9/2016 7:39:00 PM

Message: WorkerThread is shut down


----------------------------------------
----------------------------------------
Timestamp: 11/9/2016 7:39:00 PM

Message: WorkerThread is shut down


----------------------------------------
----------------------------------------
Timestamp: 11/9/2016 7:39:00 PM

Message: WorkerThread is shut down


----------------------------------------
----------------------------------------
Timestamp: 11/9/2016 7:39:00 PM

Message: WorkerThread is shut down


----------------------------------------
----------------------------------------
Timestamp: 11/9/2016 7:39:00 PM

Message: WorkerThread is shut down


----------------------------------------
----------------------------------------
Timestamp: 11/9/2016 7:39:01 PM

Message: Shutting down threadpool...


----------------------------------------
----------------------------------------
Timestamp: 11/9/2016 7:39:01 PM

Message: Thread pool 'BackgroundTasksService': Shutdown of thread pool completed. Threads aborted.


----------------------------------------
