----------------------------------------
Timestamp: 11/9/2016 7:39:05 PM

Message: Db Migration Complexity: Extending


----------------------------------------
----------------------------------------
Timestamp: 11/9/2016 7:39:05 PM

Message: Adding a column(s) on an existing table(s).


----------------------------------------
----------------------------------------
Timestamp: 11/9/2016 7:39:05 PM

Message: -- add column for field Content.UrlName_nl
ALTER TABLE [sf_commnt] ADD [url_name_nl] NVARCHAR(255) NULL


----------------------------------------
----------------------------------------
Timestamp: 11/9/2016 7:39:05 PM

Message: -- add column for field Content.Title_nl
ALTER TABLE [sf_commnt] ADD [title_nl] NVARCHAR(255) NULL


----------------------------------------
----------------------------------------
Timestamp: 11/9/2016 7:39:05 PM

Message: -- add column for field Content.Description_nl
ALTER TABLE [sf_commnt] ADD [description_nl] NVARCHAR(MAX) NULL


----------------------------------------
----------------------------------------
Timestamp: 11/9/2016 7:39:05 PM

Message: -- add column for field Content_nl
ALTER TABLE [sf_commnt] ADD [content_nl] NVARCHAR(MAX) NULL


----------------------------------------
----------------------------------------
Timestamp: 11/9/2016 7:39:05 PM

Message: -- add column for field AuthorName_nl
ALTER TABLE [sf_commnt] ADD [author_name_nl] NVARCHAR(255) NULL


----------------------------------------
----------------------------------------
Timestamp: 11/9/2016 7:39:06 PM

Message: Db Migration Complexity: Extending


----------------------------------------
----------------------------------------
Timestamp: 11/9/2016 7:39:06 PM

Message: Adding a column(s) on an existing table(s).


----------------------------------------
----------------------------------------
Timestamp: 11/9/2016 7:39:06 PM

Message: -- add column for field Telerik.Sitefinity.GenericContent.Model.Content.UrlName_nl
ALTER TABLE [sf_news_items] ADD [url_name_nl] NVARCHAR(255) NULL


----------------------------------------
----------------------------------------
Timestamp: 11/9/2016 7:39:06 PM

Message: -- add column for field Telerik.Sitefinity.GenericContent.Model.Content.Title_nl
ALTER TABLE [sf_news_items] ADD [title_nl] NVARCHAR(255) NULL


----------------------------------------
----------------------------------------
Timestamp: 11/9/2016 7:39:06 PM

Message: -- add column for field Telerik.Sitefinity.GenericContent.Model.Content.Description_nl
ALTER TABLE [sf_news_items] ADD [description_nl] NVARCHAR(MAX) NULL


----------------------------------------
----------------------------------------
Timestamp: 11/9/2016 7:39:06 PM

Message: -- add column for field Summary_nl
ALTER TABLE [sf_news_items] ADD [summary_nl] NVARCHAR(4000) NULL


----------------------------------------
----------------------------------------
Timestamp: 11/9/2016 7:39:06 PM

Message: -- add column for field ItemDefaultUrl_nl
ALTER TABLE [sf_news_items] ADD [item_default_url_nl] NVARCHAR(510) NULL


----------------------------------------
----------------------------------------
Timestamp: 11/9/2016 7:39:06 PM

Message: -- add column for field Content_nl
ALTER TABLE [sf_news_items] ADD [content_nl] NVARCHAR(MAX) NULL


----------------------------------------
----------------------------------------
Timestamp: 11/9/2016 7:39:06 PM

Message: -- add column for field Author_nl
ALTER TABLE [sf_news_items] ADD [author_nl] NVARCHAR(255) NULL


----------------------------------------
----------------------------------------
Timestamp: 11/9/2016 7:39:06 PM

Message: -- add column for field ApprovalWorkflowState_nl
ALTER TABLE [sf_news_items] ADD [approval_workflow_state_nl] NVARCHAR(255) NULL


----------------------------------------
----------------------------------------
Timestamp: 11/9/2016 7:39:07 PM

Message: Db Migration Complexity: Extending


----------------------------------------
----------------------------------------
Timestamp: 11/9/2016 7:39:07 PM

Message: Adding a column(s) on an existing table(s).


----------------------------------------
----------------------------------------
Timestamp: 11/9/2016 7:39:07 PM

Message: -- add column for field Telerik.Sitefinity.GenericContent.Model.Content.UrlName_nl
ALTER TABLE [sf_blog_posts] ADD [url_name_nl] NVARCHAR(255) NULL


----------------------------------------
----------------------------------------
Timestamp: 11/9/2016 7:39:07 PM

Message: -- add column for field Telerik.Sitefinity.GenericContent.Model.Content.Title_nl
ALTER TABLE [sf_blog_posts] ADD [title_nl] NVARCHAR(255) NULL


----------------------------------------
----------------------------------------
Timestamp: 11/9/2016 7:39:07 PM

Message: -- add column for field Telerik.Sitefinity.GenericContent.Model.Content.Description_nl
ALTER TABLE [sf_blog_posts] ADD [description_nl] NVARCHAR(MAX) NULL


----------------------------------------
----------------------------------------
Timestamp: 11/9/2016 7:39:07 PM

Message: -- add column for field Summary_nl
ALTER TABLE [sf_blog_posts] ADD [summary_nl] NVARCHAR(4000) NULL


----------------------------------------
----------------------------------------
Timestamp: 11/9/2016 7:39:07 PM

Message: -- add column for field ItemDefaultUrl_nl
ALTER TABLE [sf_blog_posts] ADD [item_default_url_nl] NVARCHAR(510) NULL


----------------------------------------
----------------------------------------
Timestamp: 11/9/2016 7:39:07 PM

Message: -- add column for field Content_nl
ALTER TABLE [sf_blog_posts] ADD [content_nl] NVARCHAR(MAX) NULL


----------------------------------------
----------------------------------------
Timestamp: 11/9/2016 7:39:07 PM

Message: -- add column for field ApprovalWorkflowState_nl
ALTER TABLE [sf_blog_posts] ADD [approval_workflow_state_nl] NVARCHAR(255) NULL


----------------------------------------
----------------------------------------
Timestamp: 11/9/2016 7:39:07 PM

Message: -- add column for field Telerik.Sitefinity.GenericContent.Model.Content.UrlName_nl
ALTER TABLE [sf_blogs] ADD [url_name_nl] NVARCHAR(255) NULL


----------------------------------------
----------------------------------------
Timestamp: 11/9/2016 7:39:07 PM

Message: -- add column for field Telerik.Sitefinity.GenericContent.Model.Content.Title_nl
ALTER TABLE [sf_blogs] ADD [title_nl] NVARCHAR(255) NULL


----------------------------------------
----------------------------------------
Timestamp: 11/9/2016 7:39:07 PM

Message: -- add column for field Telerik.Sitefinity.GenericContent.Model.Content.Description_nl
ALTER TABLE [sf_blogs] ADD [description_nl] NVARCHAR(MAX) NULL


----------------------------------------
----------------------------------------
Timestamp: 11/9/2016 7:39:07 PM

Message: -- add column for field ItemDefaultUrl_nl
ALTER TABLE [sf_blogs] ADD [item_default_url_nl] NVARCHAR(510) NULL


----------------------------------------
----------------------------------------
Timestamp: 11/9/2016 7:39:08 PM

Message: Db Migration Complexity: Extending


----------------------------------------
----------------------------------------
Timestamp: 11/9/2016 7:39:08 PM

Message: Adding a column(s) on an existing table(s).


----------------------------------------
----------------------------------------
Timestamp: 11/9/2016 7:39:08 PM

Message: -- add column for field UrlName_nl
ALTER TABLE [sf_calendars] ADD [url_name_nl] NVARCHAR(255) NULL


----------------------------------------
----------------------------------------
Timestamp: 11/9/2016 7:39:08 PM

Message: -- add column for field Title_nl
ALTER TABLE [sf_calendars] ADD [title_nl] NVARCHAR(255) NULL


----------------------------------------
----------------------------------------
Timestamp: 11/9/2016 7:39:08 PM

Message: -- add column for field Description_nl
ALTER TABLE [sf_calendars] ADD [description_nl] NVARCHAR(MAX) NULL


----------------------------------------
----------------------------------------
Timestamp: 11/9/2016 7:39:08 PM

Message: -- add column for field Telerik.Sitefinity.GenericContent.Model.Content.UrlName_nl
ALTER TABLE [sf_events] ADD [url_name_nl] NVARCHAR(255) NULL


----------------------------------------
----------------------------------------
Timestamp: 11/9/2016 7:39:08 PM

Message: -- add column for field Telerik.Sitefinity.GenericContent.Model.Content.Title_nl
ALTER TABLE [sf_events] ADD [title_nl] NVARCHAR(255) NULL


----------------------------------------
----------------------------------------
Timestamp: 11/9/2016 7:39:08 PM

Message: -- add column for field Telerik.Sitefinity.GenericContent.Model.Content.Description_nl
ALTER TABLE [sf_events] ADD [description_nl] NVARCHAR(MAX) NULL


----------------------------------------
----------------------------------------
Timestamp: 11/9/2016 7:39:08 PM

Message: -- add column for field Summary_nl
ALTER TABLE [sf_events] ADD [summary_nl] NVARCHAR(4000) NULL


----------------------------------------
----------------------------------------
Timestamp: 11/9/2016 7:39:08 PM

Message: -- add column for field Street_nl
ALTER TABLE [sf_events] ADD [street_nl] NVARCHAR(255) NULL


----------------------------------------
----------------------------------------
Timestamp: 11/9/2016 7:39:08 PM

Message: -- add column for field State_nl
ALTER TABLE [sf_events] ADD [state_nl] NVARCHAR(255) NULL


----------------------------------------
----------------------------------------
Timestamp: 11/9/2016 7:39:08 PM

Message: -- add column for field ItemDefaultUrl_nl
ALTER TABLE [sf_events] ADD [item_default_url_nl] NVARCHAR(510) NULL


----------------------------------------
----------------------------------------
Timestamp: 11/9/2016 7:39:08 PM

Message: -- add column for field Country_nl
ALTER TABLE [sf_events] ADD [country_nl] NVARCHAR(255) NULL


----------------------------------------
----------------------------------------
Timestamp: 11/9/2016 7:39:08 PM

Message: -- add column for field Content_nl
ALTER TABLE [sf_events] ADD [content_nl] NVARCHAR(MAX) NULL


----------------------------------------
----------------------------------------
Timestamp: 11/9/2016 7:39:08 PM

Message: -- add column for field ContactPhone_nl
ALTER TABLE [sf_events] ADD [contact_phone_nl] NVARCHAR(255) NULL


----------------------------------------
----------------------------------------
Timestamp: 11/9/2016 7:39:08 PM

Message: -- add column for field ContactName_nl
ALTER TABLE [sf_events] ADD [contact_name_nl] NVARCHAR(255) NULL


----------------------------------------
----------------------------------------
Timestamp: 11/9/2016 7:39:08 PM

Message: -- add column for field ContactCell_nl
ALTER TABLE [sf_events] ADD [contact_cell_nl] NVARCHAR(255) NULL


----------------------------------------
----------------------------------------
Timestamp: 11/9/2016 7:39:08 PM

Message: -- add column for field City_nl
ALTER TABLE [sf_events] ADD [city_nl] NVARCHAR(255) NULL


----------------------------------------
----------------------------------------
Timestamp: 11/9/2016 7:39:08 PM

Message: -- add column for field ApprovalWorkflowState_nl
ALTER TABLE [sf_events] ADD [approval_workflow_state_nl] NVARCHAR(255) NULL


----------------------------------------
----------------------------------------
Timestamp: 11/9/2016 7:39:09 PM

Message: Db Migration Complexity: Extending


----------------------------------------
----------------------------------------
Timestamp: 11/9/2016 7:39:09 PM

Message: Adding a column(s) on an existing table(s).


----------------------------------------
----------------------------------------
Timestamp: 11/9/2016 7:39:09 PM

Message: -- add column for field UrlName_nl
ALTER TABLE [sf_folders] ADD [url_name_nl] NVARCHAR(255) NULL


----------------------------------------
----------------------------------------
Timestamp: 11/9/2016 7:39:09 PM

Message: -- add column for field Title_nl
ALTER TABLE [sf_folders] ADD [title_nl] NVARCHAR(255) NULL


----------------------------------------
----------------------------------------
Timestamp: 11/9/2016 7:39:09 PM

Message: -- add column for field Description_nl
ALTER TABLE [sf_folders] ADD [description_nl] NVARCHAR(255) NULL


----------------------------------------
----------------------------------------
Timestamp: 11/9/2016 7:39:09 PM

Message: -- add column for field Telerik.Sitefinity.GenericContent.Model.Content.UrlName_nl
ALTER TABLE [sf_libraries] ADD [url_name_nl] NVARCHAR(255) NULL


----------------------------------------
----------------------------------------
Timestamp: 11/9/2016 7:39:09 PM

Message: -- add column for field Telerik.Sitefinity.GenericContent.Model.Content.Title_nl
ALTER TABLE [sf_libraries] ADD [title_nl] NVARCHAR(255) NULL


----------------------------------------
----------------------------------------
Timestamp: 11/9/2016 7:39:09 PM

Message: -- add column for field Telerik.Sitefinity.GenericContent.Model.Content.Description_nl
ALTER TABLE [sf_libraries] ADD [description_nl] NVARCHAR(255) NULL


----------------------------------------
----------------------------------------
Timestamp: 11/9/2016 7:39:09 PM

Message: -- add column for field ItemDefaultUrl_nl
ALTER TABLE [sf_libraries] ADD [item_default_url_nl] NVARCHAR(510) NULL


----------------------------------------
----------------------------------------
Timestamp: 11/9/2016 7:39:09 PM

Message: -- add column for field Telerik.Sitefinity.GenericContent.Model.Content.UrlName_nl
ALTER TABLE [sf_media_content] ADD [url_name_nl] NVARCHAR(255) NULL


----------------------------------------
----------------------------------------
Timestamp: 11/9/2016 7:39:09 PM

Message: -- add column for field Telerik.Sitefinity.GenericContent.Model.Content.Title_nl
ALTER TABLE [sf_media_content] ADD [title_nl] NVARCHAR(255) NULL


----------------------------------------
----------------------------------------
Timestamp: 11/9/2016 7:39:09 PM

Message: -- add column for field Telerik.Sitefinity.GenericContent.Model.Content.Description_nl
ALTER TABLE [sf_media_content] ADD [description_nl] NVARCHAR(MAX) NULL


----------------------------------------
----------------------------------------
Timestamp: 11/9/2016 7:39:09 PM

Message: -- add column for field ItemDefaultUrl_nl
ALTER TABLE [sf_media_content] ADD [item_default_url_nl] NVARCHAR(510) NULL


----------------------------------------
----------------------------------------
Timestamp: 11/9/2016 7:39:09 PM

Message: -- add column for field Author_nl
ALTER TABLE [sf_media_content] ADD [author_nl] NVARCHAR(255) NULL


----------------------------------------
----------------------------------------
Timestamp: 11/9/2016 7:39:09 PM

Message: -- add column for field ApprovalWorkflowState_nl
ALTER TABLE [sf_media_content] ADD [approval_workflow_state_nl] NVARCHAR(255) NULL


----------------------------------------
----------------------------------------
Timestamp: 11/9/2016 7:39:09 PM

Message: -- add column for field Document.Parts_nl
ALTER TABLE [sf_media_content] ADD [parts_nl] NVARCHAR(255) NULL


----------------------------------------
----------------------------------------
Timestamp: 11/9/2016 7:39:09 PM

Message: -- add column for field Image.AlternativeText_nl
ALTER TABLE [sf_media_content] ADD [alternative_text_nl] NVARCHAR(255) NULL


----------------------------------------
----------------------------------------
Timestamp: 11/9/2016 7:39:11 PM

Message: Db Migration Complexity: Extending


----------------------------------------
----------------------------------------
Timestamp: 11/9/2016 7:39:11 PM

Message: Adding a column(s) on an existing table(s).


----------------------------------------
----------------------------------------
Timestamp: 11/9/2016 7:39:11 PM

Message: -- add column for field ApprovalWorkflowState_nl
ALTER TABLE [sf_draft_pages] ADD [approval_workflow_state_nl] NVARCHAR(255) NULL


----------------------------------------
----------------------------------------
Timestamp: 11/9/2016 7:39:11 PM

Message: -- add column for field FormDraft.SuccessMessage_nl
ALTER TABLE [sf_draft_pages] ADD [success_message_nl] NVARCHAR(MAX) NULL


----------------------------------------
----------------------------------------
Timestamp: 11/9/2016 7:39:11 PM

Message: -- add column for field FormDraft.SuccessMessageAfterFormUpdate_nl
ALTER TABLE [sf_draft_pages] ADD [sccss_mssg_fter_form_update_nl] NVARCHAR(255) NULL


----------------------------------------
----------------------------------------
Timestamp: 11/9/2016 7:39:11 PM

Message: -- add column for field Telerik.Sitefinity.GenericContent.Model.Content.UrlName_nl
ALTER TABLE [sf_form_description] ADD [url_name_nl] NVARCHAR(255) NULL


----------------------------------------
----------------------------------------
Timestamp: 11/9/2016 7:39:11 PM

Message: -- add column for field Telerik.Sitefinity.GenericContent.Model.Content.Title_nl
ALTER TABLE [sf_form_description] ADD [title_nl] NVARCHAR(255) NULL


----------------------------------------
----------------------------------------
Timestamp: 11/9/2016 7:39:11 PM

Message: -- add column for field Telerik.Sitefinity.GenericContent.Model.Content.Description_nl
ALTER TABLE [sf_form_description] ADD [description_nl] NVARCHAR(MAX) NULL


----------------------------------------
----------------------------------------
Timestamp: 11/9/2016 7:39:11 PM

Message: -- add column for field SuccessMessage_nl
ALTER TABLE [sf_form_description] ADD [success_message_nl] NVARCHAR(MAX) NULL


----------------------------------------
----------------------------------------
Timestamp: 11/9/2016 7:39:11 PM

Message: -- add column for field SuccessMessageAfterFormUpdate_nl
ALTER TABLE [sf_form_description] ADD [sccss_mssg_fter_form_update_nl] NVARCHAR(MAX) NULL


----------------------------------------
----------------------------------------
Timestamp: 11/9/2016 7:39:11 PM

Message: -- add column for field Title_nl
ALTER TABLE [sf_form_entry] ADD [title_nl] NVARCHAR(255) NULL


----------------------------------------
----------------------------------------
Timestamp: 11/9/2016 7:39:11 PM

Message: -- add column for field Description_nl
ALTER TABLE [sf_form_entry] ADD [description_nl] NVARCHAR(255) NULL


----------------------------------------
----------------------------------------
Timestamp: 11/9/2016 7:39:12 PM

Message: Db Migration Complexity: Extending


----------------------------------------
----------------------------------------
Timestamp: 11/9/2016 7:39:12 PM

Message: Adding a column(s) on an existing table(s).


----------------------------------------
----------------------------------------
Timestamp: 11/9/2016 7:39:12 PM

Message: -- add column for field Content.UrlName_nl
ALTER TABLE [sf_content_items] ADD [url_name_nl] NVARCHAR(255) NULL


----------------------------------------
----------------------------------------
Timestamp: 11/9/2016 7:39:12 PM

Message: -- add column for field Content.Title_nl
ALTER TABLE [sf_content_items] ADD [title_nl] NVARCHAR(255) NULL


----------------------------------------
----------------------------------------
Timestamp: 11/9/2016 7:39:12 PM

Message: -- add column for field Content.Description_nl
ALTER TABLE [sf_content_items] ADD [description_nl] NVARCHAR(MAX) NULL


----------------------------------------
----------------------------------------
Timestamp: 11/9/2016 7:39:12 PM

Message: -- add column for field Content_nl
ALTER TABLE [sf_content_items] ADD [content_nl] NVARCHAR(MAX) NULL


----------------------------------------
----------------------------------------
Timestamp: 11/9/2016 7:39:14 PM

Message: Db Migration Complexity: Extending


----------------------------------------
----------------------------------------
Timestamp: 11/9/2016 7:39:14 PM

Message: Adding a column(s) on an existing table(s).


----------------------------------------
----------------------------------------
Timestamp: 11/9/2016 7:39:14 PM

Message: -- add column for field Acc.YearCertified_nl
ALTER TABLE [acccompanies_acc] ADD [year_certified_nl] NVARCHAR(255) NULL


----------------------------------------
----------------------------------------
Timestamp: 11/9/2016 7:39:14 PM

Message: -- add column for field Acc.PostalCode_nl
ALTER TABLE [acccompanies_acc] ADD [postal_code_nl] NVARCHAR(255) NULL


----------------------------------------
----------------------------------------
Timestamp: 11/9/2016 7:39:14 PM

Message: -- add column for field Acc.LastName_nl
ALTER TABLE [acccompanies_acc] ADD [last_name_nl] NVARCHAR(255) NULL


----------------------------------------
----------------------------------------
Timestamp: 11/9/2016 7:39:14 PM

Message: -- add column for field Acc.FirstName_nl
ALTER TABLE [acccompanies_acc] ADD [first_name_nl] NVARCHAR(255) NULL


----------------------------------------
----------------------------------------
Timestamp: 11/9/2016 7:39:14 PM

Message: -- add column for field Acc.Email_nl
ALTER TABLE [acccompanies_acc] ADD [email_nl] NVARCHAR(255) NULL


----------------------------------------
----------------------------------------
Timestamp: 11/9/2016 7:39:14 PM

Message: -- add column for field Acc.City_nl
ALTER TABLE [acccompanies_acc] ADD [city_nl] NVARCHAR(255) NULL


----------------------------------------
----------------------------------------
Timestamp: 11/9/2016 7:39:14 PM

Message: -- add column for field AccCompany.uumAZ_nl
ALTER TABLE [acccompanies_acccompany] ADD [uum_a_z_nl] NVARCHAR(255) NULL


----------------------------------------
----------------------------------------
Timestamp: 11/9/2016 7:39:14 PM

Message: -- add column for field AccCompany.uumAL_nl
ALTER TABLE [acccompanies_acccompany] ADD [uum_a_l_nl] NVARCHAR(255) NULL


----------------------------------------
----------------------------------------
Timestamp: 11/9/2016 7:39:14 PM

Message: -- add column for field AccCompany.uumAK_nl
ALTER TABLE [acccompanies_acccompany] ADD [uum_a_k_nl] NVARCHAR(255) NULL


----------------------------------------
----------------------------------------
Timestamp: 11/9/2016 7:39:14 PM

Message: -- add column for field AccCompany.Website_nl
ALTER TABLE [acccompanies_acccompany] ADD [website_nl] NVARCHAR(255) NULL


----------------------------------------
----------------------------------------
Timestamp: 11/9/2016 7:39:14 PM

Message: -- add column for field AccCompany.Title_nl
ALTER TABLE [acccompanies_acccompany] ADD [title_nl] NVARCHAR(255) NULL


----------------------------------------
----------------------------------------
Timestamp: 11/9/2016 7:39:14 PM

Message: -- add column for field AccCompany.Overview_nl
ALTER TABLE [acccompanies_acccompany] ADD [overview_nl] NVARCHAR(MAX) NULL


----------------------------------------
----------------------------------------
Timestamp: 11/9/2016 7:39:14 PM

Message: -- add column for field AccCompany.HostingProviderSupportNo_nl
ALTER TABLE [acccompanies_acccompany] ADD [hosting_provider_support_no_nl] NVARCHAR(255) NULL


----------------------------------------
----------------------------------------
Timestamp: 11/9/2016 7:39:14 PM

Message: -- add column for field AccCompany.HostingProviderSummary_nl
ALTER TABLE [acccompanies_acccompany] ADD [hosting_provider_summary_nl] NVARCHAR(MAX) NULL


----------------------------------------
----------------------------------------
Timestamp: 11/9/2016 7:39:14 PM

Message: -- add column for field AccCompany.HostingProviderSalesNo_nl
ALTER TABLE [acccompanies_acccompany] ADD [hosting_provider_sales_no_nl] NVARCHAR(255) NULL


----------------------------------------
----------------------------------------
Timestamp: 11/9/2016 7:39:14 PM

Message: -- add column for field AccCompany.HostingProviderOverview_nl
ALTER TABLE [acccompanies_acccompany] ADD [hosting_provider_overview_nl] NVARCHAR(MAX) NULL


----------------------------------------
----------------------------------------
Timestamp: 11/9/2016 7:39:14 PM

Message: -- add column for field ActVideo.Title_nl
ALTER TABLE [actvideos_actvideo] ADD [title_nl] NVARCHAR(255) NULL


----------------------------------------
----------------------------------------
Timestamp: 11/9/2016 7:39:14 PM

Message: -- add column for field ActVideo.Product_nl
ALTER TABLE [actvideos_actvideo] ADD [product_nl] NVARCHAR(255) NULL


----------------------------------------
----------------------------------------
Timestamp: 11/9/2016 7:39:14 PM

Message: -- add column for field ActVideo.Filename_nl
ALTER TABLE [actvideos_actvideo] ADD [filename_nl] NVARCHAR(255) NULL


----------------------------------------
----------------------------------------
Timestamp: 11/9/2016 7:39:14 PM

Message: -- add column for field ActVideo.DataSource_nl
ALTER TABLE [actvideos_actvideo] ADD [data_source_nl] NVARCHAR(255) NULL


----------------------------------------
----------------------------------------
Timestamp: 11/9/2016 7:39:14 PM

Message: -- add column for field Agenda.Title_nl
ALTER TABLE [conference_agenda] ADD [title_nl] NVARCHAR(255) NULL


----------------------------------------
----------------------------------------
Timestamp: 11/9/2016 7:39:14 PM

Message: -- add column for field Agenda.StartTime_nl
ALTER TABLE [conference_agenda] ADD [start_time_nl] NVARCHAR(255) NULL


----------------------------------------
----------------------------------------
Timestamp: 11/9/2016 7:39:14 PM

Message: -- add column for field Agenda.EndTime_nl
ALTER TABLE [conference_agenda] ADD [end_time_nl] NVARCHAR(255) NULL


----------------------------------------
----------------------------------------
Timestamp: 11/9/2016 7:39:14 PM

Message: -- add column for field Agenda.Description_nl
ALTER TABLE [conference_agenda] ADD [description_nl] NVARCHAR(MAX) NULL


----------------------------------------
----------------------------------------
Timestamp: 11/9/2016 7:39:14 PM

Message: -- add column for field AddOn.Title_nl
ALTER TABLE [connections_addon] ADD [title_nl] NVARCHAR(255) NULL


----------------------------------------
----------------------------------------
Timestamp: 11/9/2016 7:39:14 PM

Message: -- add column for field AddOn.AddOnURL_nl
ALTER TABLE [connections_addon] ADD [add_on_u_r_l_nl] NVARCHAR(255) NULL


----------------------------------------
----------------------------------------
Timestamp: 11/9/2016 7:39:14 PM

Message: -- add column for field Connection.Title_nl
ALTER TABLE [connections_connection] ADD [title_nl] NVARCHAR(255) NULL


----------------------------------------
----------------------------------------
Timestamp: 11/9/2016 7:39:14 PM

Message: -- add column for field Connection.PoweredBy_nl
ALTER TABLE [connections_connection] ADD [powered_by_nl] NVARCHAR(255) NULL


----------------------------------------
----------------------------------------
Timestamp: 11/9/2016 7:39:14 PM

Message: -- add column for field Connection.ExternalURL_nl
ALTER TABLE [connections_connection] ADD [external_u_r_l_nl] NVARCHAR(255) NULL


----------------------------------------
----------------------------------------
Timestamp: 11/9/2016 7:39:14 PM

Message: -- add column for field Connection.Description_nl
ALTER TABLE [connections_connection] ADD [description_nl] NVARCHAR(MAX) NULL


----------------------------------------
----------------------------------------
Timestamp: 11/9/2016 7:39:14 PM

Message: -- add column for field SuccessStory.Title_nl
ALTER TABLE [customersuccesses_successstory] ADD [title_nl] NVARCHAR(255) NULL


----------------------------------------
----------------------------------------
Timestamp: 11/9/2016 7:39:14 PM

Message: -- add column for field SuccessStory.Solution_nl
ALTER TABLE [customersuccesses_successstory] ADD [solution_nl] NVARCHAR(MAX) NULL


----------------------------------------
----------------------------------------
Timestamp: 11/9/2016 7:39:14 PM

Message: -- add column for field SuccessStory.Results_nl
ALTER TABLE [customersuccesses_successstory] ADD [results_nl] NVARCHAR(MAX) NULL


----------------------------------------
----------------------------------------
Timestamp: 11/9/2016 7:39:14 PM

Message: -- add column for field SuccessStory.Quote_nl
ALTER TABLE [customersuccesses_successstory] ADD [quote_nl] NVARCHAR(MAX) NULL


----------------------------------------
----------------------------------------
Timestamp: 11/9/2016 7:39:14 PM

Message: -- add column for field SuccessStory.Position_nl
ALTER TABLE [customersuccesses_successstory] ADD [position_nl] NVARCHAR(255) NULL


----------------------------------------
----------------------------------------
Timestamp: 11/9/2016 7:39:14 PM

Message: -- add column for field SuccessStory.Challenge_nl
ALTER TABLE [customersuccesses_successstory] ADD [challenge_nl] NVARCHAR(MAX) NULL


----------------------------------------
----------------------------------------
Timestamp: 11/9/2016 7:39:14 PM

Message: -- add column for field SuccessStory.Byline_nl
ALTER TABLE [customersuccesses_successstory] ADD [byline_nl] NVARCHAR(255) NULL


----------------------------------------
----------------------------------------
Timestamp: 11/9/2016 7:39:14 PM

Message: -- add column for field Testimonial.Title_nl
ALTER TABLE [customertestimonials_testimonial] ADD [title_nl] NVARCHAR(255) NULL


----------------------------------------
----------------------------------------
Timestamp: 11/9/2016 7:39:14 PM

Message: -- add column for field Testimonial.TestimonialStory_nl
ALTER TABLE [customertestimonials_testimonial] ADD [testimonial_story_nl] NVARCHAR(MAX) NULL


----------------------------------------
----------------------------------------
Timestamp: 11/9/2016 7:39:14 PM

Message: -- add column for field Testimonial.ShortQuote_nl
ALTER TABLE [customertestimonials_testimonial] ADD [short_quote_nl] NVARCHAR(255) NULL


----------------------------------------
----------------------------------------
Timestamp: 11/9/2016 7:39:14 PM

Message: -- add column for field Testimonial.Results_nl
ALTER TABLE [customertestimonials_testimonial] ADD [results_nl] NVARCHAR(MAX) NULL


----------------------------------------
----------------------------------------
Timestamp: 11/9/2016 7:39:14 PM

Message: -- add column for field Testimonial.Quote_nl
ALTER TABLE [customertestimonials_testimonial] ADD [quote_nl] NVARCHAR(255) NULL


----------------------------------------
----------------------------------------
Timestamp: 11/9/2016 7:39:14 PM

Message: -- add column for field Testimonial.IntroCopy_nl
ALTER TABLE [customertestimonials_testimonial] ADD [intro_copy_nl] NVARCHAR(255) NULL


----------------------------------------
----------------------------------------
Timestamp: 11/9/2016 7:39:14 PM

Message: -- add column for field Testimonial.Headline_nl
ALTER TABLE [customertestimonials_testimonial] ADD [headline_nl] NVARCHAR(255) NULL


----------------------------------------
----------------------------------------
Timestamp: 11/9/2016 7:39:14 PM

Message: -- add column for field Testimonial.DemoURL_nl
ALTER TABLE [customertestimonials_testimonial] ADD [demo_u_r_l_nl] NVARCHAR(255) NULL


----------------------------------------
----------------------------------------
Timestamp: 11/9/2016 7:39:14 PM

Message: -- add column for field Testimonial.CustomerTitle_nl
ALTER TABLE [customertestimonials_testimonial] ADD [customer_title_nl] NVARCHAR(255) NULL


----------------------------------------
----------------------------------------
Timestamp: 11/9/2016 7:39:14 PM

Message: -- add column for field Testimonial.CustomerName_nl
ALTER TABLE [customertestimonials_testimonial] ADD [customer_name_nl] NVARCHAR(255) NULL


----------------------------------------
----------------------------------------
Timestamp: 11/9/2016 7:39:14 PM

Message: -- add column for field Download.Title_nl
ALTER TABLE [downloads_download] ADD [title_nl] NVARCHAR(255) NULL


----------------------------------------
----------------------------------------
Timestamp: 11/9/2016 7:39:14 PM

Message: -- add column for field Download.ProductVersion_nl
ALTER TABLE [downloads_download] ADD [product_version_nl] NVARCHAR(255) NULL


----------------------------------------
----------------------------------------
Timestamp: 11/9/2016 7:39:14 PM

Message: -- add column for field Download.Filesize_nl
ALTER TABLE [downloads_download] ADD [filesize_nl] NVARCHAR(255) NULL


----------------------------------------
----------------------------------------
Timestamp: 11/9/2016 7:39:14 PM

Message: -- add column for field Download.Filepath_nl
ALTER TABLE [downloads_download] ADD [filepath_nl] NVARCHAR(255) NULL


----------------------------------------
----------------------------------------
Timestamp: 11/9/2016 7:39:14 PM

Message: -- add column for field Download.Filename_nl
ALTER TABLE [downloads_download] ADD [filename_nl] NVARCHAR(255) NULL


----------------------------------------
----------------------------------------
Timestamp: 11/9/2016 7:39:14 PM

Message: -- add column for field Member.TwitterUrl_nl
ALTER TABLE [executiveleadershipteam_member] ADD [twitter_url_nl] NVARCHAR(255) NULL


----------------------------------------
----------------------------------------
Timestamp: 11/9/2016 7:39:14 PM

Message: -- add column for field Member.Title_nl
ALTER TABLE [executiveleadershipteam_member] ADD [title_nl] NVARCHAR(255) NULL


----------------------------------------
----------------------------------------
Timestamp: 11/9/2016 7:39:14 PM

Message: -- add column for field Member.Position_nl
ALTER TABLE [executiveleadershipteam_member] ADD [position_nl] NVARCHAR(255) NULL


----------------------------------------
----------------------------------------
Timestamp: 11/9/2016 7:39:14 PM

Message: -- add column for field Member.PersonalQuote_nl
ALTER TABLE [executiveleadershipteam_member] ADD [personal_quote_nl] NVARCHAR(MAX) NULL


----------------------------------------
----------------------------------------
Timestamp: 11/9/2016 7:39:14 PM

Message: -- add column for field Member.LinkedInUrl_nl
ALTER TABLE [executiveleadershipteam_member] ADD [linked_in_url_nl] NVARCHAR(255) NULL


----------------------------------------
----------------------------------------
Timestamp: 11/9/2016 7:39:14 PM

Message: -- add column for field Member.FavoriteQuote_nl
ALTER TABLE [executiveleadershipteam_member] ADD [favorite_quote_nl] NVARCHAR(MAX) NULL


----------------------------------------
----------------------------------------
Timestamp: 11/9/2016 7:39:14 PM

Message: -- add column for field Member.FavoriteQuoteByline_nl
ALTER TABLE [executiveleadershipteam_member] ADD [favorite_quote_byline_nl] NVARCHAR(255) NULL


----------------------------------------
----------------------------------------
Timestamp: 11/9/2016 7:39:14 PM

Message: -- add column for field Member.Biography_nl
ALTER TABLE [executiveleadershipteam_member] ADD [biography_nl] NVARCHAR(MAX) NULL


----------------------------------------
----------------------------------------
Timestamp: 11/9/2016 7:39:14 PM

Message: -- add column for field Position.Title_nl
ALTER TABLE [jobopenings_position] ADD [title_nl] NVARCHAR(255) NULL


----------------------------------------
----------------------------------------
Timestamp: 11/9/2016 7:39:14 PM

Message: -- add column for field Position.Requirements_nl
ALTER TABLE [jobopenings_position] ADD [requirements_nl] NVARCHAR(MAX) NULL


----------------------------------------
----------------------------------------
Timestamp: 11/9/2016 7:39:14 PM

Message: -- add column for field Position.OfficeLocation_nl
ALTER TABLE [jobopenings_position] ADD [office_location_nl] NVARCHAR(255) NULL


----------------------------------------
----------------------------------------
Timestamp: 11/9/2016 7:39:14 PM

Message: -- add column for field Position.Description_nl
ALTER TABLE [jobopenings_position] ADD [description_nl] NVARCHAR(MAX) NULL


----------------------------------------
----------------------------------------
Timestamp: 11/9/2016 7:39:14 PM

Message: -- add column for field MarketplaceProduct.VideoLink_nl
ALTER TABLE [marketplace_marketplaceproduct] ADD [video_link_nl] NVARCHAR(255) NULL


----------------------------------------
----------------------------------------
Timestamp: 11/9/2016 7:39:14 PM

Message: -- add column for field MarketplaceProduct.Title_nl
ALTER TABLE [marketplace_marketplaceproduct] ADD [title_nl] NVARCHAR(255) NULL


----------------------------------------
----------------------------------------
Timestamp: 11/9/2016 7:39:14 PM

Message: -- add column for field MarketplaceProduct.SytemRequirements_nl
ALTER TABLE [marketplace_marketplaceproduct] ADD [sytem_requirements_nl] NVARCHAR(MAX) NULL


----------------------------------------
----------------------------------------
Timestamp: 11/9/2016 7:39:14 PM

Message: -- add column for field MarketplaceProduct.ShortDescription_nl
ALTER TABLE [marketplace_marketplaceproduct] ADD [short_description_nl] NVARCHAR(255) NULL


----------------------------------------
----------------------------------------
Timestamp: 11/9/2016 7:39:14 PM

Message: -- add column for field MarketplaceProduct.PurchaseUrl_nl
ALTER TABLE [marketplace_marketplaceproduct] ADD [purchase_url_nl] NVARCHAR(255) NULL


----------------------------------------
----------------------------------------
Timestamp: 11/9/2016 7:39:14 PM

Message: -- add column for field MarketplaceProduct.Product_nl
ALTER TABLE [marketplace_marketplaceproduct] ADD [product_nl] NVARCHAR(255) NULL


----------------------------------------
----------------------------------------
Timestamp: 11/9/2016 7:39:14 PM

Message: -- add column for field MarketplaceProduct.Price_nl
ALTER TABLE [marketplace_marketplaceproduct] ADD [price_nl] NVARCHAR(255) NULL


----------------------------------------
----------------------------------------
Timestamp: 11/9/2016 7:39:14 PM

Message: -- add column for field MarketplaceProduct.Description_nl
ALTER TABLE [marketplace_marketplaceproduct] ADD [description_nl] NVARCHAR(MAX) NULL


----------------------------------------
----------------------------------------
Timestamp: 11/9/2016 7:39:14 PM

Message: -- add column for field SwiftpageSelectPartner.Website_nl
ALTER TABLE [partners_swiftpageselectpartner] ADD [website_nl] NVARCHAR(255) NULL


----------------------------------------
----------------------------------------
Timestamp: 11/9/2016 7:39:14 PM

Message: -- add column for field SwiftpageSelectPartner.Title_nl
ALTER TABLE [partners_swiftpageselectpartner] ADD [title_nl] NVARCHAR(255) NULL


----------------------------------------
----------------------------------------
Timestamp: 11/9/2016 7:39:14 PM

Message: -- add column for field SwiftpageSelectPartner.State_nl
ALTER TABLE [partners_swiftpageselectpartner] ADD [state_nl] NVARCHAR(255) NULL


----------------------------------------
----------------------------------------
Timestamp: 11/9/2016 7:39:14 PM

Message: -- add column for field SwiftpageSelectPartner.Phone_nl
ALTER TABLE [partners_swiftpageselectpartner] ADD [phone_nl] NVARCHAR(255) NULL


----------------------------------------
----------------------------------------
Timestamp: 11/9/2016 7:39:14 PM

Message: -- add column for field SwiftpageSelectPartner.Fax_nl
ALTER TABLE [partners_swiftpageselectpartner] ADD [fax_nl] NVARCHAR(255) NULL


----------------------------------------
----------------------------------------
Timestamp: 11/9/2016 7:39:14 PM

Message: -- add column for field SwiftpageSelectPartner.EmailAddress_nl
ALTER TABLE [partners_swiftpageselectpartner] ADD [email_address_nl] NVARCHAR(255) NULL


----------------------------------------
----------------------------------------
Timestamp: 11/9/2016 7:39:14 PM

Message: -- add column for field SwiftpageSelectPartner.ContactLastName_nl
ALTER TABLE [partners_swiftpageselectpartner] ADD [contact_last_name_nl] NVARCHAR(255) NULL


----------------------------------------
----------------------------------------
Timestamp: 11/9/2016 7:39:14 PM

Message: -- add column for field SwiftpageSelectPartner.ContactFirstName_nl
ALTER TABLE [partners_swiftpageselectpartner] ADD [contact_first_name_nl] NVARCHAR(255) NULL


----------------------------------------
----------------------------------------
Timestamp: 11/9/2016 7:39:14 PM

Message: -- add column for field SwiftpageSelectPartner.City_nl
ALTER TABLE [partners_swiftpageselectpartner] ADD [city_nl] NVARCHAR(255) NULL


----------------------------------------
----------------------------------------
Timestamp: 11/9/2016 7:39:14 PM

Message: -- add column for field SwiftpageSelectPartner.AddressLine2_nl
ALTER TABLE [partners_swiftpageselectpartner] ADD [address_line2_nl] NVARCHAR(255) NULL


----------------------------------------
----------------------------------------
Timestamp: 11/9/2016 7:39:14 PM

Message: -- add column for field SwiftpageSelectPartner.AddressLine1_nl
ALTER TABLE [partners_swiftpageselectpartner] ADD [address_line1_nl] NVARCHAR(255) NULL


----------------------------------------
----------------------------------------
Timestamp: 11/9/2016 7:39:14 PM

Message: -- add column for field UrlName_nl
ALTER TABLE [sf_dynamic_content] ADD [url_name_nl] NVARCHAR(255) NULL


----------------------------------------
----------------------------------------
Timestamp: 11/9/2016 7:39:14 PM

Message: -- add column for field ItemDefaultUrl_nl
ALTER TABLE [sf_dynamic_content] ADD [item_default_url_nl] NVARCHAR(510) NULL


----------------------------------------
----------------------------------------
Timestamp: 11/9/2016 7:39:14 PM

Message: -- add column for field ApprovalWorkflowState_nl
ALTER TABLE [sf_dynamic_content] ADD [approval_workflow_state_nl] NVARCHAR(255) NULL


----------------------------------------
----------------------------------------
Timestamp: 11/9/2016 7:39:14 PM

Message: -- add column for field FeatureAnnouncement.Title_nl
ALTER TABLE [whatsnew_featureannouncement] ADD [title_nl] NVARCHAR(255) NULL


----------------------------------------
----------------------------------------
Timestamp: 11/9/2016 7:39:14 PM

Message: -- add column for field FeatureAnnouncement.ProductVersion_nl
ALTER TABLE [whatsnew_featureannouncement] ADD [product_version_nl] NVARCHAR(255) NULL


----------------------------------------
----------------------------------------
Timestamp: 11/9/2016 7:39:14 PM

Message: -- add column for field FeatureAnnouncement.Content_nl
ALTER TABLE [whatsnew_featureannouncement] ADD [content_nl] NVARCHAR(MAX) NULL


----------------------------------------
----------------------------------------
Timestamp: 11/9/2016 7:39:14 PM

Message: -- add column for field ProductAnnouncement.Title_nl
ALTER TABLE [whatsnew_productannouncement] ADD [title_nl] NVARCHAR(255) NULL


----------------------------------------
----------------------------------------
Timestamp: 11/9/2016 7:39:14 PM

Message: -- add column for field ProductAnnouncement.ProductVersion_nl
ALTER TABLE [whatsnew_productannouncement] ADD [product_version_nl] NVARCHAR(255) NULL


----------------------------------------
----------------------------------------
Timestamp: 11/9/2016 7:39:14 PM

Message: -- add column for field ProductAnnouncement.ProductTitle_nl
ALTER TABLE [whatsnew_productannouncement] ADD [product_title_nl] NVARCHAR(255) NULL


----------------------------------------
----------------------------------------
Timestamp: 11/9/2016 7:39:14 PM

Message: -- add column for field ProductAnnouncement.ProductClass_nl
ALTER TABLE [whatsnew_productannouncement] ADD [product_class_nl] NVARCHAR(255) NULL


----------------------------------------
----------------------------------------
Timestamp: 11/9/2016 7:39:14 PM

Message: -- add column for field ProductAnnouncement.Content_nl
ALTER TABLE [whatsnew_productannouncement] ADD [content_nl] NVARCHAR(MAX) NULL


----------------------------------------
----------------------------------------
Timestamp: 11/9/2016 7:39:21 PM

Message: Db Migration Complexity: Extending


----------------------------------------
----------------------------------------
Timestamp: 11/9/2016 7:39:21 PM

Message: Adding a column(s) on an existing table(s).


----------------------------------------
----------------------------------------
Timestamp: 11/9/2016 7:39:21 PM

Message: -- add column for field Description_nl
ALTER TABLE [sf_publishing_point] ADD [description_nl] NVARCHAR(255) NULL


----------------------------------------
----------------------------------------
Timestamp: 11/9/2016 7:39:22 PM

Message: Db Migration Complexity: Extending


----------------------------------------
----------------------------------------
Timestamp: 11/9/2016 7:39:22 PM

Message: Adding a column(s) on an existing table(s).


----------------------------------------
----------------------------------------
Timestamp: 11/9/2016 7:39:22 PM

Message: -- add column for field UrlName_nl
ALTER TABLE [sf_forum_groups] ADD [url_name_nl] NVARCHAR(255) NULL


----------------------------------------
----------------------------------------
Timestamp: 11/9/2016 7:39:22 PM

Message: -- add column for field ItemDefaultUrl_nl
ALTER TABLE [sf_forum_groups] ADD [item_default_url_nl] NVARCHAR(255) NULL


----------------------------------------
----------------------------------------
Timestamp: 11/9/2016 7:39:22 PM

Message: -- add column for field UrlName_nl
ALTER TABLE [sf_forum_threads] ADD [url_name_nl] NVARCHAR(255) NULL


----------------------------------------
----------------------------------------
Timestamp: 11/9/2016 7:39:22 PM

Message: -- add column for field ItemDefaultUrl_nl
ALTER TABLE [sf_forum_threads] ADD [item_default_url_nl] NVARCHAR(255) NULL


----------------------------------------
----------------------------------------
Timestamp: 11/9/2016 7:39:22 PM

Message: -- add column for field UrlName_nl
ALTER TABLE [sf_forums] ADD [url_name_nl] NVARCHAR(255) NULL


----------------------------------------
----------------------------------------
Timestamp: 11/9/2016 7:39:22 PM

Message: -- add column for field ItemDefaultUrl_nl
ALTER TABLE [sf_forums] ADD [item_default_url_nl] NVARCHAR(255) NULL


----------------------------------------
----------------------------------------
Timestamp: 11/9/2016 7:39:24 PM

Message: Db Migration Complexity: Extending


----------------------------------------
----------------------------------------
Timestamp: 11/9/2016 7:39:24 PM

Message: Adding a column(s) on an existing table(s).


----------------------------------------
----------------------------------------
Timestamp: 11/9/2016 7:39:24 PM

Message: -- add column for field UrlName_nl
ALTER TABLE [sf_user_profile] ADD [url_name_nl] NVARCHAR(255) NULL


----------------------------------------
----------------------------------------
Timestamp: 11/9/2016 7:39:24 PM

Message: -- add column for field Title_nl
ALTER TABLE [sf_user_profile] ADD [title_nl] NVARCHAR(255) NULL


----------------------------------------
----------------------------------------
Timestamp: 11/9/2016 7:39:24 PM

Message: -- add column for field Description_nl
ALTER TABLE [sf_user_profile] ADD [description_nl] NVARCHAR(255) NULL


----------------------------------------
----------------------------------------
Timestamp: 11/9/2016 7:39:29 PM

Message: Db Migration Complexity: Extending


----------------------------------------
----------------------------------------
Timestamp: 11/9/2016 7:39:29 PM

Message: Adding a column(s) on an existing table(s).


----------------------------------------
----------------------------------------
Timestamp: 11/9/2016 7:39:29 PM

Message: -- add column for field PageDraft.Themes_nl
ALTER TABLE [sf_draft_pages] ADD [themes_nl] NVARCHAR(MAX) NULL


----------------------------------------
----------------------------------------
Timestamp: 11/9/2016 7:39:29 PM

Message: -- add column for field TemplateDraft.Themes_nl
ALTER TABLE [sf_draft_pages] ADD [themes_nl2] NVARCHAR(MAX) NULL


----------------------------------------
----------------------------------------
Timestamp: 11/9/2016 7:39:29 PM

Message: -- add column for field Themes_nl
ALTER TABLE [sf_page_data] ADD [themes_nl] NVARCHAR(MAX) NULL


----------------------------------------
----------------------------------------
Timestamp: 11/9/2016 7:39:29 PM

Message: -- add column for field Keywords_nl
ALTER TABLE [sf_page_data] ADD [keywords_nl] NVARCHAR(500) NULL


----------------------------------------
----------------------------------------
Timestamp: 11/9/2016 7:39:29 PM

Message: -- add column for field HtmlTitle_nl
ALTER TABLE [sf_page_data] ADD [html_title_nl] NVARCHAR(500) NULL


----------------------------------------
----------------------------------------
Timestamp: 11/9/2016 7:39:29 PM

Message: -- add column for field Description_nl
ALTER TABLE [sf_page_data] ADD [description_nl] NVARCHAR(MAX) NULL


----------------------------------------
----------------------------------------
Timestamp: 11/9/2016 7:39:29 PM

Message: -- add column for field UrlName_nl
ALTER TABLE [sf_page_node] ADD [url_name_nl] NVARCHAR(255) NULL


----------------------------------------
----------------------------------------
Timestamp: 11/9/2016 7:39:29 PM

Message: -- add column for field Title_nl
ALTER TABLE [sf_page_node] ADD [title_nl] NVARCHAR(500) NULL


----------------------------------------
----------------------------------------
Timestamp: 11/9/2016 7:39:29 PM

Message: -- add column for field RedirectUrl_nl
ALTER TABLE [sf_page_node] ADD [redirect_url_nl] NVARCHAR(255) NULL


----------------------------------------
----------------------------------------
Timestamp: 11/9/2016 7:39:29 PM

Message: -- add column for field Extension_nl
ALTER TABLE [sf_page_node] ADD [extension_nl] NVARCHAR(255) NULL


----------------------------------------
----------------------------------------
Timestamp: 11/9/2016 7:39:29 PM

Message: -- add column for field Description_nl
ALTER TABLE [sf_page_node] ADD [description_nl] NVARCHAR(500) NULL


----------------------------------------
----------------------------------------
Timestamp: 11/9/2016 7:39:29 PM

Message: -- add column for field ApprovalWorkflowState_nl
ALTER TABLE [sf_page_node] ADD [approval_workflow_state_nl] NVARCHAR(255) NULL


----------------------------------------
----------------------------------------
Timestamp: 11/9/2016 7:39:29 PM

Message: -- add column for field Title_nl
ALTER TABLE [sf_page_templates] ADD [title_nl] NVARCHAR(255) NULL


----------------------------------------
----------------------------------------
Timestamp: 11/9/2016 7:39:29 PM

Message: -- add column for field Themes_nl
ALTER TABLE [sf_page_templates] ADD [themes_nl] NVARCHAR(MAX) NULL


----------------------------------------
----------------------------------------
Timestamp: 11/9/2016 7:39:29 PM

Message: -- add column for field Keywords_nl
ALTER TABLE [sf_page_templates] ADD [keywords_nl] NVARCHAR(255) NULL


----------------------------------------
----------------------------------------
Timestamp: 11/9/2016 7:39:29 PM

Message: -- add column for field Description_nl
ALTER TABLE [sf_page_templates] ADD [description_nl] NVARCHAR(255) NULL


----------------------------------------
----------------------------------------
Timestamp: 11/9/2016 7:39:32 PM

Message: Db Migration Complexity: Extending


----------------------------------------
----------------------------------------
Timestamp: 11/9/2016 7:39:32 PM

Message: Adding a column(s) on an existing table(s).


----------------------------------------
----------------------------------------
Timestamp: 11/9/2016 7:39:32 PM

Message: -- add column for field UrlName_nl
ALTER TABLE [sf_taxa] ADD [url_name_nl] NVARCHAR(255) NULL


----------------------------------------
----------------------------------------
Timestamp: 11/9/2016 7:39:32 PM

Message: -- add column for field Title_nl
ALTER TABLE [sf_taxa] ADD [title_nl] NVARCHAR(255) NULL


----------------------------------------
----------------------------------------
Timestamp: 11/9/2016 7:39:32 PM

Message: -- add column for field Description_nl
ALTER TABLE [sf_taxa] ADD [description_nl] NVARCHAR(2000) NULL


----------------------------------------
----------------------------------------
Timestamp: 11/9/2016 7:39:32 PM

Message: -- add column for field Title_nl
ALTER TABLE [sf_taxonomies] ADD [title_nl] NVARCHAR(255) NULL


----------------------------------------
----------------------------------------
Timestamp: 11/9/2016 7:39:32 PM

Message: -- add column for field TaxonName_nl
ALTER TABLE [sf_taxonomies] ADD [taxon_name_nl] NVARCHAR(500) NULL


----------------------------------------
----------------------------------------
Timestamp: 11/9/2016 7:39:32 PM

Message: -- add column for field Description_nl
ALTER TABLE [sf_taxonomies] ADD [description_nl] NVARCHAR(500) NULL


----------------------------------------
----------------------------------------
Timestamp: 11/9/2016 7:40:26 PM

Message: Db Migration Complexity: Extending


----------------------------------------
----------------------------------------
Timestamp: 11/9/2016 7:40:26 PM

Message: Adding a column(s) on an existing table(s).


----------------------------------------
----------------------------------------
Timestamp: 11/9/2016 7:40:26 PM

Message: -- add column for field Telerik.Sitefinity.GenericContent.Model.Content.UrlName_nl
ALTER TABLE [sf_list_items] ADD [url_name_nl] NVARCHAR(255) NULL


----------------------------------------
----------------------------------------
Timestamp: 11/9/2016 7:40:26 PM

Message: -- add column for field Telerik.Sitefinity.GenericContent.Model.Content.Title_nl
ALTER TABLE [sf_list_items] ADD [title_nl] NVARCHAR(255) NULL


----------------------------------------
----------------------------------------
Timestamp: 11/9/2016 7:40:26 PM

Message: -- add column for field Telerik.Sitefinity.GenericContent.Model.Content.Description_nl
ALTER TABLE [sf_list_items] ADD [description_nl] NVARCHAR(MAX) NULL


----------------------------------------
----------------------------------------
Timestamp: 11/9/2016 7:40:26 PM

Message: -- add column for field Content_nl
ALTER TABLE [sf_list_items] ADD [content_nl] NVARCHAR(MAX) NULL


----------------------------------------
----------------------------------------
Timestamp: 11/9/2016 7:40:26 PM

Message: -- add column for field ApprovalWorkflowState_nl
ALTER TABLE [sf_list_items] ADD [approval_workflow_state_nl] NVARCHAR(255) NULL


----------------------------------------
----------------------------------------
Timestamp: 11/9/2016 7:40:26 PM

Message: -- add column for field Telerik.Sitefinity.GenericContent.Model.Content.UrlName_nl
ALTER TABLE [sf_lists] ADD [url_name_nl] NVARCHAR(255) NULL


----------------------------------------
----------------------------------------
Timestamp: 11/9/2016 7:40:26 PM

Message: -- add column for field Telerik.Sitefinity.GenericContent.Model.Content.Title_nl
ALTER TABLE [sf_lists] ADD [title_nl] NVARCHAR(255) NULL


----------------------------------------
----------------------------------------
Timestamp: 11/9/2016 7:40:26 PM

Message: -- add column for field Telerik.Sitefinity.GenericContent.Model.Content.Description_nl
ALTER TABLE [sf_lists] ADD [description_nl] NVARCHAR(MAX) NULL


----------------------------------------
