----------------------------------------
Timestamp: 2/9/2016 2:07:15 AM

Message: Upgrading Sitefinity from build version 5911 to 5912.


----------------------------------------
----------------------------------------
Timestamp: 2/9/2016 2:07:19 AM

Message: Db Migration Complexity: Extending


----------------------------------------
----------------------------------------
Timestamp: 2/9/2016 2:07:19 AM

Message: Adding a column(s) on an existing table(s).


----------------------------------------
----------------------------------------
Timestamp: 2/9/2016 2:07:19 AM

Message: Adding an index(indices) to an existing table(s).


----------------------------------------
----------------------------------------
Timestamp: 2/9/2016 2:07:19 AM

Message: -- add column for field ControlData.personalizationSegmentId
ALTER TABLE [sf_object_data] ADD [personalization_segment_id] uniqueidentifier NULL


----------------------------------------
----------------------------------------
Timestamp: 2/9/2016 2:07:19 AM

Message: -- add column for field ControlData.isPersonalized
ALTER TABLE [sf_object_data] ADD [is_personalized] tinyint NULL


----------------------------------------
----------------------------------------
Timestamp: 2/9/2016 2:07:19 AM

Message: -- add column for field ControlData.ControlData_personalizedControls
ALTER TABLE [sf_object_data] ADD [personalization_master_id] uniqueidentifier NULL


----------------------------------------
----------------------------------------
Timestamp: 2/9/2016 2:07:19 AM

Message: -- Index 'idx_sf_od_pers_master_id' was not detected in the database. It will be created
CREATE INDEX [idx_sf_od_pers_master_id] ON [sf_object_data]([personalization_master_id])


----------------------------------------
----------------------------------------
Timestamp: 2/9/2016 2:07:20 AM

Message: Db Migration Complexity: Extending


----------------------------------------
----------------------------------------
Timestamp: 2/9/2016 2:07:20 AM

Message: Adding a column(s) on an existing table(s).


----------------------------------------
----------------------------------------
Timestamp: 2/9/2016 2:07:20 AM

Message: -- add column for field metadata
ALTER TABLE [sf_version_chnges] ADD [metadata] varchar(4000) NULL


----------------------------------------
----------------------------------------
Timestamp: 2/9/2016 2:07:20 AM

Message: -- add column for field isSyncedItem
ALTER TABLE [sf_vesion_items] ADD [synced] tinyint NULL


----------------------------------------
----------------------------------------
Timestamp: 2/9/2016 2:07:20 AM

Message: UPDATE [sf_vesion_items] SET [synced] = 0


----------------------------------------
----------------------------------------
Timestamp: 2/9/2016 2:07:20 AM

Message: ALTER TABLE [sf_vesion_items] ALTER COLUMN [synced] tinyint NOT NULL


----------------------------------------
----------------------------------------
Timestamp: 2/9/2016 2:07:23 AM

Message: Db Migration Complexity: Complex


----------------------------------------
----------------------------------------
Timestamp: 2/9/2016 2:07:23 AM

Message: Modifying a column(s) on an existing table(s).


----------------------------------------
----------------------------------------
Timestamp: 2/9/2016 2:07:23 AM

Message: -- Column was read from database as: [password_question] varchar(255) null
-- modify column for field passwordQuestion
ALTER TABLE [sf_users] ALTER COLUMN [password_question] NVARCHAR(500) NULL


----------------------------------------
----------------------------------------
Timestamp: 2/9/2016 2:07:28 AM

Message: Db Migration Complexity: Extending


----------------------------------------
----------------------------------------
Timestamp: 2/9/2016 2:07:28 AM

Message: Adding a column(s) on an existing table(s).


----------------------------------------
----------------------------------------
Timestamp: 2/9/2016 2:07:28 AM

Message: -- add column for field subscriptionListId
ALTER TABLE [sf_scheduled_tasks] ADD [subscr_lst_id] uniqueidentifier NULL


----------------------------------------
----------------------------------------
Timestamp: 2/9/2016 2:07:41 AM

Message: Db Migration Complexity: Extending


----------------------------------------
----------------------------------------
Timestamp: 2/9/2016 2:07:41 AM

Message: Adding a column(s) on an existing table(s).


----------------------------------------
----------------------------------------
Timestamp: 2/9/2016 2:07:41 AM

Message: -- add column for field <Framework>k__BackingField
ALTER TABLE [sf_form_description] ADD [frmwrk] int NULL


----------------------------------------
----------------------------------------
Timestamp: 2/9/2016 2:07:41 AM

Message: UPDATE [sf_form_description] SET [frmwrk] = 0


----------------------------------------
----------------------------------------
Timestamp: 2/9/2016 2:07:41 AM

Message: ALTER TABLE [sf_form_description] ALTER COLUMN [frmwrk] int NOT NULL


----------------------------------------
----------------------------------------
Timestamp: 2/9/2016 2:07:55 AM

Message: Db Migration Complexity: Extending


----------------------------------------
----------------------------------------
Timestamp: 2/9/2016 2:07:55 AM

Message: Adding an index(indices) to an existing table(s).


----------------------------------------
----------------------------------------
Timestamp: 2/9/2016 2:07:55 AM

Message: -- Index 'idx_sf_rdsgn_md_qry_rl_prnt_md' was not detected in the database. It will be created
CREATE INDEX [idx_sf_rdsgn_md_qry_rl_prnt_md] ON [sf_rdsgn_media_query_rule]([parent_media_query_id])


----------------------------------------
----------------------------------------
Timestamp: 2/9/2016 2:08:08 AM

Message: PASSED : Telerik.Sitefinity.Services.Notifications.Data.OpenAccessNotificationsProvider : Upgrade to 5800 - Removing unused subscriptions. Count: 0


----------------------------------------
----------------------------------------
Timestamp: 2/9/2016 2:08:08 AM

Message: PASSED : Telerik.Sitefinity.Services.Notifications.Data.OpenAccessNotificationsProvider : Upgrade to 5800 - Removing unused subscription lists. Count: 0


----------------------------------------
